1099816,org.jfree.chart.util.ResourceBundleWrapper,getBundle
7056,org.jfree.chart.util.ParamChecks,nullNotPermitted
26621,org.jfree.chart.ChartColor,createDefaultPaintArray
7056,org.jfree.chart.plot.DefaultDrawingSupplier,intArray
8660,org.jfree.chart.plot.DefaultDrawingSupplier,intArray
6735,org.jfree.chart.plot.DefaultDrawingSupplier,intArray
7698,org.jfree.chart.plot.DefaultDrawingSupplier,intArray
24055,org.jfree.chart.plot.DefaultDrawingSupplier,intArray
10906,org.jfree.chart.plot.DefaultDrawingSupplier,intArray
11226,org.jfree.chart.plot.DefaultDrawingSupplier,intArray
8019,org.jfree.chart.plot.DefaultDrawingSupplier,intArray
9302,org.jfree.chart.plot.DefaultDrawingSupplier,intArray
11868,org.jfree.chart.plot.DefaultDrawingSupplier,intArray
5251470,org.jfree.chart.plot.DefaultDrawingSupplier,createStandardSeriesShapes
16678,org.jfree.chart.Colors,createFancyLightColors
5481440,org.jfree.chart.Colors,getDefaultColors
22772,org.jfree.data.general.AbstractDataset,addChangeListener
7056,org.jfree.chart.event.ChartChangeEvent,setType
16037,org.jfree.chart.plot.Plot,notifyListeners
4845413,org.jfree.chart.plot.Plot,datasetChanged
9612566,org.jfree.chart.plot.MeterPlot,setDataset
2245,org.jfree.chart.util.ParamChecks,nullNotPermitted
3207,org.jfree.chart.plot.Plot,notifyListeners
4740531,org.jfree.chart.plot.Plot,fireChangeEvent
9393500,org.jfree.chart.plot.MeterPlot,addInterval
4169,org.jfree.chart.util.ParamChecks,nullNotPermitted
4811,org.jfree.chart.util.ParamChecks,nullNotPermitted
16358,org.jfree.chart.plot.Plot,addChangeListener
3848,org.jfree.chart.util.ParamChecks,nullNotPermitted
2566,org.jfree.chart.util.ParamChecks,nullNotPermitted
3849,org.jfree.chart.util.ParamChecks,nullNotPermitted
4491,org.jfree.chart.util.ParamChecks,nullNotPermitted
3529,org.jfree.chart.util.ParamChecks,nullNotPermitted
5768823,org.jfree.chart.block.AbstractBlock,setPadding
2887,org.jfree.chart.util.ParamChecks,nullNotPermitted
5188926,org.jfree.chart.block.AbstractBlock,setMargin
2246,org.jfree.chart.util.ParamChecks,nullNotPermitted
18604,org.jfree.chart.title.Title,notifyListeners
4721288,org.jfree.chart.title.Title,fireChangeEvent
9267130,org.jfree.chart.title.Title,setHorizontalAlignment
6094,org.jfree.chart.title.Title,notifyListeners
4751758,org.jfree.chart.title.LegendTitle,setBackgroundPaint
3208,org.jfree.chart.util.ParamChecks,nullNotPermitted
3529,org.jfree.chart.title.Title,notifyListeners
5080195,org.jfree.chart.title.Title,fireChangeEvent
10029528,org.jfree.chart.title.Title,setPosition
16357,org.jfree.chart.title.Title,addChangeListener
11226,org.jfree.chart.JFreeChart,notifyListeners
1924,org.jfree.chart.util.ParamChecks,nullNotPermitted
2887,org.jfree.chart.util.ParamChecks,nullNotPermitted
5395161,org.jfree.chart.drawable.ColorPainter,draw
6094,org.jfree.chart.ui.RectangleInsets,calculateLeftInset
6094,org.jfree.chart.ui.RectangleInsets,calculateRightInset
8018,org.jfree.chart.ui.RectangleInsets,calculateTopInset
7698,org.jfree.chart.ui.RectangleInsets,calculateBottomInset
5353465,org.jfree.chart.ui.RectangleInsets,trim
6094,org.jfree.chart.title.Title,isVisible
1925,org.jfree.chart.util.ParamChecks,nullNotPermitted
2886,org.jfree.chart.util.ParamChecks,nullNotPermitted
6735,org.jfree.chart.title.Title,getPosition
6094,org.jfree.chart.block.BlockParams,setGenerateEntities
6094,org.jfree.chart.block.FlowArrangement,clear
4781586,org.jfree.chart.block.BlockContainer,clear
2245,org.jfree.chart.title.Title,getPosition
6094,org.jfree.chart.ui.RectangleEdge,isTopOrBottom
4490,org.jfree.chart.block.BlockContainer,setArrangement
3849,org.jfree.chart.plot.MeterInterval,getBackgroundPaint
4811,org.jfree.chart.plot.MeterInterval,getOutlinePaint
6094,org.jfree.chart.plot.MeterInterval,getLabel
2245,org.jfree.chart.plot.MeterInterval,getLabel
3207,org.jfree.chart.util.ParamChecks,nullNotPermitted
2245,org.jfree.chart.util.ParamChecks,nullNotPermitted
2245,org.jfree.chart.util.ParamChecks,nullNotPermitted
4490,org.jfree.chart.util.ParamChecks,nullNotPermitted
2565,org.jfree.chart.util.ParamChecks,nullNotPermitted
1925,org.jfree.chart.util.ParamChecks,nullNotPermitted
2887,org.jfree.chart.util.ParamChecks,nullNotPermitted
10264,org.jfree.chart.plot.MeterPlot,getDataset
8340,org.jfree.chart.LegendItem,setDataset
4156465,org.jfree.chart.plot.MeterPlot,getLegendItems
7377,org.jfree.chart.LegendItem,getShape
6415,org.jfree.chart.LegendItem,getFillPaint
1283,org.jfree.chart.util.ParamChecks,nullNotPermitted
1925,org.jfree.chart.util.ParamChecks,nullNotPermitted
1925,org.jfree.chart.util.ParamChecks,nullNotPermitted
5069931,org.jfree.chart.block.AbstractBlock,setPadding
10144352,org.jfree.chart.block.AbstractBlock,setPadding
9301,org.jfree.chart.LegendItem,getFillPaintTransformer
1603,org.jfree.chart.util.ParamChecks,nullNotPermitted
4526918,org.jfree.chart.title.LegendGraphic,setFillPaintTransformer
6094,org.jfree.chart.LegendItem,isShapeFilled
7377,org.jfree.chart.title.LegendGraphic,setShapeFilled
6094,org.jfree.chart.LegendItem,getLine
8340,org.jfree.chart.title.LegendGraphic,setLine
5774,org.jfree.chart.LegendItem,getLineStroke
6736,org.jfree.chart.title.LegendGraphic,setLineStroke
5453,org.jfree.chart.LegendItem,getLinePaint
8661,org.jfree.chart.title.LegendGraphic,setLinePaint
5452,org.jfree.chart.LegendItem,isLineVisible
6736,org.jfree.chart.title.LegendGraphic,setLineVisible
4811,org.jfree.chart.LegendItem,isShapeVisible
7056,org.jfree.chart.title.LegendGraphic,setShapeVisible
7377,org.jfree.chart.LegendItem,isShapeOutlineVisible
5132,org.jfree.chart.title.LegendGraphic,setShapeOutlineVisible
5453,org.jfree.chart.LegendItem,getOutlinePaint
6736,org.jfree.chart.title.LegendGraphic,setOutlinePaint
6094,org.jfree.chart.LegendItem,getOutlineStroke
7378,org.jfree.chart.title.LegendGraphic,setOutlineStroke
1283,org.jfree.chart.util.ParamChecks,nullNotPermitted
4058638,org.jfree.chart.block.AbstractBlock,setPadding
4491,org.jfree.chart.LegendItem,getDataset
6414,org.jfree.chart.LegendItem,getSeriesKey
5452,org.jfree.chart.title.LegendTitle,getLegendItemGraphicAnchor
1604,org.jfree.chart.util.ParamChecks,nullNotPermitted
4905392,org.jfree.chart.title.LegendGraphic,setShapeAnchor
5452,org.jfree.chart.title.LegendTitle,getLegendItemGraphicLocation
2245,org.jfree.chart.util.ParamChecks,nullNotPermitted
5158776,org.jfree.chart.title.LegendGraphic,setShapeLocation
9301,org.jfree.chart.block.BorderArrangement,add
6103354,org.jfree.chart.block.BlockContainer,add
17641,org.jfree.chart.LegendItem,getLabelFont
8980,org.jfree.chart.LegendItem,getLabelPaint
3848,org.jfree.chart.LegendItem,getLabel
1603,org.jfree.chart.util.ParamChecks,nullNotPermitted
2245,org.jfree.chart.util.ParamChecks,nullNotPermitted
1604,org.jfree.chart.util.ParamChecks,nullNotPermitted
1924,org.jfree.chart.util.ParamChecks,nullNotPermitted
9943,org.jfree.chart.util.ParamChecks,nullNotPermitted
1925,org.jfree.chart.util.ParamChecks,nullNotPermitted
1925,org.jfree.chart.util.ParamChecks,nullNotPermitted
8660,org.jfree.chart.text.TextBlock,addLine
3982944,org.jfree.chart.text.TextBlock,addLine
8094505,org.jfree.chart.text.TextUtilities,createTextBlock
1603,org.jfree.chart.util.ParamChecks,nullNotPermitted
4599406,org.jfree.chart.block.AbstractBlock,setPadding
7056,org.jfree.chart.block.BorderArrangement,add
5172567,org.jfree.chart.block.BlockContainer,add
9364634,org.jfree.chart.block.BlockContainer,add
4490,org.jfree.chart.LegendItem,getToolTipText
5453,org.jfree.chart.title.LegendItemBlockContainer,setToolTipText
4811,org.jfree.chart.LegendItem,getURLText
6735,org.jfree.chart.title.LegendItemBlockContainer,setURLText
3848,org.jfree.chart.block.CenterArrangement,add
4725135,org.jfree.chart.block.BlockContainer,add
9144285,org.jfree.chart.block.BlockContainer,add
13437706,org.jfree.chart.title.LegendTitle,createLegendItemBlock
8660,org.jfree.chart.block.FlowArrangement,add
4199765,org.jfree.chart.block.BlockContainer,add
8552842,org.jfree.chart.block.BlockContainer,add
12936391,org.jfree.chart.title.LegendTitle,addItemBlock
17672111,org.jfree.chart.title.LegendTitle,fetchLegendItems
12829,org.jfree.chart.block.BlockContainer,isEmpty
1283,org.jfree.chart.util.ParamChecks,nullNotPermitted
5452,org.jfree.chart.block.RectangleConstraint,getWidth
4811,org.jfree.chart.block.RectangleConstraint,getWidthRange
4490,org.jfree.chart.block.RectangleConstraint,getHeight
4811,org.jfree.chart.block.RectangleConstraint,getHeightRange
2245,org.jfree.chart.ui.RectangleInsets,calculateLeftInset
2887,org.jfree.chart.ui.RectangleInsets,calculateRightInset
5059026,org.jfree.chart.ui.RectangleInsets,trimWidth
6736,org.jfree.chart.block.BlockBorder,getInsets
1604,org.jfree.chart.ui.RectangleInsets,calculateLeftInset
3208,org.jfree.chart.ui.RectangleInsets,calculateRightInset
4518901,org.jfree.chart.ui.RectangleInsets,trimWidth
1603,org.jfree.chart.ui.RectangleInsets,calculateLeftInset
2245,org.jfree.chart.ui.RectangleInsets,calculateRightInset
4608066,org.jfree.chart.ui.RectangleInsets,trimWidth
9157757,org.jfree.chart.block.AbstractBlock,trimToContentWidth
1283,org.jfree.chart.ui.RectangleInsets,calculateTopInset
2246,org.jfree.chart.ui.RectangleInsets,calculateBottomInset
4531410,org.jfree.chart.ui.RectangleInsets,trimHeight
1925,org.jfree.chart.block.BlockBorder,getInsets
1603,org.jfree.chart.ui.RectangleInsets,calculateTopInset
3207,org.jfree.chart.ui.RectangleInsets,calculateBottomInset
5320428,org.jfree.chart.ui.RectangleInsets,trimHeight
1283,org.jfree.chart.ui.RectangleInsets,calculateTopInset
3207,org.jfree.chart.ui.RectangleInsets,calculateBottomInset
5033366,org.jfree.chart.ui.RectangleInsets,trimHeight
9629244,org.jfree.chart.block.AbstractBlock,trimToContentHeight
3529,org.jfree.data.Range,getLowerBound
4491,org.jfree.data.Range,getUpperBound
962,org.jfree.data.Range,getUpperBound
2245,org.jfree.chart.ui.RectangleInsets,calculateLeftInset
1924,org.jfree.chart.ui.RectangleInsets,calculateRightInset
4321004,org.jfree.chart.ui.RectangleInsets,trimWidth
1283,org.jfree.chart.block.BlockBorder,getInsets
1603,org.jfree.chart.ui.RectangleInsets,calculateLeftInset
16358,org.jfree.chart.ui.RectangleInsets,calculateRightInset
5479195,org.jfree.chart.ui.RectangleInsets,trimWidth
1283,org.jfree.chart.ui.RectangleInsets,calculateLeftInset
1603,org.jfree.chart.ui.RectangleInsets,calculateRightInset
5101684,org.jfree.chart.ui.RectangleInsets,trimWidth
9817518,org.jfree.chart.block.AbstractBlock,trimToContentWidth
14981105,org.jfree.chart.block.AbstractBlock,trimToContentWidth
962,org.jfree.data.Range,getLowerBound
962,org.jfree.data.Range,getUpperBound
1283,org.jfree.data.Range,getUpperBound
962,org.jfree.chart.ui.RectangleInsets,calculateTopInset
1924,org.jfree.chart.ui.RectangleInsets,calculateBottomInset
4547767,org.jfree.chart.ui.RectangleInsets,trimHeight
1282,org.jfree.chart.block.BlockBorder,getInsets
1283,org.jfree.chart.ui.RectangleInsets,calculateTopInset
1283,org.jfree.chart.ui.RectangleInsets,calculateBottomInset
4503504,org.jfree.chart.ui.RectangleInsets,trimHeight
1604,org.jfree.chart.ui.RectangleInsets,calculateTopInset
1925,org.jfree.chart.ui.RectangleInsets,calculateBottomInset
4558993,org.jfree.chart.ui.RectangleInsets,trimHeight
9414670,org.jfree.chart.block.AbstractBlock,trimToContentHeight
14515713,org.jfree.chart.block.AbstractBlock,trimToContentHeight
2886,org.jfree.chart.block.RectangleConstraint,getWidthConstraintType
2566,org.jfree.chart.block.RectangleConstraint,getHeightConstraintType
4975633,org.jfree.chart.block.AbstractBlock,toContentConstraint
962,org.jfree.chart.block.RectangleConstraint,getWidthConstraintType
1604,org.jfree.chart.block.RectangleConstraint,getHeightConstraintType
24376,org.jfree.chart.block.BlockContainer,getBlocks
962,org.jfree.chart.block.RectangleConstraint,getWidthConstraintType
2245,org.jfree.chart.block.RectangleConstraint,getHeightConstraintType
4170,org.jfree.chart.block.BlockContainer,getBlocks
963,org.jfree.chart.util.ParamChecks,nullNotPermitted
5275525,org.jfree.chart.block.AbstractBlock,toContentConstraint
1604,org.jfree.chart.block.RectangleConstraint,getWidthConstraintType
1924,org.jfree.chart.block.RectangleConstraint,getHeightConstraintType
1603,org.jfree.chart.util.ParamChecks,nullNotPermitted
6628084,org.jfree.chart.block.AbstractBlock,toContentConstraint
2565,org.jfree.chart.block.RectangleConstraint,getWidthConstraintType
1925,org.jfree.chart.block.RectangleConstraint,getHeightConstraintType
83713,org.jfree.chart.title.LegendGraphic,arrangeNN
5452,org.jfree.chart.ui.Size2D,getWidth
6094,org.jfree.chart.ui.RectangleInsets,calculateLeftOutset
5773,org.jfree.chart.ui.RectangleInsets,calculateRightOutset
7167247,org.jfree.chart.ui.RectangleInsets,extendWidth
1924,org.jfree.chart.block.BlockBorder,getInsets
1924,org.jfree.chart.ui.RectangleInsets,calculateLeftOutset
1603,org.jfree.chart.ui.RectangleInsets,calculateRightOutset
4629555,org.jfree.chart.ui.RectangleInsets,extendWidth
1283,org.jfree.chart.ui.RectangleInsets,calculateLeftOutset
1283,org.jfree.chart.ui.RectangleInsets,calculateRightOutset
4510561,org.jfree.chart.ui.RectangleInsets,extendWidth
8786340,org.jfree.chart.block.AbstractBlock,calculateTotalWidth
2887,org.jfree.chart.ui.Size2D,getHeight
3849,org.jfree.chart.ui.RectangleInsets,calculateTopOutset
25980,org.jfree.chart.ui.RectangleInsets,calculateBottomOutset
4503184,org.jfree.chart.ui.RectangleInsets,extendHeight
2245,org.jfree.chart.block.BlockBorder,getInsets
1604,org.jfree.chart.ui.RectangleInsets,calculateTopOutset
1603,org.jfree.chart.ui.RectangleInsets,calculateBottomOutset
4564445,org.jfree.chart.ui.RectangleInsets,extendHeight
1284,org.jfree.chart.ui.RectangleInsets,calculateTopOutset
1283,org.jfree.chart.ui.RectangleInsets,calculateBottomOutset
4513127,org.jfree.chart.ui.RectangleInsets,extendHeight
8915598,org.jfree.chart.block.AbstractBlock,calculateTotalHeight
13909193,org.jfree.chart.title.LegendGraphic,arrange
1209510,org.jfree.chart.text.TextUtilities,getTextBounds
6712760,org.jfree.chart.text.TextFragment,calculateDimensions
2245,org.jfree.chart.ui.Size2D,getWidth
6735,org.jfree.chart.ui.Size2D,getHeight
4362700,org.jfree.chart.text.TextLine,calculateDimensions
4170,org.jfree.chart.ui.Size2D,getWidth
2245,org.jfree.chart.ui.Size2D,getHeight
3949908,org.jfree.chart.text.TextBlock,calculateDimensions
3528,org.jfree.chart.ui.Size2D,getWidth
2245,org.jfree.chart.ui.RectangleInsets,calculateLeftOutset
24697,org.jfree.chart.ui.RectangleInsets,calculateRightOutset
5296052,org.jfree.chart.ui.RectangleInsets,extendWidth
2565,org.jfree.chart.block.BlockBorder,getInsets
641,org.jfree.chart.ui.RectangleInsets,calculateLeftOutset
1284,org.jfree.chart.ui.RectangleInsets,calculateRightOutset
4488110,org.jfree.chart.ui.RectangleInsets,extendWidth
962,org.jfree.chart.ui.RectangleInsets,calculateLeftOutset
1603,org.jfree.chart.ui.RectangleInsets,calculateRightOutset
4355002,org.jfree.chart.ui.RectangleInsets,extendWidth
8625329,org.jfree.chart.block.AbstractBlock,calculateTotalWidth
1604,org.jfree.chart.ui.Size2D,getHeight
962,org.jfree.chart.ui.RectangleInsets,calculateTopOutset
1604,org.jfree.chart.ui.RectangleInsets,calculateBottomOutset
4864337,org.jfree.chart.ui.RectangleInsets,extendHeight
1283,org.jfree.chart.block.BlockBorder,getInsets
641,org.jfree.chart.ui.RectangleInsets,calculateTopOutset
1283,org.jfree.chart.ui.RectangleInsets,calculateBottomOutset
4820716,org.jfree.chart.ui.RectangleInsets,extendHeight
963,org.jfree.chart.ui.RectangleInsets,calculateTopOutset
962,org.jfree.chart.ui.RectangleInsets,calculateBottomOutset
4526919,org.jfree.chart.ui.RectangleInsets,extendHeight
9069233,org.jfree.chart.block.AbstractBlock,calculateTotalHeight
13659337,org.jfree.chart.block.LabelBlock,arrange
641,org.jfree.chart.util.ParamChecks,nullNotPermitted
4808528,org.jfree.chart.block.AbstractBlock,setBounds
962,org.jfree.chart.util.ParamChecks,nullNotPermitted
4563483,org.jfree.chart.block.AbstractBlock,setBounds
8862676,org.jfree.chart.block.BorderArrangement,arrangeNN
2887,org.jfree.chart.ui.Size2D,getWidth
962,org.jfree.chart.ui.RectangleInsets,calculateLeftOutset
1604,org.jfree.chart.ui.RectangleInsets,calculateRightOutset
4645272,org.jfree.chart.ui.RectangleInsets,extendWidth
1283,org.jfree.chart.block.BlockBorder,getInsets
962,org.jfree.chart.ui.RectangleInsets,calculateLeftOutset
1924,org.jfree.chart.ui.RectangleInsets,calculateRightOutset
4544238,org.jfree.chart.ui.RectangleInsets,extendWidth
962,org.jfree.chart.ui.RectangleInsets,calculateLeftOutset
1284,org.jfree.chart.ui.RectangleInsets,calculateRightOutset
4361097,org.jfree.chart.ui.RectangleInsets,extendWidth
8847603,org.jfree.chart.block.AbstractBlock,calculateTotalWidth
1283,org.jfree.chart.ui.Size2D,getHeight
962,org.jfree.chart.ui.RectangleInsets,calculateTopOutset
1283,org.jfree.chart.ui.RectangleInsets,calculateBottomOutset
4643668,org.jfree.chart.ui.RectangleInsets,extendHeight
962,org.jfree.chart.block.BlockBorder,getInsets
962,org.jfree.chart.ui.RectangleInsets,calculateTopOutset
962,org.jfree.chart.ui.RectangleInsets,calculateBottomOutset
5112589,org.jfree.chart.ui.RectangleInsets,extendHeight
962,org.jfree.chart.ui.RectangleInsets,calculateTopOutset
963,org.jfree.chart.ui.RectangleInsets,calculateBottomOutset
4469186,org.jfree.chart.ui.RectangleInsets,extendHeight
8939334,org.jfree.chart.block.AbstractBlock,calculateTotalHeight
13491911,org.jfree.chart.block.BorderArrangement,arrange
17998945,org.jfree.chart.block.BlockContainer,arrange
641,org.jfree.chart.util.ParamChecks,nullNotPermitted
4219971,org.jfree.chart.block.AbstractBlock,setBounds
8420056,org.jfree.chart.block.CenterArrangement,arrangeNN
12744909,org.jfree.chart.block.CenterArrangement,arrange
17362597,org.jfree.chart.block.BlockContainer,arrange
1603,org.jfree.chart.ui.Size2D,getWidth
962,org.jfree.chart.util.ParamChecks,nullNotPermitted
4174746,org.jfree.chart.block.AbstractBlock,setBounds
8659007,org.jfree.chart.block.FlowArrangement,arrangeNN
1604,org.jfree.chart.block.RectangleConstraint,getWidthRange
3529,org.jfree.data.Range,contains
3566945,org.jfree.chart.block.FlowArrangement,arrangeRR
8098675,org.jfree.chart.block.FlowArrangement,arrange
12389209,org.jfree.chart.block.BlockContainer,arrange
962,org.jfree.chart.ui.RectangleInsets,calculateTopOutset
1283,org.jfree.chart.ui.RectangleInsets,calculateBottomOutset
4594595,org.jfree.chart.ui.RectangleInsets,extendHeight
1283,org.jfree.chart.block.BlockBorder,getInsets
641,org.jfree.chart.ui.RectangleInsets,calculateTopOutset
1283,org.jfree.chart.ui.RectangleInsets,calculateBottomOutset
5323315,org.jfree.chart.ui.RectangleInsets,extendHeight
642,org.jfree.chart.ui.RectangleInsets,calculateTopOutset
962,org.jfree.chart.ui.RectangleInsets,calculateBottomOutset
4543276,org.jfree.chart.ui.RectangleInsets,extendHeight
8882242,org.jfree.chart.block.AbstractBlock,calculateTotalHeight
962,org.jfree.chart.ui.RectangleInsets,calculateLeftOutset
1282,org.jfree.chart.ui.RectangleInsets,calculateRightOutset
4601971,org.jfree.chart.ui.RectangleInsets,extendWidth
1283,org.jfree.chart.block.BlockBorder,getInsets
962,org.jfree.chart.ui.RectangleInsets,calculateLeftOutset
962,org.jfree.chart.ui.RectangleInsets,calculateRightOutset
4698514,org.jfree.chart.ui.RectangleInsets,extendWidth
641,org.jfree.chart.ui.RectangleInsets,calculateLeftOutset
962,org.jfree.chart.ui.RectangleInsets,calculateRightOutset
4367511,org.jfree.chart.ui.RectangleInsets,extendWidth
8806868,org.jfree.chart.block.AbstractBlock,calculateTotalWidth
13361049,org.jfree.chart.title.LegendTitle,arrange
3849,org.jfree.chart.title.Title,getHorizontalAlignment
18924,org.jfree.chart.JFreeChart,createAlignedRectangle2D
2566,org.jfree.chart.block.BlockParams,getGenerateEntities
962,org.jfree.chart.ui.RectangleInsets,calculateLeftInset
1283,org.jfree.chart.ui.RectangleInsets,calculateRightInset
962,org.jfree.chart.ui.RectangleInsets,calculateTopInset
962,org.jfree.chart.ui.RectangleInsets,calculateBottomInset
4662912,org.jfree.chart.ui.RectangleInsets,trim
8932277,org.jfree.chart.block.AbstractBlock,trimMargin
5453,org.jfree.chart.block.AbstractBlock,getFrame
962,org.jfree.chart.ui.RectangleInsets,calculateTopInset
1283,org.jfree.chart.ui.RectangleInsets,calculateBottomInset
1282,org.jfree.chart.ui.RectangleInsets,calculateLeftInset
1283,org.jfree.chart.ui.RectangleInsets,calculateRightInset
4369115,org.jfree.chart.block.BlockBorder,draw
962,org.jfree.chart.block.BlockBorder,getInsets
963,org.jfree.chart.ui.RectangleInsets,calculateLeftInset
962,org.jfree.chart.ui.RectangleInsets,calculateRightInset
1604,org.jfree.chart.ui.RectangleInsets,calculateTopInset
1283,org.jfree.chart.ui.RectangleInsets,calculateBottomInset
4451866,org.jfree.chart.ui.RectangleInsets,trim
962,org.jfree.chart.ui.RectangleInsets,calculateLeftInset
1283,org.jfree.chart.ui.RectangleInsets,calculateRightInset
962,org.jfree.chart.ui.RectangleInsets,calculateTopInset
1924,org.jfree.chart.ui.RectangleInsets,calculateBottomInset
4567973,org.jfree.chart.ui.RectangleInsets,trim
8546106,org.jfree.chart.block.AbstractBlock,trimPadding
962,org.jfree.chart.block.BlockParams,getGenerateEntities
962,org.jfree.chart.ui.RectangleInsets,calculateLeftInset
1282,org.jfree.chart.ui.RectangleInsets,calculateRightInset
1283,org.jfree.chart.ui.RectangleInsets,calculateTopInset
2887,org.jfree.chart.ui.RectangleInsets,calculateBottomInset
6112335,org.jfree.chart.ui.RectangleInsets,trim
10194067,org.jfree.chart.block.AbstractBlock,trimMargin
962,org.jfree.chart.ui.RectangleInsets,calculateTopInset
1283,org.jfree.chart.ui.RectangleInsets,calculateBottomInset
1283,org.jfree.chart.ui.RectangleInsets,calculateLeftInset
1283,org.jfree.chart.ui.RectangleInsets,calculateRightInset
4388038,org.jfree.chart.block.BlockBorder,draw
8326721,org.jfree.chart.block.AbstractBlock,drawBorder
642,org.jfree.chart.block.BlockBorder,getInsets
962,org.jfree.chart.ui.RectangleInsets,calculateLeftInset
1283,org.jfree.chart.ui.RectangleInsets,calculateRightInset
963,org.jfree.chart.ui.RectangleInsets,calculateTopInset
1604,org.jfree.chart.ui.RectangleInsets,calculateBottomInset
4388039,org.jfree.chart.ui.RectangleInsets,trim
8395680,org.jfree.chart.block.AbstractBlock,trimBorder
963,org.jfree.chart.ui.RectangleInsets,calculateLeftInset
1283,org.jfree.chart.ui.RectangleInsets,calculateRightInset
1924,org.jfree.chart.ui.RectangleInsets,calculateTopInset
3849,org.jfree.chart.ui.RectangleInsets,calculateBottomInset
4392529,org.jfree.chart.ui.RectangleInsets,trim
8600953,org.jfree.chart.block.AbstractBlock,trimPadding
4169,org.jfree.chart.block.AbstractBlock,getBounds
642,org.jfree.chart.block.BlockParams,getGenerateEntities
641,org.jfree.chart.ui.RectangleInsets,calculateLeftInset
4169,org.jfree.chart.ui.RectangleInsets,calculateRightInset
962,org.jfree.chart.ui.RectangleInsets,calculateTopInset
963,org.jfree.chart.ui.RectangleInsets,calculateBottomInset
4838678,org.jfree.chart.ui.RectangleInsets,trim
9204906,org.jfree.chart.block.AbstractBlock,trimMargin
1283,org.jfree.chart.ui.RectangleInsets,calculateTopInset
1604,org.jfree.chart.ui.RectangleInsets,calculateBottomInset
2245,org.jfree.chart.ui.RectangleInsets,calculateLeftInset
3207,org.jfree.chart.ui.RectangleInsets,calculateRightInset
5642771,org.jfree.chart.block.BlockBorder,draw
10415377,org.jfree.chart.block.AbstractBlock,drawBorder
1283,org.jfree.chart.block.BlockBorder,getInsets
1925,org.jfree.chart.ui.RectangleInsets,calculateLeftInset
2566,org.jfree.chart.ui.RectangleInsets,calculateRightInset
1283,org.jfree.chart.ui.RectangleInsets,calculateTopInset
1924,org.jfree.chart.ui.RectangleInsets,calculateBottomInset
4772926,org.jfree.chart.ui.RectangleInsets,trim
9230885,org.jfree.chart.block.AbstractBlock,trimBorder
962,org.jfree.chart.ui.RectangleInsets,calculateLeftInset
1604,org.jfree.chart.ui.RectangleInsets,calculateRightInset
1925,org.jfree.chart.ui.RectangleInsets,calculateTopInset
1924,org.jfree.chart.ui.RectangleInsets,calculateBottomInset
5562587,org.jfree.chart.ui.RectangleInsets,trim
9826820,org.jfree.chart.block.AbstractBlock,trimPadding
2246,org.jfree.chart.block.AbstractBlock,getBounds
1283,org.jfree.chart.ui.RectangleInsets,calculateLeftInset
1925,org.jfree.chart.ui.RectangleInsets,calculateRightInset
2566,org.jfree.chart.ui.RectangleInsets,calculateTopInset
2245,org.jfree.chart.ui.RectangleInsets,calculateBottomInset
4562201,org.jfree.chart.ui.RectangleInsets,trim
8927146,org.jfree.chart.block.AbstractBlock,trimMargin
1924,org.jfree.chart.ui.RectangleInsets,calculateTopInset
1283,org.jfree.chart.ui.RectangleInsets,calculateBottomInset
1603,org.jfree.chart.ui.RectangleInsets,calculateLeftInset
962,org.jfree.chart.ui.RectangleInsets,calculateRightInset
4339286,org.jfree.chart.block.BlockBorder,draw
8253912,org.jfree.chart.block.AbstractBlock,drawBorder
642,org.jfree.chart.block.BlockBorder,getInsets
962,org.jfree.chart.ui.RectangleInsets,calculateLeftInset
1925,org.jfree.chart.ui.RectangleInsets,calculateRightInset
962,org.jfree.chart.ui.RectangleInsets,calculateTopInset
1283,org.jfree.chart.ui.RectangleInsets,calculateBottomInset
4498052,org.jfree.chart.ui.RectangleInsets,trim
8888656,org.jfree.chart.block.AbstractBlock,trimBorder
962,org.jfree.chart.ui.RectangleInsets,calculateLeftInset
1283,org.jfree.chart.ui.RectangleInsets,calculateRightInset
1924,org.jfree.chart.ui.RectangleInsets,calculateTopInset
4170,org.jfree.chart.ui.RectangleInsets,calculateBottomInset
4665478,org.jfree.chart.ui.RectangleInsets,trim
8771266,org.jfree.chart.block.AbstractBlock,trimPadding
1282,org.jfree.chart.block.AbstractBlock,getBounds
642,org.jfree.chart.ui.RectangleInsets,calculateLeftInset
1283,org.jfree.chart.ui.RectangleInsets,calculateRightInset
1283,org.jfree.chart.ui.RectangleInsets,calculateTopInset
1282,org.jfree.chart.ui.RectangleInsets,calculateBottomInset
4352115,org.jfree.chart.ui.RectangleInsets,trim
8294646,org.jfree.chart.block.AbstractBlock,trimMargin
963,org.jfree.chart.ui.RectangleInsets,calculateTopInset
1283,org.jfree.chart.ui.RectangleInsets,calculateBottomInset
1604,org.jfree.chart.ui.RectangleInsets,calculateLeftInset
1283,org.jfree.chart.ui.RectangleInsets,calculateRightInset
4537183,org.jfree.chart.block.BlockBorder,draw
8493506,org.jfree.chart.block.AbstractBlock,drawBorder
962,org.jfree.chart.block.BlockBorder,getInsets
962,org.jfree.chart.ui.RectangleInsets,calculateLeftInset
1283,org.jfree.chart.ui.RectangleInsets,calculateRightInset
963,org.jfree.chart.ui.RectangleInsets,calculateTopInset
1283,org.jfree.chart.ui.RectangleInsets,calculateBottomInset
4636291,org.jfree.chart.ui.RectangleInsets,trim
8624687,org.jfree.chart.block.AbstractBlock,trimBorder
641,org.jfree.chart.ui.RectangleInsets,calculateLeftInset
1283,org.jfree.chart.ui.RectangleInsets,calculateRightInset
1924,org.jfree.chart.ui.RectangleInsets,calculateTopInset
1282,org.jfree.chart.ui.RectangleInsets,calculateBottomInset
4381944,org.jfree.chart.ui.RectangleInsets,trim
8353021,org.jfree.chart.block.AbstractBlock,trimPadding
963,org.jfree.chart.util.ParamChecks,nullNotPermitted
5612622,org.jfree.chart.ui.RectangleAnchor,getAnchorPoint
9953833,org.jfree.chart.ui.RectangleAnchor,coordinates
2565,org.jfree.chart.util.ParamChecks,nullNotPermitted
3528,org.jfree.chart.util.ParamChecks,nullNotPermitted
962,org.jfree.chart.util.ParamChecks,nullNotPermitted
5509985,org.jfree.chart.ui.RectangleAnchor,getAnchorPoint
12352965,org.jfree.chart.ui.RectangleAnchor,coordinates
17622075,org.jfree.chart.util.ShapeUtils,createTranslatedShape
24020830,org.jfree.chart.title.LegendGraphic,draw
28273516,org.jfree.chart.title.LegendGraphic,draw
2245,org.jfree.chart.block.AbstractBlock,getBounds
1282,org.jfree.chart.ui.RectangleInsets,calculateLeftInset
1604,org.jfree.chart.ui.RectangleInsets,calculateRightInset
1603,org.jfree.chart.ui.RectangleInsets,calculateTopInset
1604,org.jfree.chart.ui.RectangleInsets,calculateBottomInset
4315872,org.jfree.chart.ui.RectangleInsets,trim
8423263,org.jfree.chart.block.AbstractBlock,trimMargin
962,org.jfree.chart.ui.RectangleInsets,calculateTopInset
962,org.jfree.chart.ui.RectangleInsets,calculateBottomInset
962,org.jfree.chart.ui.RectangleInsets,calculateLeftInset
1604,org.jfree.chart.ui.RectangleInsets,calculateRightInset
5604604,org.jfree.chart.block.BlockBorder,draw
10011566,org.jfree.chart.block.AbstractBlock,drawBorder
642,org.jfree.chart.block.BlockBorder,getInsets
962,org.jfree.chart.ui.RectangleInsets,calculateLeftInset
1283,org.jfree.chart.ui.RectangleInsets,calculateRightInset
2245,org.jfree.chart.ui.RectangleInsets,calculateTopInset
2886,org.jfree.chart.ui.RectangleInsets,calculateBottomInset
4706853,org.jfree.chart.ui.RectangleInsets,trim
8686269,org.jfree.chart.block.AbstractBlock,trimBorder
962,org.jfree.chart.ui.RectangleInsets,calculateLeftInset
1604,org.jfree.chart.ui.RectangleInsets,calculateRightInset
1283,org.jfree.chart.ui.RectangleInsets,calculateTopInset
1925,org.jfree.chart.ui.RectangleInsets,calculateBottomInset
4396378,org.jfree.chart.ui.RectangleInsets,trim
9130174,org.jfree.chart.block.AbstractBlock,trimPadding
963,org.jfree.chart.util.ParamChecks,nullNotPermitted
4137862,org.jfree.chart.ui.RectangleAnchor,getAnchorPoint
8456621,org.jfree.chart.ui.RectangleAnchor,coordinates
9302,org.jfree.chart.text.TextUtilities,getTextBounds
4168332,org.jfree.chart.text.TextFragment,calculateDimensions
1283,org.jfree.chart.ui.Size2D,getWidth
962,org.jfree.chart.ui.Size2D,getHeight
3782161,org.jfree.chart.text.TextLine,calculateDimensions
962,org.jfree.chart.ui.Size2D,getWidth
962,org.jfree.chart.ui.Size2D,getHeight
3724108,org.jfree.chart.text.TextBlock,calculateDimensions
1603,org.jfree.chart.ui.Size2D,getWidth
962,org.jfree.chart.ui.Size2D,getHeight
12509,org.jfree.chart.text.TextBlock,calculateOffsets
9302,org.jfree.chart.text.TextUtilities,getTextBounds
4486185,org.jfree.chart.text.TextFragment,calculateDimensions
1283,org.jfree.chart.ui.Size2D,getWidth
1283,org.jfree.chart.ui.Size2D,getHeight
3807500,org.jfree.chart.text.TextLine,calculateDimensions
963,org.jfree.chart.ui.Size2D,getWidth
962,org.jfree.chart.ui.Size2D,getWidth
7698,org.jfree.chart.text.TextUtilities,getTextBounds
4231838,org.jfree.chart.text.TextFragment,calculateDimensions
1604,org.jfree.chart.ui.Size2D,getWidth
1282,org.jfree.chart.ui.Size2D,getHeight
3827385,org.jfree.chart.text.TextLine,calculateDimensions
6736,org.jfree.chart.ui.TextAnchor,isHorizontalCenter
6735,org.jfree.chart.ui.TextAnchor,isHorizontalRight
3207,org.jfree.chart.ui.TextAnchor,isTop
3845347,org.jfree.chart.text.TextFragment,calculateBaselineOffset
8496071,org.jfree.chart.text.TextLine,calculateBaselineOffset
7377,org.jfree.chart.text.TextUtilities,getTextBounds
4257818,org.jfree.chart.text.TextFragment,calculateDimensions
642,org.jfree.chart.util.ParamChecks,nullNotPermitted
6094,org.jfree.chart.text.TextUtilities,getTextBounds
1283,org.jfree.chart.ui.TextAnchor,isHorizontalCenter
1283,org.jfree.chart.ui.TextAnchor,isHorizontalRight
1283,org.jfree.chart.ui.TextAnchor,isTop
3849,org.jfree.chart.ui.TextAnchor,isHalfAscent
4170,org.jfree.chart.ui.TextAnchor,isHalfHeight
3849,org.jfree.chart.ui.TextAnchor,isBaseline
3896024,org.jfree.chart.text.TextUtilities,deriveTextBoundsAnchorOffsets
9181813,org.jfree.chart.text.TextUtilities,drawAlignedString
13650998,org.jfree.chart.text.TextUtilities,drawRotatedString
18070148,org.jfree.chart.text.TextFragment,draw
1604,org.jfree.chart.ui.Size2D,getWidth
4032980,org.jfree.chart.text.TextLine,draw
1604,org.jfree.chart.ui.Size2D,getHeight
3848555,org.jfree.chart.text.TextBlock,draw
7690373,org.jfree.chart.text.TextBlock,draw
11627773,org.jfree.chart.block.LabelBlock,draw
15814708,org.jfree.chart.block.BlockContainer,draw
3528,org.jfree.chart.block.BlockParams,getGenerateEntities
4983972,org.jfree.chart.title.LegendItemBlockContainer,draw
10039790,org.jfree.chart.block.BlockContainer,draw
16001378,org.jfree.chart.block.BlockContainer,draw
20425659,org.jfree.chart.title.LegendTitle,draw
24573464,org.jfree.chart.JFreeChart,drawTitle
3208,org.jfree.chart.plot.Plot,getInsets
1283,org.jfree.chart.ui.RectangleInsets,calculateLeftInset
1604,org.jfree.chart.ui.RectangleInsets,calculateRightInset
1924,org.jfree.chart.ui.RectangleInsets,calculateTopInset
1283,org.jfree.chart.ui.RectangleInsets,calculateBottomInset
4362700,org.jfree.chart.ui.RectangleInsets,trim
1282,org.jfree.chart.plot.MeterPlot,getDataset
1604,org.jfree.data.Range,getLowerBound
1604,org.jfree.data.Range,getUpperBound
3528,org.jfree.chart.plot.Plot,getForegroundAlpha
641,org.jfree.chart.util.ParamChecks,nullNotPermitted
641,org.jfree.data.Range,getLowerBound
2886,org.jfree.data.Range,getLength
3583944,org.jfree.chart.plot.MeterPlot,valueToAngle
642,org.jfree.data.Range,getLowerBound
1603,org.jfree.data.Range,getLength
3758426,org.jfree.chart.plot.MeterPlot,valueToAngle
8477789,org.jfree.chart.plot.MeterPlot,fillArc
641,org.jfree.data.Range,getLowerBound
962,org.jfree.data.Range,getLength
3780879,org.jfree.chart.plot.MeterPlot,valueToAngle
8099637,org.jfree.chart.plot.MeterPlot,drawTick
12089959,org.jfree.chart.plot.MeterPlot,drawTick
962,org.jfree.data.Range,getLowerBound
5453,org.jfree.data.Range,getLength
4095204,org.jfree.chart.plot.MeterPlot,valueToAngle
8201953,org.jfree.chart.plot.MeterPlot,drawTick
12273422,org.jfree.chart.plot.MeterPlot,drawTick
962,org.jfree.data.Range,getLowerBound
962,org.jfree.data.Range,getLength
3542889,org.jfree.chart.plot.MeterPlot,valueToAngle
7747144,org.jfree.chart.plot.MeterPlot,drawTick
11837536,org.jfree.chart.plot.MeterPlot,drawTick
642,org.jfree.data.Range,getLowerBound
962,org.jfree.data.Range,getLength
3582982,org.jfree.chart.plot.MeterPlot,valueToAngle
7900779,org.jfree.chart.plot.MeterPlot,drawTick
11874101,org.jfree.chart.plot.MeterPlot,drawTick
642,org.jfree.data.Range,getLowerBound
962,org.jfree.data.Range,getLength
3939644,org.jfree.chart.plot.MeterPlot,valueToAngle
8062432,org.jfree.chart.plot.MeterPlot,drawTick
12023565,org.jfree.chart.plot.MeterPlot,drawTick
641,org.jfree.data.Range,getLowerBound
1604,org.jfree.data.Range,getLength
3675355,org.jfree.chart.plot.MeterPlot,valueToAngle
7813859,org.jfree.chart.plot.MeterPlot,drawTick
11755748,org.jfree.chart.plot.MeterPlot,drawTick
963,org.jfree.data.Range,getLowerBound
1283,org.jfree.data.Range,getLength
3558606,org.jfree.chart.plot.MeterPlot,valueToAngle
7642583,org.jfree.chart.plot.MeterPlot,drawTick
11686788,org.jfree.chart.plot.MeterPlot,drawTick
962,org.jfree.data.Range,getLowerBound
962,org.jfree.data.Range,getLength
3517231,org.jfree.chart.plot.MeterPlot,valueToAngle
7573945,org.jfree.chart.plot.MeterPlot,drawTick
11838499,org.jfree.chart.plot.MeterPlot,drawTick
641,org.jfree.data.Range,getLowerBound
962,org.jfree.data.Range,getLength
3709033,org.jfree.chart.plot.MeterPlot,valueToAngle
8268025,org.jfree.chart.plot.MeterPlot,drawTick
12287855,org.jfree.chart.plot.MeterPlot,drawTick
642,org.jfree.data.Range,getLowerBound
963,org.jfree.data.Range,getLength
13940626,org.jfree.chart.plot.MeterPlot,valueToAngle
18070149,org.jfree.chart.plot.MeterPlot,drawTick
22129429,org.jfree.chart.plot.MeterPlot,drawTick
642,org.jfree.data.Range,getLowerBound
962,org.jfree.data.Range,getLength
3536154,org.jfree.chart.plot.MeterPlot,valueToAngle
7698391,org.jfree.chart.plot.MeterPlot,drawTick
11811235,org.jfree.chart.plot.MeterPlot,drawTick
15809575,org.jfree.chart.plot.MeterPlot,drawTicks
1925,org.jfree.chart.plot.MeterInterval,getRange
962,org.jfree.data.Range,getLowerBound
1604,org.jfree.chart.plot.MeterInterval,getRange
1283,org.jfree.data.Range,getUpperBound
962,org.jfree.chart.plot.MeterInterval,getOutlinePaint
3529,org.jfree.chart.plot.MeterInterval,getOutlineStroke
1283,org.jfree.chart.plot.MeterInterval,getBackgroundPaint
4437112,org.jfree.chart.plot.MeterPlot,drawArcForInterval
642,org.jfree.chart.plot.MeterInterval,getRange
1924,org.jfree.data.Range,getLowerBound
1603,org.jfree.chart.plot.MeterInterval,getRange
1604,org.jfree.data.Range,getUpperBound
1283,org.jfree.chart.plot.MeterInterval,getOutlinePaint
1604,org.jfree.chart.plot.MeterInterval,getOutlineStroke
1283,org.jfree.chart.plot.MeterInterval,getBackgroundPaint
962,org.jfree.data.Range,getLowerBound
1283,org.jfree.data.Range,getLength
3782161,org.jfree.chart.plot.MeterPlot,valueToAngle
1604,org.jfree.data.Range,getLowerBound
962,org.jfree.data.Range,getLength
3635584,org.jfree.chart.plot.MeterPlot,valueToAngle
8275724,org.jfree.chart.plot.MeterPlot,drawArc
962,org.jfree.data.Range,getLowerBound
963,org.jfree.data.Range,getLength
3606397,org.jfree.chart.plot.MeterPlot,valueToAngle
542371,org.jfree.chart.text.TextUtilities,getTextBounds
5469252,org.jfree.chart.plot.MeterPlot,drawTick
642,org.jfree.data.Range,getLowerBound
962,org.jfree.data.Range,getLength
3711277,org.jfree.chart.plot.MeterPlot,valueToAngle
131504,org.jfree.chart.text.TextUtilities,getTextBounds
4370398,org.jfree.chart.plot.MeterPlot,drawTick
8372266,org.jfree.chart.plot.MeterPlot,drawArcForInterval
4490,org.jfree.data.general.DefaultValueDataset,getValue
641,org.jfree.data.general.DefaultValueDataset,getValue
604914,org.jfree.chart.text.TextUtilities,getTextBounds
1924,org.jfree.chart.ui.TextAnchor,isHorizontalCenter
1603,org.jfree.chart.ui.TextAnchor,isTop
3776387,org.jfree.chart.text.TextUtilities,deriveTextBoundsAnchorOffsets
8556691,org.jfree.chart.text.TextUtilities,drawAlignedString
13311655,org.jfree.chart.plot.MeterPlot,drawValueLabel
1925,org.jfree.data.Range,contains
962,org.jfree.data.Range,getLowerBound
963,org.jfree.data.Range,getLength
3672469,org.jfree.chart.plot.MeterPlot,valueToAngle
8389907,org.jfree.chart.plot.MeterPlot,draw
3207,org.jfree.chart.JFreeChart,notifyListeners
3946059,org.jfree.chart.JFreeChart,draw
7782105,org.jfree.chart.MeterChartTest,testDrawWithNullInfo
