7698,org.jfree.chart.util.ParamChecks,nullNotPermitted
7757729,org.jfree.chart.StrokeMap,put
3528,org.jfree.chart.util.ParamChecks,nullNotPermitted
6080261,org.jfree.chart.StrokeMap,getStroke
46187,org.jfree.chart.util.ParamChecks,nullNotPermitted
5989813,org.jfree.chart.StrokeMap,put
10399982,org.jfree.chart.StrokeMapTest,testPut
28225,org.jfree.chart.StrokeMap,clone
63827,org.jfree.chart.StrokeMap,equals
2566,org.jfree.chart.util.ParamChecks,nullNotPermitted
4966332,org.jfree.chart.StrokeMap,put
2245,org.jfree.chart.util.ParamChecks,nullNotPermitted
4951899,org.jfree.chart.StrokeMap,put
47469,org.jfree.chart.StrokeMap,clone
2245,org.jfree.chart.util.ParamChecks,nullNotPermitted
5099118,org.jfree.chart.StrokeMap,getStroke
1924,org.jfree.chart.util.ParamChecks,nullNotPermitted
4837074,org.jfree.chart.StrokeMap,getStroke
6415,org.jfree.chart.util.ObjectUtils,equal
2245,org.jfree.chart.util.ParamChecks,nullNotPermitted
5256922,org.jfree.chart.StrokeMap,getStroke
1924,org.jfree.chart.util.ParamChecks,nullNotPermitted
4850865,org.jfree.chart.StrokeMap,getStroke
5773,org.jfree.chart.util.ObjectUtils,equal
4470789,org.jfree.chart.StrokeMap,equals
8811358,org.jfree.chart.StrokeMapTest,testCloning
2566,org.jfree.chart.StrokeMap,equals
8981,org.jfree.chart.StrokeMap,equals
3207,org.jfree.chart.StrokeMap,equals
3207,org.jfree.chart.StrokeMap,equals
1925,org.jfree.chart.util.ParamChecks,nullNotPermitted
4627952,org.jfree.chart.StrokeMap,put
4170,org.jfree.chart.StrokeMap,equals
1604,org.jfree.chart.util.ParamChecks,nullNotPermitted
4757531,org.jfree.chart.StrokeMap,put
1603,org.jfree.chart.util.ParamChecks,nullNotPermitted
4545522,org.jfree.chart.StrokeMap,getStroke
1603,org.jfree.chart.util.ParamChecks,nullNotPermitted
4250441,org.jfree.chart.StrokeMap,getStroke
14434,org.jfree.chart.util.ObjectUtils,equal
4095524,org.jfree.chart.StrokeMap,equals
1604,org.jfree.chart.util.ParamChecks,nullNotPermitted
4278025,org.jfree.chart.StrokeMap,put
3207,org.jfree.chart.StrokeMap,equals
1603,org.jfree.chart.util.ParamChecks,nullNotPermitted
4304646,org.jfree.chart.StrokeMap,put
1604,org.jfree.chart.util.ParamChecks,nullNotPermitted
5714618,org.jfree.chart.StrokeMap,getStroke
1603,org.jfree.chart.util.ParamChecks,nullNotPermitted
4496128,org.jfree.chart.StrokeMap,getStroke
3528,org.jfree.chart.util.ObjectUtils,equal
1603,org.jfree.chart.util.ParamChecks,nullNotPermitted
4333192,org.jfree.chart.StrokeMap,getStroke
1925,org.jfree.chart.util.ParamChecks,nullNotPermitted
5019254,org.jfree.chart.StrokeMap,getStroke
4170,org.jfree.chart.util.ObjectUtils,equal
3955040,org.jfree.chart.StrokeMap,equals
1925,org.jfree.chart.util.ParamChecks,nullNotPermitted
4373285,org.jfree.chart.StrokeMap,put
1283,org.jfree.chart.util.ParamChecks,nullNotPermitted
4252366,org.jfree.chart.StrokeMap,getStroke
4169,org.jfree.chart.util.ParamChecks,nullNotPermitted
4543918,org.jfree.chart.StrokeMap,getStroke
3528,org.jfree.chart.util.ObjectUtils,equal
1604,org.jfree.chart.util.ParamChecks,nullNotPermitted
4687930,org.jfree.chart.StrokeMap,getStroke
1604,org.jfree.chart.util.ParamChecks,nullNotPermitted
4385473,org.jfree.chart.StrokeMap,getStroke
9622,org.jfree.chart.util.ObjectUtils,equal
5006103,org.jfree.chart.StrokeMap,equals
1283,org.jfree.chart.util.ParamChecks,nullNotPermitted
4422678,org.jfree.chart.StrokeMap,put
1283,org.jfree.chart.util.ParamChecks,nullNotPermitted
5312731,org.jfree.chart.StrokeMap,getStroke
1283,org.jfree.chart.util.ParamChecks,nullNotPermitted
4770039,org.jfree.chart.StrokeMap,getStroke
3207,org.jfree.chart.util.ObjectUtils,equal
1283,org.jfree.chart.util.ParamChecks,nullNotPermitted
4370398,org.jfree.chart.StrokeMap,getStroke
1283,org.jfree.chart.util.ParamChecks,nullNotPermitted
4535579,org.jfree.chart.StrokeMap,getStroke
1603,org.jfree.chart.util.ObjectUtils,equal
4024961,org.jfree.chart.StrokeMap,equals
8502165,org.jfree.chart.StrokeMapTest,testEquals
4169,org.jfree.chart.util.ParamChecks,nullNotPermitted
4357247,org.jfree.chart.StrokeMap,getStroke
962,org.jfree.chart.util.ParamChecks,nullNotPermitted
4824886,org.jfree.chart.StrokeMap,put
1283,org.jfree.chart.util.ParamChecks,nullNotPermitted
4466299,org.jfree.chart.StrokeMap,getStroke
1283,org.jfree.chart.util.ParamChecks,nullNotPermitted
4374888,org.jfree.chart.StrokeMap,put
962,org.jfree.chart.util.ParamChecks,nullNotPermitted
4448337,org.jfree.chart.StrokeMap,getStroke
12829,org.jfree.chart.util.ParamChecks,nullNotPermitted
4380661,org.jfree.chart.StrokeMap,getStroke
8562464,org.jfree.chart.StrokeMapTest,testGetStroke
36244,org.jfree.chart.StrokeMap,writeObject
60940,org.jfree.chart.StrokeMap,readObject
8018,org.jfree.chart.StrokeMap,equals
3775425,org.jfree.chart.StrokeMapTest,testSerialization1
962,org.jfree.chart.util.ParamChecks,nullNotPermitted
4380661,org.jfree.chart.StrokeMap,put
962,org.jfree.chart.util.ParamChecks,nullNotPermitted
4290534,org.jfree.chart.StrokeMap,put
1283,org.jfree.chart.util.ParamChecks,nullNotPermitted
4397982,org.jfree.chart.StrokeMap,getStroke
1283,org.jfree.chart.util.ParamChecks,nullNotPermitted
6478298,org.jfree.chart.util.SerialUtils,writeStroke
1282,org.jfree.chart.util.ParamChecks,nullNotPermitted
4306891,org.jfree.chart.StrokeMap,getStroke
962,org.jfree.chart.util.ParamChecks,nullNotPermitted
4474959,org.jfree.chart.util.SerialUtils,writeStroke
8606085,org.jfree.chart.StrokeMap,writeObject
962,org.jfree.chart.util.ParamChecks,nullNotPermitted
4322608,org.jfree.chart.util.SerialUtils,readStroke
962,org.jfree.chart.util.ParamChecks,nullNotPermitted
4205216,org.jfree.chart.util.SerialUtils,readStroke
8306834,org.jfree.chart.StrokeMap,readObject
962,org.jfree.chart.util.ParamChecks,nullNotPermitted
4304325,org.jfree.chart.StrokeMap,getStroke
962,org.jfree.chart.util.ParamChecks,nullNotPermitted
4095844,org.jfree.chart.StrokeMap,getStroke
3528,org.jfree.chart.util.ObjectUtils,equal
1283,org.jfree.chart.util.ParamChecks,nullNotPermitted
4342814,org.jfree.chart.StrokeMap,getStroke
962,org.jfree.chart.util.ParamChecks,nullNotPermitted
4313627,org.jfree.chart.StrokeMap,getStroke
3850,org.jfree.chart.util.ObjectUtils,equal
4004114,org.jfree.chart.StrokeMap,equals
7801350,org.jfree.chart.StrokeMapTest,testSerialization2
