8019,org.jfree.chart.util.ParamChecks,nullNotPermitted
7954022,org.jfree.chart.PaintMap,getPaint
2887,org.jfree.chart.util.ParamChecks,nullNotPermitted
5796085,org.jfree.chart.PaintMap,put
2886,org.jfree.chart.util.ParamChecks,nullNotPermitted
5094628,org.jfree.chart.PaintMap,getPaint
2565,org.jfree.chart.util.ParamChecks,nullNotPermitted
4782548,org.jfree.chart.PaintMap,put
2886,org.jfree.chart.util.ParamChecks,nullNotPermitted
4908920,org.jfree.chart.PaintMap,getPaint
49394,org.jfree.chart.util.ParamChecks,nullNotPermitted
4772606,org.jfree.chart.PaintMap,getPaint
9452838,org.jfree.chart.PaintMapTest,testGetPaint
1604,org.jfree.chart.util.ParamChecks,nullNotPermitted
4857281,org.jfree.chart.PaintMap,put
2245,org.jfree.chart.util.ParamChecks,nullNotPermitted
5197906,org.jfree.chart.PaintMap,getPaint
14433,org.jfree.chart.util.ParamChecks,nullNotPermitted
4843168,org.jfree.chart.PaintMap,put
8885449,org.jfree.chart.PaintMapTest,testPut
1925,org.jfree.chart.util.ParamChecks,nullNotPermitted
4414981,org.jfree.chart.PaintMap,put
2245,org.jfree.chart.util.ParamChecks,nullNotPermitted
5810519,org.jfree.chart.PaintMap,put
1925,org.jfree.chart.util.ParamChecks,nullNotPermitted
4513127,org.jfree.chart.PaintMap,getPaint
9155833,org.jfree.chart.PaintMapTest,testKeysOfDifferentClasses
35282,org.jfree.chart.PaintMap,clone
42980,org.jfree.chart.PaintMap,equals
1925,org.jfree.chart.util.ParamChecks,nullNotPermitted
5214906,org.jfree.chart.PaintMap,put
2566,org.jfree.chart.util.ParamChecks,nullNotPermitted
4380661,org.jfree.chart.PaintMap,put
23735,org.jfree.chart.PaintMap,clone
1603,org.jfree.chart.util.ParamChecks,nullNotPermitted
4774850,org.jfree.chart.PaintMap,getPaint
1924,org.jfree.chart.util.ParamChecks,nullNotPermitted
4704929,org.jfree.chart.PaintMap,getPaint
9622,org.jfree.chart.util.PaintUtils,equal
3849,org.jfree.chart.util.ParamChecks,nullNotPermitted
6227160,org.jfree.chart.PaintMap,getPaint
1603,org.jfree.chart.util.ParamChecks,nullNotPermitted
4458922,org.jfree.chart.PaintMap,getPaint
2566,org.jfree.chart.util.PaintUtils,equal
4064733,org.jfree.chart.PaintMap,equals
7954983,org.jfree.chart.PaintMapTest,testCloning
1924,org.jfree.chart.PaintMap,equals
10584,org.jfree.chart.PaintMap,equals
2565,org.jfree.chart.PaintMap,equals
2566,org.jfree.chart.PaintMap,equals
2245,org.jfree.chart.util.ParamChecks,nullNotPermitted
4496769,org.jfree.chart.PaintMap,put
2566,org.jfree.chart.PaintMap,equals
1924,org.jfree.chart.util.ParamChecks,nullNotPermitted
4527239,org.jfree.chart.PaintMap,put
1603,org.jfree.chart.util.ParamChecks,nullNotPermitted
4411132,org.jfree.chart.PaintMap,getPaint
1924,org.jfree.chart.util.ParamChecks,nullNotPermitted
4647516,org.jfree.chart.PaintMap,getPaint
2245,org.jfree.chart.util.PaintUtils,equal
3900193,org.jfree.chart.PaintMap,equals
1604,org.jfree.chart.util.ParamChecks,nullNotPermitted
4495807,org.jfree.chart.PaintMap,put
4491,org.jfree.chart.PaintMap,equals
1603,org.jfree.chart.util.ParamChecks,nullNotPermitted
4262308,org.jfree.chart.PaintMap,put
2565,org.jfree.chart.util.ParamChecks,nullNotPermitted
4706853,org.jfree.chart.PaintMap,getPaint
1604,org.jfree.chart.util.ParamChecks,nullNotPermitted
4602614,org.jfree.chart.PaintMap,getPaint
3208,org.jfree.chart.util.PaintUtils,equal
1925,org.jfree.chart.util.ParamChecks,nullNotPermitted
4474318,org.jfree.chart.PaintMap,getPaint
1603,org.jfree.chart.util.ParamChecks,nullNotPermitted
5284185,org.jfree.chart.PaintMap,getPaint
91732,org.jfree.chart.util.PaintUtils,equal
4261667,org.jfree.chart.PaintMap,equals
1603,org.jfree.chart.util.ParamChecks,nullNotPermitted
4615442,org.jfree.chart.PaintMap,put
1283,org.jfree.chart.util.ParamChecks,nullNotPermitted
4249478,org.jfree.chart.PaintMap,getPaint
1283,org.jfree.chart.util.ParamChecks,nullNotPermitted
4854394,org.jfree.chart.PaintMap,getPaint
2245,org.jfree.chart.util.PaintUtils,equal
1283,org.jfree.chart.util.ParamChecks,nullNotPermitted
4278345,org.jfree.chart.PaintMap,getPaint
1283,org.jfree.chart.util.ParamChecks,nullNotPermitted
4318759,org.jfree.chart.PaintMap,getPaint
1924,org.jfree.chart.util.PaintUtils,equal
4109957,org.jfree.chart.PaintMap,equals
1283,org.jfree.chart.util.ParamChecks,nullNotPermitted
4315551,org.jfree.chart.PaintMap,put
1283,org.jfree.chart.util.ParamChecks,nullNotPermitted
4316835,org.jfree.chart.PaintMap,getPaint
1604,org.jfree.chart.util.ParamChecks,nullNotPermitted
4392529,org.jfree.chart.PaintMap,getPaint
1604,org.jfree.chart.util.PaintUtils,equal
1283,org.jfree.chart.util.ParamChecks,nullNotPermitted
4930089,org.jfree.chart.PaintMap,getPaint
1283,org.jfree.chart.util.ParamChecks,nullNotPermitted
4271931,org.jfree.chart.PaintMap,getPaint
1604,org.jfree.chart.util.PaintUtils,equal
4541031,org.jfree.chart.PaintMap,equals
8352701,org.jfree.chart.PaintMapTest,testEquals
33677,org.jfree.chart.PaintMap,writeObject
59337,org.jfree.chart.PaintMap,readObject
4490,org.jfree.chart.PaintMap,equals
3743994,org.jfree.chart.PaintMapTest,testSerialization1
1283,org.jfree.chart.util.ParamChecks,nullNotPermitted
4545200,org.jfree.chart.PaintMap,put
1284,org.jfree.chart.util.ParamChecks,nullNotPermitted
4497732,org.jfree.chart.PaintMap,put
1604,org.jfree.chart.util.ParamChecks,nullNotPermitted
6148578,org.jfree.chart.PaintMap,getPaint
1603,org.jfree.chart.util.ParamChecks,nullNotPermitted
8101882,org.jfree.chart.util.SerialUtils,writePaint
962,org.jfree.chart.util.ParamChecks,nullNotPermitted
5158134,org.jfree.chart.PaintMap,getPaint
1283,org.jfree.chart.util.ParamChecks,nullNotPermitted
4487789,org.jfree.chart.util.SerialUtils,writePaint
8661573,org.jfree.chart.PaintMap,writeObject
962,org.jfree.chart.util.ParamChecks,nullNotPermitted
7377,org.jfree.chart.util.SerialUtils,isSerializable
4378096,org.jfree.chart.util.SerialUtils,readPaint
1604,org.jfree.chart.util.ParamChecks,nullNotPermitted
7056,org.jfree.chart.util.SerialUtils,isSerializable
4325494,org.jfree.chart.util.SerialUtils,readPaint
8502486,org.jfree.chart.PaintMap,readObject
962,org.jfree.chart.util.ParamChecks,nullNotPermitted
4257497,org.jfree.chart.PaintMap,getPaint
962,org.jfree.chart.util.ParamChecks,nullNotPermitted
4451545,org.jfree.chart.PaintMap,getPaint
377190,org.jfree.chart.util.PaintUtils,equal
1283,org.jfree.chart.util.ParamChecks,nullNotPermitted
4237291,org.jfree.chart.PaintMap,getPaint
962,org.jfree.chart.util.ParamChecks,nullNotPermitted
4593633,org.jfree.chart.PaintMap,getPaint
8660,org.jfree.chart.util.PaintUtils,equal
4044205,org.jfree.chart.PaintMap,equals
7994755,org.jfree.chart.PaintMapTest,testSerialization2
