19245,org.jfree.chart.ChartRenderingInfo,setChartArea
8019,org.jfree.chart.util.ParamChecks,nullNotPermitted
5716542,org.jfree.chart.util.SerialUtils,writeShape
2887,org.jfree.chart.util.ParamChecks,nullNotPermitted
4701722,org.jfree.chart.util.SerialUtils,writeShape
9649450,org.jfree.chart.plot.PlotRenderingInfo,writeObject
2566,org.jfree.chart.util.ParamChecks,nullNotPermitted
4810452,org.jfree.chart.util.SerialUtils,writeShape
9163210,org.jfree.chart.ChartRenderingInfo,writeObject
2566,org.jfree.chart.util.ParamChecks,nullNotPermitted
6191878,org.jfree.chart.util.SerialUtils,readShape
1925,org.jfree.chart.util.ParamChecks,nullNotPermitted
6023810,org.jfree.chart.util.SerialUtils,readShape
11085081,org.jfree.chart.plot.PlotRenderingInfo,readObject
1604,org.jfree.chart.util.ParamChecks,nullNotPermitted
5345126,org.jfree.chart.util.SerialUtils,readShape
10604934,org.jfree.chart.ChartRenderingInfo,readObject
17641,org.jfree.chart.util.ObjectUtils,equal
5453,org.jfree.chart.util.ObjectUtils,equal
2566,org.jfree.chart.util.ObjectUtils,equal
597859,org.jfree.chart.util.ObjectUtils,equal
5852856,org.jfree.chart.plot.PlotRenderingInfo,equals
10341286,org.jfree.chart.util.ObjectUtils,equal
4811,org.jfree.chart.util.ObjectUtils,equal
4365266,org.jfree.chart.entity.StandardEntityCollection,equals
9101628,org.jfree.chart.util.ObjectUtils,equal
13282147,org.jfree.chart.ChartRenderingInfo,equals
17886685,org.jfree.chart.ChartRenderingInfoTest,testSerialization
9943,org.jfree.chart.entity.StandardEntityCollection,clone
5077949,org.jfree.chart.ChartRenderingInfo,clone
4170,org.jfree.chart.util.ObjectUtils,equal
2886,org.jfree.chart.util.ObjectUtils,equal
4490,org.jfree.chart.util.ObjectUtils,equal
4157426,org.jfree.chart.entity.StandardEntityCollection,equals
8788264,org.jfree.chart.util.ObjectUtils,equal
12940239,org.jfree.chart.ChartRenderingInfo,equals
4169,org.jfree.chart.ChartRenderingInfo,getChartArea
3208,org.jfree.chart.util.ObjectUtils,equal
4139145,org.jfree.chart.ChartRenderingInfo,equals
2566,org.jfree.chart.ChartRenderingInfo,getChartArea
3528,org.jfree.chart.util.ObjectUtils,equal
2245,org.jfree.chart.util.ObjectUtils,equal
3849,org.jfree.chart.util.ObjectUtils,equal
4113165,org.jfree.chart.entity.StandardEntityCollection,equals
9945814,org.jfree.chart.util.ObjectUtils,equal
15326863,org.jfree.chart.ChartRenderingInfo,equals
9302,org.jfree.chart.ChartRenderingInfo,getEntityCollection
9622,org.jfree.chart.entity.StandardEntityCollection,add
4811,org.jfree.chart.util.ObjectUtils,equal
2245,org.jfree.chart.util.ObjectUtils,equal
4490,org.jfree.chart.util.ObjectUtils,equal
4152295,org.jfree.chart.entity.StandardEntityCollection,equals
8837017,org.jfree.chart.util.ObjectUtils,equal
13070139,org.jfree.chart.ChartRenderingInfo,equals
3207,org.jfree.chart.ChartRenderingInfo,getEntityCollection
2566,org.jfree.chart.entity.StandardEntityCollection,add
4169,org.jfree.chart.util.ObjectUtils,equal
1924,org.jfree.chart.util.ObjectUtils,equal
1283,org.jfree.chart.util.ObjectUtils,equal
1925,org.jfree.chart.util.ObjectUtils,equal
3935796,org.jfree.chart.entity.ChartEntity,equals
8345324,org.jfree.chart.util.ObjectUtils,equal
12642593,org.jfree.chart.entity.StandardEntityCollection,equals
17232056,org.jfree.chart.util.ObjectUtils,equal
21272092,org.jfree.chart.ChartRenderingInfo,equals
25621321,org.jfree.chart.ChartRenderingInfoTest,testCloning
3527,org.jfree.chart.util.ObjectUtils,equal
2566,org.jfree.chart.util.ObjectUtils,equal
1925,org.jfree.chart.util.ObjectUtils,equal
17641,org.jfree.chart.util.ObjectUtils,equal
4282515,org.jfree.chart.plot.PlotRenderingInfo,equals
8657403,org.jfree.chart.util.ObjectUtils,equal
3849,org.jfree.chart.util.ObjectUtils,equal
5227734,org.jfree.chart.entity.StandardEntityCollection,equals
10171294,org.jfree.chart.util.ObjectUtils,equal
14720344,org.jfree.chart.ChartRenderingInfo,equals
2887,org.jfree.chart.ChartRenderingInfo,setChartArea
3528,org.jfree.chart.util.ObjectUtils,equal
3985510,org.jfree.chart.ChartRenderingInfo,equals
2566,org.jfree.chart.ChartRenderingInfo,setChartArea
2886,org.jfree.chart.util.ObjectUtils,equal
2886,org.jfree.chart.util.ObjectUtils,equal
1603,org.jfree.chart.util.ObjectUtils,equal
5452,org.jfree.chart.util.ObjectUtils,equal
4839319,org.jfree.chart.plot.PlotRenderingInfo,equals
10104580,org.jfree.chart.util.ObjectUtils,equal
5773,org.jfree.chart.util.ObjectUtils,equal
6183859,org.jfree.chart.entity.StandardEntityCollection,equals
11823103,org.jfree.chart.util.ObjectUtils,equal
16004906,org.jfree.chart.ChartRenderingInfo,equals
4811,org.jfree.chart.ChartRenderingInfo,getPlotInfo
4811,org.jfree.chart.plot.PlotRenderingInfo,setDataArea
3850,org.jfree.chart.util.ObjectUtils,equal
8981,org.jfree.chart.util.ObjectUtils,equal
4162238,org.jfree.chart.plot.PlotRenderingInfo,equals
8511467,org.jfree.chart.util.ObjectUtils,equal
12564654,org.jfree.chart.ChartRenderingInfo,equals
1924,org.jfree.chart.ChartRenderingInfo,getPlotInfo
2246,org.jfree.chart.plot.PlotRenderingInfo,setDataArea
3528,org.jfree.chart.util.ObjectUtils,equal
2245,org.jfree.chart.util.ObjectUtils,equal
1283,org.jfree.chart.util.ObjectUtils,equal
5132,org.jfree.chart.util.ObjectUtils,equal
3949267,org.jfree.chart.plot.PlotRenderingInfo,equals
8180143,org.jfree.chart.util.ObjectUtils,equal
3208,org.jfree.chart.util.ObjectUtils,equal
4490996,org.jfree.chart.entity.StandardEntityCollection,equals
9074686,org.jfree.chart.util.ObjectUtils,equal
13115042,org.jfree.chart.ChartRenderingInfo,equals
9301,org.jfree.chart.entity.StandardEntityCollection,add
3848,org.jfree.chart.ChartRenderingInfo,setEntityCollection
3207,org.jfree.chart.util.ObjectUtils,equal
1924,org.jfree.chart.util.ObjectUtils,equal
962,org.jfree.chart.util.ObjectUtils,equal
4169,org.jfree.chart.util.ObjectUtils,equal
4009566,org.jfree.chart.plot.PlotRenderingInfo,equals
8237234,org.jfree.chart.util.ObjectUtils,equal
3529,org.jfree.chart.util.ObjectUtils,equal
4183728,org.jfree.chart.entity.StandardEntityCollection,equals
8718344,org.jfree.chart.util.ObjectUtils,equal
12725985,org.jfree.chart.ChartRenderingInfo,equals
1604,org.jfree.chart.entity.StandardEntityCollection,add
1603,org.jfree.chart.ChartRenderingInfo,setEntityCollection
4723852,org.jfree.chart.ChartRenderingInfoTest,testEquals
963,org.jfree.chart.ChartRenderingInfo,getPlotInfo
1925,org.jfree.chart.plot.PlotRenderingInfo,setDataArea
962,org.jfree.chart.util.ParamChecks,nullNotPermitted
4356927,org.jfree.chart.util.SerialUtils,writeShape
962,org.jfree.chart.util.ParamChecks,nullNotPermitted
4537823,org.jfree.chart.util.SerialUtils,writeShape
8752021,org.jfree.chart.plot.PlotRenderingInfo,writeObject
642,org.jfree.chart.util.ParamChecks,nullNotPermitted
4995520,org.jfree.chart.util.SerialUtils,writeShape
9758182,org.jfree.chart.ChartRenderingInfo,writeObject
963,org.jfree.chart.util.ParamChecks,nullNotPermitted
4436150,org.jfree.chart.util.SerialUtils,readShape
642,org.jfree.chart.util.ParamChecks,nullNotPermitted
4316835,org.jfree.chart.util.SerialUtils,readShape
8494468,org.jfree.chart.plot.PlotRenderingInfo,readObject
962,org.jfree.chart.util.ParamChecks,nullNotPermitted
4639177,org.jfree.chart.util.SerialUtils,readShape
8947031,org.jfree.chart.ChartRenderingInfo,readObject
3849,org.jfree.chart.util.ObjectUtils,equal
2887,org.jfree.chart.util.ObjectUtils,equal
2245,org.jfree.chart.util.ObjectUtils,equal
5132,org.jfree.chart.util.ObjectUtils,equal
3942852,org.jfree.chart.plot.PlotRenderingInfo,equals
8536805,org.jfree.chart.util.ObjectUtils,equal
3528,org.jfree.chart.util.ObjectUtils,equal
4012772,org.jfree.chart.entity.StandardEntityCollection,equals
8727324,org.jfree.chart.util.ObjectUtils,equal
13881609,org.jfree.chart.ChartRenderingInfo,equals
1283,org.jfree.chart.ChartRenderingInfo,getPlotInfo
3850,org.jfree.chart.plot.PlotRenderingInfo,getOwner
1282,org.jfree.chart.ChartRenderingInfo,equals
4339286,org.jfree.chart.ChartRenderingInfoTest,testSerialization2
