16037,org.jfree.data.DefaultKeyedValues,getIndex
8251668,org.jfree.data.DefaultKeyedValues,setValue
13471,org.jfree.data.general.AbstractDataset,notifyListeners
5936890,org.jfree.data.general.AbstractDataset,fireDatasetChanged
12173671,org.jfree.data.general.DefaultPieDataset,setValue
5131,org.jfree.data.DefaultKeyedValues,getIndex
5303429,org.jfree.data.DefaultKeyedValues,setValue
4170,org.jfree.data.general.AbstractDataset,notifyListeners
5504212,org.jfree.data.general.AbstractDataset,fireDatasetChanged
10832338,org.jfree.data.general.DefaultPieDataset,setValue
4490,org.jfree.data.DefaultKeyedValues,getIndex
4887109,org.jfree.data.DefaultKeyedValues,setValue
3207,org.jfree.data.general.AbstractDataset,notifyListeners
4679269,org.jfree.data.general.AbstractDataset,fireDatasetChanged
9816556,org.jfree.data.general.DefaultPieDataset,setValue
8660,org.jfree.chart.util.ParamChecks,nullNotPermitted
24505147,org.jfree.chart.StandardChartTheme,createDefaultFont
38168,org.jfree.chart.StandardChartTheme,createDefaultFont
59978,org.jfree.chart.StandardChartTheme,createDefaultFont
25338,org.jfree.chart.StandardChartTheme,createDefaultFont
24696,org.jfree.chart.util.ParamChecks,nullNotPermitted
27904,org.jfree.chart.ChartColor,createDefaultPaintArray
8018,org.jfree.chart.plot.DefaultDrawingSupplier,intArray
10905,org.jfree.chart.plot.DefaultDrawingSupplier,intArray
8660,org.jfree.chart.plot.DefaultDrawingSupplier,intArray
12509,org.jfree.chart.plot.DefaultDrawingSupplier,intArray
9943,org.jfree.chart.plot.DefaultDrawingSupplier,intArray
11227,org.jfree.chart.plot.DefaultDrawingSupplier,intArray
7697,org.jfree.chart.plot.DefaultDrawingSupplier,intArray
11226,org.jfree.chart.plot.DefaultDrawingSupplier,intArray
13150,org.jfree.chart.plot.DefaultDrawingSupplier,intArray
14113,org.jfree.chart.plot.DefaultDrawingSupplier,intArray
5237678,org.jfree.chart.plot.DefaultDrawingSupplier,createStandardSeriesShapes
12830,org.jfree.chart.Colors,createFancyLightColors
5579586,org.jfree.chart.Colors,getDefaultColors
3849,org.jfree.chart.util.ParamChecks,nullNotPermitted
821735,org.jfree.chart.util.ResourceBundleWrapper,getBundle
3207,org.jfree.chart.util.ParamChecks,nullNotPermitted
8339,org.jfree.chart.Colors,createFancyLightColors
4822640,org.jfree.chart.Colors,getDefaultColors
26942,org.jfree.data.general.AbstractDataset,addChangeListener
11868,org.jfree.chart.plot.Plot,notifyListeners
4853111,org.jfree.chart.plot.Plot,fireChangeEvent
9492610,org.jfree.chart.plot.PiePlot,setLabelGenerator
962,org.jfree.chart.util.ParamChecks,nullNotPermitted
5452,org.jfree.chart.ui.RectangleInsets,equals
2886,org.jfree.chart.plot.Plot,notifyListeners
4449941,org.jfree.chart.plot.Plot,fireChangeEvent
9452516,org.jfree.chart.plot.Plot,setInsets
14266497,org.jfree.chart.plot.Plot,setInsets
2245,org.jfree.chart.plot.Plot,notifyListeners
5329089,org.jfree.chart.plot.Plot,fireChangeEvent
10321080,org.jfree.chart.plot.PiePlot,setToolTipGenerator
2245,org.jfree.chart.util.ParamChecks,nullNotPermitted
4170,org.jfree.chart.util.ParamChecks,nullNotPermitted
23414,org.jfree.chart.plot.Plot,addChangeListener
2886,org.jfree.chart.util.ParamChecks,nullNotPermitted
2245,org.jfree.chart.util.ParamChecks,nullNotPermitted
2566,org.jfree.chart.util.ParamChecks,nullNotPermitted
3849,org.jfree.chart.util.ParamChecks,nullNotPermitted
1283,org.jfree.chart.util.ParamChecks,nullNotPermitted
5002897,org.jfree.chart.block.AbstractBlock,setPadding
1924,org.jfree.chart.util.ParamChecks,nullNotPermitted
5408632,org.jfree.chart.block.AbstractBlock,setMargin
1604,org.jfree.chart.util.ParamChecks,nullNotPermitted
14434,org.jfree.chart.title.Title,notifyListeners
5993982,org.jfree.chart.title.Title,fireChangeEvent
12881224,org.jfree.chart.title.Title,setHorizontalAlignment
3207,org.jfree.chart.title.Title,notifyListeners
6482147,org.jfree.chart.title.LegendTitle,setBackgroundPaint
1604,org.jfree.chart.util.ParamChecks,nullNotPermitted
3528,org.jfree.chart.title.Title,notifyListeners
6518391,org.jfree.chart.title.Title,fireChangeEvent
13089704,org.jfree.chart.title.Title,setPosition
23735,org.jfree.chart.title.Title,addChangeListener
6415,org.jfree.chart.util.ParamChecks,nullNotPermitted
2887,org.jfree.chart.util.ParamChecks,nullNotPermitted
2886,org.jfree.chart.util.ParamChecks,nullNotPermitted
2886,org.jfree.chart.util.ParamChecks,nullNotPermitted
1283,org.jfree.chart.util.ParamChecks,nullNotPermitted
5143060,org.jfree.chart.block.AbstractBlock,setPadding
1604,org.jfree.chart.util.ParamChecks,nullNotPermitted
1283,org.jfree.chart.util.ParamChecks,nullNotPermitted
1604,org.jfree.chart.util.ParamChecks,nullNotPermitted
6094,org.jfree.chart.title.Title,addChangeListener
962,org.jfree.chart.util.ParamChecks,nullNotPermitted
6415,org.jfree.chart.JFreeChart,getTitle
1283,org.jfree.chart.util.ParamChecks,nullNotPermitted
2886,org.jfree.chart.event.ChartChangeEvent,setChart
11867,org.jfree.chart.JFreeChart,notifyListeners
3835404,org.jfree.chart.JFreeChart,titleChanged
7647073,org.jfree.chart.title.Title,notifyListeners
11624244,org.jfree.chart.title.Title,fireChangeEvent
15559078,org.jfree.chart.title.TextTitle,setFont
962,org.jfree.chart.util.ParamChecks,nullNotPermitted
1283,org.jfree.chart.event.ChartChangeEvent,setChart
2245,org.jfree.chart.JFreeChart,notifyListeners
3832838,org.jfree.chart.JFreeChart,titleChanged
7834706,org.jfree.chart.title.Title,notifyListeners
12065903,org.jfree.chart.title.Title,fireChangeEvent
16060715,org.jfree.chart.title.TextTitle,setPaint
9302,org.jfree.chart.JFreeChart,getSubtitleCount
1603,org.jfree.chart.JFreeChart,getSubtitleCount
4071468,org.jfree.chart.JFreeChart,getSubtitle
2887,org.jfree.chart.title.LegendTitle,getBackgroundPaint
1283,org.jfree.chart.event.ChartChangeEvent,setChart
2887,org.jfree.chart.JFreeChart,notifyListeners
4328702,org.jfree.chart.JFreeChart,titleChanged
8448281,org.jfree.chart.title.Title,notifyListeners
12683327,org.jfree.chart.title.LegendTitle,setBackgroundPaint
1283,org.jfree.chart.event.ChartChangeEvent,setChart
2245,org.jfree.chart.JFreeChart,notifyListeners
4137541,org.jfree.chart.JFreeChart,titleChanged
8286308,org.jfree.chart.title.Title,notifyListeners
12543484,org.jfree.chart.title.LegendTitle,setItemFont
962,org.jfree.chart.event.ChartChangeEvent,setChart
2566,org.jfree.chart.JFreeChart,notifyListeners
4096166,org.jfree.chart.JFreeChart,titleChanged
8145182,org.jfree.chart.title.Title,notifyListeners
12490883,org.jfree.chart.title.LegendTitle,setItemPaint
4812,org.jfree.chart.title.LegendTitle,getWrapper
4057357,org.jfree.chart.StandardChartTheme,applyToTitle
2246,org.jfree.chart.JFreeChart,notifyListeners
4360134,org.jfree.chart.JFreeChart,fireChartChanged
8866526,org.jfree.chart.JFreeChart,setBackgroundPainter
4490,org.jfree.chart.JFreeChart,getPlot
962,org.jfree.chart.util.ParamChecks,nullNotPermitted
25659,org.jfree.chart.plot.Plot,getParent
4395415,org.jfree.chart.plot.Plot,getDrawingSupplier
7377,org.jfree.chart.plot.DefaultDrawingSupplier,clone
5277449,org.jfree.chart.StandardChartTheme,getDrawingSupplier
962,org.jfree.chart.event.ChartChangeEvent,setChart
1603,org.jfree.chart.JFreeChart,notifyListeners
4018867,org.jfree.chart.JFreeChart,plotChanged
8919447,org.jfree.chart.plot.Plot,notifyListeners
13029404,org.jfree.chart.plot.Plot,fireChangeEvent
17151229,org.jfree.chart.plot.Plot,setDrawingSupplier
962,org.jfree.chart.event.ChartChangeEvent,setChart
1925,org.jfree.chart.JFreeChart,notifyListeners
4221896,org.jfree.chart.JFreeChart,plotChanged
8366493,org.jfree.chart.plot.Plot,notifyListeners
13203246,org.jfree.chart.plot.Plot,fireChangeEvent
17770257,org.jfree.chart.plot.Plot,setBackgroundPainter
641,org.jfree.chart.event.ChartChangeEvent,setChart
2566,org.jfree.chart.JFreeChart,notifyListeners
4310098,org.jfree.chart.JFreeChart,plotChanged
8350455,org.jfree.chart.plot.Plot,notifyListeners
12498901,org.jfree.chart.plot.Plot,fireChangeEvent
16679421,org.jfree.chart.plot.Plot,setBorderPainter
642,org.jfree.chart.event.ChartChangeEvent,setChart
1925,org.jfree.chart.JFreeChart,notifyListeners
3992888,org.jfree.chart.JFreeChart,plotChanged
7932853,org.jfree.chart.plot.Plot,notifyListeners
12395303,org.jfree.chart.plot.Plot,fireChangeEvent
17291393,org.jfree.chart.plot.PiePlot,setLabelLinkPaint
641,org.jfree.chart.util.ParamChecks,nullNotPermitted
962,org.jfree.chart.event.ChartChangeEvent,setChart
2566,org.jfree.chart.JFreeChart,notifyListeners
5097194,org.jfree.chart.JFreeChart,plotChanged
9727712,org.jfree.chart.plot.Plot,notifyListeners
13876479,org.jfree.chart.plot.Plot,fireChangeEvent
18269649,org.jfree.chart.plot.PiePlot,setLabelLinkStyle
641,org.jfree.chart.event.ChartChangeEvent,setChart
1924,org.jfree.chart.JFreeChart,notifyListeners
4207783,org.jfree.chart.JFreeChart,plotChanged
8306835,org.jfree.chart.plot.Plot,notifyListeners
12394020,org.jfree.chart.plot.Plot,fireChangeEvent
16523542,org.jfree.chart.plot.PiePlot,setLabelFont
641,org.jfree.chart.event.ChartChangeEvent,setChart
2245,org.jfree.chart.JFreeChart,notifyListeners
4012773,org.jfree.chart.JFreeChart,plotChanged
8029395,org.jfree.chart.plot.Plot,notifyListeners
12228518,org.jfree.chart.plot.Plot,fireChangeEvent
16463564,org.jfree.chart.plot.PiePlot,setShadowGenerator
4169,org.jfree.chart.plot.PiePlot,getAutoPopulateSectionPaint
9943,org.jfree.chart.PaintMap,clear
3777350,org.jfree.chart.plot.PiePlot,clearSectionPaints
4169,org.jfree.chart.plot.PiePlot,getAutoPopulateSectionOutlinePaint
3849,org.jfree.chart.plot.PiePlot,getAutoPopulateSectionOutlineStroke
4724815,org.jfree.chart.StandardChartTheme,applyToPiePlot
9276431,org.jfree.chart.StandardChartTheme,applyToPlot
13526231,org.jfree.chart.StandardChartTheme,apply
17609246,org.jfree.chart.ChartFactory,createPieChart
21790408,org.jfree.chart.PieChartTest,createPieChart
26290705,org.jfree.chart.PieChartTest,setUp
962,org.jfree.chart.util.ParamChecks,nullNotPermitted
4618971,org.jfree.chart.JFreeChart,addChangeListener
1283,org.jfree.chart.JFreeChart,getPlot
4811,org.jfree.chart.plot.PiePlot,equals
3938041,org.jfree.data.general.AbstractDataset,removeChangeListener
1924,org.jfree.chart.event.ChartChangeEvent,setType
1282,org.jfree.chart.event.ChartChangeEvent,setChart
3207,org.jfree.chart.PieChartTest$LocalListener,chartChanged
4614481,org.jfree.chart.JFreeChart,notifyListeners
8792114,org.jfree.chart.JFreeChart,plotChanged
13061158,org.jfree.chart.plot.Plot,notifyListeners
17258998,org.jfree.chart.plot.Plot,datasetChanged
21419311,org.jfree.chart.plot.PiePlot,setDataset
2245,org.jfree.chart.PieChartTest$LocalListener,access$0
3849,org.jfree.chart.plot.PiePlot,getDataset
4062167,org.jfree.chart.PieChartTest,testReplaceDatasetOnPieChart
