12508,org.jfree.chart.util.ParamChecks,nullNotPermitted
23395067,org.jfree.chart.StandardChartTheme,createDefaultFont
24376,org.jfree.chart.StandardChartTheme,createDefaultFont
66713,org.jfree.chart.StandardChartTheme,createDefaultFont
26942,org.jfree.chart.StandardChartTheme,createDefaultFont
9302,org.jfree.chart.util.ParamChecks,nullNotPermitted
44903,org.jfree.chart.ChartColor,createDefaultPaintArray
11547,org.jfree.chart.plot.DefaultDrawingSupplier,intArray
10904,org.jfree.chart.plot.DefaultDrawingSupplier,intArray
9622,org.jfree.chart.plot.DefaultDrawingSupplier,intArray
12188,org.jfree.chart.plot.DefaultDrawingSupplier,intArray
19565,org.jfree.chart.plot.DefaultDrawingSupplier,intArray
17962,org.jfree.chart.plot.DefaultDrawingSupplier,intArray
17641,org.jfree.chart.plot.DefaultDrawingSupplier,intArray
12187,org.jfree.chart.plot.DefaultDrawingSupplier,intArray
10585,org.jfree.chart.plot.DefaultDrawingSupplier,intArray
8018,org.jfree.chart.plot.DefaultDrawingSupplier,intArray
5067685,org.jfree.chart.plot.DefaultDrawingSupplier,createStandardSeriesShapes
24055,org.jfree.chart.Colors,createFancyLightColors
6291628,org.jfree.chart.Colors,getDefaultColors
6094,org.jfree.chart.util.ParamChecks,nullNotPermitted
3850,org.jfree.chart.util.ParamChecks,nullNotPermitted
6692232,org.jfree.chart.util.SerialUtils,writePaint
2887,org.jfree.chart.util.ParamChecks,nullNotPermitted
5986605,org.jfree.chart.util.SerialUtils,writePaint
1924,org.jfree.chart.util.ParamChecks,nullNotPermitted
5592095,org.jfree.chart.util.SerialUtils,writePaint
14754,org.jfree.chart.util.ParamChecks,nullNotPermitted
6269497,org.jfree.chart.util.SerialUtils,writePaint
1925,org.jfree.chart.util.ParamChecks,nullNotPermitted
5128947,org.jfree.chart.util.SerialUtils,writePaint
2245,org.jfree.chart.util.ParamChecks,nullNotPermitted
4672535,org.jfree.chart.util.SerialUtils,writePaint
25339,org.jfree.chart.util.ParamChecks,nullNotPermitted
5695053,org.jfree.chart.util.SerialUtils,writePaint
1603,org.jfree.chart.util.ParamChecks,nullNotPermitted
4646875,org.jfree.chart.util.SerialUtils,writePaint
1283,org.jfree.chart.util.ParamChecks,nullNotPermitted
4330626,org.jfree.chart.util.SerialUtils,writePaint
1925,org.jfree.chart.util.ParamChecks,nullNotPermitted
4485543,org.jfree.chart.util.SerialUtils,writePaint
1604,org.jfree.chart.util.ParamChecks,nullNotPermitted
4210669,org.jfree.chart.util.SerialUtils,writePaint
962,org.jfree.chart.util.ParamChecks,nullNotPermitted
4684722,org.jfree.chart.util.SerialUtils,writeStroke
962,org.jfree.chart.util.ParamChecks,nullNotPermitted
4367831,org.jfree.chart.util.SerialUtils,writeStroke
1603,org.jfree.chart.util.ParamChecks,nullNotPermitted
4853110,org.jfree.chart.util.SerialUtils,writeShape
1604,org.jfree.chart.util.ParamChecks,nullNotPermitted
4807887,org.jfree.chart.util.SerialUtils,writeShape
1283,org.jfree.chart.util.ParamChecks,nullNotPermitted
6914824,org.jfree.chart.util.SerialUtils,writeShape
1283,org.jfree.chart.util.ParamChecks,nullNotPermitted
4912769,org.jfree.chart.util.SerialUtils,writeShape
1604,org.jfree.chart.util.ParamChecks,nullNotPermitted
4608066,org.jfree.chart.util.SerialUtils,writeShape
1924,org.jfree.chart.util.ParamChecks,nullNotPermitted
5022140,org.jfree.chart.util.SerialUtils,writeShape
1925,org.jfree.chart.util.ParamChecks,nullNotPermitted
4545201,org.jfree.chart.util.SerialUtils,writeShape
1925,org.jfree.chart.util.ParamChecks,nullNotPermitted
4839961,org.jfree.chart.util.SerialUtils,writeShape
1604,org.jfree.chart.util.ParamChecks,nullNotPermitted
4584973,org.jfree.chart.util.SerialUtils,writeShape
1925,org.jfree.chart.util.ParamChecks,nullNotPermitted
4603576,org.jfree.chart.util.SerialUtils,writeShape
9038121,org.jfree.chart.plot.DefaultDrawingSupplier,writeObject
1604,org.jfree.chart.util.ParamChecks,nullNotPermitted
5335504,org.jfree.chart.util.SerialUtils,writePaint
3207,org.jfree.chart.util.ParamChecks,nullNotPermitted
5484327,org.jfree.chart.util.SerialUtils,writePaint
1604,org.jfree.chart.util.ParamChecks,nullNotPermitted
5638281,org.jfree.chart.util.SerialUtils,writePaint
1284,org.jfree.chart.util.ParamChecks,nullNotPermitted
6319854,org.jfree.chart.util.SerialUtils,writePaint
1604,org.jfree.chart.util.ParamChecks,nullNotPermitted
4814943,org.jfree.chart.util.SerialUtils,writePaint
962,org.jfree.chart.util.ParamChecks,nullNotPermitted
4626669,org.jfree.chart.util.SerialUtils,writePaint
1283,org.jfree.chart.util.ParamChecks,nullNotPermitted
4650083,org.jfree.chart.util.SerialUtils,writePaint
962,org.jfree.chart.util.ParamChecks,nullNotPermitted
4443847,org.jfree.chart.util.SerialUtils,writePaint
963,org.jfree.chart.util.ParamChecks,nullNotPermitted
4268724,org.jfree.chart.util.SerialUtils,writePaint
962,org.jfree.chart.util.ParamChecks,nullNotPermitted
4664195,org.jfree.chart.util.SerialUtils,writePaint
962,org.jfree.chart.util.ParamChecks,nullNotPermitted
4107391,org.jfree.chart.util.SerialUtils,writePaint
962,org.jfree.chart.util.ParamChecks,nullNotPermitted
4409207,org.jfree.chart.util.SerialUtils,writePaint
962,org.jfree.chart.util.ParamChecks,nullNotPermitted
4863695,org.jfree.chart.util.SerialUtils,writePaint
642,org.jfree.chart.util.ParamChecks,nullNotPermitted
4520183,org.jfree.chart.util.SerialUtils,writePaint
641,org.jfree.chart.util.ParamChecks,nullNotPermitted
4361738,org.jfree.chart.util.SerialUtils,writePaint
1282,org.jfree.chart.util.ParamChecks,nullNotPermitted
5640847,org.jfree.chart.util.SerialUtils,writePaint
962,org.jfree.chart.util.ParamChecks,nullNotPermitted
4779982,org.jfree.chart.util.SerialUtils,writePaint
10073789,org.jfree.chart.StandardChartTheme,writeObject
13471,org.jfree.chart.util.UnitType,values
1283,org.jfree.chart.util.ParamChecks,nullNotPermitted
6735,org.jfree.chart.util.SerialUtils,isSerializable
5925022,org.jfree.chart.util.SerialUtils,readPaint
963,org.jfree.chart.util.ParamChecks,nullNotPermitted
3527,org.jfree.chart.util.SerialUtils,isSerializable
5879156,org.jfree.chart.util.SerialUtils,readPaint
962,org.jfree.chart.util.ParamChecks,nullNotPermitted
3848,org.jfree.chart.util.SerialUtils,isSerializable
5984038,org.jfree.chart.util.SerialUtils,readPaint
1603,org.jfree.chart.util.ParamChecks,nullNotPermitted
3208,org.jfree.chart.util.SerialUtils,isSerializable
5908024,org.jfree.chart.util.SerialUtils,readPaint
1283,org.jfree.chart.util.ParamChecks,nullNotPermitted
4811,org.jfree.chart.util.SerialUtils,isSerializable
5572209,org.jfree.chart.util.SerialUtils,readPaint
1282,org.jfree.chart.util.ParamChecks,nullNotPermitted
4811,org.jfree.chart.util.SerialUtils,isSerializable
5717825,org.jfree.chart.util.SerialUtils,readPaint
1283,org.jfree.chart.util.ParamChecks,nullNotPermitted
2887,org.jfree.chart.util.SerialUtils,isSerializable
4685685,org.jfree.chart.util.SerialUtils,readPaint
962,org.jfree.chart.util.ParamChecks,nullNotPermitted
2886,org.jfree.chart.util.SerialUtils,isSerializable
4319400,org.jfree.chart.util.SerialUtils,readPaint
1283,org.jfree.chart.util.ParamChecks,nullNotPermitted
2886,org.jfree.chart.util.SerialUtils,isSerializable
4898656,org.jfree.chart.util.SerialUtils,readPaint
962,org.jfree.chart.util.ParamChecks,nullNotPermitted
3528,org.jfree.chart.util.SerialUtils,isSerializable
5569322,org.jfree.chart.util.SerialUtils,readPaint
641,org.jfree.chart.util.ParamChecks,nullNotPermitted
3208,org.jfree.chart.util.SerialUtils,isSerializable
5496194,org.jfree.chart.util.SerialUtils,readPaint
962,org.jfree.chart.util.ParamChecks,nullNotPermitted
4292137,org.jfree.chart.util.SerialUtils,readStroke
642,org.jfree.chart.util.ParamChecks,nullNotPermitted
4303043,org.jfree.chart.util.SerialUtils,readStroke
642,org.jfree.chart.util.ParamChecks,nullNotPermitted
4688892,org.jfree.chart.util.SerialUtils,readShape
962,org.jfree.chart.util.ParamChecks,nullNotPermitted
4383548,org.jfree.chart.util.SerialUtils,readShape
641,org.jfree.chart.util.ParamChecks,nullNotPermitted
4439357,org.jfree.chart.util.SerialUtils,readShape
962,org.jfree.chart.util.ParamChecks,nullNotPermitted
4318438,org.jfree.chart.util.SerialUtils,readShape
641,org.jfree.chart.util.ParamChecks,nullNotPermitted
4577596,org.jfree.chart.util.SerialUtils,readShape
641,org.jfree.chart.util.ParamChecks,nullNotPermitted
4276100,org.jfree.chart.util.SerialUtils,readShape
962,org.jfree.chart.util.ParamChecks,nullNotPermitted
4470148,org.jfree.chart.util.SerialUtils,readShape
642,org.jfree.chart.util.ParamChecks,nullNotPermitted
4256215,org.jfree.chart.util.SerialUtils,readShape
642,org.jfree.chart.util.ParamChecks,nullNotPermitted
5119005,org.jfree.chart.util.SerialUtils,readShape
962,org.jfree.chart.util.ParamChecks,nullNotPermitted
4269685,org.jfree.chart.util.SerialUtils,readShape
8518844,org.jfree.chart.plot.DefaultDrawingSupplier,readObject
10263,org.jfree.chart.plot.PieLabelLinkStyle,values
641,org.jfree.chart.util.ParamChecks,nullNotPermitted
2246,org.jfree.chart.util.SerialUtils,isSerializable
4478166,org.jfree.chart.util.SerialUtils,readPaint
962,org.jfree.chart.util.ParamChecks,nullNotPermitted
2566,org.jfree.chart.util.SerialUtils,isSerializable
4352757,org.jfree.chart.util.SerialUtils,readPaint
1283,org.jfree.chart.util.ParamChecks,nullNotPermitted
2887,org.jfree.chart.util.SerialUtils,isSerializable
4212915,org.jfree.chart.util.SerialUtils,readPaint
962,org.jfree.chart.util.ParamChecks,nullNotPermitted
2246,org.jfree.chart.util.SerialUtils,isSerializable
4372002,org.jfree.chart.util.SerialUtils,readPaint
3529,org.jfree.chart.util.ParamChecks,nullNotPermitted
2886,org.jfree.chart.util.SerialUtils,isSerializable
11324353,org.jfree.chart.util.SerialUtils,readPaint
962,org.jfree.chart.util.ParamChecks,nullNotPermitted
2566,org.jfree.chart.util.SerialUtils,isSerializable
4193991,org.jfree.chart.util.SerialUtils,readPaint
963,org.jfree.chart.util.ParamChecks,nullNotPermitted
2565,org.jfree.chart.util.SerialUtils,isSerializable
4462129,org.jfree.chart.util.SerialUtils,readPaint
963,org.jfree.chart.util.ParamChecks,nullNotPermitted
3529,org.jfree.chart.util.SerialUtils,isSerializable
5404463,org.jfree.chart.util.SerialUtils,readPaint
962,org.jfree.chart.util.ParamChecks,nullNotPermitted
3207,org.jfree.chart.util.SerialUtils,isSerializable
4672214,org.jfree.chart.util.SerialUtils,readPaint
962,org.jfree.chart.util.ParamChecks,nullNotPermitted
2565,org.jfree.chart.util.SerialUtils,isSerializable
4442564,org.jfree.chart.util.SerialUtils,readPaint
962,org.jfree.chart.util.ParamChecks,nullNotPermitted
2566,org.jfree.chart.util.SerialUtils,isSerializable
4219971,org.jfree.chart.util.SerialUtils,readPaint
962,org.jfree.chart.util.ParamChecks,nullNotPermitted
2887,org.jfree.chart.util.SerialUtils,isSerializable
4210349,org.jfree.chart.util.SerialUtils,readPaint
641,org.jfree.chart.util.ParamChecks,nullNotPermitted
2245,org.jfree.chart.util.SerialUtils,isSerializable
4625707,org.jfree.chart.util.SerialUtils,readPaint
641,org.jfree.chart.util.ParamChecks,nullNotPermitted
2566,org.jfree.chart.util.SerialUtils,isSerializable
4428772,org.jfree.chart.util.SerialUtils,readPaint
642,org.jfree.chart.util.ParamChecks,nullNotPermitted
3207,org.jfree.chart.util.SerialUtils,isSerializable
4211952,org.jfree.chart.util.SerialUtils,readPaint
642,org.jfree.chart.util.ParamChecks,nullNotPermitted
5453,org.jfree.chart.util.SerialUtils,isSerializable
4290534,org.jfree.chart.util.SerialUtils,readPaint
642,org.jfree.chart.util.ParamChecks,nullNotPermitted
2245,org.jfree.chart.util.SerialUtils,isSerializable
4202330,org.jfree.chart.util.SerialUtils,readPaint
8279252,org.jfree.chart.StandardChartTheme,readObject
12689421,org.jfree.chart.TestUtils,serialised
378794,org.jfree.chart.util.PaintUtils,equal
2887,org.jfree.chart.util.PaintUtils,equal
3849,org.jfree.chart.drawable.ColorPainter,equals
6381755,org.jfree.chart.util.ObjectUtils,equal
13791,org.jfree.chart.util.PaintUtils,equal
5132,org.jfree.chart.util.PaintUtils,equal
11227,org.jfree.chart.util.ObjectUtils,equal
5652074,org.jfree.chart.util.ShapeUtils,equal
33999,org.jfree.chart.util.ShapeUtils,equal
4819434,org.jfree.chart.util.ShapeUtils,equal
17320,org.jfree.chart.util.ShapeUtils,equal
4814622,org.jfree.chart.util.ShapeUtils,equal
4490,org.jfree.chart.util.ShapeUtils,equal
4400868,org.jfree.chart.util.ShapeUtils,equal
3848,org.jfree.chart.util.ObjectUtils,equal
4303042,org.jfree.chart.util.ShapeUtils,equal
3207,org.jfree.chart.util.ShapeUtils,equal
4339286,org.jfree.chart.util.ShapeUtils,equal
14754,org.jfree.chart.util.ShapeUtils,equal
5108741,org.jfree.chart.util.ShapeUtils,equal
5131,org.jfree.chart.util.ShapeUtils,equal
4251082,org.jfree.chart.util.ShapeUtils,equal
4170,org.jfree.chart.util.ObjectUtils,equal
4226386,org.jfree.chart.util.ShapeUtils,equal
3207,org.jfree.chart.util.ShapeUtils,equal
4054469,org.jfree.chart.util.ShapeUtils,equal
8088411,org.jfree.chart.plot.DefaultDrawingSupplier,equalShapes
13346295,org.jfree.chart.plot.DefaultDrawingSupplier,equals
17961,org.jfree.chart.drawable.ColorPainter,equals
3932909,org.jfree.chart.util.ObjectUtils,equal
1283,org.jfree.chart.util.ObjectUtils,equal
3528,org.jfree.chart.util.PaintUtils,equal
3528,org.jfree.chart.util.PaintUtils,equal
3207,org.jfree.chart.util.PaintUtils,equal
3208,org.jfree.chart.util.PaintUtils,equal
4811,org.jfree.chart.ui.RectangleInsets,equals
4170,org.jfree.chart.util.PaintUtils,equal
3208,org.jfree.chart.util.PaintUtils,equal
29829,org.jfree.chart.util.PaintUtils,equal
12188,org.jfree.chart.util.PaintUtils,equal
7057,org.jfree.chart.renderer.category.StandardBarPainter,equals
7057,org.jfree.chart.renderer.xy.StandardXYBarPainter,equals
9622,org.jfree.chart.util.PaintUtils,equal
5132,org.jfree.chart.util.PaintUtils,equal
5132,org.jfree.chart.util.PaintUtils,equal
4812,org.jfree.chart.util.PaintUtils,equal
3886403,org.jfree.chart.StandardChartTheme,equals
9327108,org.jfree.chart.StandardChartThemeTest,testSerialization
13470,org.jfree.chart.util.ParamChecks,nullNotPermitted
16358,org.jfree.chart.StandardChartTheme,createDefaultFont
15395,org.jfree.chart.StandardChartTheme,createDefaultFont
14754,org.jfree.chart.StandardChartTheme,createDefaultFont
12509,org.jfree.chart.StandardChartTheme,createDefaultFont
1604,org.jfree.chart.util.ParamChecks,nullNotPermitted
9622,org.jfree.chart.Colors,createFancyLightColors
4268723,org.jfree.chart.Colors,getDefaultColors
3207,org.jfree.chart.util.ParamChecks,nullNotPermitted
22772,org.jfree.chart.StandardChartTheme,clone
1283,org.jfree.chart.util.PaintUtils,equal
1924,org.jfree.chart.util.PaintUtils,equal
2245,org.jfree.chart.util.ObjectUtils,equal
4170,org.jfree.chart.util.PaintUtils,equal
1925,org.jfree.chart.util.PaintUtils,equal
3848,org.jfree.chart.plot.DefaultDrawingSupplier,equals
3207,org.jfree.chart.util.ObjectUtils,equal
2566,org.jfree.chart.util.ObjectUtils,equal
1925,org.jfree.chart.util.PaintUtils,equal
1604,org.jfree.chart.util.PaintUtils,equal
2245,org.jfree.chart.util.PaintUtils,equal
2887,org.jfree.chart.util.PaintUtils,equal
3207,org.jfree.chart.ui.RectangleInsets,equals
2245,org.jfree.chart.util.PaintUtils,equal
6736,org.jfree.chart.util.PaintUtils,equal
2887,org.jfree.chart.util.PaintUtils,equal
4811,org.jfree.chart.util.PaintUtils,equal
2886,org.jfree.chart.renderer.category.StandardBarPainter,equals
2565,org.jfree.chart.renderer.xy.StandardXYBarPainter,equals
1925,org.jfree.chart.util.PaintUtils,equal
2566,org.jfree.chart.util.PaintUtils,equal
2567,org.jfree.chart.util.PaintUtils,equal
2566,org.jfree.chart.util.PaintUtils,equal
4178275,org.jfree.chart.StandardChartTheme,equals
9402802,org.jfree.chart.StandardChartThemeTest,testCloning
1283,org.jfree.chart.util.ParamChecks,nullNotPermitted
20527,org.jfree.chart.StandardChartTheme,createDefaultFont
17320,org.jfree.chart.StandardChartTheme,createDefaultFont
12188,org.jfree.chart.StandardChartTheme,createDefaultFont
19886,org.jfree.chart.StandardChartTheme,createDefaultFont
2566,org.jfree.chart.util.ParamChecks,nullNotPermitted
18602,org.jfree.chart.Colors,createFancyLightColors
6109768,org.jfree.chart.Colors,getDefaultColors
2245,org.jfree.chart.util.ParamChecks,nullNotPermitted
1924,org.jfree.chart.util.ParamChecks,nullNotPermitted
18924,org.jfree.chart.StandardChartTheme,createDefaultFont
19885,org.jfree.chart.StandardChartTheme,createDefaultFont
18602,org.jfree.chart.StandardChartTheme,createDefaultFont
19886,org.jfree.chart.StandardChartTheme,createDefaultFont
1924,org.jfree.chart.util.ParamChecks,nullNotPermitted
8018,org.jfree.chart.Colors,createFancyLightColors
5252432,org.jfree.chart.Colors,getDefaultColors
2566,org.jfree.chart.util.ParamChecks,nullNotPermitted
1283,org.jfree.chart.util.PaintUtils,equal
1924,org.jfree.chart.util.PaintUtils,equal
3207,org.jfree.chart.drawable.ColorPainter,equals
5300222,org.jfree.chart.util.ObjectUtils,equal
2887,org.jfree.chart.util.PaintUtils,equal
2246,org.jfree.chart.util.PaintUtils,equal
962,org.jfree.chart.util.ObjectUtils,equal
4187256,org.jfree.chart.util.ShapeUtils,equal
8019,org.jfree.chart.util.ShapeUtils,equal
4884864,org.jfree.chart.util.ShapeUtils,equal
2245,org.jfree.chart.util.ShapeUtils,equal
4702684,org.jfree.chart.util.ShapeUtils,equal
1603,org.jfree.chart.util.ShapeUtils,equal
5327164,org.jfree.chart.util.ShapeUtils,equal
642,org.jfree.chart.util.ObjectUtils,equal
4198802,org.jfree.chart.util.ShapeUtils,equal
13151,org.jfree.chart.util.ShapeUtils,equal
4817830,org.jfree.chart.util.ShapeUtils,equal
10264,org.jfree.chart.util.ShapeUtils,equal
4293420,org.jfree.chart.util.ShapeUtils,equal
1925,org.jfree.chart.util.ShapeUtils,equal
4246914,org.jfree.chart.util.ShapeUtils,equal
1604,org.jfree.chart.util.ObjectUtils,equal
4482015,org.jfree.chart.util.ShapeUtils,equal
2566,org.jfree.chart.util.ShapeUtils,equal
5386821,org.jfree.chart.util.ShapeUtils,equal
9571190,org.jfree.chart.plot.DefaultDrawingSupplier,equalShapes
15040121,org.jfree.chart.plot.DefaultDrawingSupplier,equals
3207,org.jfree.chart.drawable.ColorPainter,equals
4298231,org.jfree.chart.util.ObjectUtils,equal
1924,org.jfree.chart.util.ObjectUtils,equal
1283,org.jfree.chart.util.PaintUtils,equal
1283,org.jfree.chart.util.PaintUtils,equal
1283,org.jfree.chart.util.PaintUtils,equal
1283,org.jfree.chart.util.PaintUtils,equal
1924,org.jfree.chart.ui.RectangleInsets,equals
1283,org.jfree.chart.util.PaintUtils,equal
1603,org.jfree.chart.util.PaintUtils,equal
962,org.jfree.chart.util.PaintUtils,equal
962,org.jfree.chart.util.PaintUtils,equal
1282,org.jfree.chart.renderer.category.StandardBarPainter,equals
1283,org.jfree.chart.renderer.xy.StandardXYBarPainter,equals
963,org.jfree.chart.util.PaintUtils,equal
963,org.jfree.chart.util.PaintUtils,equal
962,org.jfree.chart.util.PaintUtils,equal
963,org.jfree.chart.util.PaintUtils,equal
3869082,org.jfree.chart.StandardChartTheme,equals
1283,org.jfree.chart.util.ParamChecks,nullNotPermitted
16999,org.jfree.chart.StandardChartTheme,createDefaultFont
13151,org.jfree.chart.StandardChartTheme,createDefaultFont
8980,org.jfree.chart.StandardChartTheme,createDefaultFont
12188,org.jfree.chart.StandardChartTheme,createDefaultFont
1284,org.jfree.chart.util.ParamChecks,nullNotPermitted
5773,org.jfree.chart.Colors,createFancyLightColors
4218046,org.jfree.chart.Colors,getDefaultColors
1283,org.jfree.chart.util.ParamChecks,nullNotPermitted
1925,org.jfree.chart.StandardChartTheme,equals
962,org.jfree.chart.util.ParamChecks,nullNotPermitted
11226,org.jfree.chart.StandardChartTheme,createDefaultFont
9301,org.jfree.chart.StandardChartTheme,createDefaultFont
8659,org.jfree.chart.StandardChartTheme,createDefaultFont
8660,org.jfree.chart.StandardChartTheme,createDefaultFont
1283,org.jfree.chart.util.ParamChecks,nullNotPermitted
7698,org.jfree.chart.Colors,createFancyLightColors
4619933,org.jfree.chart.Colors,getDefaultColors
1604,org.jfree.chart.util.ParamChecks,nullNotPermitted
1283,org.jfree.chart.util.PaintUtils,equal
1925,org.jfree.chart.util.PaintUtils,equal
2887,org.jfree.chart.drawable.ColorPainter,equals
4064734,org.jfree.chart.util.ObjectUtils,equal
1283,org.jfree.chart.util.PaintUtils,equal
1603,org.jfree.chart.util.PaintUtils,equal
321,org.jfree.chart.util.ObjectUtils,equal
3822254,org.jfree.chart.util.ShapeUtils,equal
7056,org.jfree.chart.util.ShapeUtils,equal
4721928,org.jfree.chart.util.ShapeUtils,equal
1924,org.jfree.chart.util.ShapeUtils,equal
3938682,org.jfree.chart.util.ShapeUtils,equal
2245,org.jfree.chart.util.ShapeUtils,equal
30620047,org.jfree.chart.util.ShapeUtils,equal
1282,org.jfree.chart.util.ObjectUtils,equal
5286750,org.jfree.chart.util.ShapeUtils,equal
10263,org.jfree.chart.util.ShapeUtils,equal
6535711,org.jfree.chart.util.ShapeUtils,equal
8660,org.jfree.chart.util.ShapeUtils,equal
4921428,org.jfree.chart.util.ShapeUtils,equal
3528,org.jfree.chart.util.ShapeUtils,equal
6333004,org.jfree.chart.util.ShapeUtils,equal
1925,org.jfree.chart.util.ObjectUtils,equal
5311127,org.jfree.chart.util.ShapeUtils,equal
2887,org.jfree.chart.util.ShapeUtils,equal
4541031,org.jfree.chart.util.ShapeUtils,equal
8775436,org.jfree.chart.plot.DefaultDrawingSupplier,equalShapes
13843763,org.jfree.chart.plot.DefaultDrawingSupplier,equals
3528,org.jfree.chart.drawable.ColorPainter,equals
4885185,org.jfree.chart.util.ObjectUtils,equal
3849,org.jfree.chart.util.ObjectUtils,equal
3528,org.jfree.chart.util.PaintUtils,equal
1924,org.jfree.chart.util.PaintUtils,equal
1604,org.jfree.chart.util.PaintUtils,equal
1603,org.jfree.chart.util.PaintUtils,equal
3528,org.jfree.chart.ui.RectangleInsets,equals
3207,org.jfree.chart.util.PaintUtils,equal
1283,org.jfree.chart.util.PaintUtils,equal
2566,org.jfree.chart.util.PaintUtils,equal
1924,org.jfree.chart.util.PaintUtils,equal
1604,org.jfree.chart.renderer.category.StandardBarPainter,equals
2565,org.jfree.chart.renderer.xy.StandardXYBarPainter,equals
1925,org.jfree.chart.util.PaintUtils,equal
1925,org.jfree.chart.util.PaintUtils,equal
1283,org.jfree.chart.util.PaintUtils,equal
1603,org.jfree.chart.util.PaintUtils,equal
4150691,org.jfree.chart.StandardChartTheme,equals
963,org.jfree.chart.util.ParamChecks,nullNotPermitted
4460526,org.jfree.chart.StandardChartTheme,setExtraLargeFont
3208,org.jfree.chart.StandardChartTheme,equals
1604,org.jfree.chart.util.ParamChecks,nullNotPermitted
5720391,org.jfree.chart.StandardChartTheme,setExtraLargeFont
1283,org.jfree.chart.util.PaintUtils,equal
1604,org.jfree.chart.util.PaintUtils,equal
2566,org.jfree.chart.drawable.ColorPainter,equals
4356285,org.jfree.chart.util.ObjectUtils,equal
1604,org.jfree.chart.util.PaintUtils,equal
1283,org.jfree.chart.util.PaintUtils,equal
962,org.jfree.chart.util.ObjectUtils,equal
4267440,org.jfree.chart.util.ShapeUtils,equal
7056,org.jfree.chart.util.ShapeUtils,equal
3943493,org.jfree.chart.util.ShapeUtils,equal
1604,org.jfree.chart.util.ShapeUtils,equal
3973964,org.jfree.chart.util.ShapeUtils,equal
962,org.jfree.chart.util.ShapeUtils,equal
3922645,org.jfree.chart.util.ShapeUtils,equal
641,org.jfree.chart.util.ObjectUtils,equal
3991925,org.jfree.chart.util.ShapeUtils,equal
1604,org.jfree.chart.util.ShapeUtils,equal
3947663,org.jfree.chart.util.ShapeUtils,equal
7377,org.jfree.chart.util.ShapeUtils,equal
4042281,org.jfree.chart.util.ShapeUtils,equal
1283,org.jfree.chart.util.ShapeUtils,equal
3916551,org.jfree.chart.util.ShapeUtils,equal
962,org.jfree.chart.util.ObjectUtils,equal
4098090,org.jfree.chart.util.ShapeUtils,equal
963,org.jfree.chart.util.ShapeUtils,equal
3944135,org.jfree.chart.util.ShapeUtils,equal
8056658,org.jfree.chart.plot.DefaultDrawingSupplier,equalShapes
12709948,org.jfree.chart.plot.DefaultDrawingSupplier,equals
10905,org.jfree.chart.drawable.ColorPainter,equals
4150050,org.jfree.chart.util.ObjectUtils,equal
1925,org.jfree.chart.util.ObjectUtils,equal
963,org.jfree.chart.util.PaintUtils,equal
962,org.jfree.chart.util.PaintUtils,equal
1604,org.jfree.chart.util.PaintUtils,equal
1282,org.jfree.chart.util.PaintUtils,equal
2246,org.jfree.chart.ui.RectangleInsets,equals
962,org.jfree.chart.util.PaintUtils,equal
1283,org.jfree.chart.util.PaintUtils,equal
1603,org.jfree.chart.util.PaintUtils,equal
1924,org.jfree.chart.util.PaintUtils,equal
1604,org.jfree.chart.renderer.category.StandardBarPainter,equals
1283,org.jfree.chart.renderer.xy.StandardXYBarPainter,equals
962,org.jfree.chart.util.PaintUtils,equal
962,org.jfree.chart.util.PaintUtils,equal
1283,org.jfree.chart.util.PaintUtils,equal
962,org.jfree.chart.util.PaintUtils,equal
3830593,org.jfree.chart.StandardChartTheme,equals
962,org.jfree.chart.util.ParamChecks,nullNotPermitted
4393811,org.jfree.chart.StandardChartTheme,setLargeFont
3849,org.jfree.chart.StandardChartTheme,equals
641,org.jfree.chart.util.ParamChecks,nullNotPermitted
5119004,org.jfree.chart.StandardChartTheme,setLargeFont
641,org.jfree.chart.util.PaintUtils,equal
1283,org.jfree.chart.util.PaintUtils,equal
3207,org.jfree.chart.drawable.ColorPainter,equals
4179237,org.jfree.chart.util.ObjectUtils,equal
1604,org.jfree.chart.util.PaintUtils,equal
1283,org.jfree.chart.util.PaintUtils,equal
641,org.jfree.chart.util.ObjectUtils,equal
4001547,org.jfree.chart.util.ShapeUtils,equal
7377,org.jfree.chart.util.ShapeUtils,equal
3866837,org.jfree.chart.util.ShapeUtils,equal
1604,org.jfree.chart.util.ShapeUtils,equal
4201368,org.jfree.chart.util.ShapeUtils,equal
1604,org.jfree.chart.util.ShapeUtils,equal
3989360,org.jfree.chart.util.ShapeUtils,equal
642,org.jfree.chart.util.ObjectUtils,equal
4225423,org.jfree.chart.util.ShapeUtils,equal
1604,org.jfree.chart.util.ShapeUtils,equal
4068903,org.jfree.chart.util.ShapeUtils,equal
7056,org.jfree.chart.util.ShapeUtils,equal
4239536,org.jfree.chart.util.ShapeUtils,equal
1603,org.jfree.chart.util.ShapeUtils,equal
4069544,org.jfree.chart.util.ShapeUtils,equal
962,org.jfree.chart.util.ObjectUtils,equal
4076600,org.jfree.chart.util.ShapeUtils,equal
1604,org.jfree.chart.util.ShapeUtils,equal
4131447,org.jfree.chart.util.ShapeUtils,equal
9514741,org.jfree.chart.plot.DefaultDrawingSupplier,equalShapes
15440725,org.jfree.chart.plot.DefaultDrawingSupplier,equals
3208,org.jfree.chart.drawable.ColorPainter,equals
4104826,org.jfree.chart.util.ObjectUtils,equal
1924,org.jfree.chart.util.ObjectUtils,equal
1604,org.jfree.chart.util.PaintUtils,equal
963,org.jfree.chart.util.PaintUtils,equal
1283,org.jfree.chart.util.PaintUtils,equal
1283,org.jfree.chart.util.PaintUtils,equal
1924,org.jfree.chart.ui.RectangleInsets,equals
1283,org.jfree.chart.util.PaintUtils,equal
1283,org.jfree.chart.util.PaintUtils,equal
1283,org.jfree.chart.util.PaintUtils,equal
2886,org.jfree.chart.util.PaintUtils,equal
2567,org.jfree.chart.renderer.category.StandardBarPainter,equals
1604,org.jfree.chart.renderer.xy.StandardXYBarPainter,equals
2245,org.jfree.chart.util.PaintUtils,equal
1283,org.jfree.chart.util.PaintUtils,equal
962,org.jfree.chart.util.PaintUtils,equal
962,org.jfree.chart.util.PaintUtils,equal
3871648,org.jfree.chart.StandardChartTheme,equals
962,org.jfree.chart.util.ParamChecks,nullNotPermitted
4233763,org.jfree.chart.StandardChartTheme,setRegularFont
5132,org.jfree.chart.StandardChartTheme,equals
642,org.jfree.chart.util.ParamChecks,nullNotPermitted
4202009,org.jfree.chart.StandardChartTheme,setRegularFont
642,org.jfree.chart.util.PaintUtils,equal
963,org.jfree.chart.util.PaintUtils,equal
2567,org.jfree.chart.drawable.ColorPainter,equals
4041961,org.jfree.chart.util.ObjectUtils,equal
963,org.jfree.chart.util.PaintUtils,equal
1283,org.jfree.chart.util.PaintUtils,equal
962,org.jfree.chart.util.ObjectUtils,equal
3808141,org.jfree.chart.util.ShapeUtils,equal
7698,org.jfree.chart.util.ShapeUtils,equal
3886081,org.jfree.chart.util.ShapeUtils,equal
1283,org.jfree.chart.util.ShapeUtils,equal
3845668,org.jfree.chart.util.ShapeUtils,equal
1283,org.jfree.chart.util.ShapeUtils,equal
4449941,org.jfree.chart.util.ShapeUtils,equal
1604,org.jfree.chart.util.ObjectUtils,equal
5245376,org.jfree.chart.util.ShapeUtils,equal
1925,org.jfree.chart.util.ShapeUtils,equal
4038754,org.jfree.chart.util.ShapeUtils,equal
8660,org.jfree.chart.util.ShapeUtils,equal
4174105,org.jfree.chart.util.ShapeUtils,equal
2566,org.jfree.chart.util.ShapeUtils,equal
4031697,org.jfree.chart.util.ShapeUtils,equal
1604,org.jfree.chart.util.ObjectUtils,equal
4432622,org.jfree.chart.util.ShapeUtils,equal
2566,org.jfree.chart.util.ShapeUtils,equal
4071468,org.jfree.chart.util.ShapeUtils,equal
8141974,org.jfree.chart.plot.DefaultDrawingSupplier,equalShapes
13245262,org.jfree.chart.plot.DefaultDrawingSupplier,equals
46186,org.jfree.chart.drawable.ColorPainter,equals
4321324,org.jfree.chart.util.ObjectUtils,equal
3849,org.jfree.chart.util.ObjectUtils,equal
2565,org.jfree.chart.util.PaintUtils,equal
1924,org.jfree.chart.util.PaintUtils,equal
1283,org.jfree.chart.util.PaintUtils,equal
1283,org.jfree.chart.util.PaintUtils,equal
2566,org.jfree.chart.ui.RectangleInsets,equals
1283,org.jfree.chart.util.PaintUtils,equal
1283,org.jfree.chart.util.PaintUtils,equal
1283,org.jfree.chart.util.PaintUtils,equal
1283,org.jfree.chart.util.PaintUtils,equal
1603,org.jfree.chart.renderer.category.StandardBarPainter,equals
1604,org.jfree.chart.renderer.xy.StandardXYBarPainter,equals
1283,org.jfree.chart.util.PaintUtils,equal
1284,org.jfree.chart.util.PaintUtils,equal
1925,org.jfree.chart.util.PaintUtils,equal
1604,org.jfree.chart.util.PaintUtils,equal
3814236,org.jfree.chart.StandardChartTheme,equals
963,org.jfree.chart.util.ParamChecks,nullNotPermitted
4504788,org.jfree.chart.StandardChartTheme,setTitlePaint
1925,org.jfree.chart.util.PaintUtils,equal
4132089,org.jfree.chart.StandardChartTheme,equals
641,org.jfree.chart.util.ParamChecks,nullNotPermitted
4504787,org.jfree.chart.StandardChartTheme,setTitlePaint
42337,org.jfree.chart.util.PaintUtils,equal
1283,org.jfree.chart.util.PaintUtils,equal
2245,org.jfree.chart.drawable.ColorPainter,equals
4114127,org.jfree.chart.util.ObjectUtils,equal
1283,org.jfree.chart.util.PaintUtils,equal
1283,org.jfree.chart.util.PaintUtils,equal
321,org.jfree.chart.util.ObjectUtils,equal
5531154,org.jfree.chart.util.ShapeUtils,equal
7056,org.jfree.chart.util.ShapeUtils,equal
3859460,org.jfree.chart.util.ShapeUtils,equal
1924,org.jfree.chart.util.ShapeUtils,equal
3898910,org.jfree.chart.util.ShapeUtils,equal
1283,org.jfree.chart.util.ShapeUtils,equal
3923287,org.jfree.chart.util.ShapeUtils,equal
962,org.jfree.chart.util.ObjectUtils,equal
3856252,org.jfree.chart.util.ShapeUtils,equal
963,org.jfree.chart.util.ShapeUtils,equal
3826103,org.jfree.chart.util.ShapeUtils,equal
18924,org.jfree.chart.util.ShapeUtils,equal
5248904,org.jfree.chart.util.ShapeUtils,equal
1283,org.jfree.chart.util.ShapeUtils,equal
4204255,org.jfree.chart.util.ShapeUtils,equal
1283,org.jfree.chart.util.ObjectUtils,equal
3921363,org.jfree.chart.util.ShapeUtils,equal
1283,org.jfree.chart.util.ShapeUtils,equal
3926815,org.jfree.chart.util.ShapeUtils,equal
7942795,org.jfree.chart.plot.DefaultDrawingSupplier,equalShapes
12538994,org.jfree.chart.plot.DefaultDrawingSupplier,equals
2245,org.jfree.chart.drawable.ColorPainter,equals
4218047,org.jfree.chart.util.ObjectUtils,equal
1284,org.jfree.chart.util.ObjectUtils,equal
1283,org.jfree.chart.util.PaintUtils,equal
1283,org.jfree.chart.util.PaintUtils,equal
1283,org.jfree.chart.util.PaintUtils,equal
1604,org.jfree.chart.util.PaintUtils,equal
3207,org.jfree.chart.ui.RectangleInsets,equals
1925,org.jfree.chart.util.PaintUtils,equal
2887,org.jfree.chart.util.PaintUtils,equal
4170,org.jfree.chart.util.PaintUtils,equal
2887,org.jfree.chart.util.PaintUtils,equal
2566,org.jfree.chart.renderer.category.StandardBarPainter,equals
3528,org.jfree.chart.renderer.xy.StandardXYBarPainter,equals
4811,org.jfree.chart.util.PaintUtils,equal
3528,org.jfree.chart.util.PaintUtils,equal
2887,org.jfree.chart.util.PaintUtils,equal
3849,org.jfree.chart.util.PaintUtils,equal
5321070,org.jfree.chart.StandardChartTheme,equals
1603,org.jfree.chart.util.ParamChecks,nullNotPermitted
7023555,org.jfree.chart.StandardChartTheme,setSubtitlePaint
12829,org.jfree.chart.util.PaintUtils,equal
5131,org.jfree.chart.util.PaintUtils,equal
5614867,org.jfree.chart.StandardChartTheme,equals
2245,org.jfree.chart.util.ParamChecks,nullNotPermitted
5350899,org.jfree.chart.StandardChartTheme,setSubtitlePaint
15395,org.jfree.chart.util.PaintUtils,equal
23414,org.jfree.chart.util.PaintUtils,equal
4811,org.jfree.chart.drawable.ColorPainter,equals
5708844,org.jfree.chart.util.ObjectUtils,equal
3849,org.jfree.chart.util.PaintUtils,equal
3528,org.jfree.chart.util.PaintUtils,equal
641,org.jfree.chart.util.ObjectUtils,equal
4231838,org.jfree.chart.util.ShapeUtils,equal
20206,org.jfree.chart.util.ShapeUtils,equal
5157172,org.jfree.chart.util.ShapeUtils,equal
3529,org.jfree.chart.util.ShapeUtils,equal
6327551,org.jfree.chart.util.ShapeUtils,equal
3529,org.jfree.chart.util.ShapeUtils,equal
4924636,org.jfree.chart.util.ShapeUtils,equal
962,org.jfree.chart.util.ObjectUtils,equal
4627631,org.jfree.chart.util.ShapeUtils,equal
2246,org.jfree.chart.util.ShapeUtils,equal
5771068,org.jfree.chart.util.ShapeUtils,equal
8981,org.jfree.chart.util.ShapeUtils,equal
4445451,org.jfree.chart.util.ShapeUtils,equal
2886,org.jfree.chart.util.ShapeUtils,equal
4594915,org.jfree.chart.util.ShapeUtils,equal
1283,org.jfree.chart.util.ObjectUtils,equal
5019896,org.jfree.chart.util.ShapeUtils,equal
2245,org.jfree.chart.util.ShapeUtils,equal
5102005,org.jfree.chart.util.ShapeUtils,equal
10931447,org.jfree.chart.plot.DefaultDrawingSupplier,equalShapes
16088619,org.jfree.chart.plot.DefaultDrawingSupplier,equals
4169,org.jfree.chart.drawable.ColorPainter,equals
4939390,org.jfree.chart.util.ObjectUtils,equal
2887,org.jfree.chart.util.ObjectUtils,equal
2245,org.jfree.chart.util.PaintUtils,equal
3207,org.jfree.chart.util.PaintUtils,equal
2887,org.jfree.chart.util.PaintUtils,equal
2565,org.jfree.chart.util.PaintUtils,equal
4812,org.jfree.chart.ui.RectangleInsets,equals
2245,org.jfree.chart.util.PaintUtils,equal
1924,org.jfree.chart.util.PaintUtils,equal
3528,org.jfree.chart.util.PaintUtils,equal
2245,org.jfree.chart.util.PaintUtils,equal
2567,org.jfree.chart.renderer.category.StandardBarPainter,equals
2245,org.jfree.chart.renderer.xy.StandardXYBarPainter,equals
2887,org.jfree.chart.util.PaintUtils,equal
2566,org.jfree.chart.util.PaintUtils,equal
1925,org.jfree.chart.util.PaintUtils,equal
2565,org.jfree.chart.util.PaintUtils,equal
4521786,org.jfree.chart.StandardChartTheme,equals
2246,org.jfree.chart.util.ParamChecks,nullNotPermitted
5452,org.jfree.chart.StandardChartTheme,setChartBackgroundPainter
11867,org.jfree.chart.util.PaintUtils,equal
10585,org.jfree.chart.util.PaintUtils,equal
2887,org.jfree.chart.drawable.ColorPainter,equals
4449941,org.jfree.chart.util.ObjectUtils,equal
10156540,org.jfree.chart.StandardChartTheme,equals
2566,org.jfree.chart.util.ParamChecks,nullNotPermitted
1603,org.jfree.chart.StandardChartTheme,setChartBackgroundPainter
11867,org.jfree.chart.util.PaintUtils,equal
20849,org.jfree.chart.util.PaintUtils,equal
3208,org.jfree.chart.drawable.ColorPainter,equals
4342494,org.jfree.chart.util.ObjectUtils,equal
2566,org.jfree.chart.util.PaintUtils,equal
1924,org.jfree.chart.util.PaintUtils,equal
962,org.jfree.chart.util.ObjectUtils,equal
4541673,org.jfree.chart.util.ShapeUtils,equal
8660,org.jfree.chart.util.ShapeUtils,equal
4164804,org.jfree.chart.util.ShapeUtils,equal
2246,org.jfree.chart.util.ShapeUtils,equal
4762021,org.jfree.chart.util.ShapeUtils,equal
2566,org.jfree.chart.util.ShapeUtils,equal
4073393,org.jfree.chart.util.ShapeUtils,equal
1924,org.jfree.chart.util.ObjectUtils,equal
4182444,org.jfree.chart.util.ShapeUtils,equal
2886,org.jfree.chart.util.ShapeUtils,equal
3997377,org.jfree.chart.util.ShapeUtils,equal
8981,org.jfree.chart.util.ShapeUtils,equal
4201048,org.jfree.chart.util.ShapeUtils,equal
2245,org.jfree.chart.util.ShapeUtils,equal
4141069,org.jfree.chart.util.ShapeUtils,equal
1283,org.jfree.chart.util.ObjectUtils,equal
5533078,org.jfree.chart.util.ShapeUtils,equal
2887,org.jfree.chart.util.ShapeUtils,equal
3915589,org.jfree.chart.util.ShapeUtils,equal
8317098,org.jfree.chart.plot.DefaultDrawingSupplier,equalShapes
14212613,org.jfree.chart.plot.DefaultDrawingSupplier,equals
3208,org.jfree.chart.drawable.ColorPainter,equals
4815585,org.jfree.chart.util.ObjectUtils,equal
3528,org.jfree.chart.util.ObjectUtils,equal
3207,org.jfree.chart.util.PaintUtils,equal
2566,org.jfree.chart.util.PaintUtils,equal
1925,org.jfree.chart.util.PaintUtils,equal
1925,org.jfree.chart.util.PaintUtils,equal
13150,org.jfree.chart.ui.RectangleInsets,equals
2245,org.jfree.chart.util.PaintUtils,equal
2887,org.jfree.chart.util.PaintUtils,equal
2566,org.jfree.chart.util.PaintUtils,equal
2566,org.jfree.chart.util.PaintUtils,equal
2887,org.jfree.chart.renderer.category.StandardBarPainter,equals
3207,org.jfree.chart.renderer.xy.StandardXYBarPainter,equals
3207,org.jfree.chart.util.PaintUtils,equal
4169,org.jfree.chart.util.PaintUtils,equal
2245,org.jfree.chart.util.PaintUtils,equal
1924,org.jfree.chart.util.PaintUtils,equal
3910136,org.jfree.chart.StandardChartTheme,equals
4812,org.jfree.chart.StandardChartTheme,setLegendBackgroundPaint
9622,org.jfree.chart.util.PaintUtils,equal
9943,org.jfree.chart.util.PaintUtils,equal
2565,org.jfree.chart.drawable.ColorPainter,equals
5278411,org.jfree.chart.util.ObjectUtils,equal
3529,org.jfree.chart.util.PaintUtils,equal
4107713,org.jfree.chart.StandardChartTheme,equals
3528,org.jfree.chart.StandardChartTheme,setLegendBackgroundPaint
10585,org.jfree.chart.util.PaintUtils,equal
18603,org.jfree.chart.util.PaintUtils,equal
3207,org.jfree.chart.drawable.ColorPainter,equals
4530768,org.jfree.chart.util.ObjectUtils,equal
13151,org.jfree.chart.util.PaintUtils,equal
2245,org.jfree.chart.util.PaintUtils,equal
1603,org.jfree.chart.util.ObjectUtils,equal
4362700,org.jfree.chart.util.ShapeUtils,equal
8981,org.jfree.chart.util.ShapeUtils,equal
4136899,org.jfree.chart.util.ShapeUtils,equal
2886,org.jfree.chart.util.ShapeUtils,equal
4142031,org.jfree.chart.util.ShapeUtils,equal
2566,org.jfree.chart.util.ShapeUtils,equal
4145239,org.jfree.chart.util.ShapeUtils,equal
1925,org.jfree.chart.util.ObjectUtils,equal
4268724,org.jfree.chart.util.ShapeUtils,equal
2245,org.jfree.chart.util.ShapeUtils,equal
4567011,org.jfree.chart.util.ShapeUtils,equal
9622,org.jfree.chart.util.ShapeUtils,equal
4057998,org.jfree.chart.util.ShapeUtils,equal
1604,org.jfree.chart.util.ShapeUtils,equal
4090713,org.jfree.chart.util.ShapeUtils,equal
963,org.jfree.chart.util.ObjectUtils,equal
3813915,org.jfree.chart.util.ShapeUtils,equal
2565,org.jfree.chart.util.ShapeUtils,equal
3890892,org.jfree.chart.util.ShapeUtils,equal
7900136,org.jfree.chart.plot.DefaultDrawingSupplier,equalShapes
12418395,org.jfree.chart.plot.DefaultDrawingSupplier,equals
2887,org.jfree.chart.drawable.ColorPainter,equals
4287968,org.jfree.chart.util.ObjectUtils,equal
2245,org.jfree.chart.util.ObjectUtils,equal
1924,org.jfree.chart.util.PaintUtils,equal
1603,org.jfree.chart.util.PaintUtils,equal
2566,org.jfree.chart.util.PaintUtils,equal
2566,org.jfree.chart.util.PaintUtils,equal
3529,org.jfree.chart.ui.RectangleInsets,equals
2245,org.jfree.chart.util.PaintUtils,equal
3529,org.jfree.chart.util.PaintUtils,equal
2245,org.jfree.chart.util.PaintUtils,equal
1924,org.jfree.chart.util.PaintUtils,equal
2566,org.jfree.chart.renderer.category.StandardBarPainter,equals
3207,org.jfree.chart.renderer.xy.StandardXYBarPainter,equals
2245,org.jfree.chart.util.PaintUtils,equal
2245,org.jfree.chart.util.PaintUtils,equal
2245,org.jfree.chart.util.PaintUtils,equal
1604,org.jfree.chart.util.PaintUtils,equal
5390350,org.jfree.chart.StandardChartTheme,equals
1284,org.jfree.chart.util.ParamChecks,nullNotPermitted
5013802,org.jfree.chart.StandardChartTheme,setLegendItemPaint
11547,org.jfree.chart.util.PaintUtils,equal
12509,org.jfree.chart.util.PaintUtils,equal
3207,org.jfree.chart.drawable.ColorPainter,equals
4726739,org.jfree.chart.util.ObjectUtils,equal
20527,org.jfree.chart.util.PaintUtils,equal
5131,org.jfree.chart.util.PaintUtils,equal
4728343,org.jfree.chart.StandardChartTheme,equals
962,org.jfree.chart.util.ParamChecks,nullNotPermitted
9951588,org.jfree.chart.StandardChartTheme,setLegendItemPaint
12188,org.jfree.chart.util.PaintUtils,equal
10905,org.jfree.chart.util.PaintUtils,equal
3207,org.jfree.chart.drawable.ColorPainter,equals
5129909,org.jfree.chart.util.ObjectUtils,equal
12508,org.jfree.chart.util.PaintUtils,equal
10264,org.jfree.chart.util.PaintUtils,equal
642,org.jfree.chart.util.ObjectUtils,equal
4770040,org.jfree.chart.util.ShapeUtils,equal
8339,org.jfree.chart.util.ShapeUtils,equal
4511844,org.jfree.chart.util.ShapeUtils,equal
2887,org.jfree.chart.util.ShapeUtils,equal
4525315,org.jfree.chart.util.ShapeUtils,equal
2565,org.jfree.chart.util.ShapeUtils,equal
4603575,org.jfree.chart.util.ShapeUtils,equal
1604,org.jfree.chart.util.ObjectUtils,equal
4777416,org.jfree.chart.util.ShapeUtils,equal
3208,org.jfree.chart.util.ShapeUtils,equal
4845734,org.jfree.chart.util.ShapeUtils,equal
18282,org.jfree.chart.util.ShapeUtils,equal
4776134,org.jfree.chart.util.ShapeUtils,equal
2245,org.jfree.chart.util.ShapeUtils,equal
4908599,org.jfree.chart.util.ShapeUtils,equal
1604,org.jfree.chart.util.ObjectUtils,equal
4737324,org.jfree.chart.util.ShapeUtils,equal
2245,org.jfree.chart.util.ShapeUtils,equal
4398623,org.jfree.chart.util.ShapeUtils,equal
9107081,org.jfree.chart.plot.DefaultDrawingSupplier,equalShapes
14594614,org.jfree.chart.plot.DefaultDrawingSupplier,equals
3849,org.jfree.chart.drawable.ColorPainter,equals
4975312,org.jfree.chart.util.ObjectUtils,equal
2566,org.jfree.chart.util.ObjectUtils,equal
2245,org.jfree.chart.util.PaintUtils,equal
2567,org.jfree.chart.util.PaintUtils,equal
1924,org.jfree.chart.util.PaintUtils,equal
3208,org.jfree.chart.util.PaintUtils,equal
3849,org.jfree.chart.ui.RectangleInsets,equals
2245,org.jfree.chart.util.PaintUtils,equal
1924,org.jfree.chart.util.PaintUtils,equal
1924,org.jfree.chart.util.PaintUtils,equal
3528,org.jfree.chart.util.PaintUtils,equal
3529,org.jfree.chart.renderer.category.StandardBarPainter,equals
3848,org.jfree.chart.renderer.xy.StandardXYBarPainter,equals
2887,org.jfree.chart.util.PaintUtils,equal
2246,org.jfree.chart.util.PaintUtils,equal
2565,org.jfree.chart.util.PaintUtils,equal
1924,org.jfree.chart.util.PaintUtils,equal
3767407,org.jfree.chart.StandardChartTheme,equals
962,org.jfree.chart.util.ParamChecks,nullNotPermitted
3963379,org.jfree.chart.StandardChartTheme,setDrawingSupplier
10585,org.jfree.chart.util.PaintUtils,equal
10584,org.jfree.chart.util.PaintUtils,equal
2887,org.jfree.chart.drawable.ColorPainter,equals
4344418,org.jfree.chart.util.ObjectUtils,equal
11867,org.jfree.chart.util.PaintUtils,equal
11547,org.jfree.chart.util.PaintUtils,equal
2886,org.jfree.chart.plot.DefaultDrawingSupplier,equals
4603575,org.jfree.chart.StandardChartTheme,equals
642,org.jfree.chart.util.ParamChecks,nullNotPermitted
4551616,org.jfree.chart.StandardChartTheme,setDrawingSupplier
10263,org.jfree.chart.util.PaintUtils,equal
11225,org.jfree.chart.util.PaintUtils,equal
4170,org.jfree.chart.drawable.ColorPainter,equals
4536862,org.jfree.chart.util.ObjectUtils,equal
11867,org.jfree.chart.util.PaintUtils,equal
15716,org.jfree.chart.util.PaintUtils,equal
6415,org.jfree.chart.util.ObjectUtils,equal
4751436,org.jfree.chart.util.ShapeUtils,equal
9553549,org.jfree.chart.plot.DefaultDrawingSupplier,equalShapes
14520844,org.jfree.chart.plot.DefaultDrawingSupplier,equals
3848,org.jfree.chart.drawable.ColorPainter,equals
4201047,org.jfree.chart.util.ObjectUtils,equal
3207,org.jfree.chart.util.ObjectUtils,equal
2565,org.jfree.chart.util.PaintUtils,equal
1924,org.jfree.chart.util.PaintUtils,equal
1924,org.jfree.chart.util.PaintUtils,equal
2566,org.jfree.chart.util.PaintUtils,equal
4169,org.jfree.chart.ui.RectangleInsets,equals
5453,org.jfree.chart.util.PaintUtils,equal
5131,org.jfree.chart.util.PaintUtils,equal
4811,org.jfree.chart.util.PaintUtils,equal
5131,org.jfree.chart.util.PaintUtils,equal
5453,org.jfree.chart.renderer.category.StandardBarPainter,equals
5774,org.jfree.chart.renderer.xy.StandardXYBarPainter,equals
4812,org.jfree.chart.util.PaintUtils,equal
5452,org.jfree.chart.util.PaintUtils,equal
5132,org.jfree.chart.util.PaintUtils,equal
2887,org.jfree.chart.util.PaintUtils,equal
4748549,org.jfree.chart.StandardChartTheme,equals
4170,org.jfree.chart.util.ParamChecks,nullNotPermitted
13471,org.jfree.chart.StandardChartTheme,setPlotBackgroundPainter
14433,org.jfree.chart.util.PaintUtils,equal
15716,org.jfree.chart.util.PaintUtils,equal
6094,org.jfree.chart.drawable.ColorPainter,equals
5191812,org.jfree.chart.util.ObjectUtils,equal
17320,org.jfree.chart.util.PaintUtils,equal
33998,org.jfree.chart.util.PaintUtils,equal
5132,org.jfree.chart.util.ObjectUtils,equal
5294449,org.jfree.chart.util.ShapeUtils,equal
10474714,org.jfree.chart.plot.DefaultDrawingSupplier,equalShapes
16582879,org.jfree.chart.plot.DefaultDrawingSupplier,equals
5132,org.jfree.chart.drawable.ColorPainter,equals
5615509,org.jfree.chart.util.ObjectUtils,equal
10859280,org.jfree.chart.StandardChartTheme,equals
3849,org.jfree.chart.util.ParamChecks,nullNotPermitted
3850,org.jfree.chart.StandardChartTheme,setPlotBackgroundPainter
12188,org.jfree.chart.util.PaintUtils,equal
21811,org.jfree.chart.util.PaintUtils,equal
5452,org.jfree.chart.drawable.ColorPainter,equals
5514155,org.jfree.chart.util.ObjectUtils,equal
16358,org.jfree.chart.util.PaintUtils,equal
19565,org.jfree.chart.util.PaintUtils,equal
5131,org.jfree.chart.util.ObjectUtils,equal
5170964,org.jfree.chart.util.ShapeUtils,equal
10302797,org.jfree.chart.plot.DefaultDrawingSupplier,equalShapes
16388190,org.jfree.chart.plot.DefaultDrawingSupplier,equals
6415,org.jfree.chart.drawable.ColorPainter,equals
4750795,org.jfree.chart.util.ObjectUtils,equal
6735,org.jfree.chart.util.ObjectUtils,equal
3207,org.jfree.chart.util.PaintUtils,equal
5453,org.jfree.chart.util.PaintUtils,equal
6094,org.jfree.chart.util.PaintUtils,equal
4490,org.jfree.chart.util.PaintUtils,equal
5132,org.jfree.chart.ui.RectangleInsets,equals
5773,org.jfree.chart.util.PaintUtils,equal
5453,org.jfree.chart.util.PaintUtils,equal
3207,org.jfree.chart.util.PaintUtils,equal
4811,org.jfree.chart.util.PaintUtils,equal
3849,org.jfree.chart.renderer.category.StandardBarPainter,equals
6094,org.jfree.chart.renderer.xy.StandardXYBarPainter,equals
4811,org.jfree.chart.util.PaintUtils,equal
3528,org.jfree.chart.util.PaintUtils,equal
3529,org.jfree.chart.util.PaintUtils,equal
4169,org.jfree.chart.util.PaintUtils,equal
4651045,org.jfree.chart.StandardChartTheme,equals
1925,org.jfree.chart.util.ParamChecks,nullNotPermitted
7637131,org.jfree.chart.StandardChartTheme,setPlotBorderPainter
16678,org.jfree.chart.util.PaintUtils,equal
21489,org.jfree.chart.util.PaintUtils,equal
8018,org.jfree.chart.drawable.ColorPainter,equals
6337493,org.jfree.chart.util.ObjectUtils,equal
21169,org.jfree.chart.util.PaintUtils,equal
19565,org.jfree.chart.util.PaintUtils,equal
5773,org.jfree.chart.util.ObjectUtils,equal
5118363,org.jfree.chart.util.ShapeUtils,equal
10516731,org.jfree.chart.plot.DefaultDrawingSupplier,equalShapes
16423150,org.jfree.chart.plot.DefaultDrawingSupplier,equals
5453,org.jfree.chart.drawable.ColorPainter,equals
4770360,org.jfree.chart.util.ObjectUtils,equal
7698,org.jfree.chart.drawable.BorderPainter,equals
5026310,org.jfree.chart.util.ObjectUtils,equal
10027282,org.jfree.chart.StandardChartTheme,equals
5453,org.jfree.chart.util.ParamChecks,nullNotPermitted
5034970,org.jfree.chart.StandardChartTheme,setPlotBorderPainter
13151,org.jfree.chart.util.PaintUtils,equal
17000,org.jfree.chart.util.PaintUtils,equal
8339,org.jfree.chart.drawable.ColorPainter,equals
7211830,org.jfree.chart.util.ObjectUtils,equal
22773,org.jfree.chart.util.PaintUtils,equal
39451,org.jfree.chart.util.PaintUtils,equal
3528,org.jfree.chart.util.ObjectUtils,equal
4782548,org.jfree.chart.util.ShapeUtils,equal
9810142,org.jfree.chart.plot.DefaultDrawingSupplier,equalShapes
14922410,org.jfree.chart.plot.DefaultDrawingSupplier,equals
3848,org.jfree.chart.drawable.ColorPainter,equals
5090779,org.jfree.chart.util.ObjectUtils,equal
25660,org.jfree.chart.drawable.BorderPainter,equals
4593312,org.jfree.chart.util.ObjectUtils,equal
5773,org.jfree.chart.util.PaintUtils,equal
3849,org.jfree.chart.util.PaintUtils,equal
5773,org.jfree.chart.util.PaintUtils,equal
2886,org.jfree.chart.util.PaintUtils,equal
13151,org.jfree.chart.ui.RectangleInsets,equals
10905,org.jfree.chart.util.PaintUtils,equal
2245,org.jfree.chart.util.PaintUtils,equal
3528,org.jfree.chart.util.PaintUtils,equal
2245,org.jfree.chart.util.PaintUtils,equal
4811,org.jfree.chart.renderer.category.StandardBarPainter,equals
3207,org.jfree.chart.renderer.xy.StandardXYBarPainter,equals
10264,org.jfree.chart.util.PaintUtils,equal
2566,org.jfree.chart.util.PaintUtils,equal
2566,org.jfree.chart.util.PaintUtils,equal
3528,org.jfree.chart.util.PaintUtils,equal
4448979,org.jfree.chart.StandardChartTheme,equals
6094,org.jfree.chart.StandardChartTheme,setLabelLinkStyle
56130,org.jfree.chart.util.PaintUtils,equal
10904,org.jfree.chart.util.PaintUtils,equal
3849,org.jfree.chart.drawable.ColorPainter,equals
4298873,org.jfree.chart.util.ObjectUtils,equal
11226,org.jfree.chart.util.PaintUtils,equal
11867,org.jfree.chart.util.PaintUtils,equal
5453,org.jfree.chart.util.ObjectUtils,equal
5117080,org.jfree.chart.util.ShapeUtils,equal
10187010,org.jfree.chart.plot.DefaultDrawingSupplier,equalShapes
15491723,org.jfree.chart.plot.DefaultDrawingSupplier,equals
3528,org.jfree.chart.drawable.ColorPainter,equals
4355965,org.jfree.chart.util.ObjectUtils,equal
7377,org.jfree.chart.drawable.BorderPainter,equals
4660667,org.jfree.chart.util.ObjectUtils,equal
9326145,org.jfree.chart.StandardChartTheme,equals
2566,org.jfree.chart.StandardChartTheme,setLabelLinkStyle
7056,org.jfree.chart.util.PaintUtils,equal
8018,org.jfree.chart.util.PaintUtils,equal
3207,org.jfree.chart.drawable.ColorPainter,equals
4380662,org.jfree.chart.util.ObjectUtils,equal
8660,org.jfree.chart.util.PaintUtils,equal
8018,org.jfree.chart.util.PaintUtils,equal
3207,org.jfree.chart.util.ObjectUtils,equal
4196877,org.jfree.chart.util.ShapeUtils,equal
8128503,org.jfree.chart.plot.DefaultDrawingSupplier,equalShapes
13521740,org.jfree.chart.plot.DefaultDrawingSupplier,equals
3208,org.jfree.chart.drawable.ColorPainter,equals
4751757,org.jfree.chart.util.ObjectUtils,equal
15075,org.jfree.chart.drawable.BorderPainter,equals
5019896,org.jfree.chart.util.ObjectUtils,equal
4170,org.jfree.chart.util.PaintUtils,equal
4491,org.jfree.chart.util.PaintUtils,equal
2566,org.jfree.chart.util.PaintUtils,equal
2245,org.jfree.chart.util.PaintUtils,equal
6735,org.jfree.chart.ui.RectangleInsets,equals
2245,org.jfree.chart.util.PaintUtils,equal
2565,org.jfree.chart.util.PaintUtils,equal
3849,org.jfree.chart.util.PaintUtils,equal
2566,org.jfree.chart.util.PaintUtils,equal
6415,org.jfree.chart.renderer.category.StandardBarPainter,equals
4811,org.jfree.chart.renderer.xy.StandardXYBarPainter,equals
6415,org.jfree.chart.util.PaintUtils,equal
3849,org.jfree.chart.util.PaintUtils,equal
2566,org.jfree.chart.util.PaintUtils,equal
4491,org.jfree.chart.util.PaintUtils,equal
4740852,org.jfree.chart.StandardChartTheme,equals
1604,org.jfree.chart.util.ParamChecks,nullNotPermitted
4873318,org.jfree.chart.StandardChartTheme,setLabelLinkPaint
7377,org.jfree.chart.util.PaintUtils,equal
8339,org.jfree.chart.util.PaintUtils,equal
3849,org.jfree.chart.drawable.ColorPainter,equals
4138182,org.jfree.chart.util.ObjectUtils,equal
11227,org.jfree.chart.util.PaintUtils,equal
12509,org.jfree.chart.util.PaintUtils,equal
3528,org.jfree.chart.util.ObjectUtils,equal
4196878,org.jfree.chart.util.ShapeUtils,equal
8955692,org.jfree.chart.plot.DefaultDrawingSupplier,equalShapes
13939985,org.jfree.chart.plot.DefaultDrawingSupplier,equals
3528,org.jfree.chart.drawable.ColorPainter,equals
4999688,org.jfree.chart.util.ObjectUtils,equal
5773,org.jfree.chart.drawable.BorderPainter,equals
4638216,org.jfree.chart.util.ObjectUtils,equal
28225,org.jfree.chart.util.PaintUtils,equal
5090137,org.jfree.chart.StandardChartTheme,equals
1604,org.jfree.chart.util.ParamChecks,nullNotPermitted
5145947,org.jfree.chart.StandardChartTheme,setLabelLinkPaint
6094,org.jfree.chart.util.PaintUtils,equal
8019,org.jfree.chart.util.PaintUtils,equal
3207,org.jfree.chart.drawable.ColorPainter,equals
4947087,org.jfree.chart.util.ObjectUtils,equal
11867,org.jfree.chart.util.PaintUtils,equal
7698,org.jfree.chart.util.PaintUtils,equal
5132,org.jfree.chart.util.ObjectUtils,equal
4801472,org.jfree.chart.util.ShapeUtils,equal
9353408,org.jfree.chart.plot.DefaultDrawingSupplier,equalShapes
14493902,org.jfree.chart.plot.DefaultDrawingSupplier,equals
4811,org.jfree.chart.drawable.ColorPainter,equals
4689854,org.jfree.chart.util.ObjectUtils,equal
5132,org.jfree.chart.drawable.BorderPainter,equals
4882619,org.jfree.chart.util.ObjectUtils,equal
10264,org.jfree.chart.util.PaintUtils,equal
3208,org.jfree.chart.util.PaintUtils,equal
2245,org.jfree.chart.util.PaintUtils,equal
2566,org.jfree.chart.util.PaintUtils,equal
7377,org.jfree.chart.ui.RectangleInsets,equals
2245,org.jfree.chart.util.PaintUtils,equal
2566,org.jfree.chart.util.PaintUtils,equal
2245,org.jfree.chart.util.PaintUtils,equal
2566,org.jfree.chart.util.PaintUtils,equal
5773,org.jfree.chart.renderer.category.StandardBarPainter,equals
3849,org.jfree.chart.renderer.xy.StandardXYBarPainter,equals
2886,org.jfree.chart.util.PaintUtils,equal
3848,org.jfree.chart.util.PaintUtils,equal
3850,org.jfree.chart.util.PaintUtils,equal
2566,org.jfree.chart.util.PaintUtils,equal
4307854,org.jfree.chart.StandardChartTheme,equals
1604,org.jfree.chart.util.ParamChecks,nullNotPermitted
4803718,org.jfree.chart.StandardChartTheme,setDomainGridlinePaint
8660,org.jfree.chart.util.PaintUtils,equal
50356,org.jfree.chart.util.PaintUtils,equal
4810,org.jfree.chart.drawable.ColorPainter,equals
5303429,org.jfree.chart.util.ObjectUtils,equal
31432,org.jfree.chart.util.PaintUtils,equal
8660,org.jfree.chart.util.PaintUtils,equal
4169,org.jfree.chart.util.ObjectUtils,equal
4307533,org.jfree.chart.util.ShapeUtils,equal
8744323,org.jfree.chart.plot.DefaultDrawingSupplier,equalShapes
13849215,org.jfree.chart.plot.DefaultDrawingSupplier,equals
3208,org.jfree.chart.drawable.ColorPainter,equals
4655215,org.jfree.chart.util.ObjectUtils,equal
5773,org.jfree.chart.drawable.BorderPainter,equals
4928485,org.jfree.chart.util.ObjectUtils,equal
9301,org.jfree.chart.util.PaintUtils,equal
45866,org.jfree.chart.util.PaintUtils,equal
4586576,org.jfree.chart.StandardChartTheme,equals
1924,org.jfree.chart.util.ParamChecks,nullNotPermitted
5142097,org.jfree.chart.StandardChartTheme,setDomainGridlinePaint
5773,org.jfree.chart.util.PaintUtils,equal
8018,org.jfree.chart.util.PaintUtils,equal
3528,org.jfree.chart.drawable.ColorPainter,equals
4901222,org.jfree.chart.util.ObjectUtils,equal
8660,org.jfree.chart.util.PaintUtils,equal
8660,org.jfree.chart.util.PaintUtils,equal
3529,org.jfree.chart.util.ObjectUtils,equal
4473676,org.jfree.chart.util.ShapeUtils,equal
8886733,org.jfree.chart.plot.DefaultDrawingSupplier,equalShapes
13817783,org.jfree.chart.plot.DefaultDrawingSupplier,equals
4170,org.jfree.chart.drawable.ColorPainter,equals
4396057,org.jfree.chart.util.ObjectUtils,equal
7377,org.jfree.chart.drawable.BorderPainter,equals
4709419,org.jfree.chart.util.ObjectUtils,equal
8018,org.jfree.chart.util.PaintUtils,equal
2886,org.jfree.chart.util.PaintUtils,equal
3529,org.jfree.chart.util.PaintUtils,equal
2245,org.jfree.chart.util.PaintUtils,equal
4811,org.jfree.chart.ui.RectangleInsets,equals
4170,org.jfree.chart.util.PaintUtils,equal
2567,org.jfree.chart.util.PaintUtils,equal
3207,org.jfree.chart.util.PaintUtils,equal
2566,org.jfree.chart.util.PaintUtils,equal
3849,org.jfree.chart.renderer.category.StandardBarPainter,equals
4811,org.jfree.chart.renderer.xy.StandardXYBarPainter,equals
2886,org.jfree.chart.util.PaintUtils,equal
2245,org.jfree.chart.util.PaintUtils,equal
4490,org.jfree.chart.util.PaintUtils,equal
2566,org.jfree.chart.util.PaintUtils,equal
5132475,org.jfree.chart.StandardChartTheme,equals
2245,org.jfree.chart.util.ParamChecks,nullNotPermitted
5475345,org.jfree.chart.StandardChartTheme,setRangeGridlinePaint
4490,org.jfree.chart.util.PaintUtils,equal
12509,org.jfree.chart.util.PaintUtils,equal
13471,org.jfree.chart.drawable.ColorPainter,equals
5420820,org.jfree.chart.util.ObjectUtils,equal
11547,org.jfree.chart.util.PaintUtils,equal
11226,org.jfree.chart.util.PaintUtils,equal
4810,org.jfree.chart.util.ObjectUtils,equal
5251469,org.jfree.chart.util.ShapeUtils,equal
10292533,org.jfree.chart.plot.DefaultDrawingSupplier,equalShapes
15995604,org.jfree.chart.plot.DefaultDrawingSupplier,equals
3207,org.jfree.chart.drawable.ColorPainter,equals
4984614,org.jfree.chart.util.ObjectUtils,equal
5773,org.jfree.chart.drawable.BorderPainter,equals
5406707,org.jfree.chart.util.ObjectUtils,equal
11867,org.jfree.chart.util.PaintUtils,equal
3528,org.jfree.chart.util.PaintUtils,equal
4170,org.jfree.chart.util.PaintUtils,equal
4798906,org.jfree.chart.StandardChartTheme,equals
16038,org.jfree.chart.util.ParamChecks,nullNotPermitted
5430122,org.jfree.chart.StandardChartTheme,setRangeGridlinePaint
8019,org.jfree.chart.util.PaintUtils,equal
7377,org.jfree.chart.util.PaintUtils,equal
4490,org.jfree.chart.drawable.ColorPainter,equals
4998727,org.jfree.chart.util.ObjectUtils,equal
8019,org.jfree.chart.util.PaintUtils,equal
7377,org.jfree.chart.util.PaintUtils,equal
5453,org.jfree.chart.util.ObjectUtils,equal
4606142,org.jfree.chart.util.ShapeUtils,equal
9134343,org.jfree.chart.plot.DefaultDrawingSupplier,equalShapes
14457979,org.jfree.chart.plot.DefaultDrawingSupplier,equals
3208,org.jfree.chart.drawable.ColorPainter,equals
4686968,org.jfree.chart.util.ObjectUtils,equal
6735,org.jfree.chart.drawable.BorderPainter,equals
4755605,org.jfree.chart.util.ObjectUtils,equal
10264,org.jfree.chart.util.PaintUtils,equal
1925,org.jfree.chart.util.PaintUtils,equal
4170,org.jfree.chart.util.PaintUtils,equal
2245,org.jfree.chart.util.PaintUtils,equal
5132,org.jfree.chart.ui.RectangleInsets,equals
4811,org.jfree.chart.util.PaintUtils,equal
2245,org.jfree.chart.util.PaintUtils,equal
2887,org.jfree.chart.util.PaintUtils,equal
4169,org.jfree.chart.util.PaintUtils,equal
7056,org.jfree.chart.renderer.category.StandardBarPainter,equals
4490,org.jfree.chart.renderer.xy.StandardXYBarPainter,equals
3849,org.jfree.chart.util.PaintUtils,equal
3527,org.jfree.chart.util.PaintUtils,equal
2566,org.jfree.chart.util.PaintUtils,equal
3528,org.jfree.chart.util.PaintUtils,equal
4509919,org.jfree.chart.StandardChartTheme,equals
1604,org.jfree.chart.util.ParamChecks,nullNotPermitted
5341918,org.jfree.chart.StandardChartTheme,setAxisOffset
10263,org.jfree.chart.util.PaintUtils,equal
7057,org.jfree.chart.util.PaintUtils,equal
3208,org.jfree.chart.drawable.ColorPainter,equals
4683119,org.jfree.chart.util.ObjectUtils,equal
12188,org.jfree.chart.util.PaintUtils,equal
7377,org.jfree.chart.util.PaintUtils,equal
5774,org.jfree.chart.util.ObjectUtils,equal
4571823,org.jfree.chart.util.ShapeUtils,equal
8877431,org.jfree.chart.plot.DefaultDrawingSupplier,equalShapes
14408265,org.jfree.chart.plot.DefaultDrawingSupplier,equals
3208,org.jfree.chart.drawable.ColorPainter,equals
4610632,org.jfree.chart.util.ObjectUtils,equal
5453,org.jfree.chart.drawable.BorderPainter,equals
4594916,org.jfree.chart.util.ObjectUtils,equal
7377,org.jfree.chart.util.PaintUtils,equal
2244,org.jfree.chart.util.PaintUtils,equal
7698,org.jfree.chart.util.PaintUtils,equal
3528,org.jfree.chart.util.PaintUtils,equal
5132,org.jfree.chart.ui.RectangleInsets,equals
4773568,org.jfree.chart.StandardChartTheme,equals
1283,org.jfree.chart.util.ParamChecks,nullNotPermitted
4883581,org.jfree.chart.StandardChartTheme,setAxisOffset
7377,org.jfree.chart.util.PaintUtils,equal
11547,org.jfree.chart.util.PaintUtils,equal
3207,org.jfree.chart.drawable.ColorPainter,equals
5107457,org.jfree.chart.util.ObjectUtils,equal
7698,org.jfree.chart.util.PaintUtils,equal
8660,org.jfree.chart.util.PaintUtils,equal
4170,org.jfree.chart.util.ObjectUtils,equal
4465978,org.jfree.chart.util.ShapeUtils,equal
9251413,org.jfree.chart.plot.DefaultDrawingSupplier,equalShapes
14253347,org.jfree.chart.plot.DefaultDrawingSupplier,equals
4811,org.jfree.chart.drawable.ColorPainter,equals
4727702,org.jfree.chart.util.ObjectUtils,equal
5774,org.jfree.chart.drawable.BorderPainter,equals
4493562,org.jfree.chart.util.ObjectUtils,equal
9622,org.jfree.chart.util.PaintUtils,equal
4811,org.jfree.chart.util.PaintUtils,equal
2245,org.jfree.chart.util.PaintUtils,equal
2886,org.jfree.chart.util.PaintUtils,equal
4810,org.jfree.chart.ui.RectangleInsets,equals
3207,org.jfree.chart.util.PaintUtils,equal
2887,org.jfree.chart.util.PaintUtils,equal
2887,org.jfree.chart.util.PaintUtils,equal
2887,org.jfree.chart.util.PaintUtils,equal
7056,org.jfree.chart.renderer.category.StandardBarPainter,equals
5452,org.jfree.chart.renderer.xy.StandardXYBarPainter,equals
2887,org.jfree.chart.util.PaintUtils,equal
2887,org.jfree.chart.util.PaintUtils,equal
3208,org.jfree.chart.util.PaintUtils,equal
2245,org.jfree.chart.util.PaintUtils,equal
4768756,org.jfree.chart.StandardChartTheme,equals
1925,org.jfree.chart.util.ParamChecks,nullNotPermitted
4876205,org.jfree.chart.StandardChartTheme,setAxisLabelPaint
8018,org.jfree.chart.util.PaintUtils,equal
8660,org.jfree.chart.util.PaintUtils,equal
4170,org.jfree.chart.drawable.ColorPainter,equals
4909561,org.jfree.chart.util.ObjectUtils,equal
10585,org.jfree.chart.util.PaintUtils,equal
8018,org.jfree.chart.util.PaintUtils,equal
4490,org.jfree.chart.util.ObjectUtils,equal
4601651,org.jfree.chart.util.ShapeUtils,equal
9133380,org.jfree.chart.plot.DefaultDrawingSupplier,equalShapes
14002529,org.jfree.chart.plot.DefaultDrawingSupplier,equals
2887,org.jfree.chart.drawable.ColorPainter,equals
4662913,org.jfree.chart.util.ObjectUtils,equal
8660,org.jfree.chart.drawable.BorderPainter,equals
4730588,org.jfree.chart.util.ObjectUtils,equal
10585,org.jfree.chart.util.PaintUtils,equal
2245,org.jfree.chart.util.PaintUtils,equal
2886,org.jfree.chart.util.PaintUtils,equal
2886,org.jfree.chart.util.PaintUtils,equal
6735,org.jfree.chart.ui.RectangleInsets,equals
4170,org.jfree.chart.util.PaintUtils,equal
4337362,org.jfree.chart.StandardChartTheme,equals
2245,org.jfree.chart.util.ParamChecks,nullNotPermitted
4868827,org.jfree.chart.StandardChartTheme,setAxisLabelPaint
6735,org.jfree.chart.util.PaintUtils,equal
8019,org.jfree.chart.util.PaintUtils,equal
10264,org.jfree.chart.drawable.ColorPainter,equals
4746947,org.jfree.chart.util.ObjectUtils,equal
11226,org.jfree.chart.util.PaintUtils,equal
12508,org.jfree.chart.util.PaintUtils,equal
4490,org.jfree.chart.util.ObjectUtils,equal
4710061,org.jfree.chart.util.ShapeUtils,equal
9551304,org.jfree.chart.plot.DefaultDrawingSupplier,equalShapes
15102023,org.jfree.chart.plot.DefaultDrawingSupplier,equals
6094,org.jfree.chart.drawable.ColorPainter,equals
4891279,org.jfree.chart.util.ObjectUtils,equal
6736,org.jfree.chart.drawable.BorderPainter,equals
5181228,org.jfree.chart.util.ObjectUtils,equal
9622,org.jfree.chart.util.PaintUtils,equal
2566,org.jfree.chart.util.PaintUtils,equal
4169,org.jfree.chart.util.PaintUtils,equal
3528,org.jfree.chart.util.PaintUtils,equal
5452,org.jfree.chart.ui.RectangleInsets,equals
7377,org.jfree.chart.util.PaintUtils,equal
3208,org.jfree.chart.util.PaintUtils,equal
3849,org.jfree.chart.util.PaintUtils,equal
3849,org.jfree.chart.util.PaintUtils,equal
4490,org.jfree.chart.renderer.category.StandardBarPainter,equals
3848,org.jfree.chart.renderer.xy.StandardXYBarPainter,equals
2887,org.jfree.chart.util.PaintUtils,equal
3849,org.jfree.chart.util.PaintUtils,equal
3850,org.jfree.chart.util.PaintUtils,equal
2887,org.jfree.chart.util.PaintUtils,equal
4314911,org.jfree.chart.StandardChartTheme,equals
8981,org.jfree.chart.StandardChartTheme,setTickLabelPaint
4491,org.jfree.chart.util.PaintUtils,equal
7056,org.jfree.chart.util.PaintUtils,equal
4491,org.jfree.chart.drawable.ColorPainter,equals
4793133,org.jfree.chart.util.ObjectUtils,equal
9943,org.jfree.chart.util.PaintUtils,equal
6735,org.jfree.chart.util.PaintUtils,equal
3848,org.jfree.chart.util.ObjectUtils,equal
4791528,org.jfree.chart.util.ShapeUtils,equal
9529173,org.jfree.chart.plot.DefaultDrawingSupplier,equalShapes
14562218,org.jfree.chart.plot.DefaultDrawingSupplier,equals
3207,org.jfree.chart.drawable.ColorPainter,equals
5044271,org.jfree.chart.util.ObjectUtils,equal
5452,org.jfree.chart.drawable.BorderPainter,equals
4524994,org.jfree.chart.util.ObjectUtils,equal
7377,org.jfree.chart.util.PaintUtils,equal
1283,org.jfree.chart.util.PaintUtils,equal
1283,org.jfree.chart.util.PaintUtils,equal
962,org.jfree.chart.util.PaintUtils,equal
3527,org.jfree.chart.ui.RectangleInsets,equals
19244,org.jfree.chart.util.PaintUtils,equal
2245,org.jfree.chart.util.PaintUtils,equal
3388935,org.jfree.chart.StandardChartTheme,equals
2886,org.jfree.chart.StandardChartTheme,setTickLabelPaint
7698,org.jfree.chart.util.PaintUtils,equal
23414,org.jfree.chart.util.PaintUtils,equal
2246,org.jfree.chart.drawable.ColorPainter,equals
3641678,org.jfree.chart.util.ObjectUtils,equal
3207,org.jfree.chart.util.PaintUtils,equal
2245,org.jfree.chart.util.PaintUtils,equal
2886,org.jfree.chart.util.ObjectUtils,equal
3486760,org.jfree.chart.util.ShapeUtils,equal
7165963,org.jfree.chart.plot.DefaultDrawingSupplier,equalShapes
11675562,org.jfree.chart.plot.DefaultDrawingSupplier,equals
2246,org.jfree.chart.drawable.ColorPainter,equals
3872931,org.jfree.chart.util.ObjectUtils,equal
3208,org.jfree.chart.drawable.BorderPainter,equals
4156785,org.jfree.chart.util.ObjectUtils,equal
3848,org.jfree.chart.util.PaintUtils,equal
1283,org.jfree.chart.util.PaintUtils,equal
963,org.jfree.chart.util.PaintUtils,equal
963,org.jfree.chart.util.PaintUtils,equal
2887,org.jfree.chart.ui.RectangleInsets,equals
2886,org.jfree.chart.util.PaintUtils,equal
2246,org.jfree.chart.util.PaintUtils,equal
1283,org.jfree.chart.util.PaintUtils,equal
962,org.jfree.chart.util.PaintUtils,equal
2887,org.jfree.chart.renderer.category.StandardBarPainter,equals
1604,org.jfree.chart.renderer.xy.StandardXYBarPainter,equals
1283,org.jfree.chart.util.PaintUtils,equal
641,org.jfree.chart.util.PaintUtils,equal
1604,org.jfree.chart.util.PaintUtils,equal
1283,org.jfree.chart.util.PaintUtils,equal
4079166,org.jfree.chart.StandardChartTheme,equals
641,org.jfree.chart.util.ParamChecks,nullNotPermitted
4239215,org.jfree.chart.StandardChartTheme,setItemLabelPaint
3849,org.jfree.chart.util.PaintUtils,equal
2887,org.jfree.chart.util.PaintUtils,equal
2887,org.jfree.chart.drawable.ColorPainter,equals
4111561,org.jfree.chart.util.ObjectUtils,equal
2566,org.jfree.chart.util.PaintUtils,equal
2566,org.jfree.chart.util.PaintUtils,equal
3528,org.jfree.chart.util.ObjectUtils,equal
3892496,org.jfree.chart.util.ShapeUtils,equal
8074299,org.jfree.chart.plot.DefaultDrawingSupplier,equalShapes
12760946,org.jfree.chart.plot.DefaultDrawingSupplier,equals
1603,org.jfree.chart.drawable.ColorPainter,equals
4167048,org.jfree.chart.util.ObjectUtils,equal
3527,org.jfree.chart.drawable.BorderPainter,equals
4322607,org.jfree.chart.util.ObjectUtils,equal
3208,org.jfree.chart.util.PaintUtils,equal
962,org.jfree.chart.util.PaintUtils,equal
1282,org.jfree.chart.util.PaintUtils,equal
1283,org.jfree.chart.util.PaintUtils,equal
2886,org.jfree.chart.ui.RectangleInsets,equals
2566,org.jfree.chart.util.PaintUtils,equal
1925,org.jfree.chart.util.PaintUtils,equal
1924,org.jfree.chart.util.PaintUtils,equal
3804613,org.jfree.chart.StandardChartTheme,equals
642,org.jfree.chart.util.ParamChecks,nullNotPermitted
4111561,org.jfree.chart.StandardChartTheme,setItemLabelPaint
2566,org.jfree.chart.util.PaintUtils,equal
1924,org.jfree.chart.util.PaintUtils,equal
1925,org.jfree.chart.drawable.ColorPainter,equals
4065375,org.jfree.chart.util.ObjectUtils,equal
2566,org.jfree.chart.util.PaintUtils,equal
1283,org.jfree.chart.util.PaintUtils,equal
3208,org.jfree.chart.util.ObjectUtils,equal
3917834,org.jfree.chart.util.ShapeUtils,equal
7992510,org.jfree.chart.plot.DefaultDrawingSupplier,equalShapes
12639706,org.jfree.chart.plot.DefaultDrawingSupplier,equals
2245,org.jfree.chart.drawable.ColorPainter,equals
4141069,org.jfree.chart.util.ObjectUtils,equal
4169,org.jfree.chart.drawable.BorderPainter,equals
4110919,org.jfree.chart.util.ObjectUtils,equal
2887,org.jfree.chart.util.PaintUtils,equal
1283,org.jfree.chart.util.PaintUtils,equal
962,org.jfree.chart.util.PaintUtils,equal
962,org.jfree.chart.util.PaintUtils,equal
2887,org.jfree.chart.ui.RectangleInsets,equals
4491,org.jfree.chart.util.PaintUtils,equal
5132,org.jfree.chart.util.PaintUtils,equal
3849,org.jfree.chart.util.PaintUtils,equal
1924,org.jfree.chart.util.PaintUtils,equal
3528,org.jfree.chart.renderer.category.StandardBarPainter,equals
5453,org.jfree.chart.renderer.xy.StandardXYBarPainter,equals
2245,org.jfree.chart.util.PaintUtils,equal
2886,org.jfree.chart.util.PaintUtils,equal
3849,org.jfree.chart.util.PaintUtils,equal
3849,org.jfree.chart.util.PaintUtils,equal
7650281,org.jfree.chart.StandardChartTheme,equals
8660,org.jfree.chart.StandardChartTheme,isShadowVisible
13792,org.jfree.chart.StandardChartTheme,setShadowVisible
6415,org.jfree.chart.util.PaintUtils,equal
8980,org.jfree.chart.util.PaintUtils,equal
5773,org.jfree.chart.drawable.ColorPainter,equals
7048894,org.jfree.chart.util.ObjectUtils,equal
7697,org.jfree.chart.util.PaintUtils,equal
8981,org.jfree.chart.util.PaintUtils,equal
9622,org.jfree.chart.util.ObjectUtils,equal
6995331,org.jfree.chart.util.ShapeUtils,equal
15655300,org.jfree.chart.plot.DefaultDrawingSupplier,equalShapes
22461715,org.jfree.chart.plot.DefaultDrawingSupplier,equals
4811,org.jfree.chart.drawable.ColorPainter,equals
6042092,org.jfree.chart.util.ObjectUtils,equal
4812,org.jfree.chart.drawable.BorderPainter,equals
5565153,org.jfree.chart.util.ObjectUtils,equal
6094,org.jfree.chart.util.PaintUtils,equal
2566,org.jfree.chart.util.PaintUtils,equal
5773,org.jfree.chart.util.PaintUtils,equal
4811,org.jfree.chart.util.PaintUtils,equal
4811,org.jfree.chart.ui.RectangleInsets,equals
19565,org.jfree.chart.util.PaintUtils,equal
7056,org.jfree.chart.util.PaintUtils,equal
4170,org.jfree.chart.util.PaintUtils,equal
5165512,org.jfree.chart.StandardChartTheme,equals
5773,org.jfree.chart.StandardChartTheme,isShadowVisible
3207,org.jfree.chart.StandardChartTheme,setShadowVisible
3529,org.jfree.chart.util.PaintUtils,equal
4490,org.jfree.chart.util.PaintUtils,equal
2886,org.jfree.chart.drawable.ColorPainter,equals
4002188,org.jfree.chart.util.ObjectUtils,equal
5453,org.jfree.chart.util.PaintUtils,equal
5131,org.jfree.chart.util.PaintUtils,equal
3849,org.jfree.chart.util.ObjectUtils,equal
3564700,org.jfree.chart.util.ShapeUtils,equal
7241338,org.jfree.chart.plot.DefaultDrawingSupplier,equalShapes
11470931,org.jfree.chart.plot.DefaultDrawingSupplier,equals
2887,org.jfree.chart.drawable.ColorPainter,equals
4868506,org.jfree.chart.util.ObjectUtils,equal
7697,org.jfree.chart.drawable.BorderPainter,equals
5064478,org.jfree.chart.util.ObjectUtils,equal
5453,org.jfree.chart.util.PaintUtils,equal
2887,org.jfree.chart.util.PaintUtils,equal
1924,org.jfree.chart.util.PaintUtils,equal
2565,org.jfree.chart.util.PaintUtils,equal
4490,org.jfree.chart.ui.RectangleInsets,equals
5773,org.jfree.chart.util.PaintUtils,equal
3528,org.jfree.chart.util.PaintUtils,equal
4170,org.jfree.chart.util.PaintUtils,equal
1603,org.jfree.chart.util.PaintUtils,equal
2887,org.jfree.chart.renderer.category.StandardBarPainter,equals
1925,org.jfree.chart.renderer.xy.StandardXYBarPainter,equals
2567,org.jfree.chart.util.PaintUtils,equal
1925,org.jfree.chart.util.PaintUtils,equal
1925,org.jfree.chart.util.PaintUtils,equal
1604,org.jfree.chart.util.PaintUtils,equal
4113806,org.jfree.chart.StandardChartTheme,equals
1603,org.jfree.chart.util.ParamChecks,nullNotPermitted
4684722,org.jfree.chart.StandardChartTheme,setShadowPaint
3848,org.jfree.chart.util.PaintUtils,equal
5453,org.jfree.chart.util.PaintUtils,equal
2887,org.jfree.chart.drawable.ColorPainter,equals
4181803,org.jfree.chart.util.ObjectUtils,equal
4170,org.jfree.chart.util.PaintUtils,equal
2566,org.jfree.chart.util.PaintUtils,equal
3849,org.jfree.chart.util.ObjectUtils,equal
3657073,org.jfree.chart.util.ShapeUtils,equal
7569775,org.jfree.chart.plot.DefaultDrawingSupplier,equalShapes
12372531,org.jfree.chart.plot.DefaultDrawingSupplier,equals
2566,org.jfree.chart.drawable.ColorPainter,equals
4285723,org.jfree.chart.util.ObjectUtils,equal
4812,org.jfree.chart.drawable.BorderPainter,equals
4015019,org.jfree.chart.util.ObjectUtils,equal
4490,org.jfree.chart.util.PaintUtils,equal
1604,org.jfree.chart.util.PaintUtils,equal
1283,org.jfree.chart.util.PaintUtils,equal
963,org.jfree.chart.util.PaintUtils,equal
2565,org.jfree.chart.ui.RectangleInsets,equals
2887,org.jfree.chart.util.PaintUtils,equal
2245,org.jfree.chart.util.PaintUtils,equal
2566,org.jfree.chart.util.PaintUtils,equal
2245,org.jfree.chart.util.PaintUtils,equal
3853045,org.jfree.chart.StandardChartTheme,equals
962,org.jfree.chart.util.ParamChecks,nullNotPermitted
4103542,org.jfree.chart.StandardChartTheme,setShadowPaint
2566,org.jfree.chart.util.PaintUtils,equal
2245,org.jfree.chart.util.PaintUtils,equal
2566,org.jfree.chart.drawable.ColorPainter,equals
4031055,org.jfree.chart.util.ObjectUtils,equal
3207,org.jfree.chart.util.PaintUtils,equal
1924,org.jfree.chart.util.PaintUtils,equal
3849,org.jfree.chart.util.ObjectUtils,equal
3882232,org.jfree.chart.util.ShapeUtils,equal
7835348,org.jfree.chart.plot.DefaultDrawingSupplier,equalShapes
12313514,org.jfree.chart.plot.DefaultDrawingSupplier,equals
2245,org.jfree.chart.drawable.ColorPainter,equals
4065374,org.jfree.chart.util.ObjectUtils,equal
2566,org.jfree.chart.drawable.BorderPainter,equals
4087185,org.jfree.chart.util.ObjectUtils,equal
3208,org.jfree.chart.util.PaintUtils,equal
962,org.jfree.chart.util.PaintUtils,equal
641,org.jfree.chart.util.PaintUtils,equal
962,org.jfree.chart.util.PaintUtils,equal
2886,org.jfree.chart.ui.RectangleInsets,equals
2246,org.jfree.chart.util.PaintUtils,equal
1604,org.jfree.chart.util.PaintUtils,equal
1604,org.jfree.chart.util.PaintUtils,equal
1925,org.jfree.chart.util.PaintUtils,equal
2887,org.jfree.chart.renderer.category.StandardBarPainter,equals
1925,org.jfree.chart.renderer.xy.StandardXYBarPainter,equals
1283,org.jfree.chart.util.PaintUtils,equal
962,org.jfree.chart.util.PaintUtils,equal
1283,org.jfree.chart.util.PaintUtils,equal
963,org.jfree.chart.util.PaintUtils,equal
3895062,org.jfree.chart.StandardChartTheme,equals
962,org.jfree.chart.util.ParamChecks,nullNotPermitted
5565473,org.jfree.chart.StandardChartTheme,setBarPainter
5131,org.jfree.chart.util.PaintUtils,equal
7377,org.jfree.chart.util.PaintUtils,equal
3528,org.jfree.chart.drawable.ColorPainter,equals
5806991,org.jfree.chart.util.ObjectUtils,equal
8981,org.jfree.chart.util.PaintUtils,equal
2245,org.jfree.chart.util.PaintUtils,equal
4491,org.jfree.chart.util.ObjectUtils,equal
4012132,org.jfree.chart.util.ShapeUtils,equal
8306193,org.jfree.chart.plot.DefaultDrawingSupplier,equalShapes
12881223,org.jfree.chart.plot.DefaultDrawingSupplier,equals
2566,org.jfree.chart.drawable.ColorPainter,equals
4132409,org.jfree.chart.util.ObjectUtils,equal
3529,org.jfree.chart.drawable.BorderPainter,equals
4109316,org.jfree.chart.util.ObjectUtils,equal
2886,org.jfree.chart.util.PaintUtils,equal
962,org.jfree.chart.util.PaintUtils,equal
1283,org.jfree.chart.util.PaintUtils,equal
641,org.jfree.chart.util.PaintUtils,equal
3528,org.jfree.chart.ui.RectangleInsets,equals
3527,org.jfree.chart.util.PaintUtils,equal
2887,org.jfree.chart.util.PaintUtils,equal
2566,org.jfree.chart.util.PaintUtils,equal
1924,org.jfree.chart.util.PaintUtils,equal
5774,org.jfree.chart.renderer.category.GradientBarPainter,equals
4863696,org.jfree.chart.StandardChartTheme,equals
1283,org.jfree.chart.util.ParamChecks,nullNotPermitted
4169294,org.jfree.chart.StandardChartTheme,setBarPainter
2566,org.jfree.chart.util.PaintUtils,equal
2887,org.jfree.chart.util.PaintUtils,equal
2245,org.jfree.chart.drawable.ColorPainter,equals
4014697,org.jfree.chart.util.ObjectUtils,equal
2566,org.jfree.chart.util.PaintUtils,equal
2566,org.jfree.chart.util.PaintUtils,equal
2887,org.jfree.chart.util.ObjectUtils,equal
3863629,org.jfree.chart.util.ShapeUtils,equal
7830537,org.jfree.chart.plot.DefaultDrawingSupplier,equalShapes
13481968,org.jfree.chart.plot.DefaultDrawingSupplier,equals
1924,org.jfree.chart.drawable.ColorPainter,equals
4087826,org.jfree.chart.util.ObjectUtils,equal
3849,org.jfree.chart.drawable.BorderPainter,equals
4165124,org.jfree.chart.util.ObjectUtils,equal
3208,org.jfree.chart.util.PaintUtils,equal
1283,org.jfree.chart.util.PaintUtils,equal
963,org.jfree.chart.util.PaintUtils,equal
962,org.jfree.chart.util.PaintUtils,equal
2565,org.jfree.chart.ui.RectangleInsets,equals
2567,org.jfree.chart.util.PaintUtils,equal
2245,org.jfree.chart.util.PaintUtils,equal
2566,org.jfree.chart.util.PaintUtils,equal
1603,org.jfree.chart.util.PaintUtils,equal
1925,org.jfree.chart.renderer.category.GradientBarPainter,equals
2565,org.jfree.chart.renderer.xy.StandardXYBarPainter,equals
1283,org.jfree.chart.util.PaintUtils,equal
1283,org.jfree.chart.util.PaintUtils,equal
1283,org.jfree.chart.util.PaintUtils,equal
1283,org.jfree.chart.util.PaintUtils,equal
4059601,org.jfree.chart.StandardChartTheme,equals
6415,org.jfree.chart.StandardChartTheme,setXYBarPainter
3849,org.jfree.chart.util.PaintUtils,equal
3528,org.jfree.chart.util.PaintUtils,equal
3528,org.jfree.chart.drawable.ColorPainter,equals
4524032,org.jfree.chart.util.ObjectUtils,equal
4170,org.jfree.chart.util.PaintUtils,equal
2245,org.jfree.chart.util.PaintUtils,equal
3208,org.jfree.chart.util.ObjectUtils,equal
4484902,org.jfree.chart.util.ShapeUtils,equal
8388944,org.jfree.chart.plot.DefaultDrawingSupplier,equalShapes
12824453,org.jfree.chart.plot.DefaultDrawingSupplier,equals
1925,org.jfree.chart.drawable.ColorPainter,equals
4230235,org.jfree.chart.util.ObjectUtils,equal
3207,org.jfree.chart.drawable.BorderPainter,equals
4010848,org.jfree.chart.util.ObjectUtils,equal
3208,org.jfree.chart.util.PaintUtils,equal
1283,org.jfree.chart.util.PaintUtils,equal
962,org.jfree.chart.util.PaintUtils,equal
1283,org.jfree.chart.util.PaintUtils,equal
2887,org.jfree.chart.ui.RectangleInsets,equals
2566,org.jfree.chart.util.PaintUtils,equal
2245,org.jfree.chart.util.PaintUtils,equal
4811,org.jfree.chart.util.PaintUtils,equal
2566,org.jfree.chart.util.PaintUtils,equal
2886,org.jfree.chart.renderer.category.GradientBarPainter,equals
4490,org.jfree.chart.renderer.xy.GradientXYBarPainter,equals
4668044,org.jfree.chart.StandardChartTheme,equals
2245,org.jfree.chart.StandardChartTheme,setXYBarPainter
1924,org.jfree.chart.util.PaintUtils,equal
2566,org.jfree.chart.util.PaintUtils,equal
2246,org.jfree.chart.drawable.ColorPainter,equals
4144918,org.jfree.chart.util.ObjectUtils,equal
2566,org.jfree.chart.util.PaintUtils,equal
2566,org.jfree.chart.util.PaintUtils,equal
2886,org.jfree.chart.util.ObjectUtils,equal
3922966,org.jfree.chart.util.ShapeUtils,equal
7943116,org.jfree.chart.plot.DefaultDrawingSupplier,equalShapes
12505316,org.jfree.chart.plot.DefaultDrawingSupplier,equals
1603,org.jfree.chart.drawable.ColorPainter,equals
4092957,org.jfree.chart.util.ObjectUtils,equal
2887,org.jfree.chart.drawable.BorderPainter,equals
4137221,org.jfree.chart.util.ObjectUtils,equal
1924,org.jfree.chart.util.PaintUtils,equal
641,org.jfree.chart.util.PaintUtils,equal
642,org.jfree.chart.util.PaintUtils,equal
962,org.jfree.chart.util.PaintUtils,equal
2565,org.jfree.chart.ui.RectangleInsets,equals
2245,org.jfree.chart.util.PaintUtils,equal
1284,org.jfree.chart.util.PaintUtils,equal
1924,org.jfree.chart.util.PaintUtils,equal
1604,org.jfree.chart.util.PaintUtils,equal
2566,org.jfree.chart.renderer.category.GradientBarPainter,equals
1925,org.jfree.chart.renderer.xy.GradientXYBarPainter,equals
962,org.jfree.chart.util.PaintUtils,equal
642,org.jfree.chart.util.PaintUtils,equal
642,org.jfree.chart.util.PaintUtils,equal
642,org.jfree.chart.util.PaintUtils,equal
3786010,org.jfree.chart.StandardChartTheme,equals
962,org.jfree.chart.util.ParamChecks,nullNotPermitted
4233121,org.jfree.chart.StandardChartTheme,setThermometerPaint
1603,org.jfree.chart.util.PaintUtils,equal
1282,org.jfree.chart.util.PaintUtils,equal
2245,org.jfree.chart.drawable.ColorPainter,equals
4101298,org.jfree.chart.util.ObjectUtils,equal
2245,org.jfree.chart.util.PaintUtils,equal
1924,org.jfree.chart.util.PaintUtils,equal
3208,org.jfree.chart.util.ObjectUtils,equal
4026886,org.jfree.chart.util.ShapeUtils,equal
7938305,org.jfree.chart.plot.DefaultDrawingSupplier,equalShapes
12422245,org.jfree.chart.plot.DefaultDrawingSupplier,equals
4169,org.jfree.chart.drawable.ColorPainter,equals
4266157,org.jfree.chart.util.ObjectUtils,equal
3848,org.jfree.chart.drawable.BorderPainter,equals
4091033,org.jfree.chart.util.ObjectUtils,equal
2566,org.jfree.chart.util.PaintUtils,equal
1604,org.jfree.chart.util.PaintUtils,equal
962,org.jfree.chart.util.PaintUtils,equal
962,org.jfree.chart.util.PaintUtils,equal
2887,org.jfree.chart.ui.RectangleInsets,equals
2245,org.jfree.chart.util.PaintUtils,equal
1924,org.jfree.chart.util.PaintUtils,equal
1283,org.jfree.chart.util.PaintUtils,equal
5132,org.jfree.chart.util.PaintUtils,equal
2566,org.jfree.chart.renderer.category.GradientBarPainter,equals
2246,org.jfree.chart.renderer.xy.GradientXYBarPainter,equals
1924,org.jfree.chart.util.PaintUtils,equal
3867799,org.jfree.chart.StandardChartTheme,equals
642,org.jfree.chart.util.ParamChecks,nullNotPermitted
4180200,org.jfree.chart.StandardChartTheme,setThermometerPaint
1603,org.jfree.chart.util.PaintUtils,equal
1925,org.jfree.chart.util.PaintUtils,equal
1604,org.jfree.chart.drawable.ColorPainter,equals
4012452,org.jfree.chart.util.ObjectUtils,equal
1924,org.jfree.chart.util.PaintUtils,equal
1924,org.jfree.chart.util.PaintUtils,equal
3849,org.jfree.chart.util.ObjectUtils,equal
3835725,org.jfree.chart.util.ShapeUtils,equal
7683638,org.jfree.chart.plot.DefaultDrawingSupplier,equalShapes
12177841,org.jfree.chart.plot.DefaultDrawingSupplier,equals
1925,org.jfree.chart.drawable.ColorPainter,equals
4056073,org.jfree.chart.util.ObjectUtils,equal
2565,org.jfree.chart.drawable.BorderPainter,equals
4101618,org.jfree.chart.util.ObjectUtils,equal
3528,org.jfree.chart.util.PaintUtils,equal
963,org.jfree.chart.util.PaintUtils,equal
963,org.jfree.chart.util.PaintUtils,equal
962,org.jfree.chart.util.PaintUtils,equal
3849,org.jfree.chart.ui.RectangleInsets,equals
2245,org.jfree.chart.util.PaintUtils,equal
1283,org.jfree.chart.util.PaintUtils,equal
1603,org.jfree.chart.util.PaintUtils,equal
1924,org.jfree.chart.util.PaintUtils,equal
2566,org.jfree.chart.renderer.category.GradientBarPainter,equals
2246,org.jfree.chart.renderer.xy.GradientXYBarPainter,equals
1603,org.jfree.chart.util.PaintUtils,equal
1283,org.jfree.chart.util.PaintUtils,equal
642,org.jfree.chart.util.PaintUtils,equal
962,org.jfree.chart.util.PaintUtils,equal
3747201,org.jfree.chart.StandardChartTheme,equals
962,org.jfree.chart.util.ParamChecks,nullNotPermitted
4331589,org.jfree.chart.StandardChartTheme,setErrorIndicatorPaint
1925,org.jfree.chart.util.PaintUtils,equal
1924,org.jfree.chart.util.PaintUtils,equal
1603,org.jfree.chart.drawable.ColorPainter,equals
4231838,org.jfree.chart.util.ObjectUtils,equal
1925,org.jfree.chart.util.PaintUtils,equal
1924,org.jfree.chart.util.PaintUtils,equal
3528,org.jfree.chart.util.ObjectUtils,equal
4186614,org.jfree.chart.util.ShapeUtils,equal
8133635,org.jfree.chart.plot.DefaultDrawingSupplier,equalShapes
12588709,org.jfree.chart.plot.DefaultDrawingSupplier,equals
1924,org.jfree.chart.drawable.ColorPainter,equals
5544946,org.jfree.chart.util.ObjectUtils,equal
3849,org.jfree.chart.drawable.BorderPainter,equals
4072751,org.jfree.chart.util.ObjectUtils,equal
3848,org.jfree.chart.util.PaintUtils,equal
1283,org.jfree.chart.util.PaintUtils,equal
962,org.jfree.chart.util.PaintUtils,equal
642,org.jfree.chart.util.PaintUtils,equal
2566,org.jfree.chart.ui.RectangleInsets,equals
2887,org.jfree.chart.util.PaintUtils,equal
1603,org.jfree.chart.util.PaintUtils,equal
1283,org.jfree.chart.util.PaintUtils,equal
1924,org.jfree.chart.util.PaintUtils,equal
3207,org.jfree.chart.renderer.category.GradientBarPainter,equals
2887,org.jfree.chart.renderer.xy.GradientXYBarPainter,equals
2245,org.jfree.chart.util.PaintUtils,equal
2245,org.jfree.chart.util.PaintUtils,equal
5195019,org.jfree.chart.StandardChartTheme,equals
642,org.jfree.chart.util.ParamChecks,nullNotPermitted
4176671,org.jfree.chart.StandardChartTheme,setErrorIndicatorPaint
2566,org.jfree.chart.util.PaintUtils,equal
2245,org.jfree.chart.util.PaintUtils,equal
1924,org.jfree.chart.drawable.ColorPainter,equals
4224140,org.jfree.chart.util.ObjectUtils,equal
2246,org.jfree.chart.util.PaintUtils,equal
1924,org.jfree.chart.util.PaintUtils,equal
3208,org.jfree.chart.util.ObjectUtils,equal
4180520,org.jfree.chart.util.ShapeUtils,equal
8083921,org.jfree.chart.plot.DefaultDrawingSupplier,equalShapes
12536108,org.jfree.chart.plot.DefaultDrawingSupplier,equals
1603,org.jfree.chart.drawable.ColorPainter,equals
4241460,org.jfree.chart.util.ObjectUtils,equal
3207,org.jfree.chart.drawable.BorderPainter,equals
4014376,org.jfree.chart.util.ObjectUtils,equal
2566,org.jfree.chart.util.PaintUtils,equal
962,org.jfree.chart.util.PaintUtils,equal
642,org.jfree.chart.util.PaintUtils,equal
641,org.jfree.chart.util.PaintUtils,equal
2566,org.jfree.chart.ui.RectangleInsets,equals
2566,org.jfree.chart.util.PaintUtils,equal
1925,org.jfree.chart.util.PaintUtils,equal
1924,org.jfree.chart.util.PaintUtils,equal
1604,org.jfree.chart.util.PaintUtils,equal
2566,org.jfree.chart.renderer.category.GradientBarPainter,equals
2887,org.jfree.chart.renderer.xy.GradientXYBarPainter,equals
1924,org.jfree.chart.util.PaintUtils,equal
1283,org.jfree.chart.util.PaintUtils,equal
962,org.jfree.chart.util.PaintUtils,equal
962,org.jfree.chart.util.PaintUtils,equal
3885119,org.jfree.chart.StandardChartTheme,equals
5132,org.jfree.chart.StandardChartTheme,setGridBandPaint
1925,org.jfree.chart.util.PaintUtils,equal
1925,org.jfree.chart.util.PaintUtils,equal
1925,org.jfree.chart.drawable.ColorPainter,equals
4000906,org.jfree.chart.util.ObjectUtils,equal
2246,org.jfree.chart.util.PaintUtils,equal
2246,org.jfree.chart.util.PaintUtils,equal
3208,org.jfree.chart.util.ObjectUtils,equal
3833159,org.jfree.chart.util.ShapeUtils,equal
7719240,org.jfree.chart.plot.DefaultDrawingSupplier,equalShapes
12740419,org.jfree.chart.plot.DefaultDrawingSupplier,equals
1604,org.jfree.chart.drawable.ColorPainter,equals
3980699,org.jfree.chart.util.ObjectUtils,equal
2887,org.jfree.chart.drawable.BorderPainter,equals
4762342,org.jfree.chart.util.ObjectUtils,equal
2566,org.jfree.chart.util.PaintUtils,equal
962,org.jfree.chart.util.PaintUtils,equal
641,org.jfree.chart.util.PaintUtils,equal
1283,org.jfree.chart.util.PaintUtils,equal
2887,org.jfree.chart.ui.RectangleInsets,equals
2245,org.jfree.chart.util.PaintUtils,equal
2246,org.jfree.chart.util.PaintUtils,equal
1924,org.jfree.chart.util.PaintUtils,equal
1924,org.jfree.chart.util.PaintUtils,equal
2566,org.jfree.chart.renderer.category.GradientBarPainter,equals
2887,org.jfree.chart.renderer.xy.GradientXYBarPainter,equals
1925,org.jfree.chart.util.PaintUtils,equal
1604,org.jfree.chart.util.PaintUtils,equal
1604,org.jfree.chart.util.PaintUtils,equal
3932268,org.jfree.chart.StandardChartTheme,equals
1603,org.jfree.chart.StandardChartTheme,setGridBandPaint
1924,org.jfree.chart.util.PaintUtils,equal
1924,org.jfree.chart.util.PaintUtils,equal
2245,org.jfree.chart.drawable.ColorPainter,equals
4191425,org.jfree.chart.util.ObjectUtils,equal
2245,org.jfree.chart.util.PaintUtils,equal
1283,org.jfree.chart.util.PaintUtils,equal
3207,org.jfree.chart.util.ObjectUtils,equal
4128560,org.jfree.chart.util.ShapeUtils,equal
8038055,org.jfree.chart.plot.DefaultDrawingSupplier,equalShapes
12478374,org.jfree.chart.plot.DefaultDrawingSupplier,equals
1604,org.jfree.chart.drawable.ColorPainter,equals
5011877,org.jfree.chart.util.ObjectUtils,equal
2566,org.jfree.chart.drawable.BorderPainter,equals
4028489,org.jfree.chart.util.ObjectUtils,equal
2887,org.jfree.chart.util.PaintUtils,equal
962,org.jfree.chart.util.PaintUtils,equal
642,org.jfree.chart.util.PaintUtils,equal
642,org.jfree.chart.util.PaintUtils,equal
2245,org.jfree.chart.ui.RectangleInsets,equals
2567,org.jfree.chart.util.PaintUtils,equal
1604,org.jfree.chart.util.PaintUtils,equal
1283,org.jfree.chart.util.PaintUtils,equal
1924,org.jfree.chart.util.PaintUtils,equal
3207,org.jfree.chart.renderer.category.GradientBarPainter,equals
4491,org.jfree.chart.renderer.xy.GradientXYBarPainter,equals
3207,org.jfree.chart.util.PaintUtils,equal
2245,org.jfree.chart.util.PaintUtils,equal
1924,org.jfree.chart.util.PaintUtils,equal
642,org.jfree.chart.util.PaintUtils,equal
3794991,org.jfree.chart.StandardChartTheme,equals
962,org.jfree.chart.util.ParamChecks,nullNotPermitted
4244026,org.jfree.chart.StandardChartTheme,setGridBandAlternatePaint
1282,org.jfree.chart.util.PaintUtils,equal
2245,org.jfree.chart.util.PaintUtils,equal
2245,org.jfree.chart.drawable.ColorPainter,equals
4257176,org.jfree.chart.util.ObjectUtils,equal
2246,org.jfree.chart.util.PaintUtils,equal
1924,org.jfree.chart.util.PaintUtils,equal
3207,org.jfree.chart.util.ObjectUtils,equal
4038112,org.jfree.chart.util.ShapeUtils,equal
7945041,org.jfree.chart.plot.DefaultDrawingSupplier,equalShapes
12411981,org.jfree.chart.plot.DefaultDrawingSupplier,equals
1604,org.jfree.chart.drawable.ColorPainter,equals
5336787,org.jfree.chart.util.ObjectUtils,equal
5453,org.jfree.chart.drawable.BorderPainter,equals
4068261,org.jfree.chart.util.ObjectUtils,equal
3208,org.jfree.chart.util.PaintUtils,equal
962,org.jfree.chart.util.PaintUtils,equal
1283,org.jfree.chart.util.PaintUtils,equal
962,org.jfree.chart.util.PaintUtils,equal
2886,org.jfree.chart.ui.RectangleInsets,equals
2887,org.jfree.chart.util.PaintUtils,equal
1604,org.jfree.chart.util.PaintUtils,equal
1604,org.jfree.chart.util.PaintUtils,equal
2246,org.jfree.chart.util.PaintUtils,equal
1924,org.jfree.chart.renderer.category.GradientBarPainter,equals
2886,org.jfree.chart.renderer.xy.GradientXYBarPainter,equals
2246,org.jfree.chart.util.PaintUtils,equal
2245,org.jfree.chart.util.PaintUtils,equal
1925,org.jfree.chart.util.PaintUtils,equal
1603,org.jfree.chart.util.PaintUtils,equal
3849195,org.jfree.chart.StandardChartTheme,equals
962,org.jfree.chart.util.ParamChecks,nullNotPermitted
4728664,org.jfree.chart.StandardChartTheme,setGridBandAlternatePaint
1925,org.jfree.chart.util.PaintUtils,equal
1282,org.jfree.chart.util.PaintUtils,equal
1925,org.jfree.chart.drawable.ColorPainter,equals
4241461,org.jfree.chart.util.ObjectUtils,equal
1924,org.jfree.chart.util.PaintUtils,equal
1604,org.jfree.chart.util.PaintUtils,equal
3207,org.jfree.chart.util.ObjectUtils,equal
4123108,org.jfree.chart.util.ShapeUtils,equal
8081355,org.jfree.chart.plot.DefaultDrawingSupplier,equalShapes
12602501,org.jfree.chart.plot.DefaultDrawingSupplier,equals
1604,org.jfree.chart.drawable.ColorPainter,equals
14609689,org.jfree.chart.util.ObjectUtils,equal
3207,org.jfree.chart.drawable.BorderPainter,equals
4144276,org.jfree.chart.util.ObjectUtils,equal
2566,org.jfree.chart.util.PaintUtils,equal
963,org.jfree.chart.util.PaintUtils,equal
1283,org.jfree.chart.util.PaintUtils,equal
962,org.jfree.chart.util.PaintUtils,equal
2566,org.jfree.chart.ui.RectangleInsets,equals
1924,org.jfree.chart.util.PaintUtils,equal
2246,org.jfree.chart.util.PaintUtils,equal
1924,org.jfree.chart.util.PaintUtils,equal
1925,org.jfree.chart.util.PaintUtils,equal
1925,org.jfree.chart.renderer.category.GradientBarPainter,equals
2245,org.jfree.chart.renderer.xy.GradientXYBarPainter,equals
1925,org.jfree.chart.util.PaintUtils,equal
1604,org.jfree.chart.util.PaintUtils,equal
1282,org.jfree.chart.util.PaintUtils,equal
2566,org.jfree.chart.util.PaintUtils,equal
4593953,org.jfree.chart.StandardChartTheme,equals
9896099,org.jfree.chart.StandardChartThemeTest,testEquals
