org.jfree.chart.PieChartTest->org.jfree.chart.PieChartTest.createPieChart
org.jfree.chart.PieChartTest->org.jfree.data.general.DefaultPieDataset.setValue
org.jfree.data.general.DefaultPieDataset->org.jfree.data.DefaultKeyedValues.setValue
org.jfree.data.DefaultKeyedValues->org.jfree.data.DefaultKeyedValues.getIndex
org.jfree.data.general.DefaultPieDataset->org.jfree.data.general.DefaultPieDataset.fireDatasetChanged
org.jfree.data.general.AbstractDataset->org.jfree.data.general.AbstractDataset.notifyListeners
org.jfree.chart.PieChartTest->org.jfree.data.general.DefaultPieDataset.setValue
org.jfree.data.general.DefaultPieDataset->org.jfree.data.DefaultKeyedValues.setValue
org.jfree.data.DefaultKeyedValues->org.jfree.data.DefaultKeyedValues.getIndex
org.jfree.data.general.DefaultPieDataset->org.jfree.data.general.DefaultPieDataset.fireDatasetChanged
org.jfree.data.general.AbstractDataset->org.jfree.data.general.AbstractDataset.notifyListeners
org.jfree.chart.PieChartTest->org.jfree.data.general.DefaultPieDataset.setValue
org.jfree.data.general.DefaultPieDataset->org.jfree.data.DefaultKeyedValues.setValue
org.jfree.data.DefaultKeyedValues->org.jfree.data.DefaultKeyedValues.getIndex
org.jfree.data.general.DefaultPieDataset->org.jfree.data.general.DefaultPieDataset.fireDatasetChanged
org.jfree.data.general.AbstractDataset->org.jfree.data.general.AbstractDataset.notifyListeners
org.jfree.chart.PieChartTest->org.jfree.chart.ChartFactory.createPieChart
org.jfree.chart.StandardChartTheme->org.jfree.chart.util.ParamChecks.nullNotPermitted
org.jfree.chart.StandardChartTheme->org.jfree.chart.StandardChartTheme.createDefaultFont
org.jfree.chart.StandardChartTheme->org.jfree.chart.StandardChartTheme.createDefaultFont
org.jfree.chart.StandardChartTheme->org.jfree.chart.StandardChartTheme.createDefaultFont
org.jfree.chart.StandardChartTheme->org.jfree.chart.StandardChartTheme.createDefaultFont
org.jfree.chart.drawable.ColorPainter->org.jfree.chart.util.ParamChecks.nullNotPermitted
org.jfree.chart.plot.DefaultDrawingSupplier->org.jfree.chart.ChartColor.createDefaultPaintArray
org.jfree.chart.plot.DefaultDrawingSupplier->org.jfree.chart.plot.DefaultDrawingSupplier.createStandardSeriesShapes
org.jfree.chart.plot.DefaultDrawingSupplier->org.jfree.chart.plot.DefaultDrawingSupplier.intArray
org.jfree.chart.plot.DefaultDrawingSupplier->org.jfree.chart.plot.DefaultDrawingSupplier.intArray
org.jfree.chart.plot.DefaultDrawingSupplier->org.jfree.chart.plot.DefaultDrawingSupplier.intArray
org.jfree.chart.plot.DefaultDrawingSupplier->org.jfree.chart.plot.DefaultDrawingSupplier.intArray
org.jfree.chart.plot.DefaultDrawingSupplier->org.jfree.chart.plot.DefaultDrawingSupplier.intArray
org.jfree.chart.plot.DefaultDrawingSupplier->org.jfree.chart.plot.DefaultDrawingSupplier.intArray
org.jfree.chart.plot.DefaultDrawingSupplier->org.jfree.chart.plot.DefaultDrawingSupplier.intArray
org.jfree.chart.plot.DefaultDrawingSupplier->org.jfree.chart.plot.DefaultDrawingSupplier.intArray
org.jfree.chart.plot.DefaultDrawingSupplier->org.jfree.chart.plot.DefaultDrawingSupplier.intArray
org.jfree.chart.plot.DefaultDrawingSupplier->org.jfree.chart.plot.DefaultDrawingSupplier.intArray
org.jfree.chart.plot.DefaultDrawingSupplier->org.jfree.chart.Colors.getDefaultColors
org.jfree.chart.Colors->org.jfree.chart.Colors.createFancyLightColors
org.jfree.chart.drawable.ColorPainter->org.jfree.chart.util.ParamChecks.nullNotPermitted
org.jfree.chart.plot.PiePlot->org.jfree.chart.util.ResourceBundleWrapper.getBundle
org.jfree.chart.drawable.ColorPainter->org.jfree.chart.util.ParamChecks.nullNotPermitted
org.jfree.chart.plot.DefaultDrawingSupplier->org.jfree.chart.Colors.getDefaultColors
org.jfree.chart.Colors->org.jfree.chart.Colors.createFancyLightColors
org.jfree.chart.plot.PiePlot->org.jfree.data.general.PieDataset.addChangeListener
org.jfree.chart.ChartFactory->org.jfree.chart.plot.PiePlot.setLabelGenerator
org.jfree.chart.plot.PiePlot->org.jfree.chart.plot.PiePlot.fireChangeEvent
org.jfree.chart.plot.Plot->org.jfree.chart.plot.Plot.notifyListeners
org.jfree.chart.ChartFactory->org.jfree.chart.plot.PiePlot.setInsets
org.jfree.chart.plot.Plot->org.jfree.chart.plot.Plot.setInsets
org.jfree.chart.plot.Plot->org.jfree.chart.util.ParamChecks.nullNotPermitted
org.jfree.chart.plot.Plot->org.jfree.chart.ui.RectangleInsets.equals
org.jfree.chart.plot.Plot->org.jfree.chart.plot.Plot.fireChangeEvent
org.jfree.chart.plot.Plot->org.jfree.chart.plot.Plot.notifyListeners
org.jfree.chart.ChartFactory->org.jfree.chart.plot.PiePlot.setToolTipGenerator
org.jfree.chart.plot.PiePlot->org.jfree.chart.plot.PiePlot.fireChangeEvent
org.jfree.chart.plot.Plot->org.jfree.chart.plot.Plot.notifyListeners
org.jfree.chart.JFreeChart->org.jfree.chart.util.ParamChecks.nullNotPermitted
org.jfree.chart.drawable.ColorPainter->org.jfree.chart.util.ParamChecks.nullNotPermitted
org.jfree.chart.JFreeChart->org.jfree.chart.plot.Plot.addChangeListener
org.jfree.chart.title.Title->org.jfree.chart.util.ParamChecks.nullNotPermitted
org.jfree.chart.title.Title->org.jfree.chart.util.ParamChecks.nullNotPermitted
org.jfree.chart.title.Title->org.jfree.chart.util.ParamChecks.nullNotPermitted
org.jfree.chart.title.Title->org.jfree.chart.util.ParamChecks.nullNotPermitted
org.jfree.chart.title.Title->org.jfree.chart.title.Title.setPadding
org.jfree.chart.block.AbstractBlock->org.jfree.chart.util.ParamChecks.nullNotPermitted
org.jfree.chart.JFreeChart->org.jfree.chart.title.LegendTitle.setMargin
org.jfree.chart.block.AbstractBlock->org.jfree.chart.util.ParamChecks.nullNotPermitted
org.jfree.chart.JFreeChart->org.jfree.chart.title.LegendTitle.setHorizontalAlignment
org.jfree.chart.title.Title->org.jfree.chart.util.ParamChecks.nullNotPermitted
org.jfree.chart.title.Title->org.jfree.chart.title.Title.fireChangeEvent
org.jfree.chart.title.Title->org.jfree.chart.title.Title.notifyListeners
org.jfree.chart.JFreeChart->org.jfree.chart.title.LegendTitle.setBackgroundPaint
org.jfree.chart.title.LegendTitle->org.jfree.chart.title.LegendTitle.notifyListeners
org.jfree.chart.JFreeChart->org.jfree.chart.title.LegendTitle.setPosition
org.jfree.chart.title.Title->org.jfree.chart.util.ParamChecks.nullNotPermitted
org.jfree.chart.title.Title->org.jfree.chart.title.Title.fireChangeEvent
org.jfree.chart.title.Title->org.jfree.chart.title.Title.notifyListeners
org.jfree.chart.JFreeChart->org.jfree.chart.title.LegendTitle.addChangeListener
org.jfree.chart.title.Title->org.jfree.chart.util.ParamChecks.nullNotPermitted
org.jfree.chart.title.Title->org.jfree.chart.util.ParamChecks.nullNotPermitted
org.jfree.chart.title.Title->org.jfree.chart.util.ParamChecks.nullNotPermitted
org.jfree.chart.title.Title->org.jfree.chart.util.ParamChecks.nullNotPermitted
org.jfree.chart.title.Title->org.jfree.chart.title.Title.setPadding
org.jfree.chart.block.AbstractBlock->org.jfree.chart.util.ParamChecks.nullNotPermitted
org.jfree.chart.title.TextTitle->org.jfree.chart.util.ParamChecks.nullNotPermitted
org.jfree.chart.title.TextTitle->org.jfree.chart.util.ParamChecks.nullNotPermitted
org.jfree.chart.title.TextTitle->org.jfree.chart.util.ParamChecks.nullNotPermitted
org.jfree.chart.JFreeChart->org.jfree.chart.title.TextTitle.addChangeListener
org.jfree.chart.ChartFactory->org.jfree.chart.ChartTheme.apply
org.jfree.chart.StandardChartTheme->org.jfree.chart.util.ParamChecks.nullNotPermitted
org.jfree.chart.StandardChartTheme->org.jfree.chart.JFreeChart.getTitle
org.jfree.chart.StandardChartTheme->org.jfree.chart.title.TextTitle.setFont
org.jfree.chart.title.TextTitle->org.jfree.chart.util.ParamChecks.nullNotPermitted
org.jfree.chart.title.TextTitle->org.jfree.chart.title.TextTitle.fireChangeEvent
org.jfree.chart.title.Title->org.jfree.chart.title.Title.notifyListeners
org.jfree.chart.title.Title->org.jfree.chart.event.TitleChangeListener.titleChanged
org.jfree.chart.JFreeChart->org.jfree.chart.event.TitleChangeEvent.setChart
org.jfree.chart.JFreeChart->org.jfree.chart.JFreeChart.notifyListeners
org.jfree.chart.StandardChartTheme->org.jfree.chart.title.TextTitle.setPaint
org.jfree.chart.title.TextTitle->org.jfree.chart.util.ParamChecks.nullNotPermitted
org.jfree.chart.title.TextTitle->org.jfree.chart.title.TextTitle.fireChangeEvent
org.jfree.chart.title.Title->org.jfree.chart.title.Title.notifyListeners
org.jfree.chart.title.Title->org.jfree.chart.event.TitleChangeListener.titleChanged
org.jfree.chart.JFreeChart->org.jfree.chart.event.TitleChangeEvent.setChart
org.jfree.chart.JFreeChart->org.jfree.chart.JFreeChart.notifyListeners
org.jfree.chart.StandardChartTheme->org.jfree.chart.JFreeChart.getSubtitleCount
org.jfree.chart.StandardChartTheme->org.jfree.chart.JFreeChart.getSubtitle
org.jfree.chart.JFreeChart->org.jfree.chart.JFreeChart.getSubtitleCount
org.jfree.chart.StandardChartTheme->org.jfree.chart.StandardChartTheme.applyToTitle
org.jfree.chart.StandardChartTheme->org.jfree.chart.title.LegendTitle.getBackgroundPaint
org.jfree.chart.StandardChartTheme->org.jfree.chart.title.LegendTitle.setBackgroundPaint
org.jfree.chart.title.LegendTitle->org.jfree.chart.title.LegendTitle.notifyListeners
org.jfree.chart.title.Title->org.jfree.chart.event.TitleChangeListener.titleChanged
org.jfree.chart.JFreeChart->org.jfree.chart.event.TitleChangeEvent.setChart
org.jfree.chart.JFreeChart->org.jfree.chart.JFreeChart.notifyListeners
org.jfree.chart.StandardChartTheme->org.jfree.chart.title.LegendTitle.setItemFont
org.jfree.chart.title.LegendTitle->org.jfree.chart.title.LegendTitle.notifyListeners
org.jfree.chart.title.Title->org.jfree.chart.event.TitleChangeListener.titleChanged
org.jfree.chart.JFreeChart->org.jfree.chart.event.TitleChangeEvent.setChart
org.jfree.chart.JFreeChart->org.jfree.chart.JFreeChart.notifyListeners
org.jfree.chart.StandardChartTheme->org.jfree.chart.title.LegendTitle.setItemPaint
org.jfree.chart.title.LegendTitle->org.jfree.chart.title.LegendTitle.notifyListeners
org.jfree.chart.title.Title->org.jfree.chart.event.TitleChangeListener.titleChanged
org.jfree.chart.JFreeChart->org.jfree.chart.event.TitleChangeEvent.setChart
org.jfree.chart.JFreeChart->org.jfree.chart.JFreeChart.notifyListeners
org.jfree.chart.StandardChartTheme->org.jfree.chart.title.LegendTitle.getWrapper
org.jfree.chart.StandardChartTheme->org.jfree.chart.JFreeChart.setBackgroundPainter
org.jfree.chart.JFreeChart->org.jfree.chart.JFreeChart.fireChartChanged
org.jfree.chart.JFreeChart->org.jfree.chart.JFreeChart.notifyListeners
org.jfree.chart.StandardChartTheme->org.jfree.chart.JFreeChart.getPlot
org.jfree.chart.StandardChartTheme->org.jfree.chart.StandardChartTheme.applyToPlot
org.jfree.chart.StandardChartTheme->org.jfree.chart.util.ParamChecks.nullNotPermitted
org.jfree.chart.StandardChartTheme->org.jfree.chart.plot.Plot.getDrawingSupplier
org.jfree.chart.plot.Plot->org.jfree.chart.plot.Plot.getParent
org.jfree.chart.StandardChartTheme->org.jfree.chart.StandardChartTheme.getDrawingSupplier
org.jfree.chart.StandardChartTheme->org.jfree.chart.util.PublicCloneable.clone
org.jfree.chart.StandardChartTheme->org.jfree.chart.plot.Plot.setDrawingSupplier
org.jfree.chart.plot.Plot->org.jfree.chart.plot.Plot.fireChangeEvent
org.jfree.chart.plot.Plot->org.jfree.chart.plot.Plot.notifyListeners
org.jfree.chart.plot.Plot->org.jfree.chart.event.PlotChangeListener.plotChanged
org.jfree.chart.JFreeChart->org.jfree.chart.event.PlotChangeEvent.setChart
org.jfree.chart.JFreeChart->org.jfree.chart.JFreeChart.notifyListeners
org.jfree.chart.StandardChartTheme->org.jfree.chart.plot.Plot.setBackgroundPainter
org.jfree.chart.plot.Plot->org.jfree.chart.plot.Plot.fireChangeEvent
org.jfree.chart.plot.Plot->org.jfree.chart.plot.Plot.notifyListeners
org.jfree.chart.plot.Plot->org.jfree.chart.event.PlotChangeListener.plotChanged
org.jfree.chart.JFreeChart->org.jfree.chart.event.PlotChangeEvent.setChart
org.jfree.chart.JFreeChart->org.jfree.chart.JFreeChart.notifyListeners
org.jfree.chart.StandardChartTheme->org.jfree.chart.plot.Plot.setBorderPainter
org.jfree.chart.plot.Plot->org.jfree.chart.plot.Plot.fireChangeEvent
org.jfree.chart.plot.Plot->org.jfree.chart.plot.Plot.notifyListeners
org.jfree.chart.plot.Plot->org.jfree.chart.event.PlotChangeListener.plotChanged
org.jfree.chart.JFreeChart->org.jfree.chart.event.PlotChangeEvent.setChart
org.jfree.chart.JFreeChart->org.jfree.chart.JFreeChart.notifyListeners
org.jfree.chart.StandardChartTheme->org.jfree.chart.StandardChartTheme.applyToPiePlot
org.jfree.chart.StandardChartTheme->org.jfree.chart.plot.PiePlot.setLabelLinkPaint
org.jfree.chart.plot.PiePlot->org.jfree.chart.plot.PiePlot.fireChangeEvent
org.jfree.chart.plot.Plot->org.jfree.chart.plot.Plot.notifyListeners
org.jfree.chart.plot.Plot->org.jfree.chart.event.PlotChangeListener.plotChanged
org.jfree.chart.JFreeChart->org.jfree.chart.event.PlotChangeEvent.setChart
org.jfree.chart.JFreeChart->org.jfree.chart.JFreeChart.notifyListeners
org.jfree.chart.StandardChartTheme->org.jfree.chart.plot.PiePlot.setLabelLinkStyle
org.jfree.chart.plot.PiePlot->org.jfree.chart.util.ParamChecks.nullNotPermitted
org.jfree.chart.plot.PiePlot->org.jfree.chart.plot.PiePlot.fireChangeEvent
org.jfree.chart.plot.Plot->org.jfree.chart.plot.Plot.notifyListeners
org.jfree.chart.plot.Plot->org.jfree.chart.event.PlotChangeListener.plotChanged
org.jfree.chart.JFreeChart->org.jfree.chart.event.PlotChangeEvent.setChart
org.jfree.chart.JFreeChart->org.jfree.chart.JFreeChart.notifyListeners
org.jfree.chart.StandardChartTheme->org.jfree.chart.plot.PiePlot.setLabelFont
org.jfree.chart.plot.PiePlot->org.jfree.chart.plot.PiePlot.fireChangeEvent
org.jfree.chart.plot.Plot->org.jfree.chart.plot.Plot.notifyListeners
org.jfree.chart.plot.Plot->org.jfree.chart.event.PlotChangeListener.plotChanged
org.jfree.chart.JFreeChart->org.jfree.chart.event.PlotChangeEvent.setChart
org.jfree.chart.JFreeChart->org.jfree.chart.JFreeChart.notifyListeners
org.jfree.chart.StandardChartTheme->org.jfree.chart.plot.PiePlot.setShadowGenerator
org.jfree.chart.plot.PiePlot->org.jfree.chart.plot.PiePlot.fireChangeEvent
org.jfree.chart.plot.Plot->org.jfree.chart.plot.Plot.notifyListeners
org.jfree.chart.plot.Plot->org.jfree.chart.event.PlotChangeListener.plotChanged
org.jfree.chart.JFreeChart->org.jfree.chart.event.PlotChangeEvent.setChart
org.jfree.chart.JFreeChart->org.jfree.chart.JFreeChart.notifyListeners
org.jfree.chart.StandardChartTheme->org.jfree.chart.plot.PiePlot.getAutoPopulateSectionPaint
org.jfree.chart.StandardChartTheme->org.jfree.chart.plot.PiePlot.clearSectionPaints
org.jfree.chart.plot.PiePlot->org.jfree.chart.PaintMap.clear
org.jfree.chart.StandardChartTheme->org.jfree.chart.plot.PiePlot.getAutoPopulateSectionOutlinePaint
org.jfree.chart.StandardChartTheme->org.jfree.chart.plot.PiePlot.getAutoPopulateSectionOutlineStroke
org.jfree.chart.PieChartTest->org.jfree.chart.JFreeChart.addChangeListener
org.jfree.chart.JFreeChart->org.jfree.chart.util.ParamChecks.nullNotPermitted
org.jfree.chart.PieChartTest->org.jfree.chart.JFreeChart.getPlot
org.jfree.chart.PieChartTest->org.jfree.chart.plot.PiePlot.setDataset
org.jfree.chart.plot.PiePlot->org.jfree.data.general.PieDataset.removeChangeListener
org.jfree.chart.plot.PiePlot->org.jfree.chart.plot.PiePlot.datasetChanged
org.jfree.chart.plot.Plot->org.jfree.chart.event.PlotChangeEvent.setType
org.jfree.chart.plot.Plot->org.jfree.chart.plot.Plot.notifyListeners
org.jfree.chart.plot.Plot->org.jfree.chart.event.PlotChangeListener.plotChanged
org.jfree.chart.JFreeChart->org.jfree.chart.event.PlotChangeEvent.setChart
org.jfree.chart.JFreeChart->org.jfree.chart.JFreeChart.notifyListeners
org.jfree.chart.JFreeChart->org.jfree.chart.event.ChartChangeListener.chartChanged
org.jfree.chart.PieChartTest->org.jfree.chart.PieChartTest$LocalListener.access$0
org.jfree.chart.PieChartTest->org.jfree.chart.plot.PiePlot.getDataset
