org.jfree.chart.StrokeMapTest->org.jfree.chart.StrokeMap.put
org.jfree.chart.StrokeMap->org.jfree.chart.util.ParamChecks.nullNotPermitted
org.jfree.chart.StrokeMapTest->org.jfree.chart.StrokeMap.getStroke
org.jfree.chart.StrokeMap->org.jfree.chart.util.ParamChecks.nullNotPermitted
org.jfree.chart.StrokeMapTest->org.jfree.chart.StrokeMap.put
org.jfree.chart.StrokeMap->org.jfree.chart.util.ParamChecks.nullNotPermitted
org.jfree.chart.StrokeMapTest->org.jfree.chart.StrokeMap.clone
org.jfree.chart.StrokeMapTest->org.jfree.chart.StrokeMap.put
org.jfree.chart.StrokeMap->org.jfree.chart.util.ParamChecks.nullNotPermitted
org.jfree.chart.StrokeMapTest->org.jfree.chart.StrokeMap.put
org.jfree.chart.StrokeMap->org.jfree.chart.util.ParamChecks.nullNotPermitted
org.jfree.chart.StrokeMapTest->org.jfree.chart.StrokeMap.clone
org.jfree.chart.StrokeMap->org.jfree.chart.StrokeMap.getStroke
org.jfree.chart.StrokeMap->org.jfree.chart.util.ParamChecks.nullNotPermitted
org.jfree.chart.StrokeMap->org.jfree.chart.StrokeMap.getStroke
org.jfree.chart.StrokeMap->org.jfree.chart.util.ParamChecks.nullNotPermitted
org.jfree.chart.StrokeMap->org.jfree.chart.util.ObjectUtils.equal
org.jfree.chart.StrokeMap->org.jfree.chart.StrokeMap.getStroke
org.jfree.chart.StrokeMap->org.jfree.chart.util.ParamChecks.nullNotPermitted
org.jfree.chart.StrokeMap->org.jfree.chart.StrokeMap.getStroke
org.jfree.chart.StrokeMap->org.jfree.chart.util.ParamChecks.nullNotPermitted
org.jfree.chart.StrokeMap->org.jfree.chart.util.ObjectUtils.equal
org.jfree.chart.StrokeMapTest->org.jfree.chart.StrokeMap.equals
org.jfree.chart.StrokeMapTest->org.jfree.chart.StrokeMap.equals
org.jfree.chart.StrokeMapTest->org.jfree.chart.StrokeMap.put
org.jfree.chart.StrokeMap->org.jfree.chart.util.ParamChecks.nullNotPermitted
org.jfree.chart.StrokeMapTest->org.jfree.chart.StrokeMap.equals
org.jfree.chart.StrokeMapTest->org.jfree.chart.StrokeMap.put
org.jfree.chart.StrokeMap->org.jfree.chart.util.ParamChecks.nullNotPermitted
org.jfree.chart.StrokeMap->org.jfree.chart.StrokeMap.getStroke
org.jfree.chart.StrokeMap->org.jfree.chart.util.ParamChecks.nullNotPermitted
org.jfree.chart.StrokeMap->org.jfree.chart.StrokeMap.getStroke
org.jfree.chart.StrokeMap->org.jfree.chart.util.ParamChecks.nullNotPermitted
org.jfree.chart.StrokeMap->org.jfree.chart.util.ObjectUtils.equal
org.jfree.chart.StrokeMapTest->org.jfree.chart.StrokeMap.put
org.jfree.chart.StrokeMap->org.jfree.chart.util.ParamChecks.nullNotPermitted
org.jfree.chart.StrokeMapTest->org.jfree.chart.StrokeMap.equals
org.jfree.chart.StrokeMapTest->org.jfree.chart.StrokeMap.put
org.jfree.chart.StrokeMap->org.jfree.chart.util.ParamChecks.nullNotPermitted
org.jfree.chart.StrokeMap->org.jfree.chart.StrokeMap.getStroke
org.jfree.chart.StrokeMap->org.jfree.chart.util.ParamChecks.nullNotPermitted
org.jfree.chart.StrokeMap->org.jfree.chart.StrokeMap.getStroke
org.jfree.chart.StrokeMap->org.jfree.chart.util.ParamChecks.nullNotPermitted
org.jfree.chart.StrokeMap->org.jfree.chart.util.ObjectUtils.equal
org.jfree.chart.StrokeMap->org.jfree.chart.StrokeMap.getStroke
org.jfree.chart.StrokeMap->org.jfree.chart.util.ParamChecks.nullNotPermitted
org.jfree.chart.StrokeMap->org.jfree.chart.StrokeMap.getStroke
org.jfree.chart.StrokeMap->org.jfree.chart.util.ParamChecks.nullNotPermitted
org.jfree.chart.StrokeMap->org.jfree.chart.util.ObjectUtils.equal
org.jfree.chart.StrokeMapTest->org.jfree.chart.StrokeMap.put
org.jfree.chart.StrokeMap->org.jfree.chart.util.ParamChecks.nullNotPermitted
org.jfree.chart.StrokeMapTest->org.jfree.chart.StrokeMap.equals
org.jfree.chart.StrokeMap->org.jfree.chart.StrokeMap.getStroke
org.jfree.chart.StrokeMap->org.jfree.chart.util.ParamChecks.nullNotPermitted
org.jfree.chart.StrokeMap->org.jfree.chart.StrokeMap.getStroke
org.jfree.chart.StrokeMap->org.jfree.chart.util.ParamChecks.nullNotPermitted
org.jfree.chart.StrokeMap->org.jfree.chart.util.ObjectUtils.equal
org.jfree.chart.StrokeMap->org.jfree.chart.StrokeMap.getStroke
org.jfree.chart.StrokeMap->org.jfree.chart.util.ParamChecks.nullNotPermitted
org.jfree.chart.StrokeMap->org.jfree.chart.StrokeMap.getStroke
org.jfree.chart.StrokeMap->org.jfree.chart.util.ParamChecks.nullNotPermitted
org.jfree.chart.StrokeMap->org.jfree.chart.util.ObjectUtils.equal
org.jfree.chart.StrokeMapTest->org.jfree.chart.StrokeMap.put
org.jfree.chart.StrokeMap->org.jfree.chart.util.ParamChecks.nullNotPermitted
org.jfree.chart.StrokeMap->org.jfree.chart.StrokeMap.getStroke
org.jfree.chart.StrokeMap->org.jfree.chart.util.ParamChecks.nullNotPermitted
org.jfree.chart.StrokeMap->org.jfree.chart.StrokeMap.getStroke
org.jfree.chart.StrokeMap->org.jfree.chart.util.ParamChecks.nullNotPermitted
org.jfree.chart.StrokeMap->org.jfree.chart.util.ObjectUtils.equal
org.jfree.chart.StrokeMap->org.jfree.chart.StrokeMap.getStroke
org.jfree.chart.StrokeMap->org.jfree.chart.util.ParamChecks.nullNotPermitted
org.jfree.chart.StrokeMap->org.jfree.chart.StrokeMap.getStroke
org.jfree.chart.StrokeMap->org.jfree.chart.util.ParamChecks.nullNotPermitted
org.jfree.chart.StrokeMap->org.jfree.chart.util.ObjectUtils.equal
org.jfree.chart.StrokeMapTest->org.jfree.chart.StrokeMap.getStroke
org.jfree.chart.StrokeMap->org.jfree.chart.util.ParamChecks.nullNotPermitted
org.jfree.chart.StrokeMapTest->org.jfree.chart.StrokeMap.put
org.jfree.chart.StrokeMap->org.jfree.chart.util.ParamChecks.nullNotPermitted
org.jfree.chart.StrokeMapTest->org.jfree.chart.StrokeMap.getStroke
org.jfree.chart.StrokeMap->org.jfree.chart.util.ParamChecks.nullNotPermitted
org.jfree.chart.StrokeMapTest->org.jfree.chart.StrokeMap.put
org.jfree.chart.StrokeMap->org.jfree.chart.util.ParamChecks.nullNotPermitted
org.jfree.chart.StrokeMapTest->org.jfree.chart.StrokeMap.getStroke
org.jfree.chart.StrokeMap->org.jfree.chart.util.ParamChecks.nullNotPermitted
org.jfree.chart.StrokeMapTest->org.jfree.chart.StrokeMap.getStroke
org.jfree.chart.StrokeMap->org.jfree.chart.util.ParamChecks.nullNotPermitted
org.jfree.chart.StrokeMapTest->org.jfree.chart.StrokeMap.put
org.jfree.chart.StrokeMap->org.jfree.chart.util.ParamChecks.nullNotPermitted
org.jfree.chart.StrokeMapTest->org.jfree.chart.StrokeMap.put
org.jfree.chart.StrokeMap->org.jfree.chart.util.ParamChecks.nullNotPermitted
org.jfree.chart.StrokeMap->org.jfree.chart.StrokeMap.getStroke
org.jfree.chart.StrokeMap->org.jfree.chart.util.ParamChecks.nullNotPermitted
org.jfree.chart.StrokeMap->org.jfree.chart.util.SerialUtils.writeStroke
org.jfree.chart.util.SerialUtils->org.jfree.chart.util.ParamChecks.nullNotPermitted
org.jfree.chart.StrokeMap->org.jfree.chart.StrokeMap.getStroke
org.jfree.chart.StrokeMap->org.jfree.chart.util.ParamChecks.nullNotPermitted
org.jfree.chart.StrokeMap->org.jfree.chart.util.SerialUtils.writeStroke
org.jfree.chart.util.SerialUtils->org.jfree.chart.util.ParamChecks.nullNotPermitted
org.jfree.chart.StrokeMap->org.jfree.chart.util.SerialUtils.readStroke
org.jfree.chart.util.SerialUtils->org.jfree.chart.util.ParamChecks.nullNotPermitted
org.jfree.chart.StrokeMap->org.jfree.chart.util.SerialUtils.readStroke
org.jfree.chart.util.SerialUtils->org.jfree.chart.util.ParamChecks.nullNotPermitted
org.jfree.chart.StrokeMap->org.jfree.chart.StrokeMap.getStroke
org.jfree.chart.StrokeMap->org.jfree.chart.util.ParamChecks.nullNotPermitted
org.jfree.chart.StrokeMap->org.jfree.chart.StrokeMap.getStroke
org.jfree.chart.StrokeMap->org.jfree.chart.util.ParamChecks.nullNotPermitted
org.jfree.chart.StrokeMap->org.jfree.chart.util.ObjectUtils.equal
org.jfree.chart.StrokeMap->org.jfree.chart.StrokeMap.getStroke
org.jfree.chart.StrokeMap->org.jfree.chart.util.ParamChecks.nullNotPermitted
org.jfree.chart.StrokeMap->org.jfree.chart.StrokeMap.getStroke
org.jfree.chart.StrokeMap->org.jfree.chart.util.ParamChecks.nullNotPermitted
org.jfree.chart.StrokeMap->org.jfree.chart.util.ObjectUtils.equal
