org.jfree.chart.PaintMapTest->org.jfree.chart.PaintMap.getPaint
org.jfree.chart.PaintMap->org.jfree.chart.util.ParamChecks.nullNotPermitted
org.jfree.chart.PaintMapTest->org.jfree.chart.PaintMap.put
org.jfree.chart.PaintMap->org.jfree.chart.util.ParamChecks.nullNotPermitted
org.jfree.chart.PaintMapTest->org.jfree.chart.PaintMap.getPaint
org.jfree.chart.PaintMap->org.jfree.chart.util.ParamChecks.nullNotPermitted
org.jfree.chart.PaintMapTest->org.jfree.chart.PaintMap.put
org.jfree.chart.PaintMap->org.jfree.chart.util.ParamChecks.nullNotPermitted
org.jfree.chart.PaintMapTest->org.jfree.chart.PaintMap.getPaint
org.jfree.chart.PaintMap->org.jfree.chart.util.ParamChecks.nullNotPermitted
org.jfree.chart.PaintMapTest->org.jfree.chart.PaintMap.getPaint
org.jfree.chart.PaintMap->org.jfree.chart.util.ParamChecks.nullNotPermitted
org.jfree.chart.PaintMapTest->org.jfree.chart.PaintMap.put
org.jfree.chart.PaintMap->org.jfree.chart.util.ParamChecks.nullNotPermitted
org.jfree.chart.PaintMapTest->org.jfree.chart.PaintMap.getPaint
org.jfree.chart.PaintMap->org.jfree.chart.util.ParamChecks.nullNotPermitted
org.jfree.chart.PaintMapTest->org.jfree.chart.PaintMap.put
org.jfree.chart.PaintMap->org.jfree.chart.util.ParamChecks.nullNotPermitted
org.jfree.chart.PaintMapTest->org.jfree.chart.PaintMap.put
org.jfree.chart.PaintMap->org.jfree.chart.util.ParamChecks.nullNotPermitted
org.jfree.chart.PaintMapTest->org.jfree.chart.PaintMap.put
org.jfree.chart.PaintMap->org.jfree.chart.util.ParamChecks.nullNotPermitted
org.jfree.chart.PaintMapTest->org.jfree.chart.PaintMap.getPaint
org.jfree.chart.PaintMap->org.jfree.chart.util.ParamChecks.nullNotPermitted
org.jfree.chart.PaintMapTest->org.jfree.chart.PaintMap.clone
org.jfree.chart.PaintMapTest->org.jfree.chart.PaintMap.put
org.jfree.chart.PaintMap->org.jfree.chart.util.ParamChecks.nullNotPermitted
org.jfree.chart.PaintMapTest->org.jfree.chart.PaintMap.put
org.jfree.chart.PaintMap->org.jfree.chart.util.ParamChecks.nullNotPermitted
org.jfree.chart.PaintMapTest->org.jfree.chart.PaintMap.clone
org.jfree.chart.PaintMap->org.jfree.chart.PaintMap.getPaint
org.jfree.chart.PaintMap->org.jfree.chart.util.ParamChecks.nullNotPermitted
org.jfree.chart.PaintMap->org.jfree.chart.PaintMap.getPaint
org.jfree.chart.PaintMap->org.jfree.chart.util.ParamChecks.nullNotPermitted
org.jfree.chart.PaintMap->org.jfree.chart.util.PaintUtils.equal
org.jfree.chart.PaintMap->org.jfree.chart.PaintMap.getPaint
org.jfree.chart.PaintMap->org.jfree.chart.util.ParamChecks.nullNotPermitted
org.jfree.chart.PaintMap->org.jfree.chart.PaintMap.getPaint
org.jfree.chart.PaintMap->org.jfree.chart.util.ParamChecks.nullNotPermitted
org.jfree.chart.PaintMap->org.jfree.chart.util.PaintUtils.equal
org.jfree.chart.PaintMapTest->org.jfree.chart.PaintMap.equals
org.jfree.chart.PaintMapTest->org.jfree.chart.PaintMap.equals
org.jfree.chart.PaintMapTest->org.jfree.chart.PaintMap.put
org.jfree.chart.PaintMap->org.jfree.chart.util.ParamChecks.nullNotPermitted
org.jfree.chart.PaintMapTest->org.jfree.chart.PaintMap.equals
org.jfree.chart.PaintMapTest->org.jfree.chart.PaintMap.put
org.jfree.chart.PaintMap->org.jfree.chart.util.ParamChecks.nullNotPermitted
org.jfree.chart.PaintMap->org.jfree.chart.PaintMap.getPaint
org.jfree.chart.PaintMap->org.jfree.chart.util.ParamChecks.nullNotPermitted
org.jfree.chart.PaintMap->org.jfree.chart.PaintMap.getPaint
org.jfree.chart.PaintMap->org.jfree.chart.util.ParamChecks.nullNotPermitted
org.jfree.chart.PaintMap->org.jfree.chart.util.PaintUtils.equal
org.jfree.chart.PaintMapTest->org.jfree.chart.PaintMap.put
org.jfree.chart.PaintMap->org.jfree.chart.util.ParamChecks.nullNotPermitted
org.jfree.chart.PaintMapTest->org.jfree.chart.PaintMap.equals
org.jfree.chart.PaintMapTest->org.jfree.chart.PaintMap.put
org.jfree.chart.PaintMap->org.jfree.chart.util.ParamChecks.nullNotPermitted
org.jfree.chart.PaintMap->org.jfree.chart.PaintMap.getPaint
org.jfree.chart.PaintMap->org.jfree.chart.util.ParamChecks.nullNotPermitted
org.jfree.chart.PaintMap->org.jfree.chart.PaintMap.getPaint
org.jfree.chart.PaintMap->org.jfree.chart.util.ParamChecks.nullNotPermitted
org.jfree.chart.PaintMap->org.jfree.chart.util.PaintUtils.equal
org.jfree.chart.PaintMap->org.jfree.chart.PaintMap.getPaint
org.jfree.chart.PaintMap->org.jfree.chart.util.ParamChecks.nullNotPermitted
org.jfree.chart.PaintMap->org.jfree.chart.PaintMap.getPaint
org.jfree.chart.PaintMap->org.jfree.chart.util.ParamChecks.nullNotPermitted
org.jfree.chart.PaintMap->org.jfree.chart.util.PaintUtils.equal
org.jfree.chart.PaintMapTest->org.jfree.chart.PaintMap.put
org.jfree.chart.PaintMap->org.jfree.chart.util.ParamChecks.nullNotPermitted
org.jfree.chart.PaintMapTest->org.jfree.chart.PaintMap.equals
org.jfree.chart.PaintMap->org.jfree.chart.PaintMap.getPaint
org.jfree.chart.PaintMap->org.jfree.chart.util.ParamChecks.nullNotPermitted
org.jfree.chart.PaintMap->org.jfree.chart.PaintMap.getPaint
org.jfree.chart.PaintMap->org.jfree.chart.util.ParamChecks.nullNotPermitted
org.jfree.chart.PaintMap->org.jfree.chart.util.PaintUtils.equal
org.jfree.chart.PaintMap->org.jfree.chart.PaintMap.getPaint
org.jfree.chart.PaintMap->org.jfree.chart.util.ParamChecks.nullNotPermitted
org.jfree.chart.PaintMap->org.jfree.chart.PaintMap.getPaint
org.jfree.chart.PaintMap->org.jfree.chart.util.ParamChecks.nullNotPermitted
org.jfree.chart.PaintMap->org.jfree.chart.util.PaintUtils.equal
org.jfree.chart.PaintMapTest->org.jfree.chart.PaintMap.put
org.jfree.chart.PaintMap->org.jfree.chart.util.ParamChecks.nullNotPermitted
org.jfree.chart.PaintMap->org.jfree.chart.PaintMap.getPaint
org.jfree.chart.PaintMap->org.jfree.chart.util.ParamChecks.nullNotPermitted
org.jfree.chart.PaintMap->org.jfree.chart.PaintMap.getPaint
org.jfree.chart.PaintMap->org.jfree.chart.util.ParamChecks.nullNotPermitted
org.jfree.chart.PaintMap->org.jfree.chart.util.PaintUtils.equal
org.jfree.chart.PaintMap->org.jfree.chart.PaintMap.getPaint
org.jfree.chart.PaintMap->org.jfree.chart.util.ParamChecks.nullNotPermitted
org.jfree.chart.PaintMap->org.jfree.chart.PaintMap.getPaint
org.jfree.chart.PaintMap->org.jfree.chart.util.ParamChecks.nullNotPermitted
org.jfree.chart.PaintMap->org.jfree.chart.util.PaintUtils.equal
org.jfree.chart.PaintMapTest->org.jfree.chart.PaintMap.put
org.jfree.chart.PaintMap->org.jfree.chart.util.ParamChecks.nullNotPermitted
org.jfree.chart.PaintMapTest->org.jfree.chart.PaintMap.put
org.jfree.chart.PaintMap->org.jfree.chart.util.ParamChecks.nullNotPermitted
org.jfree.chart.PaintMap->org.jfree.chart.PaintMap.getPaint
org.jfree.chart.PaintMap->org.jfree.chart.util.ParamChecks.nullNotPermitted
org.jfree.chart.PaintMap->org.jfree.chart.util.SerialUtils.writePaint
org.jfree.chart.util.SerialUtils->org.jfree.chart.util.ParamChecks.nullNotPermitted
org.jfree.chart.PaintMap->org.jfree.chart.PaintMap.getPaint
org.jfree.chart.PaintMap->org.jfree.chart.util.ParamChecks.nullNotPermitted
org.jfree.chart.PaintMap->org.jfree.chart.util.SerialUtils.writePaint
org.jfree.chart.util.SerialUtils->org.jfree.chart.util.ParamChecks.nullNotPermitted
org.jfree.chart.PaintMap->org.jfree.chart.util.SerialUtils.readPaint
org.jfree.chart.util.SerialUtils->org.jfree.chart.util.ParamChecks.nullNotPermitted
org.jfree.chart.util.SerialUtils->org.jfree.chart.util.SerialUtils.isSerializable
org.jfree.chart.PaintMap->org.jfree.chart.util.SerialUtils.readPaint
org.jfree.chart.util.SerialUtils->org.jfree.chart.util.ParamChecks.nullNotPermitted
org.jfree.chart.util.SerialUtils->org.jfree.chart.util.SerialUtils.isSerializable
org.jfree.chart.PaintMap->org.jfree.chart.PaintMap.getPaint
org.jfree.chart.PaintMap->org.jfree.chart.util.ParamChecks.nullNotPermitted
org.jfree.chart.PaintMap->org.jfree.chart.PaintMap.getPaint
org.jfree.chart.PaintMap->org.jfree.chart.util.ParamChecks.nullNotPermitted
org.jfree.chart.PaintMap->org.jfree.chart.util.PaintUtils.equal
org.jfree.chart.PaintMap->org.jfree.chart.PaintMap.getPaint
org.jfree.chart.PaintMap->org.jfree.chart.util.ParamChecks.nullNotPermitted
org.jfree.chart.PaintMap->org.jfree.chart.PaintMap.getPaint
org.jfree.chart.PaintMap->org.jfree.chart.util.ParamChecks.nullNotPermitted
org.jfree.chart.PaintMap->org.jfree.chart.util.PaintUtils.equal
