org.jfree.chart.ChartRenderingInfoTest->org.jfree.chart.ChartRenderingInfo.setChartArea
org.jfree.chart.plot.PlotRenderingInfo->org.jfree.chart.util.SerialUtils.writeShape
org.jfree.chart.util.SerialUtils->org.jfree.chart.util.ParamChecks.nullNotPermitted
org.jfree.chart.plot.PlotRenderingInfo->org.jfree.chart.util.SerialUtils.writeShape
org.jfree.chart.util.SerialUtils->org.jfree.chart.util.ParamChecks.nullNotPermitted
org.jfree.chart.ChartRenderingInfo->org.jfree.chart.util.SerialUtils.writeShape
org.jfree.chart.util.SerialUtils->org.jfree.chart.util.ParamChecks.nullNotPermitted
org.jfree.chart.plot.PlotRenderingInfo->org.jfree.chart.util.SerialUtils.readShape
org.jfree.chart.util.SerialUtils->org.jfree.chart.util.ParamChecks.nullNotPermitted
org.jfree.chart.plot.PlotRenderingInfo->org.jfree.chart.util.SerialUtils.readShape
org.jfree.chart.util.SerialUtils->org.jfree.chart.util.ParamChecks.nullNotPermitted
org.jfree.chart.ChartRenderingInfo->org.jfree.chart.util.SerialUtils.readShape
org.jfree.chart.util.SerialUtils->org.jfree.chart.util.ParamChecks.nullNotPermitted
org.jfree.chart.ChartRenderingInfo->org.jfree.chart.util.ObjectUtils.equal
org.jfree.chart.ChartRenderingInfo->org.jfree.chart.util.ObjectUtils.equal
org.jfree.chart.plot.PlotRenderingInfo->org.jfree.chart.util.ObjectUtils.equal
org.jfree.chart.plot.PlotRenderingInfo->org.jfree.chart.util.ObjectUtils.equal
org.jfree.chart.plot.PlotRenderingInfo->org.jfree.chart.util.ObjectUtils.equal
org.jfree.chart.ChartRenderingInfo->org.jfree.chart.util.ObjectUtils.equal
org.jfree.chart.entity.StandardEntityCollection->org.jfree.chart.util.ObjectUtils.equal
org.jfree.chart.ChartRenderingInfoTest->org.jfree.chart.ChartRenderingInfo.clone
org.jfree.chart.ChartRenderingInfo->org.jfree.chart.util.PublicCloneable.clone
org.jfree.chart.ChartRenderingInfo->org.jfree.chart.util.ObjectUtils.equal
org.jfree.chart.ChartRenderingInfo->org.jfree.chart.util.ObjectUtils.equal
org.jfree.chart.ChartRenderingInfo->org.jfree.chart.util.ObjectUtils.equal
org.jfree.chart.entity.StandardEntityCollection->org.jfree.chart.util.ObjectUtils.equal
org.jfree.chart.ChartRenderingInfoTest->org.jfree.chart.ChartRenderingInfo.getChartArea
org.jfree.chart.ChartRenderingInfoTest->org.jfree.chart.ChartRenderingInfo.equals
org.jfree.chart.ChartRenderingInfo->org.jfree.chart.util.ObjectUtils.equal
org.jfree.chart.ChartRenderingInfoTest->org.jfree.chart.ChartRenderingInfo.getChartArea
org.jfree.chart.ChartRenderingInfo->org.jfree.chart.util.ObjectUtils.equal
org.jfree.chart.ChartRenderingInfo->org.jfree.chart.util.ObjectUtils.equal
org.jfree.chart.ChartRenderingInfo->org.jfree.chart.util.ObjectUtils.equal
org.jfree.chart.entity.StandardEntityCollection->org.jfree.chart.util.ObjectUtils.equal
org.jfree.chart.ChartRenderingInfoTest->org.jfree.chart.ChartRenderingInfo.getEntityCollection
org.jfree.chart.ChartRenderingInfoTest->org.jfree.chart.entity.EntityCollection.add
org.jfree.chart.ChartRenderingInfoTest->org.jfree.chart.ChartRenderingInfo.equals
org.jfree.chart.ChartRenderingInfo->org.jfree.chart.util.ObjectUtils.equal
org.jfree.chart.ChartRenderingInfo->org.jfree.chart.util.ObjectUtils.equal
org.jfree.chart.ChartRenderingInfo->org.jfree.chart.util.ObjectUtils.equal
org.jfree.chart.entity.StandardEntityCollection->org.jfree.chart.util.ObjectUtils.equal
org.jfree.chart.ChartRenderingInfoTest->org.jfree.chart.ChartRenderingInfo.getEntityCollection
org.jfree.chart.ChartRenderingInfoTest->org.jfree.chart.entity.EntityCollection.add
org.jfree.chart.ChartRenderingInfo->org.jfree.chart.util.ObjectUtils.equal
org.jfree.chart.ChartRenderingInfo->org.jfree.chart.util.ObjectUtils.equal
org.jfree.chart.ChartRenderingInfo->org.jfree.chart.util.ObjectUtils.equal
org.jfree.chart.entity.StandardEntityCollection->org.jfree.chart.util.ObjectUtils.equal
org.jfree.chart.entity.ChartEntity->org.jfree.chart.util.ObjectUtils.equal
org.jfree.chart.entity.ChartEntity->org.jfree.chart.util.ObjectUtils.equal
org.jfree.chart.ChartRenderingInfo->org.jfree.chart.util.ObjectUtils.equal
org.jfree.chart.ChartRenderingInfo->org.jfree.chart.util.ObjectUtils.equal
org.jfree.chart.plot.PlotRenderingInfo->org.jfree.chart.util.ObjectUtils.equal
org.jfree.chart.plot.PlotRenderingInfo->org.jfree.chart.util.ObjectUtils.equal
org.jfree.chart.plot.PlotRenderingInfo->org.jfree.chart.util.ObjectUtils.equal
org.jfree.chart.ChartRenderingInfo->org.jfree.chart.util.ObjectUtils.equal
org.jfree.chart.entity.StandardEntityCollection->org.jfree.chart.util.ObjectUtils.equal
org.jfree.chart.ChartRenderingInfoTest->org.jfree.chart.ChartRenderingInfo.setChartArea
org.jfree.chart.ChartRenderingInfoTest->org.jfree.chart.ChartRenderingInfo.equals
org.jfree.chart.ChartRenderingInfo->org.jfree.chart.util.ObjectUtils.equal
org.jfree.chart.ChartRenderingInfoTest->org.jfree.chart.ChartRenderingInfo.setChartArea
org.jfree.chart.ChartRenderingInfo->org.jfree.chart.util.ObjectUtils.equal
org.jfree.chart.ChartRenderingInfo->org.jfree.chart.util.ObjectUtils.equal
org.jfree.chart.plot.PlotRenderingInfo->org.jfree.chart.util.ObjectUtils.equal
org.jfree.chart.plot.PlotRenderingInfo->org.jfree.chart.util.ObjectUtils.equal
org.jfree.chart.plot.PlotRenderingInfo->org.jfree.chart.util.ObjectUtils.equal
org.jfree.chart.ChartRenderingInfo->org.jfree.chart.util.ObjectUtils.equal
org.jfree.chart.entity.StandardEntityCollection->org.jfree.chart.util.ObjectUtils.equal
org.jfree.chart.ChartRenderingInfoTest->org.jfree.chart.ChartRenderingInfo.getPlotInfo
org.jfree.chart.ChartRenderingInfoTest->org.jfree.chart.plot.PlotRenderingInfo.setDataArea
org.jfree.chart.ChartRenderingInfoTest->org.jfree.chart.ChartRenderingInfo.equals
org.jfree.chart.ChartRenderingInfo->org.jfree.chart.util.ObjectUtils.equal
org.jfree.chart.ChartRenderingInfo->org.jfree.chart.util.ObjectUtils.equal
org.jfree.chart.plot.PlotRenderingInfo->org.jfree.chart.util.ObjectUtils.equal
org.jfree.chart.ChartRenderingInfoTest->org.jfree.chart.ChartRenderingInfo.getPlotInfo
org.jfree.chart.ChartRenderingInfoTest->org.jfree.chart.plot.PlotRenderingInfo.setDataArea
org.jfree.chart.ChartRenderingInfo->org.jfree.chart.util.ObjectUtils.equal
org.jfree.chart.ChartRenderingInfo->org.jfree.chart.util.ObjectUtils.equal
org.jfree.chart.plot.PlotRenderingInfo->org.jfree.chart.util.ObjectUtils.equal
org.jfree.chart.plot.PlotRenderingInfo->org.jfree.chart.util.ObjectUtils.equal
org.jfree.chart.plot.PlotRenderingInfo->org.jfree.chart.util.ObjectUtils.equal
org.jfree.chart.ChartRenderingInfo->org.jfree.chart.util.ObjectUtils.equal
org.jfree.chart.entity.StandardEntityCollection->org.jfree.chart.util.ObjectUtils.equal
org.jfree.chart.ChartRenderingInfoTest->org.jfree.chart.entity.StandardEntityCollection.add
org.jfree.chart.ChartRenderingInfoTest->org.jfree.chart.ChartRenderingInfo.setEntityCollection
org.jfree.chart.ChartRenderingInfoTest->org.jfree.chart.ChartRenderingInfo.equals
org.jfree.chart.ChartRenderingInfo->org.jfree.chart.util.ObjectUtils.equal
org.jfree.chart.ChartRenderingInfo->org.jfree.chart.util.ObjectUtils.equal
org.jfree.chart.plot.PlotRenderingInfo->org.jfree.chart.util.ObjectUtils.equal
org.jfree.chart.plot.PlotRenderingInfo->org.jfree.chart.util.ObjectUtils.equal
org.jfree.chart.plot.PlotRenderingInfo->org.jfree.chart.util.ObjectUtils.equal
org.jfree.chart.ChartRenderingInfo->org.jfree.chart.util.ObjectUtils.equal
org.jfree.chart.entity.StandardEntityCollection->org.jfree.chart.util.ObjectUtils.equal
org.jfree.chart.ChartRenderingInfoTest->org.jfree.chart.entity.StandardEntityCollection.add
org.jfree.chart.ChartRenderingInfoTest->org.jfree.chart.ChartRenderingInfo.setEntityCollection
org.jfree.chart.ChartRenderingInfoTest->org.jfree.chart.ChartRenderingInfo.getPlotInfo
org.jfree.chart.ChartRenderingInfoTest->org.jfree.chart.plot.PlotRenderingInfo.setDataArea
org.jfree.chart.plot.PlotRenderingInfo->org.jfree.chart.util.SerialUtils.writeShape
org.jfree.chart.util.SerialUtils->org.jfree.chart.util.ParamChecks.nullNotPermitted
org.jfree.chart.plot.PlotRenderingInfo->org.jfree.chart.util.SerialUtils.writeShape
org.jfree.chart.util.SerialUtils->org.jfree.chart.util.ParamChecks.nullNotPermitted
org.jfree.chart.ChartRenderingInfo->org.jfree.chart.util.SerialUtils.writeShape
org.jfree.chart.util.SerialUtils->org.jfree.chart.util.ParamChecks.nullNotPermitted
org.jfree.chart.plot.PlotRenderingInfo->org.jfree.chart.util.SerialUtils.readShape
org.jfree.chart.util.SerialUtils->org.jfree.chart.util.ParamChecks.nullNotPermitted
org.jfree.chart.plot.PlotRenderingInfo->org.jfree.chart.util.SerialUtils.readShape
org.jfree.chart.util.SerialUtils->org.jfree.chart.util.ParamChecks.nullNotPermitted
org.jfree.chart.ChartRenderingInfo->org.jfree.chart.util.SerialUtils.readShape
org.jfree.chart.util.SerialUtils->org.jfree.chart.util.ParamChecks.nullNotPermitted
org.jfree.chart.ChartRenderingInfo->org.jfree.chart.util.ObjectUtils.equal
org.jfree.chart.ChartRenderingInfo->org.jfree.chart.util.ObjectUtils.equal
org.jfree.chart.plot.PlotRenderingInfo->org.jfree.chart.util.ObjectUtils.equal
org.jfree.chart.plot.PlotRenderingInfo->org.jfree.chart.util.ObjectUtils.equal
org.jfree.chart.plot.PlotRenderingInfo->org.jfree.chart.util.ObjectUtils.equal
org.jfree.chart.ChartRenderingInfo->org.jfree.chart.util.ObjectUtils.equal
org.jfree.chart.entity.StandardEntityCollection->org.jfree.chart.util.ObjectUtils.equal
org.jfree.chart.ChartRenderingInfoTest->org.jfree.chart.ChartRenderingInfo.getPlotInfo
org.jfree.chart.ChartRenderingInfoTest->org.jfree.chart.plot.PlotRenderingInfo.getOwner
