org.jfree.chart.plot.MeterPlot->org.jfree.chart.util.ResourceBundleWrapper.getBundle
org.jfree.chart.drawable.ColorPainter->org.jfree.chart.util.ParamChecks.nullNotPermitted
org.jfree.chart.plot.DefaultDrawingSupplier->org.jfree.chart.ChartColor.createDefaultPaintArray
org.jfree.chart.plot.DefaultDrawingSupplier->org.jfree.chart.plot.DefaultDrawingSupplier.createStandardSeriesShapes
org.jfree.chart.plot.DefaultDrawingSupplier->org.jfree.chart.plot.DefaultDrawingSupplier.intArray
org.jfree.chart.plot.DefaultDrawingSupplier->org.jfree.chart.plot.DefaultDrawingSupplier.intArray
org.jfree.chart.plot.DefaultDrawingSupplier->org.jfree.chart.plot.DefaultDrawingSupplier.intArray
org.jfree.chart.plot.DefaultDrawingSupplier->org.jfree.chart.plot.DefaultDrawingSupplier.intArray
org.jfree.chart.plot.DefaultDrawingSupplier->org.jfree.chart.plot.DefaultDrawingSupplier.intArray
org.jfree.chart.plot.DefaultDrawingSupplier->org.jfree.chart.plot.DefaultDrawingSupplier.intArray
org.jfree.chart.plot.DefaultDrawingSupplier->org.jfree.chart.plot.DefaultDrawingSupplier.intArray
org.jfree.chart.plot.DefaultDrawingSupplier->org.jfree.chart.plot.DefaultDrawingSupplier.intArray
org.jfree.chart.plot.DefaultDrawingSupplier->org.jfree.chart.plot.DefaultDrawingSupplier.intArray
org.jfree.chart.plot.DefaultDrawingSupplier->org.jfree.chart.plot.DefaultDrawingSupplier.intArray
org.jfree.chart.plot.DefaultDrawingSupplier->org.jfree.chart.Colors.getDefaultColors
org.jfree.chart.Colors->org.jfree.chart.Colors.createFancyLightColors
org.jfree.chart.plot.MeterPlot->org.jfree.chart.plot.MeterPlot.setDataset
org.jfree.chart.plot.MeterPlot->org.jfree.data.general.ValueDataset.addChangeListener
org.jfree.chart.plot.MeterPlot->org.jfree.chart.plot.MeterPlot.datasetChanged
org.jfree.chart.plot.Plot->org.jfree.chart.event.PlotChangeEvent.setType
org.jfree.chart.plot.Plot->org.jfree.chart.plot.Plot.notifyListeners
org.jfree.chart.MeterChartTest->org.jfree.chart.plot.MeterPlot.addInterval
org.jfree.chart.plot.MeterPlot->org.jfree.chart.util.ParamChecks.nullNotPermitted
org.jfree.chart.plot.MeterPlot->org.jfree.chart.plot.MeterPlot.fireChangeEvent
org.jfree.chart.plot.Plot->org.jfree.chart.plot.Plot.notifyListeners
org.jfree.chart.JFreeChart->org.jfree.chart.util.ParamChecks.nullNotPermitted
org.jfree.chart.drawable.ColorPainter->org.jfree.chart.util.ParamChecks.nullNotPermitted
org.jfree.chart.JFreeChart->org.jfree.chart.plot.Plot.addChangeListener
org.jfree.chart.title.Title->org.jfree.chart.util.ParamChecks.nullNotPermitted
org.jfree.chart.title.Title->org.jfree.chart.util.ParamChecks.nullNotPermitted
org.jfree.chart.title.Title->org.jfree.chart.util.ParamChecks.nullNotPermitted
org.jfree.chart.title.Title->org.jfree.chart.util.ParamChecks.nullNotPermitted
org.jfree.chart.title.Title->org.jfree.chart.title.Title.setPadding
org.jfree.chart.block.AbstractBlock->org.jfree.chart.util.ParamChecks.nullNotPermitted
org.jfree.chart.JFreeChart->org.jfree.chart.title.LegendTitle.setMargin
org.jfree.chart.block.AbstractBlock->org.jfree.chart.util.ParamChecks.nullNotPermitted
org.jfree.chart.JFreeChart->org.jfree.chart.title.LegendTitle.setHorizontalAlignment
org.jfree.chart.title.Title->org.jfree.chart.util.ParamChecks.nullNotPermitted
org.jfree.chart.title.Title->org.jfree.chart.title.Title.fireChangeEvent
org.jfree.chart.title.Title->org.jfree.chart.title.Title.notifyListeners
org.jfree.chart.JFreeChart->org.jfree.chart.title.LegendTitle.setBackgroundPaint
org.jfree.chart.title.LegendTitle->org.jfree.chart.title.LegendTitle.notifyListeners
org.jfree.chart.JFreeChart->org.jfree.chart.title.LegendTitle.setPosition
org.jfree.chart.title.Title->org.jfree.chart.util.ParamChecks.nullNotPermitted
org.jfree.chart.title.Title->org.jfree.chart.title.Title.fireChangeEvent
org.jfree.chart.title.Title->org.jfree.chart.title.Title.notifyListeners
org.jfree.chart.JFreeChart->org.jfree.chart.title.LegendTitle.addChangeListener
org.jfree.chart.MeterChartTest->org.jfree.chart.JFreeChart.draw
org.jfree.chart.JFreeChart->org.jfree.chart.JFreeChart.notifyListeners
org.jfree.chart.JFreeChart->org.jfree.chart.drawable.Drawable.draw
org.jfree.chart.drawable.ColorPainter->org.jfree.chart.util.ParamChecks.nullNotPermitted
org.jfree.chart.drawable.ColorPainter->org.jfree.chart.util.ParamChecks.nullNotPermitted
org.jfree.chart.JFreeChart->org.jfree.chart.ui.RectangleInsets.trim
org.jfree.chart.ui.RectangleInsets->org.jfree.chart.ui.RectangleInsets.calculateLeftInset
org.jfree.chart.ui.RectangleInsets->org.jfree.chart.ui.RectangleInsets.calculateRightInset
org.jfree.chart.ui.RectangleInsets->org.jfree.chart.ui.RectangleInsets.calculateTopInset
org.jfree.chart.ui.RectangleInsets->org.jfree.chart.ui.RectangleInsets.calculateBottomInset
org.jfree.chart.JFreeChart->org.jfree.chart.title.Title.isVisible
org.jfree.chart.JFreeChart->org.jfree.chart.JFreeChart.drawTitle
org.jfree.chart.JFreeChart->org.jfree.chart.util.ParamChecks.nullNotPermitted
org.jfree.chart.JFreeChart->org.jfree.chart.util.ParamChecks.nullNotPermitted
org.jfree.chart.JFreeChart->org.jfree.chart.title.Title.getPosition
org.jfree.chart.JFreeChart->org.jfree.chart.block.BlockParams.setGenerateEntities
org.jfree.chart.JFreeChart->org.jfree.chart.title.Title.arrange
org.jfree.chart.title.LegendTitle->org.jfree.chart.title.LegendTitle.fetchLegendItems
org.jfree.chart.title.LegendTitle->org.jfree.chart.block.BlockContainer.clear
org.jfree.chart.block.BlockContainer->org.jfree.chart.block.Arrangement.clear
org.jfree.chart.title.LegendTitle->org.jfree.chart.title.LegendTitle.getPosition
org.jfree.chart.title.LegendTitle->org.jfree.chart.ui.RectangleEdge.isTopOrBottom
org.jfree.chart.title.LegendTitle->org.jfree.chart.block.BlockContainer.setArrangement
org.jfree.chart.title.LegendTitle->org.jfree.chart.util.SortOrder.equals
org.jfree.chart.title.LegendTitle->org.jfree.chart.LegendItemSource.getLegendItems
org.jfree.chart.plot.MeterPlot->org.jfree.chart.plot.MeterInterval.getBackgroundPaint
org.jfree.chart.plot.MeterPlot->org.jfree.chart.plot.MeterInterval.getOutlinePaint
org.jfree.chart.plot.MeterPlot->org.jfree.chart.plot.MeterInterval.getLabel
org.jfree.chart.plot.MeterPlot->org.jfree.chart.plot.MeterInterval.getLabel
org.jfree.chart.LegendItem->org.jfree.chart.util.ParamChecks.nullNotPermitted
org.jfree.chart.LegendItem->org.jfree.chart.util.ParamChecks.nullNotPermitted
org.jfree.chart.LegendItem->org.jfree.chart.util.ParamChecks.nullNotPermitted
org.jfree.chart.LegendItem->org.jfree.chart.util.ParamChecks.nullNotPermitted
org.jfree.chart.LegendItem->org.jfree.chart.util.ParamChecks.nullNotPermitted
org.jfree.chart.LegendItem->org.jfree.chart.util.ParamChecks.nullNotPermitted
org.jfree.chart.LegendItem->org.jfree.chart.util.ParamChecks.nullNotPermitted
org.jfree.chart.plot.MeterPlot->org.jfree.chart.plot.MeterPlot.getDataset
org.jfree.chart.plot.MeterPlot->org.jfree.chart.LegendItem.setDataset
org.jfree.chart.title.LegendTitle->org.jfree.chart.title.LegendTitle.addItemBlock
org.jfree.chart.title.LegendTitle->org.jfree.chart.title.LegendTitle.createLegendItemBlock
org.jfree.chart.title.LegendTitle->org.jfree.chart.LegendItem.getShape
org.jfree.chart.title.LegendTitle->org.jfree.chart.LegendItem.getFillPaint
org.jfree.chart.title.LegendGraphic->org.jfree.chart.util.ParamChecks.nullNotPermitted
org.jfree.chart.title.LegendGraphic->org.jfree.chart.util.ParamChecks.nullNotPermitted
org.jfree.chart.title.LegendGraphic->org.jfree.chart.title.LegendGraphic.setPadding
org.jfree.chart.block.AbstractBlock->org.jfree.chart.block.AbstractBlock.setPadding
org.jfree.chart.block.AbstractBlock->org.jfree.chart.util.ParamChecks.nullNotPermitted
org.jfree.chart.title.LegendTitle->org.jfree.chart.LegendItem.getFillPaintTransformer
org.jfree.chart.title.LegendTitle->org.jfree.chart.title.LegendGraphic.setFillPaintTransformer
org.jfree.chart.title.LegendGraphic->org.jfree.chart.util.ParamChecks.nullNotPermitted
org.jfree.chart.title.LegendTitle->org.jfree.chart.LegendItem.isShapeFilled
org.jfree.chart.title.LegendTitle->org.jfree.chart.title.LegendGraphic.setShapeFilled
org.jfree.chart.title.LegendTitle->org.jfree.chart.LegendItem.getLine
org.jfree.chart.title.LegendTitle->org.jfree.chart.title.LegendGraphic.setLine
org.jfree.chart.title.LegendTitle->org.jfree.chart.LegendItem.getLineStroke
org.jfree.chart.title.LegendTitle->org.jfree.chart.title.LegendGraphic.setLineStroke
org.jfree.chart.title.LegendTitle->org.jfree.chart.LegendItem.getLinePaint
org.jfree.chart.title.LegendTitle->org.jfree.chart.title.LegendGraphic.setLinePaint
org.jfree.chart.title.LegendTitle->org.jfree.chart.LegendItem.isLineVisible
org.jfree.chart.title.LegendTitle->org.jfree.chart.title.LegendGraphic.setLineVisible
org.jfree.chart.title.LegendTitle->org.jfree.chart.LegendItem.isShapeVisible
org.jfree.chart.title.LegendTitle->org.jfree.chart.title.LegendGraphic.setShapeVisible
org.jfree.chart.title.LegendTitle->org.jfree.chart.LegendItem.isShapeOutlineVisible
org.jfree.chart.title.LegendTitle->org.jfree.chart.title.LegendGraphic.setShapeOutlineVisible
org.jfree.chart.title.LegendTitle->org.jfree.chart.LegendItem.getOutlinePaint
org.jfree.chart.title.LegendTitle->org.jfree.chart.title.LegendGraphic.setOutlinePaint
org.jfree.chart.title.LegendTitle->org.jfree.chart.LegendItem.getOutlineStroke
org.jfree.chart.title.LegendTitle->org.jfree.chart.title.LegendGraphic.setOutlineStroke
org.jfree.chart.title.LegendTitle->org.jfree.chart.title.LegendGraphic.setPadding
org.jfree.chart.block.AbstractBlock->org.jfree.chart.util.ParamChecks.nullNotPermitted
org.jfree.chart.title.LegendTitle->org.jfree.chart.LegendItem.getDataset
org.jfree.chart.title.LegendTitle->org.jfree.chart.LegendItem.getSeriesKey
org.jfree.chart.title.LegendTitle->org.jfree.chart.title.LegendTitle.getLegendItemGraphicAnchor
org.jfree.chart.title.LegendTitle->org.jfree.chart.title.LegendGraphic.setShapeAnchor
org.jfree.chart.title.LegendGraphic->org.jfree.chart.util.ParamChecks.nullNotPermitted
org.jfree.chart.title.LegendTitle->org.jfree.chart.title.LegendTitle.getLegendItemGraphicLocation
org.jfree.chart.title.LegendTitle->org.jfree.chart.title.LegendGraphic.setShapeLocation
org.jfree.chart.title.LegendGraphic->org.jfree.chart.util.ParamChecks.nullNotPermitted
org.jfree.chart.title.LegendTitle->org.jfree.chart.title.LegendItemBlockContainer.add
org.jfree.chart.block.BlockContainer->org.jfree.chart.block.Arrangement.add
org.jfree.chart.title.LegendTitle->org.jfree.chart.LegendItem.getLabelFont
org.jfree.chart.title.LegendTitle->org.jfree.chart.LegendItem.getLabelPaint
org.jfree.chart.title.LegendTitle->org.jfree.chart.LegendItem.getLabel
org.jfree.chart.block.LabelBlock->org.jfree.chart.text.TextUtilities.createTextBlock
org.jfree.chart.text.TextUtilities->org.jfree.chart.util.ParamChecks.nullNotPermitted
org.jfree.chart.text.TextUtilities->org.jfree.chart.text.TextBlock.addLine
org.jfree.chart.text.TextLine->org.jfree.chart.util.ParamChecks.nullNotPermitted
org.jfree.chart.text.TextLine->org.jfree.chart.util.ParamChecks.nullNotPermitted
org.jfree.chart.text.TextLine->org.jfree.chart.util.ParamChecks.nullNotPermitted
org.jfree.chart.text.TextFragment->org.jfree.chart.util.ParamChecks.nullNotPermitted
org.jfree.chart.text.TextFragment->org.jfree.chart.util.ParamChecks.nullNotPermitted
org.jfree.chart.text.TextFragment->org.jfree.chart.util.ParamChecks.nullNotPermitted
org.jfree.chart.text.TextBlock->org.jfree.chart.text.TextBlock.addLine
org.jfree.chart.title.LegendTitle->org.jfree.chart.block.LabelBlock.setPadding
org.jfree.chart.block.AbstractBlock->org.jfree.chart.util.ParamChecks.nullNotPermitted
org.jfree.chart.title.LegendTitle->org.jfree.chart.title.LegendItemBlockContainer.add
org.jfree.chart.block.BlockContainer->org.jfree.chart.block.BlockContainer.add
org.jfree.chart.block.BlockContainer->org.jfree.chart.block.Arrangement.add
org.jfree.chart.title.LegendTitle->org.jfree.chart.LegendItem.getToolTipText
org.jfree.chart.title.LegendTitle->org.jfree.chart.title.LegendItemBlockContainer.setToolTipText
org.jfree.chart.title.LegendTitle->org.jfree.chart.LegendItem.getURLText
org.jfree.chart.title.LegendTitle->org.jfree.chart.title.LegendItemBlockContainer.setURLText
org.jfree.chart.title.LegendTitle->org.jfree.chart.block.BlockContainer.add
org.jfree.chart.block.BlockContainer->org.jfree.chart.block.BlockContainer.add
org.jfree.chart.block.BlockContainer->org.jfree.chart.block.Arrangement.add
org.jfree.chart.title.LegendTitle->org.jfree.chart.block.BlockContainer.add
org.jfree.chart.block.BlockContainer->org.jfree.chart.block.BlockContainer.add
org.jfree.chart.block.BlockContainer->org.jfree.chart.block.Arrangement.add
org.jfree.chart.title.LegendTitle->org.jfree.chart.block.BlockContainer.isEmpty
org.jfree.chart.title.LegendTitle->org.jfree.chart.title.LegendTitle.toContentConstraint
org.jfree.chart.block.AbstractBlock->org.jfree.chart.util.ParamChecks.nullNotPermitted
org.jfree.chart.block.AbstractBlock->org.jfree.chart.block.RectangleConstraint.getWidth
org.jfree.chart.block.AbstractBlock->org.jfree.chart.block.RectangleConstraint.getWidthRange
org.jfree.chart.block.AbstractBlock->org.jfree.chart.block.RectangleConstraint.getHeight
org.jfree.chart.block.AbstractBlock->org.jfree.chart.block.RectangleConstraint.getHeightRange
org.jfree.chart.block.AbstractBlock->org.jfree.chart.block.AbstractBlock.trimToContentWidth
org.jfree.chart.block.AbstractBlock->org.jfree.chart.ui.RectangleInsets.trimWidth
org.jfree.chart.ui.RectangleInsets->org.jfree.chart.ui.RectangleInsets.calculateLeftInset
org.jfree.chart.ui.RectangleInsets->org.jfree.chart.ui.RectangleInsets.calculateRightInset
org.jfree.chart.block.AbstractBlock->org.jfree.chart.block.BlockFrame.getInsets
org.jfree.chart.block.AbstractBlock->org.jfree.chart.ui.RectangleInsets.trimWidth
org.jfree.chart.ui.RectangleInsets->org.jfree.chart.ui.RectangleInsets.calculateLeftInset
org.jfree.chart.ui.RectangleInsets->org.jfree.chart.ui.RectangleInsets.calculateRightInset
org.jfree.chart.block.AbstractBlock->org.jfree.chart.ui.RectangleInsets.trimWidth
org.jfree.chart.ui.RectangleInsets->org.jfree.chart.ui.RectangleInsets.calculateLeftInset
org.jfree.chart.ui.RectangleInsets->org.jfree.chart.ui.RectangleInsets.calculateRightInset
org.jfree.chart.block.AbstractBlock->org.jfree.chart.block.AbstractBlock.trimToContentHeight
org.jfree.chart.block.AbstractBlock->org.jfree.chart.ui.RectangleInsets.trimHeight
org.jfree.chart.ui.RectangleInsets->org.jfree.chart.ui.RectangleInsets.calculateTopInset
org.jfree.chart.ui.RectangleInsets->org.jfree.chart.ui.RectangleInsets.calculateBottomInset
org.jfree.chart.block.AbstractBlock->org.jfree.chart.block.BlockFrame.getInsets
org.jfree.chart.block.AbstractBlock->org.jfree.chart.ui.RectangleInsets.trimHeight
org.jfree.chart.ui.RectangleInsets->org.jfree.chart.ui.RectangleInsets.calculateTopInset
org.jfree.chart.ui.RectangleInsets->org.jfree.chart.ui.RectangleInsets.calculateBottomInset
org.jfree.chart.block.AbstractBlock->org.jfree.chart.ui.RectangleInsets.trimHeight
org.jfree.chart.ui.RectangleInsets->org.jfree.chart.ui.RectangleInsets.calculateTopInset
org.jfree.chart.ui.RectangleInsets->org.jfree.chart.ui.RectangleInsets.calculateBottomInset
org.jfree.chart.block.AbstractBlock->org.jfree.chart.block.AbstractBlock.trimToContentWidth
org.jfree.chart.block.AbstractBlock->org.jfree.data.Range.getLowerBound
org.jfree.chart.block.AbstractBlock->org.jfree.data.Range.getUpperBound
org.jfree.chart.block.AbstractBlock->org.jfree.data.Range.getUpperBound
org.jfree.chart.block.AbstractBlock->org.jfree.chart.block.AbstractBlock.trimToContentWidth
org.jfree.chart.block.AbstractBlock->org.jfree.chart.ui.RectangleInsets.trimWidth
org.jfree.chart.ui.RectangleInsets->org.jfree.chart.ui.RectangleInsets.calculateLeftInset
org.jfree.chart.ui.RectangleInsets->org.jfree.chart.ui.RectangleInsets.calculateRightInset
org.jfree.chart.block.AbstractBlock->org.jfree.chart.block.BlockFrame.getInsets
org.jfree.chart.block.AbstractBlock->org.jfree.chart.ui.RectangleInsets.trimWidth
org.jfree.chart.ui.RectangleInsets->org.jfree.chart.ui.RectangleInsets.calculateLeftInset
org.jfree.chart.ui.RectangleInsets->org.jfree.chart.ui.RectangleInsets.calculateRightInset
org.jfree.chart.block.AbstractBlock->org.jfree.chart.ui.RectangleInsets.trimWidth
org.jfree.chart.ui.RectangleInsets->org.jfree.chart.ui.RectangleInsets.calculateLeftInset
org.jfree.chart.ui.RectangleInsets->org.jfree.chart.ui.RectangleInsets.calculateRightInset
org.jfree.chart.block.AbstractBlock->org.jfree.chart.block.AbstractBlock.trimToContentHeight
org.jfree.chart.block.AbstractBlock->org.jfree.data.Range.getLowerBound
org.jfree.chart.block.AbstractBlock->org.jfree.data.Range.getUpperBound
org.jfree.chart.block.AbstractBlock->org.jfree.data.Range.getUpperBound
org.jfree.chart.block.AbstractBlock->org.jfree.chart.block.AbstractBlock.trimToContentHeight
org.jfree.chart.block.AbstractBlock->org.jfree.chart.ui.RectangleInsets.trimHeight
org.jfree.chart.ui.RectangleInsets->org.jfree.chart.ui.RectangleInsets.calculateTopInset
org.jfree.chart.ui.RectangleInsets->org.jfree.chart.ui.RectangleInsets.calculateBottomInset
org.jfree.chart.block.AbstractBlock->org.jfree.chart.block.BlockFrame.getInsets
org.jfree.chart.block.AbstractBlock->org.jfree.chart.ui.RectangleInsets.trimHeight
org.jfree.chart.ui.RectangleInsets->org.jfree.chart.ui.RectangleInsets.calculateTopInset
org.jfree.chart.ui.RectangleInsets->org.jfree.chart.ui.RectangleInsets.calculateBottomInset
org.jfree.chart.block.AbstractBlock->org.jfree.chart.ui.RectangleInsets.trimHeight
org.jfree.chart.ui.RectangleInsets->org.jfree.chart.ui.RectangleInsets.calculateTopInset
org.jfree.chart.ui.RectangleInsets->org.jfree.chart.ui.RectangleInsets.calculateBottomInset
org.jfree.chart.block.AbstractBlock->org.jfree.chart.block.RectangleConstraint.getWidthConstraintType
org.jfree.chart.block.AbstractBlock->org.jfree.chart.block.RectangleConstraint.getHeightConstraintType
org.jfree.chart.title.LegendTitle->org.jfree.chart.block.BlockContainer.arrange
org.jfree.chart.block.BlockContainer->org.jfree.chart.block.Arrangement.arrange
org.jfree.chart.block.FlowArrangement->org.jfree.chart.block.RectangleConstraint.getWidthConstraintType
org.jfree.chart.block.FlowArrangement->org.jfree.chart.block.RectangleConstraint.getHeightConstraintType
org.jfree.chart.block.FlowArrangement->org.jfree.chart.block.FlowArrangement.arrangeRR
org.jfree.chart.block.FlowArrangement->org.jfree.chart.block.FlowArrangement.arrangeNN
org.jfree.chart.block.FlowArrangement->org.jfree.chart.block.BlockContainer.getBlocks
org.jfree.chart.block.FlowArrangement->org.jfree.chart.block.Block.arrange
org.jfree.chart.block.BlockContainer->org.jfree.chart.block.Arrangement.arrange
org.jfree.chart.block.CenterArrangement->org.jfree.chart.block.RectangleConstraint.getWidthConstraintType
org.jfree.chart.block.CenterArrangement->org.jfree.chart.block.RectangleConstraint.getHeightConstraintType
org.jfree.chart.block.CenterArrangement->org.jfree.chart.block.CenterArrangement.arrangeNN
org.jfree.chart.block.CenterArrangement->org.jfree.chart.block.BlockContainer.getBlocks
org.jfree.chart.block.CenterArrangement->org.jfree.chart.block.Block.arrange
org.jfree.chart.block.BlockContainer->org.jfree.chart.block.Arrangement.arrange
org.jfree.chart.block.BorderArrangement->org.jfree.chart.block.BlockContainer.toContentConstraint
org.jfree.chart.block.AbstractBlock->org.jfree.chart.util.ParamChecks.nullNotPermitted
org.jfree.chart.block.BorderArrangement->org.jfree.chart.block.RectangleConstraint.getWidthConstraintType
org.jfree.chart.block.BorderArrangement->org.jfree.chart.block.RectangleConstraint.getHeightConstraintType
org.jfree.chart.block.BorderArrangement->org.jfree.chart.block.BorderArrangement.arrangeNN
org.jfree.chart.block.BorderArrangement->org.jfree.chart.block.Block.arrange
org.jfree.chart.title.LegendGraphic->org.jfree.chart.title.LegendGraphic.toContentConstraint
org.jfree.chart.block.AbstractBlock->org.jfree.chart.util.ParamChecks.nullNotPermitted
org.jfree.chart.title.LegendGraphic->org.jfree.chart.block.RectangleConstraint.getWidthConstraintType
org.jfree.chart.title.LegendGraphic->org.jfree.chart.block.RectangleConstraint.getHeightConstraintType
org.jfree.chart.title.LegendGraphic->org.jfree.chart.title.LegendGraphic.arrangeNN
org.jfree.chart.title.LegendGraphic->org.jfree.chart.ui.Size2D.getWidth
org.jfree.chart.title.LegendGraphic->org.jfree.chart.title.LegendGraphic.calculateTotalWidth
org.jfree.chart.block.AbstractBlock->org.jfree.chart.ui.RectangleInsets.extendWidth
org.jfree.chart.ui.RectangleInsets->org.jfree.chart.ui.RectangleInsets.calculateLeftOutset
org.jfree.chart.ui.RectangleInsets->org.jfree.chart.ui.RectangleInsets.calculateRightOutset
org.jfree.chart.block.AbstractBlock->org.jfree.chart.block.BlockFrame.getInsets
org.jfree.chart.block.AbstractBlock->org.jfree.chart.ui.RectangleInsets.extendWidth
org.jfree.chart.ui.RectangleInsets->org.jfree.chart.ui.RectangleInsets.calculateLeftOutset
org.jfree.chart.ui.RectangleInsets->org.jfree.chart.ui.RectangleInsets.calculateRightOutset
org.jfree.chart.block.AbstractBlock->org.jfree.chart.ui.RectangleInsets.extendWidth
org.jfree.chart.ui.RectangleInsets->org.jfree.chart.ui.RectangleInsets.calculateLeftOutset
org.jfree.chart.ui.RectangleInsets->org.jfree.chart.ui.RectangleInsets.calculateRightOutset
org.jfree.chart.title.LegendGraphic->org.jfree.chart.ui.Size2D.getHeight
org.jfree.chart.title.LegendGraphic->org.jfree.chart.title.LegendGraphic.calculateTotalHeight
org.jfree.chart.block.AbstractBlock->org.jfree.chart.ui.RectangleInsets.extendHeight
org.jfree.chart.ui.RectangleInsets->org.jfree.chart.ui.RectangleInsets.calculateTopOutset
org.jfree.chart.ui.RectangleInsets->org.jfree.chart.ui.RectangleInsets.calculateBottomOutset
org.jfree.chart.block.AbstractBlock->org.jfree.chart.block.BlockFrame.getInsets
org.jfree.chart.block.AbstractBlock->org.jfree.chart.ui.RectangleInsets.extendHeight
org.jfree.chart.ui.RectangleInsets->org.jfree.chart.ui.RectangleInsets.calculateTopOutset
org.jfree.chart.ui.RectangleInsets->org.jfree.chart.ui.RectangleInsets.calculateBottomOutset
org.jfree.chart.block.AbstractBlock->org.jfree.chart.ui.RectangleInsets.extendHeight
org.jfree.chart.ui.RectangleInsets->org.jfree.chart.ui.RectangleInsets.calculateTopOutset
org.jfree.chart.ui.RectangleInsets->org.jfree.chart.ui.RectangleInsets.calculateBottomOutset
org.jfree.chart.block.BorderArrangement->org.jfree.chart.block.Block.arrange
org.jfree.chart.block.LabelBlock->org.jfree.chart.text.TextBlock.calculateDimensions
org.jfree.chart.text.TextBlock->org.jfree.chart.text.TextLine.calculateDimensions
org.jfree.chart.text.TextLine->org.jfree.chart.text.TextFragment.calculateDimensions
org.jfree.chart.text.TextFragment->org.jfree.chart.text.TextUtilities.getTextBounds
org.jfree.chart.text.TextLine->org.jfree.chart.ui.Size2D.getWidth
org.jfree.chart.text.TextLine->org.jfree.chart.ui.Size2D.getHeight
org.jfree.chart.text.TextBlock->org.jfree.chart.ui.Size2D.getWidth
org.jfree.chart.text.TextBlock->org.jfree.chart.ui.Size2D.getHeight
org.jfree.chart.block.LabelBlock->org.jfree.chart.ui.Size2D.getWidth
org.jfree.chart.block.LabelBlock->org.jfree.chart.block.LabelBlock.calculateTotalWidth
org.jfree.chart.block.AbstractBlock->org.jfree.chart.ui.RectangleInsets.extendWidth
org.jfree.chart.ui.RectangleInsets->org.jfree.chart.ui.RectangleInsets.calculateLeftOutset
org.jfree.chart.ui.RectangleInsets->org.jfree.chart.ui.RectangleInsets.calculateRightOutset
org.jfree.chart.block.AbstractBlock->org.jfree.chart.block.BlockFrame.getInsets
org.jfree.chart.block.AbstractBlock->org.jfree.chart.ui.RectangleInsets.extendWidth
org.jfree.chart.ui.RectangleInsets->org.jfree.chart.ui.RectangleInsets.calculateLeftOutset
org.jfree.chart.ui.RectangleInsets->org.jfree.chart.ui.RectangleInsets.calculateRightOutset
org.jfree.chart.block.AbstractBlock->org.jfree.chart.ui.RectangleInsets.extendWidth
org.jfree.chart.ui.RectangleInsets->org.jfree.chart.ui.RectangleInsets.calculateLeftOutset
org.jfree.chart.ui.RectangleInsets->org.jfree.chart.ui.RectangleInsets.calculateRightOutset
org.jfree.chart.block.LabelBlock->org.jfree.chart.ui.Size2D.getHeight
org.jfree.chart.block.LabelBlock->org.jfree.chart.block.LabelBlock.calculateTotalHeight
org.jfree.chart.block.AbstractBlock->org.jfree.chart.ui.RectangleInsets.extendHeight
org.jfree.chart.ui.RectangleInsets->org.jfree.chart.ui.RectangleInsets.calculateTopOutset
org.jfree.chart.ui.RectangleInsets->org.jfree.chart.ui.RectangleInsets.calculateBottomOutset
org.jfree.chart.block.AbstractBlock->org.jfree.chart.block.BlockFrame.getInsets
org.jfree.chart.block.AbstractBlock->org.jfree.chart.ui.RectangleInsets.extendHeight
org.jfree.chart.ui.RectangleInsets->org.jfree.chart.ui.RectangleInsets.calculateTopOutset
org.jfree.chart.ui.RectangleInsets->org.jfree.chart.ui.RectangleInsets.calculateBottomOutset
org.jfree.chart.block.AbstractBlock->org.jfree.chart.ui.RectangleInsets.extendHeight
org.jfree.chart.ui.RectangleInsets->org.jfree.chart.ui.RectangleInsets.calculateTopOutset
org.jfree.chart.ui.RectangleInsets->org.jfree.chart.ui.RectangleInsets.calculateBottomOutset
org.jfree.chart.block.BorderArrangement->org.jfree.chart.block.Block.setBounds
org.jfree.chart.block.AbstractBlock->org.jfree.chart.util.ParamChecks.nullNotPermitted
org.jfree.chart.block.BorderArrangement->org.jfree.chart.block.Block.setBounds
org.jfree.chart.block.AbstractBlock->org.jfree.chart.util.ParamChecks.nullNotPermitted
org.jfree.chart.block.BorderArrangement->org.jfree.chart.ui.Size2D.getWidth
org.jfree.chart.block.BorderArrangement->org.jfree.chart.block.BlockContainer.calculateTotalWidth
org.jfree.chart.block.AbstractBlock->org.jfree.chart.ui.RectangleInsets.extendWidth
org.jfree.chart.ui.RectangleInsets->org.jfree.chart.ui.RectangleInsets.calculateLeftOutset
org.jfree.chart.ui.RectangleInsets->org.jfree.chart.ui.RectangleInsets.calculateRightOutset
org.jfree.chart.block.AbstractBlock->org.jfree.chart.block.BlockFrame.getInsets
org.jfree.chart.block.AbstractBlock->org.jfree.chart.ui.RectangleInsets.extendWidth
org.jfree.chart.ui.RectangleInsets->org.jfree.chart.ui.RectangleInsets.calculateLeftOutset
org.jfree.chart.ui.RectangleInsets->org.jfree.chart.ui.RectangleInsets.calculateRightOutset
org.jfree.chart.block.AbstractBlock->org.jfree.chart.ui.RectangleInsets.extendWidth
org.jfree.chart.ui.RectangleInsets->org.jfree.chart.ui.RectangleInsets.calculateLeftOutset
org.jfree.chart.ui.RectangleInsets->org.jfree.chart.ui.RectangleInsets.calculateRightOutset
org.jfree.chart.block.BorderArrangement->org.jfree.chart.ui.Size2D.getHeight
org.jfree.chart.block.BorderArrangement->org.jfree.chart.block.BlockContainer.calculateTotalHeight
org.jfree.chart.block.AbstractBlock->org.jfree.chart.ui.RectangleInsets.extendHeight
org.jfree.chart.ui.RectangleInsets->org.jfree.chart.ui.RectangleInsets.calculateTopOutset
org.jfree.chart.ui.RectangleInsets->org.jfree.chart.ui.RectangleInsets.calculateBottomOutset
org.jfree.chart.block.AbstractBlock->org.jfree.chart.block.BlockFrame.getInsets
org.jfree.chart.block.AbstractBlock->org.jfree.chart.ui.RectangleInsets.extendHeight
org.jfree.chart.ui.RectangleInsets->org.jfree.chart.ui.RectangleInsets.calculateTopOutset
org.jfree.chart.ui.RectangleInsets->org.jfree.chart.ui.RectangleInsets.calculateBottomOutset
org.jfree.chart.block.AbstractBlock->org.jfree.chart.ui.RectangleInsets.extendHeight
org.jfree.chart.ui.RectangleInsets->org.jfree.chart.ui.RectangleInsets.calculateTopOutset
org.jfree.chart.ui.RectangleInsets->org.jfree.chart.ui.RectangleInsets.calculateBottomOutset
org.jfree.chart.block.CenterArrangement->org.jfree.chart.block.Block.setBounds
org.jfree.chart.block.AbstractBlock->org.jfree.chart.util.ParamChecks.nullNotPermitted
org.jfree.chart.block.FlowArrangement->org.jfree.chart.ui.Size2D.getWidth
org.jfree.chart.block.FlowArrangement->org.jfree.chart.block.Block.setBounds
org.jfree.chart.block.AbstractBlock->org.jfree.chart.util.ParamChecks.nullNotPermitted
org.jfree.chart.block.FlowArrangement->org.jfree.chart.block.RectangleConstraint.getWidthRange
org.jfree.chart.block.FlowArrangement->org.jfree.data.Range.contains
org.jfree.chart.title.LegendTitle->org.jfree.chart.title.LegendTitle.calculateTotalHeight
org.jfree.chart.block.AbstractBlock->org.jfree.chart.ui.RectangleInsets.extendHeight
org.jfree.chart.ui.RectangleInsets->org.jfree.chart.ui.RectangleInsets.calculateTopOutset
org.jfree.chart.ui.RectangleInsets->org.jfree.chart.ui.RectangleInsets.calculateBottomOutset
org.jfree.chart.block.AbstractBlock->org.jfree.chart.block.BlockFrame.getInsets
org.jfree.chart.block.AbstractBlock->org.jfree.chart.ui.RectangleInsets.extendHeight
org.jfree.chart.ui.RectangleInsets->org.jfree.chart.ui.RectangleInsets.calculateTopOutset
org.jfree.chart.ui.RectangleInsets->org.jfree.chart.ui.RectangleInsets.calculateBottomOutset
org.jfree.chart.block.AbstractBlock->org.jfree.chart.ui.RectangleInsets.extendHeight
org.jfree.chart.ui.RectangleInsets->org.jfree.chart.ui.RectangleInsets.calculateTopOutset
org.jfree.chart.ui.RectangleInsets->org.jfree.chart.ui.RectangleInsets.calculateBottomOutset
org.jfree.chart.title.LegendTitle->org.jfree.chart.title.LegendTitle.calculateTotalWidth
org.jfree.chart.block.AbstractBlock->org.jfree.chart.ui.RectangleInsets.extendWidth
org.jfree.chart.ui.RectangleInsets->org.jfree.chart.ui.RectangleInsets.calculateLeftOutset
org.jfree.chart.ui.RectangleInsets->org.jfree.chart.ui.RectangleInsets.calculateRightOutset
org.jfree.chart.block.AbstractBlock->org.jfree.chart.block.BlockFrame.getInsets
org.jfree.chart.block.AbstractBlock->org.jfree.chart.ui.RectangleInsets.extendWidth
org.jfree.chart.ui.RectangleInsets->org.jfree.chart.ui.RectangleInsets.calculateLeftOutset
org.jfree.chart.ui.RectangleInsets->org.jfree.chart.ui.RectangleInsets.calculateRightOutset
org.jfree.chart.block.AbstractBlock->org.jfree.chart.ui.RectangleInsets.extendWidth
org.jfree.chart.ui.RectangleInsets->org.jfree.chart.ui.RectangleInsets.calculateLeftOutset
org.jfree.chart.ui.RectangleInsets->org.jfree.chart.ui.RectangleInsets.calculateRightOutset
org.jfree.chart.JFreeChart->org.jfree.chart.title.Title.getHorizontalAlignment
org.jfree.chart.JFreeChart->org.jfree.chart.JFreeChart.createAlignedRectangle2D
org.jfree.chart.JFreeChart->org.jfree.chart.title.Title.draw
org.jfree.chart.title.LegendTitle->org.jfree.chart.block.EntityBlockParams.getGenerateEntities
org.jfree.chart.title.LegendTitle->org.jfree.chart.title.LegendTitle.trimMargin
org.jfree.chart.block.AbstractBlock->org.jfree.chart.ui.RectangleInsets.trim
org.jfree.chart.ui.RectangleInsets->org.jfree.chart.ui.RectangleInsets.calculateLeftInset
org.jfree.chart.ui.RectangleInsets->org.jfree.chart.ui.RectangleInsets.calculateRightInset
org.jfree.chart.ui.RectangleInsets->org.jfree.chart.ui.RectangleInsets.calculateTopInset
org.jfree.chart.ui.RectangleInsets->org.jfree.chart.ui.RectangleInsets.calculateBottomInset
org.jfree.chart.title.LegendTitle->org.jfree.chart.title.LegendTitle.getFrame
org.jfree.chart.title.LegendTitle->org.jfree.chart.block.BlockFrame.draw
org.jfree.chart.block.BlockBorder->org.jfree.chart.ui.RectangleInsets.calculateTopInset
org.jfree.chart.block.BlockBorder->org.jfree.chart.ui.RectangleInsets.calculateBottomInset
org.jfree.chart.block.BlockBorder->org.jfree.chart.ui.RectangleInsets.calculateLeftInset
org.jfree.chart.block.BlockBorder->org.jfree.chart.ui.RectangleInsets.calculateRightInset
org.jfree.chart.title.LegendTitle->org.jfree.chart.block.BlockFrame.getInsets
org.jfree.chart.title.LegendTitle->org.jfree.chart.ui.RectangleInsets.trim
org.jfree.chart.ui.RectangleInsets->org.jfree.chart.ui.RectangleInsets.calculateLeftInset
org.jfree.chart.ui.RectangleInsets->org.jfree.chart.ui.RectangleInsets.calculateRightInset
org.jfree.chart.ui.RectangleInsets->org.jfree.chart.ui.RectangleInsets.calculateTopInset
org.jfree.chart.ui.RectangleInsets->org.jfree.chart.ui.RectangleInsets.calculateBottomInset
org.jfree.chart.title.LegendTitle->org.jfree.chart.title.LegendTitle.trimPadding
org.jfree.chart.block.AbstractBlock->org.jfree.chart.ui.RectangleInsets.trim
org.jfree.chart.ui.RectangleInsets->org.jfree.chart.ui.RectangleInsets.calculateLeftInset
org.jfree.chart.ui.RectangleInsets->org.jfree.chart.ui.RectangleInsets.calculateRightInset
org.jfree.chart.ui.RectangleInsets->org.jfree.chart.ui.RectangleInsets.calculateTopInset
org.jfree.chart.ui.RectangleInsets->org.jfree.chart.ui.RectangleInsets.calculateBottomInset
org.jfree.chart.title.LegendTitle->org.jfree.chart.block.BlockContainer.draw
org.jfree.chart.block.BlockContainer->org.jfree.chart.block.EntityBlockParams.getGenerateEntities
org.jfree.chart.block.BlockContainer->org.jfree.chart.block.BlockContainer.trimMargin
org.jfree.chart.block.AbstractBlock->org.jfree.chart.ui.RectangleInsets.trim
org.jfree.chart.ui.RectangleInsets->org.jfree.chart.ui.RectangleInsets.calculateLeftInset
org.jfree.chart.ui.RectangleInsets->org.jfree.chart.ui.RectangleInsets.calculateRightInset
org.jfree.chart.ui.RectangleInsets->org.jfree.chart.ui.RectangleInsets.calculateTopInset
org.jfree.chart.ui.RectangleInsets->org.jfree.chart.ui.RectangleInsets.calculateBottomInset
org.jfree.chart.block.BlockContainer->org.jfree.chart.block.BlockContainer.drawBorder
org.jfree.chart.block.AbstractBlock->org.jfree.chart.block.BlockFrame.draw
org.jfree.chart.block.BlockBorder->org.jfree.chart.ui.RectangleInsets.calculateTopInset
org.jfree.chart.block.BlockBorder->org.jfree.chart.ui.RectangleInsets.calculateBottomInset
org.jfree.chart.block.BlockBorder->org.jfree.chart.ui.RectangleInsets.calculateLeftInset
org.jfree.chart.block.BlockBorder->org.jfree.chart.ui.RectangleInsets.calculateRightInset
org.jfree.chart.block.BlockContainer->org.jfree.chart.block.BlockContainer.trimBorder
org.jfree.chart.block.AbstractBlock->org.jfree.chart.block.BlockFrame.getInsets
org.jfree.chart.block.AbstractBlock->org.jfree.chart.ui.RectangleInsets.trim
org.jfree.chart.ui.RectangleInsets->org.jfree.chart.ui.RectangleInsets.calculateLeftInset
org.jfree.chart.ui.RectangleInsets->org.jfree.chart.ui.RectangleInsets.calculateRightInset
org.jfree.chart.ui.RectangleInsets->org.jfree.chart.ui.RectangleInsets.calculateTopInset
org.jfree.chart.ui.RectangleInsets->org.jfree.chart.ui.RectangleInsets.calculateBottomInset
org.jfree.chart.block.BlockContainer->org.jfree.chart.block.BlockContainer.trimPadding
org.jfree.chart.block.AbstractBlock->org.jfree.chart.ui.RectangleInsets.trim
org.jfree.chart.ui.RectangleInsets->org.jfree.chart.ui.RectangleInsets.calculateLeftInset
org.jfree.chart.ui.RectangleInsets->org.jfree.chart.ui.RectangleInsets.calculateRightInset
org.jfree.chart.ui.RectangleInsets->org.jfree.chart.ui.RectangleInsets.calculateTopInset
org.jfree.chart.ui.RectangleInsets->org.jfree.chart.ui.RectangleInsets.calculateBottomInset
org.jfree.chart.block.BlockContainer->org.jfree.chart.block.Block.getBounds
org.jfree.chart.block.BlockContainer->org.jfree.chart.block.Block.draw
org.jfree.chart.block.BlockContainer->org.jfree.chart.block.EntityBlockParams.getGenerateEntities
org.jfree.chart.block.BlockContainer->org.jfree.chart.block.BlockContainer.trimMargin
org.jfree.chart.block.AbstractBlock->org.jfree.chart.ui.RectangleInsets.trim
org.jfree.chart.ui.RectangleInsets->org.jfree.chart.ui.RectangleInsets.calculateLeftInset
org.jfree.chart.ui.RectangleInsets->org.jfree.chart.ui.RectangleInsets.calculateRightInset
org.jfree.chart.ui.RectangleInsets->org.jfree.chart.ui.RectangleInsets.calculateTopInset
org.jfree.chart.ui.RectangleInsets->org.jfree.chart.ui.RectangleInsets.calculateBottomInset
org.jfree.chart.block.BlockContainer->org.jfree.chart.block.BlockContainer.drawBorder
org.jfree.chart.block.AbstractBlock->org.jfree.chart.block.BlockFrame.draw
org.jfree.chart.block.BlockBorder->org.jfree.chart.ui.RectangleInsets.calculateTopInset
org.jfree.chart.block.BlockBorder->org.jfree.chart.ui.RectangleInsets.calculateBottomInset
org.jfree.chart.block.BlockBorder->org.jfree.chart.ui.RectangleInsets.calculateLeftInset
org.jfree.chart.block.BlockBorder->org.jfree.chart.ui.RectangleInsets.calculateRightInset
org.jfree.chart.block.BlockContainer->org.jfree.chart.block.BlockContainer.trimBorder
org.jfree.chart.block.AbstractBlock->org.jfree.chart.block.BlockFrame.getInsets
org.jfree.chart.block.AbstractBlock->org.jfree.chart.ui.RectangleInsets.trim
org.jfree.chart.ui.RectangleInsets->org.jfree.chart.ui.RectangleInsets.calculateLeftInset
org.jfree.chart.ui.RectangleInsets->org.jfree.chart.ui.RectangleInsets.calculateRightInset
org.jfree.chart.ui.RectangleInsets->org.jfree.chart.ui.RectangleInsets.calculateTopInset
org.jfree.chart.ui.RectangleInsets->org.jfree.chart.ui.RectangleInsets.calculateBottomInset
org.jfree.chart.block.BlockContainer->org.jfree.chart.block.BlockContainer.trimPadding
org.jfree.chart.block.AbstractBlock->org.jfree.chart.ui.RectangleInsets.trim
org.jfree.chart.ui.RectangleInsets->org.jfree.chart.ui.RectangleInsets.calculateLeftInset
org.jfree.chart.ui.RectangleInsets->org.jfree.chart.ui.RectangleInsets.calculateRightInset
org.jfree.chart.ui.RectangleInsets->org.jfree.chart.ui.RectangleInsets.calculateTopInset
org.jfree.chart.ui.RectangleInsets->org.jfree.chart.ui.RectangleInsets.calculateBottomInset
org.jfree.chart.block.BlockContainer->org.jfree.chart.block.Block.getBounds
org.jfree.chart.block.BlockContainer->org.jfree.chart.block.Block.draw
org.jfree.chart.block.BlockContainer->org.jfree.chart.block.BlockContainer.trimMargin
org.jfree.chart.block.AbstractBlock->org.jfree.chart.ui.RectangleInsets.trim
org.jfree.chart.ui.RectangleInsets->org.jfree.chart.ui.RectangleInsets.calculateLeftInset
org.jfree.chart.ui.RectangleInsets->org.jfree.chart.ui.RectangleInsets.calculateRightInset
org.jfree.chart.ui.RectangleInsets->org.jfree.chart.ui.RectangleInsets.calculateTopInset
org.jfree.chart.ui.RectangleInsets->org.jfree.chart.ui.RectangleInsets.calculateBottomInset
org.jfree.chart.block.BlockContainer->org.jfree.chart.block.BlockContainer.drawBorder
org.jfree.chart.block.AbstractBlock->org.jfree.chart.block.BlockFrame.draw
org.jfree.chart.block.BlockBorder->org.jfree.chart.ui.RectangleInsets.calculateTopInset
org.jfree.chart.block.BlockBorder->org.jfree.chart.ui.RectangleInsets.calculateBottomInset
org.jfree.chart.block.BlockBorder->org.jfree.chart.ui.RectangleInsets.calculateLeftInset
org.jfree.chart.block.BlockBorder->org.jfree.chart.ui.RectangleInsets.calculateRightInset
org.jfree.chart.block.BlockContainer->org.jfree.chart.block.BlockContainer.trimBorder
org.jfree.chart.block.AbstractBlock->org.jfree.chart.block.BlockFrame.getInsets
org.jfree.chart.block.AbstractBlock->org.jfree.chart.ui.RectangleInsets.trim
org.jfree.chart.ui.RectangleInsets->org.jfree.chart.ui.RectangleInsets.calculateLeftInset
org.jfree.chart.ui.RectangleInsets->org.jfree.chart.ui.RectangleInsets.calculateRightInset
org.jfree.chart.ui.RectangleInsets->org.jfree.chart.ui.RectangleInsets.calculateTopInset
org.jfree.chart.ui.RectangleInsets->org.jfree.chart.ui.RectangleInsets.calculateBottomInset
org.jfree.chart.block.BlockContainer->org.jfree.chart.block.BlockContainer.trimPadding
org.jfree.chart.block.AbstractBlock->org.jfree.chart.ui.RectangleInsets.trim
org.jfree.chart.ui.RectangleInsets->org.jfree.chart.ui.RectangleInsets.calculateLeftInset
org.jfree.chart.ui.RectangleInsets->org.jfree.chart.ui.RectangleInsets.calculateRightInset
org.jfree.chart.ui.RectangleInsets->org.jfree.chart.ui.RectangleInsets.calculateTopInset
org.jfree.chart.ui.RectangleInsets->org.jfree.chart.ui.RectangleInsets.calculateBottomInset
org.jfree.chart.block.BlockContainer->org.jfree.chart.block.Block.getBounds
org.jfree.chart.block.BlockContainer->org.jfree.chart.block.Block.draw
org.jfree.chart.title.LegendGraphic->org.jfree.chart.title.LegendGraphic.draw
org.jfree.chart.title.LegendGraphic->org.jfree.chart.title.LegendGraphic.trimMargin
org.jfree.chart.block.AbstractBlock->org.jfree.chart.ui.RectangleInsets.trim
org.jfree.chart.ui.RectangleInsets->org.jfree.chart.ui.RectangleInsets.calculateLeftInset
org.jfree.chart.ui.RectangleInsets->org.jfree.chart.ui.RectangleInsets.calculateRightInset
org.jfree.chart.ui.RectangleInsets->org.jfree.chart.ui.RectangleInsets.calculateTopInset
org.jfree.chart.ui.RectangleInsets->org.jfree.chart.ui.RectangleInsets.calculateBottomInset
org.jfree.chart.title.LegendGraphic->org.jfree.chart.title.LegendGraphic.drawBorder
org.jfree.chart.block.AbstractBlock->org.jfree.chart.block.BlockFrame.draw
org.jfree.chart.block.BlockBorder->org.jfree.chart.ui.RectangleInsets.calculateTopInset
org.jfree.chart.block.BlockBorder->org.jfree.chart.ui.RectangleInsets.calculateBottomInset
org.jfree.chart.block.BlockBorder->org.jfree.chart.ui.RectangleInsets.calculateLeftInset
org.jfree.chart.block.BlockBorder->org.jfree.chart.ui.RectangleInsets.calculateRightInset
org.jfree.chart.title.LegendGraphic->org.jfree.chart.title.LegendGraphic.trimBorder
org.jfree.chart.block.AbstractBlock->org.jfree.chart.block.BlockFrame.getInsets
org.jfree.chart.block.AbstractBlock->org.jfree.chart.ui.RectangleInsets.trim
org.jfree.chart.ui.RectangleInsets->org.jfree.chart.ui.RectangleInsets.calculateLeftInset
org.jfree.chart.ui.RectangleInsets->org.jfree.chart.ui.RectangleInsets.calculateRightInset
org.jfree.chart.ui.RectangleInsets->org.jfree.chart.ui.RectangleInsets.calculateTopInset
org.jfree.chart.ui.RectangleInsets->org.jfree.chart.ui.RectangleInsets.calculateBottomInset
org.jfree.chart.title.LegendGraphic->org.jfree.chart.title.LegendGraphic.trimPadding
org.jfree.chart.block.AbstractBlock->org.jfree.chart.ui.RectangleInsets.trim
org.jfree.chart.ui.RectangleInsets->org.jfree.chart.ui.RectangleInsets.calculateLeftInset
org.jfree.chart.ui.RectangleInsets->org.jfree.chart.ui.RectangleInsets.calculateRightInset
org.jfree.chart.ui.RectangleInsets->org.jfree.chart.ui.RectangleInsets.calculateTopInset
org.jfree.chart.ui.RectangleInsets->org.jfree.chart.ui.RectangleInsets.calculateBottomInset
org.jfree.chart.title.LegendGraphic->org.jfree.chart.ui.RectangleAnchor.coordinates
org.jfree.chart.ui.RectangleAnchor->org.jfree.chart.ui.RectangleAnchor.getAnchorPoint
org.jfree.chart.ui.RectangleAnchor->org.jfree.chart.util.ParamChecks.nullNotPermitted
org.jfree.chart.title.LegendGraphic->org.jfree.chart.util.ShapeUtils.createTranslatedShape
org.jfree.chart.util.ShapeUtils->org.jfree.chart.util.ParamChecks.nullNotPermitted
org.jfree.chart.util.ShapeUtils->org.jfree.chart.util.ParamChecks.nullNotPermitted
org.jfree.chart.util.ShapeUtils->org.jfree.chart.ui.RectangleAnchor.coordinates
org.jfree.chart.ui.RectangleAnchor->org.jfree.chart.ui.RectangleAnchor.getAnchorPoint
org.jfree.chart.ui.RectangleAnchor->org.jfree.chart.util.ParamChecks.nullNotPermitted
org.jfree.chart.block.BlockContainer->org.jfree.chart.block.Block.getBounds
org.jfree.chart.block.BlockContainer->org.jfree.chart.block.Block.draw
org.jfree.chart.block.LabelBlock->org.jfree.chart.block.LabelBlock.trimMargin
org.jfree.chart.block.AbstractBlock->org.jfree.chart.ui.RectangleInsets.trim
org.jfree.chart.ui.RectangleInsets->org.jfree.chart.ui.RectangleInsets.calculateLeftInset
org.jfree.chart.ui.RectangleInsets->org.jfree.chart.ui.RectangleInsets.calculateRightInset
org.jfree.chart.ui.RectangleInsets->org.jfree.chart.ui.RectangleInsets.calculateTopInset
org.jfree.chart.ui.RectangleInsets->org.jfree.chart.ui.RectangleInsets.calculateBottomInset
org.jfree.chart.block.LabelBlock->org.jfree.chart.block.LabelBlock.drawBorder
org.jfree.chart.block.AbstractBlock->org.jfree.chart.block.BlockFrame.draw
org.jfree.chart.block.BlockBorder->org.jfree.chart.ui.RectangleInsets.calculateTopInset
org.jfree.chart.block.BlockBorder->org.jfree.chart.ui.RectangleInsets.calculateBottomInset
org.jfree.chart.block.BlockBorder->org.jfree.chart.ui.RectangleInsets.calculateLeftInset
org.jfree.chart.block.BlockBorder->org.jfree.chart.ui.RectangleInsets.calculateRightInset
org.jfree.chart.block.LabelBlock->org.jfree.chart.block.LabelBlock.trimBorder
org.jfree.chart.block.AbstractBlock->org.jfree.chart.block.BlockFrame.getInsets
org.jfree.chart.block.AbstractBlock->org.jfree.chart.ui.RectangleInsets.trim
org.jfree.chart.ui.RectangleInsets->org.jfree.chart.ui.RectangleInsets.calculateLeftInset
org.jfree.chart.ui.RectangleInsets->org.jfree.chart.ui.RectangleInsets.calculateRightInset
org.jfree.chart.ui.RectangleInsets->org.jfree.chart.ui.RectangleInsets.calculateTopInset
org.jfree.chart.ui.RectangleInsets->org.jfree.chart.ui.RectangleInsets.calculateBottomInset
org.jfree.chart.block.LabelBlock->org.jfree.chart.block.LabelBlock.trimPadding
org.jfree.chart.block.AbstractBlock->org.jfree.chart.ui.RectangleInsets.trim
org.jfree.chart.ui.RectangleInsets->org.jfree.chart.ui.RectangleInsets.calculateLeftInset
org.jfree.chart.ui.RectangleInsets->org.jfree.chart.ui.RectangleInsets.calculateRightInset
org.jfree.chart.ui.RectangleInsets->org.jfree.chart.ui.RectangleInsets.calculateTopInset
org.jfree.chart.ui.RectangleInsets->org.jfree.chart.ui.RectangleInsets.calculateBottomInset
org.jfree.chart.block.LabelBlock->org.jfree.chart.ui.RectangleAnchor.coordinates
org.jfree.chart.ui.RectangleAnchor->org.jfree.chart.ui.RectangleAnchor.getAnchorPoint
org.jfree.chart.ui.RectangleAnchor->org.jfree.chart.util.ParamChecks.nullNotPermitted
org.jfree.chart.block.LabelBlock->org.jfree.chart.text.TextBlock.draw
org.jfree.chart.text.TextBlock->org.jfree.chart.text.TextBlock.draw
org.jfree.chart.text.TextBlock->org.jfree.chart.text.TextBlock.calculateDimensions
org.jfree.chart.text.TextBlock->org.jfree.chart.text.TextLine.calculateDimensions
org.jfree.chart.text.TextLine->org.jfree.chart.text.TextFragment.calculateDimensions
org.jfree.chart.text.TextFragment->org.jfree.chart.text.TextUtilities.getTextBounds
org.jfree.chart.text.TextLine->org.jfree.chart.ui.Size2D.getWidth
org.jfree.chart.text.TextLine->org.jfree.chart.ui.Size2D.getHeight
org.jfree.chart.text.TextBlock->org.jfree.chart.ui.Size2D.getWidth
org.jfree.chart.text.TextBlock->org.jfree.chart.ui.Size2D.getHeight
org.jfree.chart.text.TextBlock->org.jfree.chart.ui.Size2D.getWidth
org.jfree.chart.text.TextBlock->org.jfree.chart.ui.Size2D.getHeight
org.jfree.chart.text.TextBlock->org.jfree.chart.text.TextBlock.calculateOffsets
org.jfree.chart.text.TextBlock->org.jfree.chart.text.TextLine.calculateDimensions
org.jfree.chart.text.TextLine->org.jfree.chart.text.TextFragment.calculateDimensions
org.jfree.chart.text.TextFragment->org.jfree.chart.text.TextUtilities.getTextBounds
org.jfree.chart.text.TextLine->org.jfree.chart.ui.Size2D.getWidth
org.jfree.chart.text.TextLine->org.jfree.chart.ui.Size2D.getHeight
org.jfree.chart.text.TextBlock->org.jfree.chart.ui.Size2D.getWidth
org.jfree.chart.text.TextBlock->org.jfree.chart.ui.Size2D.getWidth
org.jfree.chart.text.TextBlock->org.jfree.chart.text.TextLine.draw
org.jfree.chart.text.TextLine->org.jfree.chart.text.TextLine.calculateDimensions
org.jfree.chart.text.TextLine->org.jfree.chart.text.TextFragment.calculateDimensions
org.jfree.chart.text.TextFragment->org.jfree.chart.text.TextUtilities.getTextBounds
org.jfree.chart.text.TextLine->org.jfree.chart.ui.Size2D.getWidth
org.jfree.chart.text.TextLine->org.jfree.chart.ui.Size2D.getHeight
org.jfree.chart.text.TextLine->org.jfree.chart.ui.TextAnchor.isHorizontalCenter
org.jfree.chart.text.TextLine->org.jfree.chart.ui.TextAnchor.isHorizontalRight
org.jfree.chart.text.TextLine->org.jfree.chart.text.TextLine.calculateBaselineOffset
org.jfree.chart.text.TextLine->org.jfree.chart.text.TextFragment.calculateBaselineOffset
org.jfree.chart.text.TextFragment->org.jfree.chart.ui.TextAnchor.isTop
org.jfree.chart.text.TextLine->org.jfree.chart.text.TextFragment.calculateDimensions
org.jfree.chart.text.TextFragment->org.jfree.chart.text.TextUtilities.getTextBounds
org.jfree.chart.text.TextLine->org.jfree.chart.text.TextFragment.draw
org.jfree.chart.text.TextFragment->org.jfree.chart.text.TextUtilities.drawRotatedString
org.jfree.chart.text.TextUtilities->org.jfree.chart.util.ParamChecks.nullNotPermitted
org.jfree.chart.text.TextUtilities->org.jfree.chart.text.TextUtilities.drawAlignedString
org.jfree.chart.text.TextUtilities->org.jfree.chart.text.TextUtilities.deriveTextBoundsAnchorOffsets
org.jfree.chart.text.TextUtilities->org.jfree.chart.text.TextUtilities.getTextBounds
org.jfree.chart.text.TextUtilities->org.jfree.chart.ui.TextAnchor.isHorizontalCenter
org.jfree.chart.text.TextUtilities->org.jfree.chart.ui.TextAnchor.isHorizontalRight
org.jfree.chart.text.TextUtilities->org.jfree.chart.ui.TextAnchor.isTop
org.jfree.chart.text.TextUtilities->org.jfree.chart.ui.TextAnchor.isHalfAscent
org.jfree.chart.text.TextUtilities->org.jfree.chart.ui.TextAnchor.isHalfHeight
org.jfree.chart.text.TextUtilities->org.jfree.chart.ui.TextAnchor.isBaseline
org.jfree.chart.text.TextLine->org.jfree.chart.ui.Size2D.getWidth
org.jfree.chart.text.TextBlock->org.jfree.chart.ui.Size2D.getHeight
org.jfree.chart.title.LegendItemBlockContainer->org.jfree.chart.block.EntityBlockParams.getGenerateEntities
org.jfree.chart.JFreeChart->org.jfree.chart.plot.Plot.draw
org.jfree.chart.plot.MeterPlot->org.jfree.chart.plot.MeterPlot.getInsets
org.jfree.chart.plot.MeterPlot->org.jfree.chart.ui.RectangleInsets.trim
org.jfree.chart.ui.RectangleInsets->org.jfree.chart.ui.RectangleInsets.calculateLeftInset
org.jfree.chart.ui.RectangleInsets->org.jfree.chart.ui.RectangleInsets.calculateRightInset
org.jfree.chart.ui.RectangleInsets->org.jfree.chart.ui.RectangleInsets.calculateTopInset
org.jfree.chart.ui.RectangleInsets->org.jfree.chart.ui.RectangleInsets.calculateBottomInset
org.jfree.chart.plot.MeterPlot->org.jfree.chart.plot.MeterPlot.getDataset
org.jfree.chart.plot.MeterPlot->org.jfree.data.Range.getLowerBound
org.jfree.chart.plot.MeterPlot->org.jfree.data.Range.getUpperBound
org.jfree.chart.plot.MeterPlot->org.jfree.chart.plot.MeterPlot.getForegroundAlpha
org.jfree.chart.plot.MeterPlot->org.jfree.chart.plot.MeterPlot.fillArc
org.jfree.chart.plot.MeterPlot->org.jfree.chart.util.ParamChecks.nullNotPermitted
org.jfree.chart.plot.MeterPlot->org.jfree.chart.plot.MeterPlot.valueToAngle
org.jfree.chart.plot.MeterPlot->org.jfree.data.Range.getLowerBound
org.jfree.chart.plot.MeterPlot->org.jfree.data.Range.getLength
org.jfree.chart.plot.MeterPlot->org.jfree.chart.plot.MeterPlot.valueToAngle
org.jfree.chart.plot.MeterPlot->org.jfree.data.Range.getLowerBound
org.jfree.chart.plot.MeterPlot->org.jfree.data.Range.getLength
org.jfree.chart.plot.MeterPlot->org.jfree.chart.plot.MeterPlot.drawTicks
org.jfree.chart.plot.MeterPlot->org.jfree.chart.plot.MeterPlot.drawTick
org.jfree.chart.plot.MeterPlot->org.jfree.chart.plot.MeterPlot.drawTick
org.jfree.chart.plot.MeterPlot->org.jfree.chart.plot.MeterPlot.valueToAngle
org.jfree.chart.plot.MeterPlot->org.jfree.data.Range.getLowerBound
org.jfree.chart.plot.MeterPlot->org.jfree.data.Range.getLength
org.jfree.chart.plot.MeterPlot->org.jfree.chart.plot.MeterPlot.drawTick
org.jfree.chart.plot.MeterPlot->org.jfree.chart.plot.MeterPlot.drawTick
org.jfree.chart.plot.MeterPlot->org.jfree.chart.plot.MeterPlot.valueToAngle
org.jfree.chart.plot.MeterPlot->org.jfree.data.Range.getLowerBound
org.jfree.chart.plot.MeterPlot->org.jfree.data.Range.getLength
org.jfree.chart.plot.MeterPlot->org.jfree.chart.plot.MeterPlot.drawTick
org.jfree.chart.plot.MeterPlot->org.jfree.chart.plot.MeterPlot.drawTick
org.jfree.chart.plot.MeterPlot->org.jfree.chart.plot.MeterPlot.valueToAngle
org.jfree.chart.plot.MeterPlot->org.jfree.data.Range.getLowerBound
org.jfree.chart.plot.MeterPlot->org.jfree.data.Range.getLength
org.jfree.chart.plot.MeterPlot->org.jfree.chart.plot.MeterPlot.drawTick
org.jfree.chart.plot.MeterPlot->org.jfree.chart.plot.MeterPlot.drawTick
org.jfree.chart.plot.MeterPlot->org.jfree.chart.plot.MeterPlot.valueToAngle
org.jfree.chart.plot.MeterPlot->org.jfree.data.Range.getLowerBound
org.jfree.chart.plot.MeterPlot->org.jfree.data.Range.getLength
org.jfree.chart.plot.MeterPlot->org.jfree.chart.plot.MeterPlot.drawTick
org.jfree.chart.plot.MeterPlot->org.jfree.chart.plot.MeterPlot.drawTick
org.jfree.chart.plot.MeterPlot->org.jfree.chart.plot.MeterPlot.valueToAngle
org.jfree.chart.plot.MeterPlot->org.jfree.data.Range.getLowerBound
org.jfree.chart.plot.MeterPlot->org.jfree.data.Range.getLength
org.jfree.chart.plot.MeterPlot->org.jfree.chart.plot.MeterPlot.drawTick
org.jfree.chart.plot.MeterPlot->org.jfree.chart.plot.MeterPlot.drawTick
org.jfree.chart.plot.MeterPlot->org.jfree.chart.plot.MeterPlot.valueToAngle
org.jfree.chart.plot.MeterPlot->org.jfree.data.Range.getLowerBound
org.jfree.chart.plot.MeterPlot->org.jfree.data.Range.getLength
org.jfree.chart.plot.MeterPlot->org.jfree.chart.plot.MeterPlot.drawTick
org.jfree.chart.plot.MeterPlot->org.jfree.chart.plot.MeterPlot.drawTick
org.jfree.chart.plot.MeterPlot->org.jfree.chart.plot.MeterPlot.valueToAngle
org.jfree.chart.plot.MeterPlot->org.jfree.data.Range.getLowerBound
org.jfree.chart.plot.MeterPlot->org.jfree.data.Range.getLength
org.jfree.chart.plot.MeterPlot->org.jfree.chart.plot.MeterPlot.drawTick
org.jfree.chart.plot.MeterPlot->org.jfree.chart.plot.MeterPlot.drawTick
org.jfree.chart.plot.MeterPlot->org.jfree.chart.plot.MeterPlot.valueToAngle
org.jfree.chart.plot.MeterPlot->org.jfree.data.Range.getLowerBound
org.jfree.chart.plot.MeterPlot->org.jfree.data.Range.getLength
org.jfree.chart.plot.MeterPlot->org.jfree.chart.plot.MeterPlot.drawTick
org.jfree.chart.plot.MeterPlot->org.jfree.chart.plot.MeterPlot.drawTick
org.jfree.chart.plot.MeterPlot->org.jfree.chart.plot.MeterPlot.valueToAngle
org.jfree.chart.plot.MeterPlot->org.jfree.data.Range.getLowerBound
org.jfree.chart.plot.MeterPlot->org.jfree.data.Range.getLength
org.jfree.chart.plot.MeterPlot->org.jfree.chart.plot.MeterPlot.drawTick
org.jfree.chart.plot.MeterPlot->org.jfree.chart.plot.MeterPlot.drawTick
org.jfree.chart.plot.MeterPlot->org.jfree.chart.plot.MeterPlot.valueToAngle
org.jfree.chart.plot.MeterPlot->org.jfree.data.Range.getLowerBound
org.jfree.chart.plot.MeterPlot->org.jfree.data.Range.getLength
org.jfree.chart.plot.MeterPlot->org.jfree.chart.plot.MeterPlot.drawTick
org.jfree.chart.plot.MeterPlot->org.jfree.chart.plot.MeterPlot.drawTick
org.jfree.chart.plot.MeterPlot->org.jfree.chart.plot.MeterPlot.valueToAngle
org.jfree.chart.plot.MeterPlot->org.jfree.data.Range.getLowerBound
org.jfree.chart.plot.MeterPlot->org.jfree.data.Range.getLength
org.jfree.chart.plot.MeterPlot->org.jfree.chart.plot.MeterPlot.drawArcForInterval
org.jfree.chart.plot.MeterPlot->org.jfree.chart.plot.MeterInterval.getRange
org.jfree.chart.plot.MeterPlot->org.jfree.data.Range.getLowerBound
org.jfree.chart.plot.MeterPlot->org.jfree.chart.plot.MeterInterval.getRange
org.jfree.chart.plot.MeterPlot->org.jfree.data.Range.getUpperBound
org.jfree.chart.plot.MeterPlot->org.jfree.chart.plot.MeterInterval.getOutlinePaint
org.jfree.chart.plot.MeterPlot->org.jfree.chart.plot.MeterInterval.getOutlineStroke
org.jfree.chart.plot.MeterPlot->org.jfree.chart.plot.MeterInterval.getBackgroundPaint
org.jfree.chart.plot.MeterPlot->org.jfree.chart.plot.MeterPlot.drawArcForInterval
org.jfree.chart.plot.MeterPlot->org.jfree.chart.plot.MeterInterval.getRange
org.jfree.chart.plot.MeterPlot->org.jfree.data.Range.getLowerBound
org.jfree.chart.plot.MeterPlot->org.jfree.chart.plot.MeterInterval.getRange
org.jfree.chart.plot.MeterPlot->org.jfree.data.Range.getUpperBound
org.jfree.chart.plot.MeterPlot->org.jfree.chart.plot.MeterInterval.getOutlinePaint
org.jfree.chart.plot.MeterPlot->org.jfree.chart.plot.MeterInterval.getOutlineStroke
org.jfree.chart.plot.MeterPlot->org.jfree.chart.plot.MeterInterval.getBackgroundPaint
org.jfree.chart.plot.MeterPlot->org.jfree.chart.plot.MeterPlot.drawArc
org.jfree.chart.plot.MeterPlot->org.jfree.chart.plot.MeterPlot.valueToAngle
org.jfree.chart.plot.MeterPlot->org.jfree.data.Range.getLowerBound
org.jfree.chart.plot.MeterPlot->org.jfree.data.Range.getLength
org.jfree.chart.plot.MeterPlot->org.jfree.chart.plot.MeterPlot.valueToAngle
org.jfree.chart.plot.MeterPlot->org.jfree.data.Range.getLowerBound
org.jfree.chart.plot.MeterPlot->org.jfree.data.Range.getLength
org.jfree.chart.plot.MeterPlot->org.jfree.chart.plot.MeterPlot.drawTick
org.jfree.chart.plot.MeterPlot->org.jfree.chart.plot.MeterPlot.valueToAngle
org.jfree.chart.plot.MeterPlot->org.jfree.data.Range.getLowerBound
org.jfree.chart.plot.MeterPlot->org.jfree.data.Range.getLength
org.jfree.chart.plot.MeterPlot->org.jfree.chart.text.TextUtilities.getTextBounds
org.jfree.chart.plot.MeterPlot->org.jfree.chart.plot.MeterPlot.drawTick
org.jfree.chart.plot.MeterPlot->org.jfree.chart.plot.MeterPlot.valueToAngle
org.jfree.chart.plot.MeterPlot->org.jfree.data.Range.getLowerBound
org.jfree.chart.plot.MeterPlot->org.jfree.data.Range.getLength
org.jfree.chart.plot.MeterPlot->org.jfree.chart.text.TextUtilities.getTextBounds
org.jfree.chart.plot.MeterPlot->org.jfree.data.general.ValueDataset.getValue
org.jfree.chart.plot.MeterPlot->org.jfree.chart.plot.MeterPlot.drawValueLabel
org.jfree.chart.plot.MeterPlot->org.jfree.data.general.ValueDataset.getValue
org.jfree.chart.plot.MeterPlot->org.jfree.chart.text.TextUtilities.drawAlignedString
org.jfree.chart.text.TextUtilities->org.jfree.chart.text.TextUtilities.deriveTextBoundsAnchorOffsets
org.jfree.chart.text.TextUtilities->org.jfree.chart.text.TextUtilities.getTextBounds
org.jfree.chart.text.TextUtilities->org.jfree.chart.ui.TextAnchor.isHorizontalCenter
org.jfree.chart.text.TextUtilities->org.jfree.chart.ui.TextAnchor.isTop
org.jfree.chart.plot.MeterPlot->org.jfree.data.Range.contains
org.jfree.chart.plot.MeterPlot->org.jfree.chart.plot.MeterPlot.valueToAngle
org.jfree.chart.plot.MeterPlot->org.jfree.data.Range.getLowerBound
org.jfree.chart.plot.MeterPlot->org.jfree.data.Range.getLength
org.jfree.chart.JFreeChart->org.jfree.chart.JFreeChart.notifyListeners
