org.jfree.chart.renderer.RendererUtilitiesTest->org.jfree.data.xy.DefaultXYDataset.addSeries
org.jfree.data.xy.DefaultXYDataset->org.jfree.data.xy.DefaultXYDataset.indexOf
org.jfree.data.xy.DefaultXYDataset->org.jfree.data.xy.DefaultXYDataset.notifyListeners
org.jfree.chart.renderer.RendererUtilitiesTest->org.jfree.chart.renderer.RendererUtilities.findLiveItemsUpperBound
org.jfree.chart.renderer.RendererUtilities->org.jfree.data.xy.XYDataset.getItemCount
org.jfree.data.xy.DefaultXYDataset->org.jfree.data.xy.DefaultXYDataset.getSeriesCount
org.jfree.chart.renderer.RendererUtilitiesTest->org.jfree.data.xy.DefaultXYDataset.addSeries
org.jfree.data.xy.DefaultXYDataset->org.jfree.data.xy.DefaultXYDataset.indexOf
org.jfree.data.xy.DefaultXYDataset->org.jfree.data.xy.DefaultXYDataset.notifyListeners
org.jfree.chart.renderer.RendererUtilitiesTest->org.jfree.chart.renderer.RendererUtilities.findLiveItemsUpperBound
org.jfree.chart.renderer.RendererUtilities->org.jfree.data.xy.XYDataset.getItemCount
org.jfree.data.xy.DefaultXYDataset->org.jfree.data.xy.DefaultXYDataset.getSeriesCount
org.jfree.chart.renderer.RendererUtilitiesTest->org.jfree.chart.renderer.RendererUtilities.findLiveItemsUpperBound
org.jfree.chart.renderer.RendererUtilities->org.jfree.data.xy.XYDataset.getItemCount
org.jfree.data.xy.DefaultXYDataset->org.jfree.data.xy.DefaultXYDataset.getSeriesCount
org.jfree.chart.renderer.RendererUtilitiesTest->org.jfree.data.xy.DefaultXYDataset.addSeries
org.jfree.data.xy.DefaultXYDataset->org.jfree.data.xy.DefaultXYDataset.indexOf
org.jfree.data.xy.DefaultXYDataset->org.jfree.data.xy.DefaultXYDataset.notifyListeners
org.jfree.chart.renderer.RendererUtilitiesTest->org.jfree.chart.renderer.RendererUtilities.findLiveItemsUpperBound
org.jfree.chart.renderer.RendererUtilities->org.jfree.data.xy.XYDataset.getItemCount
org.jfree.data.xy.DefaultXYDataset->org.jfree.data.xy.DefaultXYDataset.getSeriesCount
org.jfree.chart.renderer.RendererUtilities->org.jfree.data.xy.XYDataset.getDomainOrder
org.jfree.chart.renderer.RendererUtilities->org.jfree.data.xy.XYDataset.getDomainOrder
org.jfree.chart.renderer.RendererUtilities->org.jfree.data.xy.XYDataset.getXValue
org.jfree.chart.renderer.RendererUtilities->org.jfree.data.xy.XYDataset.getXValue
org.jfree.chart.renderer.RendererUtilitiesTest->org.jfree.chart.renderer.RendererUtilities.findLiveItemsUpperBound
org.jfree.chart.renderer.RendererUtilities->org.jfree.data.xy.XYDataset.getItemCount
org.jfree.data.xy.DefaultXYDataset->org.jfree.data.xy.DefaultXYDataset.getSeriesCount
org.jfree.chart.renderer.RendererUtilities->org.jfree.data.xy.XYDataset.getDomainOrder
org.jfree.chart.renderer.RendererUtilities->org.jfree.data.xy.XYDataset.getDomainOrder
org.jfree.chart.renderer.RendererUtilities->org.jfree.data.xy.XYDataset.getXValue
org.jfree.chart.renderer.RendererUtilities->org.jfree.data.xy.XYDataset.getXValue
org.jfree.chart.renderer.RendererUtilitiesTest->org.jfree.chart.renderer.RendererUtilities.findLiveItemsUpperBound
org.jfree.chart.renderer.RendererUtilities->org.jfree.data.xy.XYDataset.getItemCount
org.jfree.data.xy.DefaultXYDataset->org.jfree.data.xy.DefaultXYDataset.getSeriesCount
org.jfree.chart.renderer.RendererUtilities->org.jfree.data.xy.XYDataset.getDomainOrder
org.jfree.chart.renderer.RendererUtilities->org.jfree.data.xy.XYDataset.getDomainOrder
org.jfree.chart.renderer.RendererUtilities->org.jfree.data.xy.XYDataset.getXValue
org.jfree.chart.renderer.RendererUtilities->org.jfree.data.xy.XYDataset.getXValue
org.jfree.chart.renderer.RendererUtilitiesTest->org.jfree.chart.renderer.RendererUtilities.findLiveItemsUpperBound
org.jfree.chart.renderer.RendererUtilities->org.jfree.data.xy.XYDataset.getItemCount
org.jfree.data.xy.DefaultXYDataset->org.jfree.data.xy.DefaultXYDataset.getSeriesCount
org.jfree.chart.renderer.RendererUtilities->org.jfree.data.xy.XYDataset.getDomainOrder
org.jfree.chart.renderer.RendererUtilities->org.jfree.data.xy.XYDataset.getDomainOrder
org.jfree.chart.renderer.RendererUtilities->org.jfree.data.xy.XYDataset.getXValue
org.jfree.chart.renderer.RendererUtilitiesTest->org.jfree.chart.renderer.RendererUtilities.findLiveItemsUpperBound
org.jfree.chart.renderer.RendererUtilities->org.jfree.data.xy.XYDataset.getItemCount
org.jfree.data.xy.DefaultXYDataset->org.jfree.data.xy.DefaultXYDataset.getSeriesCount
org.jfree.chart.renderer.RendererUtilities->org.jfree.data.xy.XYDataset.getDomainOrder
org.jfree.chart.renderer.RendererUtilities->org.jfree.data.xy.XYDataset.getDomainOrder
org.jfree.chart.renderer.RendererUtilities->org.jfree.data.xy.XYDataset.getXValue
org.jfree.chart.renderer.RendererUtilitiesTest->org.jfree.data.xy.DefaultXYDataset.addSeries
org.jfree.data.xy.DefaultXYDataset->org.jfree.data.xy.DefaultXYDataset.indexOf
org.jfree.data.xy.DefaultXYDataset->org.jfree.data.xy.DefaultXYDataset.notifyListeners
org.jfree.chart.renderer.RendererUtilitiesTest->org.jfree.chart.renderer.RendererUtilities.findLiveItemsUpperBound
org.jfree.chart.renderer.RendererUtilities->org.jfree.data.xy.XYDataset.getItemCount
org.jfree.data.xy.DefaultXYDataset->org.jfree.data.xy.DefaultXYDataset.getSeriesCount
org.jfree.chart.renderer.RendererUtilities->org.jfree.data.xy.XYDataset.getDomainOrder
org.jfree.chart.renderer.RendererUtilities->org.jfree.data.xy.XYDataset.getDomainOrder
org.jfree.chart.renderer.RendererUtilities->org.jfree.data.xy.XYDataset.getXValue
org.jfree.chart.renderer.RendererUtilities->org.jfree.data.xy.XYDataset.getXValue
org.jfree.chart.renderer.RendererUtilitiesTest->org.jfree.chart.renderer.RendererUtilities.findLiveItemsUpperBound
org.jfree.chart.renderer.RendererUtilities->org.jfree.data.xy.XYDataset.getItemCount
org.jfree.data.xy.DefaultXYDataset->org.jfree.data.xy.DefaultXYDataset.getSeriesCount
org.jfree.chart.renderer.RendererUtilities->org.jfree.data.xy.XYDataset.getDomainOrder
org.jfree.chart.renderer.RendererUtilities->org.jfree.data.xy.XYDataset.getDomainOrder
org.jfree.chart.renderer.RendererUtilities->org.jfree.data.xy.XYDataset.getXValue
org.jfree.chart.renderer.RendererUtilities->org.jfree.data.xy.XYDataset.getXValue
org.jfree.chart.renderer.RendererUtilitiesTest->org.jfree.chart.renderer.RendererUtilities.findLiveItemsUpperBound
org.jfree.chart.renderer.RendererUtilities->org.jfree.data.xy.XYDataset.getItemCount
org.jfree.data.xy.DefaultXYDataset->org.jfree.data.xy.DefaultXYDataset.getSeriesCount
org.jfree.chart.renderer.RendererUtilities->org.jfree.data.xy.XYDataset.getDomainOrder
org.jfree.chart.renderer.RendererUtilities->org.jfree.data.xy.XYDataset.getDomainOrder
org.jfree.chart.renderer.RendererUtilities->org.jfree.data.xy.XYDataset.getXValue
org.jfree.chart.renderer.RendererUtilities->org.jfree.data.xy.XYDataset.getXValue
org.jfree.chart.renderer.RendererUtilities->org.jfree.data.xy.XYDataset.getXValue
org.jfree.chart.renderer.RendererUtilitiesTest->org.jfree.chart.renderer.RendererUtilities.findLiveItemsUpperBound
org.jfree.chart.renderer.RendererUtilities->org.jfree.data.xy.XYDataset.getItemCount
org.jfree.data.xy.DefaultXYDataset->org.jfree.data.xy.DefaultXYDataset.getSeriesCount
org.jfree.chart.renderer.RendererUtilities->org.jfree.data.xy.XYDataset.getDomainOrder
org.jfree.chart.renderer.RendererUtilities->org.jfree.data.xy.XYDataset.getDomainOrder
org.jfree.chart.renderer.RendererUtilities->org.jfree.data.xy.XYDataset.getXValue
org.jfree.chart.renderer.RendererUtilities->org.jfree.data.xy.XYDataset.getXValue
org.jfree.chart.renderer.RendererUtilities->org.jfree.data.xy.XYDataset.getXValue
org.jfree.chart.renderer.RendererUtilitiesTest->org.jfree.data.xy.DefaultXYDataset.addSeries
org.jfree.data.xy.DefaultXYDataset->org.jfree.data.xy.DefaultXYDataset.indexOf
org.jfree.data.xy.DefaultXYDataset->org.jfree.data.xy.DefaultXYDataset.notifyListeners
org.jfree.chart.renderer.RendererUtilitiesTest->org.jfree.chart.renderer.RendererUtilities.findLiveItemsUpperBound
org.jfree.chart.renderer.RendererUtilities->org.jfree.data.xy.XYDataset.getItemCount
org.jfree.data.xy.DefaultXYDataset->org.jfree.data.xy.DefaultXYDataset.getSeriesCount
org.jfree.chart.renderer.RendererUtilities->org.jfree.data.xy.XYDataset.getDomainOrder
org.jfree.chart.renderer.RendererUtilities->org.jfree.data.xy.XYDataset.getDomainOrder
org.jfree.chart.renderer.RendererUtilities->org.jfree.data.xy.XYDataset.getXValue
org.jfree.chart.renderer.RendererUtilities->org.jfree.data.xy.XYDataset.getXValue
org.jfree.chart.renderer.RendererUtilitiesTest->org.jfree.chart.renderer.RendererUtilities.findLiveItemsUpperBound
org.jfree.chart.renderer.RendererUtilities->org.jfree.data.xy.XYDataset.getItemCount
org.jfree.data.xy.DefaultXYDataset->org.jfree.data.xy.DefaultXYDataset.getSeriesCount
org.jfree.chart.renderer.RendererUtilities->org.jfree.data.xy.XYDataset.getDomainOrder
org.jfree.chart.renderer.RendererUtilities->org.jfree.data.xy.XYDataset.getDomainOrder
org.jfree.chart.renderer.RendererUtilities->org.jfree.data.xy.XYDataset.getXValue
org.jfree.chart.renderer.RendererUtilities->org.jfree.data.xy.XYDataset.getXValue
org.jfree.chart.renderer.RendererUtilitiesTest->org.jfree.chart.renderer.RendererUtilities.findLiveItemsUpperBound
org.jfree.chart.renderer.RendererUtilities->org.jfree.data.xy.XYDataset.getItemCount
org.jfree.data.xy.DefaultXYDataset->org.jfree.data.xy.DefaultXYDataset.getSeriesCount
org.jfree.chart.renderer.RendererUtilities->org.jfree.data.xy.XYDataset.getDomainOrder
org.jfree.chart.renderer.RendererUtilities->org.jfree.data.xy.XYDataset.getDomainOrder
org.jfree.chart.renderer.RendererUtilities->org.jfree.data.xy.XYDataset.getXValue
org.jfree.chart.renderer.RendererUtilities->org.jfree.data.xy.XYDataset.getXValue
org.jfree.chart.renderer.RendererUtilities->org.jfree.data.xy.XYDataset.getXValue
org.jfree.chart.renderer.RendererUtilities->org.jfree.data.xy.XYDataset.getXValue
org.jfree.chart.renderer.RendererUtilitiesTest->org.jfree.chart.renderer.RendererUtilities.findLiveItemsUpperBound
org.jfree.chart.renderer.RendererUtilities->org.jfree.data.xy.XYDataset.getItemCount
org.jfree.data.xy.DefaultXYDataset->org.jfree.data.xy.DefaultXYDataset.getSeriesCount
org.jfree.chart.renderer.RendererUtilities->org.jfree.data.xy.XYDataset.getDomainOrder
org.jfree.chart.renderer.RendererUtilities->org.jfree.data.xy.XYDataset.getDomainOrder
org.jfree.chart.renderer.RendererUtilities->org.jfree.data.xy.XYDataset.getXValue
org.jfree.chart.renderer.RendererUtilities->org.jfree.data.xy.XYDataset.getXValue
org.jfree.chart.renderer.RendererUtilities->org.jfree.data.xy.XYDataset.getXValue
org.jfree.chart.renderer.RendererUtilities->org.jfree.data.xy.XYDataset.getXValue
org.jfree.chart.renderer.RendererUtilitiesTest->org.jfree.chart.renderer.RendererUtilities.findLiveItemsUpperBound
org.jfree.chart.renderer.RendererUtilities->org.jfree.data.xy.XYDataset.getItemCount
org.jfree.data.xy.DefaultXYDataset->org.jfree.data.xy.DefaultXYDataset.getSeriesCount
org.jfree.chart.renderer.RendererUtilities->org.jfree.data.xy.XYDataset.getDomainOrder
org.jfree.chart.renderer.RendererUtilities->org.jfree.data.xy.XYDataset.getDomainOrder
org.jfree.chart.renderer.RendererUtilities->org.jfree.data.xy.XYDataset.getXValue
org.jfree.chart.renderer.RendererUtilities->org.jfree.data.xy.XYDataset.getXValue
org.jfree.chart.renderer.RendererUtilities->org.jfree.data.xy.XYDataset.getXValue
org.jfree.chart.renderer.RendererUtilitiesTest->org.jfree.chart.renderer.RendererUtilities.findLiveItemsUpperBound
org.jfree.chart.renderer.RendererUtilities->org.jfree.data.xy.XYDataset.getItemCount
org.jfree.data.xy.DefaultXYDataset->org.jfree.data.xy.DefaultXYDataset.getSeriesCount
org.jfree.chart.renderer.RendererUtilities->org.jfree.data.xy.XYDataset.getDomainOrder
org.jfree.chart.renderer.RendererUtilities->org.jfree.data.xy.XYDataset.getDomainOrder
org.jfree.chart.renderer.RendererUtilities->org.jfree.data.xy.XYDataset.getXValue
org.jfree.chart.renderer.RendererUtilitiesTest->org.jfree.data.xy.DefaultXYDataset.addSeries
org.jfree.data.xy.DefaultXYDataset->org.jfree.data.xy.DefaultXYDataset.indexOf
org.jfree.data.xy.DefaultXYDataset->org.jfree.data.xy.DefaultXYDataset.notifyListeners
org.jfree.chart.renderer.RendererUtilitiesTest->org.jfree.chart.renderer.RendererUtilities.findLiveItemsUpperBound
org.jfree.chart.renderer.RendererUtilities->org.jfree.data.xy.XYDataset.getItemCount
org.jfree.data.xy.DefaultXYDataset->org.jfree.data.xy.DefaultXYDataset.getSeriesCount
org.jfree.chart.renderer.RendererUtilities->org.jfree.data.xy.XYDataset.getDomainOrder
org.jfree.chart.renderer.RendererUtilities->org.jfree.data.xy.XYDataset.getDomainOrder
org.jfree.chart.renderer.RendererUtilities->org.jfree.data.xy.XYDataset.getXValue
org.jfree.chart.renderer.RendererUtilities->org.jfree.data.xy.XYDataset.getXValue
org.jfree.chart.renderer.RendererUtilitiesTest->org.jfree.chart.renderer.RendererUtilities.findLiveItemsUpperBound
org.jfree.chart.renderer.RendererUtilities->org.jfree.data.xy.XYDataset.getItemCount
org.jfree.data.xy.DefaultXYDataset->org.jfree.data.xy.DefaultXYDataset.getSeriesCount
org.jfree.chart.renderer.RendererUtilities->org.jfree.data.xy.XYDataset.getDomainOrder
org.jfree.chart.renderer.RendererUtilities->org.jfree.data.xy.XYDataset.getDomainOrder
org.jfree.chart.renderer.RendererUtilities->org.jfree.data.xy.XYDataset.getXValue
org.jfree.chart.renderer.RendererUtilities->org.jfree.data.xy.XYDataset.getXValue
org.jfree.chart.renderer.RendererUtilitiesTest->org.jfree.chart.renderer.RendererUtilities.findLiveItemsUpperBound
org.jfree.chart.renderer.RendererUtilities->org.jfree.data.xy.XYDataset.getItemCount
org.jfree.data.xy.DefaultXYDataset->org.jfree.data.xy.DefaultXYDataset.getSeriesCount
org.jfree.chart.renderer.RendererUtilities->org.jfree.data.xy.XYDataset.getDomainOrder
org.jfree.chart.renderer.RendererUtilities->org.jfree.data.xy.XYDataset.getDomainOrder
org.jfree.chart.renderer.RendererUtilities->org.jfree.data.xy.XYDataset.getXValue
org.jfree.chart.renderer.RendererUtilities->org.jfree.data.xy.XYDataset.getXValue
org.jfree.chart.renderer.RendererUtilities->org.jfree.data.xy.XYDataset.getXValue
org.jfree.chart.renderer.RendererUtilities->org.jfree.data.xy.XYDataset.getXValue
org.jfree.chart.renderer.RendererUtilitiesTest->org.jfree.chart.renderer.RendererUtilities.findLiveItemsUpperBound
org.jfree.chart.renderer.RendererUtilities->org.jfree.data.xy.XYDataset.getItemCount
org.jfree.data.xy.DefaultXYDataset->org.jfree.data.xy.DefaultXYDataset.getSeriesCount
org.jfree.chart.renderer.RendererUtilities->org.jfree.data.xy.XYDataset.getDomainOrder
org.jfree.chart.renderer.RendererUtilities->org.jfree.data.xy.XYDataset.getDomainOrder
org.jfree.chart.renderer.RendererUtilities->org.jfree.data.xy.XYDataset.getXValue
org.jfree.chart.renderer.RendererUtilities->org.jfree.data.xy.XYDataset.getXValue
org.jfree.chart.renderer.RendererUtilities->org.jfree.data.xy.XYDataset.getXValue
org.jfree.chart.renderer.RendererUtilities->org.jfree.data.xy.XYDataset.getXValue
org.jfree.chart.renderer.RendererUtilitiesTest->org.jfree.data.xy.DefaultXYDataset.addSeries
org.jfree.data.xy.DefaultXYDataset->org.jfree.data.xy.DefaultXYDataset.indexOf
org.jfree.data.xy.DefaultXYDataset->org.jfree.data.xy.DefaultXYDataset.notifyListeners
org.jfree.chart.renderer.RendererUtilitiesTest->org.jfree.chart.renderer.RendererUtilities.findLiveItemsLowerBound
org.jfree.chart.renderer.RendererUtilities->org.jfree.data.xy.XYDataset.getItemCount
org.jfree.data.xy.DefaultXYDataset->org.jfree.data.xy.DefaultXYDataset.getSeriesCount
org.jfree.chart.renderer.RendererUtilitiesTest->org.jfree.data.xy.DefaultXYDataset.addSeries
org.jfree.data.xy.DefaultXYDataset->org.jfree.data.xy.DefaultXYDataset.indexOf
org.jfree.data.xy.DefaultXYDataset->org.jfree.data.xy.DefaultXYDataset.notifyListeners
org.jfree.chart.renderer.RendererUtilitiesTest->org.jfree.chart.renderer.RendererUtilities.findLiveItemsLowerBound
org.jfree.chart.renderer.RendererUtilities->org.jfree.data.xy.XYDataset.getItemCount
org.jfree.data.xy.DefaultXYDataset->org.jfree.data.xy.DefaultXYDataset.getSeriesCount
org.jfree.chart.renderer.RendererUtilitiesTest->org.jfree.chart.renderer.RendererUtilities.findLiveItemsLowerBound
org.jfree.chart.renderer.RendererUtilities->org.jfree.data.xy.XYDataset.getItemCount
org.jfree.data.xy.DefaultXYDataset->org.jfree.data.xy.DefaultXYDataset.getSeriesCount
org.jfree.chart.renderer.RendererUtilitiesTest->org.jfree.data.xy.DefaultXYDataset.addSeries
org.jfree.data.xy.DefaultXYDataset->org.jfree.data.xy.DefaultXYDataset.indexOf
org.jfree.data.xy.DefaultXYDataset->org.jfree.data.xy.DefaultXYDataset.notifyListeners
org.jfree.chart.renderer.RendererUtilitiesTest->org.jfree.chart.renderer.RendererUtilities.findLiveItemsLowerBound
org.jfree.chart.renderer.RendererUtilities->org.jfree.data.xy.XYDataset.getItemCount
org.jfree.data.xy.DefaultXYDataset->org.jfree.data.xy.DefaultXYDataset.getSeriesCount
org.jfree.chart.renderer.RendererUtilities->org.jfree.data.xy.XYDataset.getDomainOrder
org.jfree.chart.renderer.RendererUtilities->org.jfree.data.xy.XYDataset.getXValue
org.jfree.chart.renderer.RendererUtilitiesTest->org.jfree.chart.renderer.RendererUtilities.findLiveItemsLowerBound
org.jfree.chart.renderer.RendererUtilities->org.jfree.data.xy.XYDataset.getItemCount
org.jfree.data.xy.DefaultXYDataset->org.jfree.data.xy.DefaultXYDataset.getSeriesCount
org.jfree.chart.renderer.RendererUtilities->org.jfree.data.xy.XYDataset.getDomainOrder
org.jfree.chart.renderer.RendererUtilities->org.jfree.data.xy.XYDataset.getXValue
org.jfree.chart.renderer.RendererUtilitiesTest->org.jfree.chart.renderer.RendererUtilities.findLiveItemsLowerBound
org.jfree.chart.renderer.RendererUtilities->org.jfree.data.xy.XYDataset.getItemCount
org.jfree.data.xy.DefaultXYDataset->org.jfree.data.xy.DefaultXYDataset.getSeriesCount
org.jfree.chart.renderer.RendererUtilities->org.jfree.data.xy.XYDataset.getDomainOrder
org.jfree.chart.renderer.RendererUtilities->org.jfree.data.xy.XYDataset.getXValue
org.jfree.chart.renderer.RendererUtilities->org.jfree.data.xy.XYDataset.getXValue
org.jfree.chart.renderer.RendererUtilitiesTest->org.jfree.chart.renderer.RendererUtilities.findLiveItemsLowerBound
org.jfree.chart.renderer.RendererUtilities->org.jfree.data.xy.XYDataset.getItemCount
org.jfree.data.xy.DefaultXYDataset->org.jfree.data.xy.DefaultXYDataset.getSeriesCount
org.jfree.chart.renderer.RendererUtilities->org.jfree.data.xy.XYDataset.getDomainOrder
org.jfree.chart.renderer.RendererUtilities->org.jfree.data.xy.XYDataset.getXValue
org.jfree.chart.renderer.RendererUtilities->org.jfree.data.xy.XYDataset.getXValue
org.jfree.chart.renderer.RendererUtilitiesTest->org.jfree.data.xy.DefaultXYDataset.addSeries
org.jfree.data.xy.DefaultXYDataset->org.jfree.data.xy.DefaultXYDataset.indexOf
org.jfree.data.xy.DefaultXYDataset->org.jfree.data.xy.DefaultXYDataset.notifyListeners
org.jfree.chart.renderer.RendererUtilitiesTest->org.jfree.chart.renderer.RendererUtilities.findLiveItemsLowerBound
org.jfree.chart.renderer.RendererUtilities->org.jfree.data.xy.XYDataset.getItemCount
org.jfree.data.xy.DefaultXYDataset->org.jfree.data.xy.DefaultXYDataset.getSeriesCount
org.jfree.chart.renderer.RendererUtilities->org.jfree.data.xy.XYDataset.getDomainOrder
org.jfree.chart.renderer.RendererUtilities->org.jfree.data.xy.XYDataset.getXValue
org.jfree.chart.renderer.RendererUtilitiesTest->org.jfree.chart.renderer.RendererUtilities.findLiveItemsLowerBound
org.jfree.chart.renderer.RendererUtilities->org.jfree.data.xy.XYDataset.getItemCount
org.jfree.data.xy.DefaultXYDataset->org.jfree.data.xy.DefaultXYDataset.getSeriesCount
org.jfree.chart.renderer.RendererUtilities->org.jfree.data.xy.XYDataset.getDomainOrder
org.jfree.chart.renderer.RendererUtilities->org.jfree.data.xy.XYDataset.getXValue
org.jfree.chart.renderer.RendererUtilitiesTest->org.jfree.chart.renderer.RendererUtilities.findLiveItemsLowerBound
org.jfree.chart.renderer.RendererUtilities->org.jfree.data.xy.XYDataset.getItemCount
org.jfree.data.xy.DefaultXYDataset->org.jfree.data.xy.DefaultXYDataset.getSeriesCount
org.jfree.chart.renderer.RendererUtilities->org.jfree.data.xy.XYDataset.getDomainOrder
org.jfree.chart.renderer.RendererUtilities->org.jfree.data.xy.XYDataset.getXValue
org.jfree.chart.renderer.RendererUtilities->org.jfree.data.xy.XYDataset.getXValue
org.jfree.chart.renderer.RendererUtilities->org.jfree.data.xy.XYDataset.getXValue
org.jfree.chart.renderer.RendererUtilitiesTest->org.jfree.chart.renderer.RendererUtilities.findLiveItemsLowerBound
org.jfree.chart.renderer.RendererUtilities->org.jfree.data.xy.XYDataset.getItemCount
org.jfree.data.xy.DefaultXYDataset->org.jfree.data.xy.DefaultXYDataset.getSeriesCount
org.jfree.chart.renderer.RendererUtilities->org.jfree.data.xy.XYDataset.getDomainOrder
org.jfree.chart.renderer.RendererUtilities->org.jfree.data.xy.XYDataset.getXValue
org.jfree.chart.renderer.RendererUtilities->org.jfree.data.xy.XYDataset.getXValue
org.jfree.chart.renderer.RendererUtilities->org.jfree.data.xy.XYDataset.getXValue
org.jfree.chart.renderer.RendererUtilitiesTest->org.jfree.data.xy.DefaultXYDataset.addSeries
org.jfree.data.xy.DefaultXYDataset->org.jfree.data.xy.DefaultXYDataset.indexOf
org.jfree.data.xy.DefaultXYDataset->org.jfree.data.xy.DefaultXYDataset.notifyListeners
org.jfree.chart.renderer.RendererUtilitiesTest->org.jfree.chart.renderer.RendererUtilities.findLiveItemsLowerBound
org.jfree.chart.renderer.RendererUtilities->org.jfree.data.xy.XYDataset.getItemCount
org.jfree.data.xy.DefaultXYDataset->org.jfree.data.xy.DefaultXYDataset.getSeriesCount
org.jfree.chart.renderer.RendererUtilities->org.jfree.data.xy.XYDataset.getDomainOrder
org.jfree.chart.renderer.RendererUtilities->org.jfree.data.xy.XYDataset.getXValue
org.jfree.chart.renderer.RendererUtilitiesTest->org.jfree.chart.renderer.RendererUtilities.findLiveItemsLowerBound
org.jfree.chart.renderer.RendererUtilities->org.jfree.data.xy.XYDataset.getItemCount
org.jfree.data.xy.DefaultXYDataset->org.jfree.data.xy.DefaultXYDataset.getSeriesCount
org.jfree.chart.renderer.RendererUtilities->org.jfree.data.xy.XYDataset.getDomainOrder
org.jfree.chart.renderer.RendererUtilities->org.jfree.data.xy.XYDataset.getXValue
org.jfree.chart.renderer.RendererUtilitiesTest->org.jfree.chart.renderer.RendererUtilities.findLiveItemsLowerBound
org.jfree.chart.renderer.RendererUtilities->org.jfree.data.xy.XYDataset.getItemCount
org.jfree.data.xy.DefaultXYDataset->org.jfree.data.xy.DefaultXYDataset.getSeriesCount
org.jfree.chart.renderer.RendererUtilities->org.jfree.data.xy.XYDataset.getDomainOrder
org.jfree.chart.renderer.RendererUtilities->org.jfree.data.xy.XYDataset.getXValue
org.jfree.chart.renderer.RendererUtilities->org.jfree.data.xy.XYDataset.getXValue
org.jfree.chart.renderer.RendererUtilities->org.jfree.data.xy.XYDataset.getXValue
org.jfree.chart.renderer.RendererUtilitiesTest->org.jfree.chart.renderer.RendererUtilities.findLiveItemsLowerBound
org.jfree.chart.renderer.RendererUtilities->org.jfree.data.xy.XYDataset.getItemCount
org.jfree.data.xy.DefaultXYDataset->org.jfree.data.xy.DefaultXYDataset.getSeriesCount
org.jfree.chart.renderer.RendererUtilities->org.jfree.data.xy.XYDataset.getDomainOrder
org.jfree.chart.renderer.RendererUtilities->org.jfree.data.xy.XYDataset.getXValue
org.jfree.chart.renderer.RendererUtilities->org.jfree.data.xy.XYDataset.getXValue
org.jfree.chart.renderer.RendererUtilities->org.jfree.data.xy.XYDataset.getXValue
org.jfree.chart.renderer.RendererUtilities->org.jfree.data.xy.XYDataset.getXValue
org.jfree.chart.renderer.RendererUtilitiesTest->org.jfree.chart.renderer.RendererUtilities.findLiveItemsLowerBound
org.jfree.chart.renderer.RendererUtilities->org.jfree.data.xy.XYDataset.getItemCount
org.jfree.data.xy.DefaultXYDataset->org.jfree.data.xy.DefaultXYDataset.getSeriesCount
org.jfree.chart.renderer.RendererUtilities->org.jfree.data.xy.XYDataset.getDomainOrder
org.jfree.chart.renderer.RendererUtilities->org.jfree.data.xy.XYDataset.getXValue
org.jfree.chart.renderer.RendererUtilities->org.jfree.data.xy.XYDataset.getXValue
org.jfree.chart.renderer.RendererUtilities->org.jfree.data.xy.XYDataset.getXValue
org.jfree.chart.renderer.RendererUtilities->org.jfree.data.xy.XYDataset.getXValue
org.jfree.chart.renderer.RendererUtilitiesTest->org.jfree.data.xy.DefaultXYDataset.addSeries
org.jfree.data.xy.DefaultXYDataset->org.jfree.data.xy.DefaultXYDataset.indexOf
org.jfree.data.xy.DefaultXYDataset->org.jfree.data.xy.DefaultXYDataset.notifyListeners
org.jfree.chart.renderer.RendererUtilitiesTest->org.jfree.chart.renderer.RendererUtilities.findLiveItemsLowerBound
org.jfree.chart.renderer.RendererUtilities->org.jfree.data.xy.XYDataset.getItemCount
org.jfree.data.xy.DefaultXYDataset->org.jfree.data.xy.DefaultXYDataset.getSeriesCount
org.jfree.chart.renderer.RendererUtilities->org.jfree.data.xy.XYDataset.getDomainOrder
org.jfree.chart.renderer.RendererUtilities->org.jfree.data.xy.XYDataset.getXValue
org.jfree.chart.renderer.RendererUtilitiesTest->org.jfree.chart.renderer.RendererUtilities.findLiveItemsLowerBound
org.jfree.chart.renderer.RendererUtilities->org.jfree.data.xy.XYDataset.getItemCount
org.jfree.data.xy.DefaultXYDataset->org.jfree.data.xy.DefaultXYDataset.getSeriesCount
org.jfree.chart.renderer.RendererUtilities->org.jfree.data.xy.XYDataset.getDomainOrder
org.jfree.chart.renderer.RendererUtilities->org.jfree.data.xy.XYDataset.getXValue
org.jfree.chart.renderer.RendererUtilitiesTest->org.jfree.chart.renderer.RendererUtilities.findLiveItemsLowerBound
org.jfree.chart.renderer.RendererUtilities->org.jfree.data.xy.XYDataset.getItemCount
org.jfree.data.xy.DefaultXYDataset->org.jfree.data.xy.DefaultXYDataset.getSeriesCount
org.jfree.chart.renderer.RendererUtilities->org.jfree.data.xy.XYDataset.getDomainOrder
org.jfree.chart.renderer.RendererUtilities->org.jfree.data.xy.XYDataset.getXValue
org.jfree.chart.renderer.RendererUtilities->org.jfree.data.xy.XYDataset.getXValue
org.jfree.chart.renderer.RendererUtilities->org.jfree.data.xy.XYDataset.getXValue
org.jfree.chart.renderer.RendererUtilities->org.jfree.data.xy.XYDataset.getXValue
org.jfree.chart.renderer.RendererUtilitiesTest->org.jfree.chart.renderer.RendererUtilities.findLiveItemsLowerBound
org.jfree.chart.renderer.RendererUtilities->org.jfree.data.xy.XYDataset.getItemCount
org.jfree.data.xy.DefaultXYDataset->org.jfree.data.xy.DefaultXYDataset.getSeriesCount
org.jfree.chart.renderer.RendererUtilities->org.jfree.data.xy.XYDataset.getDomainOrder
org.jfree.chart.renderer.RendererUtilities->org.jfree.data.xy.XYDataset.getXValue
org.jfree.chart.renderer.RendererUtilities->org.jfree.data.xy.XYDataset.getXValue
org.jfree.chart.renderer.RendererUtilities->org.jfree.data.xy.XYDataset.getXValue
org.jfree.chart.renderer.RendererUtilities->org.jfree.data.xy.XYDataset.getXValue
org.jfree.chart.renderer.RendererUtilitiesTest->org.jfree.data.xy.DefaultXYDataset.addSeries
org.jfree.data.xy.DefaultXYDataset->org.jfree.data.xy.DefaultXYDataset.indexOf
org.jfree.data.xy.DefaultXYDataset->org.jfree.data.xy.DefaultXYDataset.notifyListeners
org.jfree.chart.renderer.RendererUtilitiesTest->org.jfree.chart.renderer.RendererUtilities.findLiveItemsLowerBound
org.jfree.chart.renderer.RendererUtilities->org.jfree.data.xy.XYDataset.getItemCount
org.jfree.data.xy.DefaultXYDataset->org.jfree.data.xy.DefaultXYDataset.getSeriesCount
org.jfree.chart.renderer.RendererUtilitiesTest->org.jfree.data.xy.DefaultXYDataset.addSeries
org.jfree.data.xy.DefaultXYDataset->org.jfree.data.xy.DefaultXYDataset.indexOf
org.jfree.data.xy.DefaultXYDataset->org.jfree.data.xy.DefaultXYDataset.notifyListeners
org.jfree.chart.renderer.RendererUtilitiesTest->org.jfree.chart.renderer.RendererUtilities.findLiveItemsLowerBound
org.jfree.chart.renderer.RendererUtilities->org.jfree.data.xy.XYDataset.getItemCount
org.jfree.data.xy.DefaultXYDataset->org.jfree.data.xy.DefaultXYDataset.getSeriesCount
org.jfree.chart.renderer.RendererUtilitiesTest->org.jfree.chart.renderer.RendererUtilities.findLiveItemsLowerBound
org.jfree.chart.renderer.RendererUtilities->org.jfree.data.xy.XYDataset.getItemCount
org.jfree.data.xy.DefaultXYDataset->org.jfree.data.xy.DefaultXYDataset.getSeriesCount
org.jfree.chart.renderer.RendererUtilitiesTest->org.jfree.data.xy.DefaultXYDataset.addSeries
org.jfree.data.xy.DefaultXYDataset->org.jfree.data.xy.DefaultXYDataset.indexOf
org.jfree.data.xy.DefaultXYDataset->org.jfree.data.xy.DefaultXYDataset.notifyListeners
org.jfree.chart.renderer.RendererUtilitiesTest->org.jfree.chart.renderer.RendererUtilities.findLiveItemsLowerBound
org.jfree.chart.renderer.RendererUtilities->org.jfree.data.xy.XYDataset.getItemCount
org.jfree.data.xy.DefaultXYDataset->org.jfree.data.xy.DefaultXYDataset.getSeriesCount
org.jfree.chart.renderer.RendererUtilities->org.jfree.data.xy.XYDataset.getDomainOrder
org.jfree.chart.renderer.RendererUtilities->org.jfree.data.xy.XYDataset.getDomainOrder
org.jfree.chart.renderer.RendererUtilities->org.jfree.data.xy.XYDataset.getXValue
org.jfree.chart.renderer.RendererUtilitiesTest->org.jfree.chart.renderer.RendererUtilities.findLiveItemsLowerBound
org.jfree.chart.renderer.RendererUtilities->org.jfree.data.xy.XYDataset.getItemCount
org.jfree.data.xy.DefaultXYDataset->org.jfree.data.xy.DefaultXYDataset.getSeriesCount
org.jfree.chart.renderer.RendererUtilities->org.jfree.data.xy.XYDataset.getDomainOrder
org.jfree.chart.renderer.RendererUtilities->org.jfree.data.xy.XYDataset.getDomainOrder
org.jfree.chart.renderer.RendererUtilities->org.jfree.data.xy.XYDataset.getXValue
org.jfree.chart.renderer.RendererUtilities->org.jfree.data.xy.XYDataset.getXValue
org.jfree.chart.renderer.RendererUtilitiesTest->org.jfree.chart.renderer.RendererUtilities.findLiveItemsLowerBound
org.jfree.chart.renderer.RendererUtilities->org.jfree.data.xy.XYDataset.getItemCount
org.jfree.data.xy.DefaultXYDataset->org.jfree.data.xy.DefaultXYDataset.getSeriesCount
org.jfree.chart.renderer.RendererUtilities->org.jfree.data.xy.XYDataset.getDomainOrder
org.jfree.chart.renderer.RendererUtilities->org.jfree.data.xy.XYDataset.getDomainOrder
org.jfree.chart.renderer.RendererUtilities->org.jfree.data.xy.XYDataset.getXValue
org.jfree.chart.renderer.RendererUtilities->org.jfree.data.xy.XYDataset.getXValue
org.jfree.chart.renderer.RendererUtilitiesTest->org.jfree.chart.renderer.RendererUtilities.findLiveItemsLowerBound
org.jfree.chart.renderer.RendererUtilities->org.jfree.data.xy.XYDataset.getItemCount
org.jfree.data.xy.DefaultXYDataset->org.jfree.data.xy.DefaultXYDataset.getSeriesCount
org.jfree.chart.renderer.RendererUtilities->org.jfree.data.xy.XYDataset.getDomainOrder
org.jfree.chart.renderer.RendererUtilities->org.jfree.data.xy.XYDataset.getDomainOrder
org.jfree.chart.renderer.RendererUtilities->org.jfree.data.xy.XYDataset.getXValue
org.jfree.chart.renderer.RendererUtilities->org.jfree.data.xy.XYDataset.getXValue
org.jfree.chart.renderer.RendererUtilitiesTest->org.jfree.data.xy.DefaultXYDataset.addSeries
org.jfree.data.xy.DefaultXYDataset->org.jfree.data.xy.DefaultXYDataset.indexOf
org.jfree.data.xy.DefaultXYDataset->org.jfree.data.xy.DefaultXYDataset.notifyListeners
org.jfree.chart.renderer.RendererUtilitiesTest->org.jfree.chart.renderer.RendererUtilities.findLiveItemsLowerBound
org.jfree.chart.renderer.RendererUtilities->org.jfree.data.xy.XYDataset.getItemCount
org.jfree.data.xy.DefaultXYDataset->org.jfree.data.xy.DefaultXYDataset.getSeriesCount
org.jfree.chart.renderer.RendererUtilities->org.jfree.data.xy.XYDataset.getDomainOrder
org.jfree.chart.renderer.RendererUtilities->org.jfree.data.xy.XYDataset.getDomainOrder
org.jfree.chart.renderer.RendererUtilities->org.jfree.data.xy.XYDataset.getXValue
org.jfree.chart.renderer.RendererUtilitiesTest->org.jfree.chart.renderer.RendererUtilities.findLiveItemsLowerBound
org.jfree.chart.renderer.RendererUtilities->org.jfree.data.xy.XYDataset.getItemCount
org.jfree.data.xy.DefaultXYDataset->org.jfree.data.xy.DefaultXYDataset.getSeriesCount
org.jfree.chart.renderer.RendererUtilities->org.jfree.data.xy.XYDataset.getDomainOrder
org.jfree.chart.renderer.RendererUtilities->org.jfree.data.xy.XYDataset.getDomainOrder
org.jfree.chart.renderer.RendererUtilities->org.jfree.data.xy.XYDataset.getXValue
org.jfree.chart.renderer.RendererUtilitiesTest->org.jfree.chart.renderer.RendererUtilities.findLiveItemsLowerBound
org.jfree.chart.renderer.RendererUtilities->org.jfree.data.xy.XYDataset.getItemCount
org.jfree.data.xy.DefaultXYDataset->org.jfree.data.xy.DefaultXYDataset.getSeriesCount
org.jfree.chart.renderer.RendererUtilities->org.jfree.data.xy.XYDataset.getDomainOrder
org.jfree.chart.renderer.RendererUtilities->org.jfree.data.xy.XYDataset.getDomainOrder
org.jfree.chart.renderer.RendererUtilities->org.jfree.data.xy.XYDataset.getXValue
org.jfree.chart.renderer.RendererUtilities->org.jfree.data.xy.XYDataset.getXValue
org.jfree.chart.renderer.RendererUtilitiesTest->org.jfree.chart.renderer.RendererUtilities.findLiveItemsLowerBound
org.jfree.chart.renderer.RendererUtilities->org.jfree.data.xy.XYDataset.getItemCount
org.jfree.data.xy.DefaultXYDataset->org.jfree.data.xy.DefaultXYDataset.getSeriesCount
org.jfree.chart.renderer.RendererUtilities->org.jfree.data.xy.XYDataset.getDomainOrder
org.jfree.chart.renderer.RendererUtilities->org.jfree.data.xy.XYDataset.getDomainOrder
org.jfree.chart.renderer.RendererUtilities->org.jfree.data.xy.XYDataset.getXValue
org.jfree.chart.renderer.RendererUtilities->org.jfree.data.xy.XYDataset.getXValue
org.jfree.chart.renderer.RendererUtilities->org.jfree.data.xy.XYDataset.getXValue
org.jfree.chart.renderer.RendererUtilitiesTest->org.jfree.data.xy.DefaultXYDataset.addSeries
org.jfree.data.xy.DefaultXYDataset->org.jfree.data.xy.DefaultXYDataset.indexOf
org.jfree.data.xy.DefaultXYDataset->org.jfree.data.xy.DefaultXYDataset.notifyListeners
org.jfree.chart.renderer.RendererUtilitiesTest->org.jfree.chart.renderer.RendererUtilities.findLiveItemsLowerBound
org.jfree.chart.renderer.RendererUtilities->org.jfree.data.xy.XYDataset.getItemCount
org.jfree.data.xy.DefaultXYDataset->org.jfree.data.xy.DefaultXYDataset.getSeriesCount
org.jfree.chart.renderer.RendererUtilities->org.jfree.data.xy.XYDataset.getDomainOrder
org.jfree.chart.renderer.RendererUtilities->org.jfree.data.xy.XYDataset.getDomainOrder
org.jfree.chart.renderer.RendererUtilities->org.jfree.data.xy.XYDataset.getXValue
org.jfree.chart.renderer.RendererUtilitiesTest->org.jfree.chart.renderer.RendererUtilities.findLiveItemsLowerBound
org.jfree.chart.renderer.RendererUtilities->org.jfree.data.xy.XYDataset.getItemCount
org.jfree.data.xy.DefaultXYDataset->org.jfree.data.xy.DefaultXYDataset.getSeriesCount
org.jfree.chart.renderer.RendererUtilities->org.jfree.data.xy.XYDataset.getDomainOrder
org.jfree.chart.renderer.RendererUtilities->org.jfree.data.xy.XYDataset.getDomainOrder
org.jfree.chart.renderer.RendererUtilities->org.jfree.data.xy.XYDataset.getXValue
org.jfree.chart.renderer.RendererUtilitiesTest->org.jfree.chart.renderer.RendererUtilities.findLiveItemsLowerBound
org.jfree.chart.renderer.RendererUtilities->org.jfree.data.xy.XYDataset.getItemCount
org.jfree.data.xy.DefaultXYDataset->org.jfree.data.xy.DefaultXYDataset.getSeriesCount
org.jfree.chart.renderer.RendererUtilities->org.jfree.data.xy.XYDataset.getDomainOrder
org.jfree.chart.renderer.RendererUtilities->org.jfree.data.xy.XYDataset.getDomainOrder
org.jfree.chart.renderer.RendererUtilities->org.jfree.data.xy.XYDataset.getXValue
org.jfree.chart.renderer.RendererUtilities->org.jfree.data.xy.XYDataset.getXValue
org.jfree.chart.renderer.RendererUtilitiesTest->org.jfree.chart.renderer.RendererUtilities.findLiveItemsLowerBound
org.jfree.chart.renderer.RendererUtilities->org.jfree.data.xy.XYDataset.getItemCount
org.jfree.data.xy.DefaultXYDataset->org.jfree.data.xy.DefaultXYDataset.getSeriesCount
org.jfree.chart.renderer.RendererUtilities->org.jfree.data.xy.XYDataset.getDomainOrder
org.jfree.chart.renderer.RendererUtilities->org.jfree.data.xy.XYDataset.getDomainOrder
org.jfree.chart.renderer.RendererUtilities->org.jfree.data.xy.XYDataset.getXValue
org.jfree.chart.renderer.RendererUtilities->org.jfree.data.xy.XYDataset.getXValue
org.jfree.chart.renderer.RendererUtilities->org.jfree.data.xy.XYDataset.getXValue
org.jfree.chart.renderer.RendererUtilities->org.jfree.data.xy.XYDataset.getXValue
org.jfree.chart.renderer.RendererUtilitiesTest->org.jfree.chart.renderer.RendererUtilities.findLiveItemsLowerBound
org.jfree.chart.renderer.RendererUtilities->org.jfree.data.xy.XYDataset.getItemCount
org.jfree.data.xy.DefaultXYDataset->org.jfree.data.xy.DefaultXYDataset.getSeriesCount
org.jfree.chart.renderer.RendererUtilities->org.jfree.data.xy.XYDataset.getDomainOrder
org.jfree.chart.renderer.RendererUtilities->org.jfree.data.xy.XYDataset.getDomainOrder
org.jfree.chart.renderer.RendererUtilities->org.jfree.data.xy.XYDataset.getXValue
org.jfree.chart.renderer.RendererUtilities->org.jfree.data.xy.XYDataset.getXValue
org.jfree.chart.renderer.RendererUtilities->org.jfree.data.xy.XYDataset.getXValue
org.jfree.chart.renderer.RendererUtilities->org.jfree.data.xy.XYDataset.getXValue
org.jfree.chart.renderer.RendererUtilitiesTest->org.jfree.data.xy.DefaultXYDataset.addSeries
org.jfree.data.xy.DefaultXYDataset->org.jfree.data.xy.DefaultXYDataset.indexOf
org.jfree.data.xy.DefaultXYDataset->org.jfree.data.xy.DefaultXYDataset.notifyListeners
org.jfree.chart.renderer.RendererUtilitiesTest->org.jfree.chart.renderer.RendererUtilities.findLiveItemsLowerBound
org.jfree.chart.renderer.RendererUtilities->org.jfree.data.xy.XYDataset.getItemCount
org.jfree.data.xy.DefaultXYDataset->org.jfree.data.xy.DefaultXYDataset.getSeriesCount
org.jfree.chart.renderer.RendererUtilitiesTest->org.jfree.data.xy.DefaultXYDataset.addSeries
org.jfree.data.xy.DefaultXYDataset->org.jfree.data.xy.DefaultXYDataset.indexOf
org.jfree.data.xy.DefaultXYDataset->org.jfree.data.xy.DefaultXYDataset.notifyListeners
org.jfree.chart.renderer.RendererUtilitiesTest->org.jfree.chart.renderer.RendererUtilities.findLiveItemsLowerBound
org.jfree.chart.renderer.RendererUtilities->org.jfree.data.xy.XYDataset.getItemCount
org.jfree.data.xy.DefaultXYDataset->org.jfree.data.xy.DefaultXYDataset.getSeriesCount
org.jfree.chart.renderer.RendererUtilitiesTest->org.jfree.chart.renderer.RendererUtilities.findLiveItemsLowerBound
org.jfree.chart.renderer.RendererUtilities->org.jfree.data.xy.XYDataset.getItemCount
org.jfree.data.xy.DefaultXYDataset->org.jfree.data.xy.DefaultXYDataset.getSeriesCount
org.jfree.chart.renderer.RendererUtilitiesTest->org.jfree.data.xy.DefaultXYDataset.addSeries
org.jfree.data.xy.DefaultXYDataset->org.jfree.data.xy.DefaultXYDataset.indexOf
org.jfree.data.xy.DefaultXYDataset->org.jfree.data.xy.DefaultXYDataset.notifyListeners
org.jfree.chart.renderer.RendererUtilitiesTest->org.jfree.chart.renderer.RendererUtilities.findLiveItemsLowerBound
org.jfree.chart.renderer.RendererUtilities->org.jfree.data.xy.XYDataset.getItemCount
org.jfree.data.xy.DefaultXYDataset->org.jfree.data.xy.DefaultXYDataset.getSeriesCount
org.jfree.chart.renderer.RendererUtilities->org.jfree.data.xy.XYDataset.getDomainOrder
org.jfree.chart.renderer.RendererUtilities->org.jfree.data.xy.XYDataset.getDomainOrder
org.jfree.chart.renderer.RendererUtilities->org.jfree.data.xy.XYDataset.getXValue
org.jfree.chart.renderer.RendererUtilities->org.jfree.data.xy.XYDataset.getXValue
org.jfree.chart.renderer.RendererUtilitiesTest->org.jfree.chart.renderer.RendererUtilities.findLiveItemsLowerBound
org.jfree.chart.renderer.RendererUtilities->org.jfree.data.xy.XYDataset.getItemCount
org.jfree.data.xy.DefaultXYDataset->org.jfree.data.xy.DefaultXYDataset.getSeriesCount
org.jfree.chart.renderer.RendererUtilities->org.jfree.data.xy.XYDataset.getDomainOrder
org.jfree.chart.renderer.RendererUtilities->org.jfree.data.xy.XYDataset.getDomainOrder
org.jfree.chart.renderer.RendererUtilities->org.jfree.data.xy.XYDataset.getXValue
org.jfree.chart.renderer.RendererUtilities->org.jfree.data.xy.XYDataset.getXValue
org.jfree.chart.renderer.RendererUtilitiesTest->org.jfree.chart.renderer.RendererUtilities.findLiveItemsLowerBound
org.jfree.chart.renderer.RendererUtilities->org.jfree.data.xy.XYDataset.getItemCount
org.jfree.data.xy.DefaultXYDataset->org.jfree.data.xy.DefaultXYDataset.getSeriesCount
org.jfree.chart.renderer.RendererUtilities->org.jfree.data.xy.XYDataset.getDomainOrder
org.jfree.chart.renderer.RendererUtilities->org.jfree.data.xy.XYDataset.getDomainOrder
org.jfree.chart.renderer.RendererUtilities->org.jfree.data.xy.XYDataset.getXValue
org.jfree.chart.renderer.RendererUtilitiesTest->org.jfree.chart.renderer.RendererUtilities.findLiveItemsLowerBound
org.jfree.chart.renderer.RendererUtilities->org.jfree.data.xy.XYDataset.getItemCount
org.jfree.data.xy.DefaultXYDataset->org.jfree.data.xy.DefaultXYDataset.getSeriesCount
org.jfree.chart.renderer.RendererUtilities->org.jfree.data.xy.XYDataset.getDomainOrder
org.jfree.chart.renderer.RendererUtilities->org.jfree.data.xy.XYDataset.getDomainOrder
org.jfree.chart.renderer.RendererUtilities->org.jfree.data.xy.XYDataset.getXValue
org.jfree.chart.renderer.RendererUtilitiesTest->org.jfree.chart.renderer.RendererUtilities.findLiveItemsLowerBound
org.jfree.chart.renderer.RendererUtilities->org.jfree.data.xy.XYDataset.getItemCount
org.jfree.data.xy.DefaultXYDataset->org.jfree.data.xy.DefaultXYDataset.getSeriesCount
org.jfree.chart.renderer.RendererUtilities->org.jfree.data.xy.XYDataset.getDomainOrder
org.jfree.chart.renderer.RendererUtilities->org.jfree.data.xy.XYDataset.getDomainOrder
org.jfree.chart.renderer.RendererUtilities->org.jfree.data.xy.XYDataset.getXValue
org.jfree.chart.renderer.RendererUtilitiesTest->org.jfree.data.xy.DefaultXYDataset.addSeries
org.jfree.data.xy.DefaultXYDataset->org.jfree.data.xy.DefaultXYDataset.indexOf
org.jfree.data.xy.DefaultXYDataset->org.jfree.data.xy.DefaultXYDataset.notifyListeners
org.jfree.chart.renderer.RendererUtilitiesTest->org.jfree.chart.renderer.RendererUtilities.findLiveItemsLowerBound
org.jfree.chart.renderer.RendererUtilities->org.jfree.data.xy.XYDataset.getItemCount
org.jfree.data.xy.DefaultXYDataset->org.jfree.data.xy.DefaultXYDataset.getSeriesCount
org.jfree.chart.renderer.RendererUtilities->org.jfree.data.xy.XYDataset.getDomainOrder
org.jfree.chart.renderer.RendererUtilities->org.jfree.data.xy.XYDataset.getDomainOrder
org.jfree.chart.renderer.RendererUtilities->org.jfree.data.xy.XYDataset.getXValue
org.jfree.chart.renderer.RendererUtilities->org.jfree.data.xy.XYDataset.getXValue
org.jfree.chart.renderer.RendererUtilities->org.jfree.data.xy.XYDataset.getXValue
org.jfree.chart.renderer.RendererUtilitiesTest->org.jfree.chart.renderer.RendererUtilities.findLiveItemsLowerBound
org.jfree.chart.renderer.RendererUtilities->org.jfree.data.xy.XYDataset.getItemCount
org.jfree.data.xy.DefaultXYDataset->org.jfree.data.xy.DefaultXYDataset.getSeriesCount
org.jfree.chart.renderer.RendererUtilities->org.jfree.data.xy.XYDataset.getDomainOrder
org.jfree.chart.renderer.RendererUtilities->org.jfree.data.xy.XYDataset.getDomainOrder
org.jfree.chart.renderer.RendererUtilities->org.jfree.data.xy.XYDataset.getXValue
org.jfree.chart.renderer.RendererUtilities->org.jfree.data.xy.XYDataset.getXValue
org.jfree.chart.renderer.RendererUtilities->org.jfree.data.xy.XYDataset.getXValue
org.jfree.chart.renderer.RendererUtilitiesTest->org.jfree.chart.renderer.RendererUtilities.findLiveItemsLowerBound
org.jfree.chart.renderer.RendererUtilities->org.jfree.data.xy.XYDataset.getItemCount
org.jfree.data.xy.DefaultXYDataset->org.jfree.data.xy.DefaultXYDataset.getSeriesCount
org.jfree.chart.renderer.RendererUtilities->org.jfree.data.xy.XYDataset.getDomainOrder
org.jfree.chart.renderer.RendererUtilities->org.jfree.data.xy.XYDataset.getDomainOrder
org.jfree.chart.renderer.RendererUtilities->org.jfree.data.xy.XYDataset.getXValue
org.jfree.chart.renderer.RendererUtilitiesTest->org.jfree.chart.renderer.RendererUtilities.findLiveItemsLowerBound
org.jfree.chart.renderer.RendererUtilities->org.jfree.data.xy.XYDataset.getItemCount
org.jfree.data.xy.DefaultXYDataset->org.jfree.data.xy.DefaultXYDataset.getSeriesCount
org.jfree.chart.renderer.RendererUtilities->org.jfree.data.xy.XYDataset.getDomainOrder
org.jfree.chart.renderer.RendererUtilities->org.jfree.data.xy.XYDataset.getDomainOrder
org.jfree.chart.renderer.RendererUtilities->org.jfree.data.xy.XYDataset.getXValue
org.jfree.chart.renderer.RendererUtilitiesTest->org.jfree.data.xy.DefaultXYDataset.addSeries
org.jfree.data.xy.DefaultXYDataset->org.jfree.data.xy.DefaultXYDataset.indexOf
org.jfree.data.xy.DefaultXYDataset->org.jfree.data.xy.DefaultXYDataset.notifyListeners
org.jfree.chart.renderer.RendererUtilitiesTest->org.jfree.chart.renderer.RendererUtilities.findLiveItemsLowerBound
org.jfree.chart.renderer.RendererUtilities->org.jfree.data.xy.XYDataset.getItemCount
org.jfree.data.xy.DefaultXYDataset->org.jfree.data.xy.DefaultXYDataset.getSeriesCount
org.jfree.chart.renderer.RendererUtilities->org.jfree.data.xy.XYDataset.getDomainOrder
org.jfree.chart.renderer.RendererUtilities->org.jfree.data.xy.XYDataset.getDomainOrder
org.jfree.chart.renderer.RendererUtilities->org.jfree.data.xy.XYDataset.getXValue
org.jfree.chart.renderer.RendererUtilities->org.jfree.data.xy.XYDataset.getXValue
org.jfree.chart.renderer.RendererUtilitiesTest->org.jfree.chart.renderer.RendererUtilities.findLiveItemsLowerBound
org.jfree.chart.renderer.RendererUtilities->org.jfree.data.xy.XYDataset.getItemCount
org.jfree.data.xy.DefaultXYDataset->org.jfree.data.xy.DefaultXYDataset.getSeriesCount
org.jfree.chart.renderer.RendererUtilities->org.jfree.data.xy.XYDataset.getDomainOrder
org.jfree.chart.renderer.RendererUtilities->org.jfree.data.xy.XYDataset.getDomainOrder
org.jfree.chart.renderer.RendererUtilities->org.jfree.data.xy.XYDataset.getXValue
org.jfree.chart.renderer.RendererUtilities->org.jfree.data.xy.XYDataset.getXValue
org.jfree.chart.renderer.RendererUtilities->org.jfree.data.xy.XYDataset.getXValue
org.jfree.chart.renderer.RendererUtilities->org.jfree.data.xy.XYDataset.getXValue
org.jfree.chart.renderer.RendererUtilitiesTest->org.jfree.chart.renderer.RendererUtilities.findLiveItemsLowerBound
org.jfree.chart.renderer.RendererUtilities->org.jfree.data.xy.XYDataset.getItemCount
org.jfree.data.xy.DefaultXYDataset->org.jfree.data.xy.DefaultXYDataset.getSeriesCount
org.jfree.chart.renderer.RendererUtilities->org.jfree.data.xy.XYDataset.getDomainOrder
org.jfree.chart.renderer.RendererUtilities->org.jfree.data.xy.XYDataset.getDomainOrder
org.jfree.chart.renderer.RendererUtilities->org.jfree.data.xy.XYDataset.getXValue
org.jfree.chart.renderer.RendererUtilities->org.jfree.data.xy.XYDataset.getXValue
org.jfree.chart.renderer.RendererUtilities->org.jfree.data.xy.XYDataset.getXValue
org.jfree.chart.renderer.RendererUtilities->org.jfree.data.xy.XYDataset.getXValue
org.jfree.chart.renderer.RendererUtilitiesTest->org.jfree.chart.renderer.RendererUtilities.findLiveItemsLowerBound
org.jfree.chart.renderer.RendererUtilities->org.jfree.data.xy.XYDataset.getItemCount
org.jfree.data.xy.DefaultXYDataset->org.jfree.data.xy.DefaultXYDataset.getSeriesCount
org.jfree.chart.renderer.RendererUtilities->org.jfree.data.xy.XYDataset.getDomainOrder
org.jfree.chart.renderer.RendererUtilities->org.jfree.data.xy.XYDataset.getDomainOrder
org.jfree.chart.renderer.RendererUtilities->org.jfree.data.xy.XYDataset.getXValue
org.jfree.chart.renderer.RendererUtilities->org.jfree.data.xy.XYDataset.getXValue
org.jfree.chart.renderer.RendererUtilities->org.jfree.data.xy.XYDataset.getXValue
org.jfree.chart.renderer.RendererUtilitiesTest->org.jfree.chart.renderer.RendererUtilities.findLiveItemsLowerBound
org.jfree.chart.renderer.RendererUtilities->org.jfree.data.xy.XYDataset.getItemCount
org.jfree.data.xy.DefaultXYDataset->org.jfree.data.xy.DefaultXYDataset.getSeriesCount
org.jfree.chart.renderer.RendererUtilities->org.jfree.data.xy.XYDataset.getDomainOrder
org.jfree.chart.renderer.RendererUtilities->org.jfree.data.xy.XYDataset.getDomainOrder
org.jfree.chart.renderer.RendererUtilities->org.jfree.data.xy.XYDataset.getXValue
org.jfree.chart.renderer.RendererUtilitiesTest->org.jfree.chart.renderer.RendererUtilities.findLiveItemsLowerBound
org.jfree.chart.renderer.RendererUtilities->org.jfree.data.xy.XYDataset.getItemCount
org.jfree.data.xy.DefaultXYDataset->org.jfree.data.xy.DefaultXYDataset.getSeriesCount
org.jfree.chart.renderer.RendererUtilities->org.jfree.data.xy.XYDataset.getDomainOrder
org.jfree.chart.renderer.RendererUtilities->org.jfree.data.xy.XYDataset.getDomainOrder
org.jfree.chart.renderer.RendererUtilities->org.jfree.data.xy.XYDataset.getXValue
org.jfree.chart.renderer.RendererUtilitiesTest->org.jfree.data.xy.DefaultXYDataset.addSeries
org.jfree.data.xy.DefaultXYDataset->org.jfree.data.xy.DefaultXYDataset.indexOf
org.jfree.data.xy.DefaultXYDataset->org.jfree.data.xy.DefaultXYDataset.notifyListeners
org.jfree.chart.renderer.RendererUtilitiesTest->org.jfree.chart.renderer.RendererUtilities.findLiveItemsLowerBound
org.jfree.chart.renderer.RendererUtilities->org.jfree.data.xy.XYDataset.getItemCount
org.jfree.data.xy.DefaultXYDataset->org.jfree.data.xy.DefaultXYDataset.getSeriesCount
org.jfree.chart.renderer.RendererUtilities->org.jfree.data.xy.XYDataset.getDomainOrder
org.jfree.chart.renderer.RendererUtilities->org.jfree.data.xy.XYDataset.getDomainOrder
org.jfree.chart.renderer.RendererUtilities->org.jfree.data.xy.XYDataset.getXValue
org.jfree.chart.renderer.RendererUtilitiesTest->org.jfree.chart.renderer.RendererUtilities.findLiveItemsLowerBound
org.jfree.chart.renderer.RendererUtilities->org.jfree.data.xy.XYDataset.getItemCount
org.jfree.data.xy.DefaultXYDataset->org.jfree.data.xy.DefaultXYDataset.getSeriesCount
org.jfree.chart.renderer.RendererUtilities->org.jfree.data.xy.XYDataset.getDomainOrder
org.jfree.chart.renderer.RendererUtilities->org.jfree.data.xy.XYDataset.getDomainOrder
org.jfree.chart.renderer.RendererUtilities->org.jfree.data.xy.XYDataset.getXValue
org.jfree.chart.renderer.RendererUtilities->org.jfree.data.xy.XYDataset.getXValue
org.jfree.chart.renderer.RendererUtilities->org.jfree.data.xy.XYDataset.getXValue
org.jfree.chart.renderer.RendererUtilities->org.jfree.data.xy.XYDataset.getXValue
org.jfree.chart.renderer.RendererUtilitiesTest->org.jfree.chart.renderer.RendererUtilities.findLiveItemsLowerBound
org.jfree.chart.renderer.RendererUtilities->org.jfree.data.xy.XYDataset.getItemCount
org.jfree.data.xy.DefaultXYDataset->org.jfree.data.xy.DefaultXYDataset.getSeriesCount
org.jfree.chart.renderer.RendererUtilities->org.jfree.data.xy.XYDataset.getDomainOrder
org.jfree.chart.renderer.RendererUtilities->org.jfree.data.xy.XYDataset.getDomainOrder
org.jfree.chart.renderer.RendererUtilities->org.jfree.data.xy.XYDataset.getXValue
org.jfree.chart.renderer.RendererUtilities->org.jfree.data.xy.XYDataset.getXValue
org.jfree.chart.renderer.RendererUtilities->org.jfree.data.xy.XYDataset.getXValue
org.jfree.chart.renderer.RendererUtilities->org.jfree.data.xy.XYDataset.getXValue
org.jfree.chart.renderer.RendererUtilitiesTest->org.jfree.chart.renderer.RendererUtilities.findLiveItemsLowerBound
org.jfree.chart.renderer.RendererUtilities->org.jfree.data.xy.XYDataset.getItemCount
org.jfree.data.xy.DefaultXYDataset->org.jfree.data.xy.DefaultXYDataset.getSeriesCount
org.jfree.chart.renderer.RendererUtilities->org.jfree.data.xy.XYDataset.getDomainOrder
org.jfree.chart.renderer.RendererUtilities->org.jfree.data.xy.XYDataset.getDomainOrder
org.jfree.chart.renderer.RendererUtilities->org.jfree.data.xy.XYDataset.getXValue
org.jfree.chart.renderer.RendererUtilities->org.jfree.data.xy.XYDataset.getXValue
org.jfree.chart.renderer.RendererUtilitiesTest->org.jfree.data.xy.DefaultXYDataset.addSeries
org.jfree.data.xy.DefaultXYDataset->org.jfree.data.xy.DefaultXYDataset.indexOf
org.jfree.data.xy.DefaultXYDataset->org.jfree.data.xy.DefaultXYDataset.notifyListeners
org.jfree.chart.renderer.RendererUtilitiesTest->org.jfree.chart.renderer.RendererUtilities.findLiveItemsUpperBound
org.jfree.chart.renderer.RendererUtilities->org.jfree.data.xy.XYDataset.getItemCount
org.jfree.data.xy.DefaultXYDataset->org.jfree.data.xy.DefaultXYDataset.getSeriesCount
org.jfree.chart.renderer.RendererUtilitiesTest->org.jfree.data.xy.DefaultXYDataset.addSeries
org.jfree.data.xy.DefaultXYDataset->org.jfree.data.xy.DefaultXYDataset.indexOf
org.jfree.data.xy.DefaultXYDataset->org.jfree.data.xy.DefaultXYDataset.notifyListeners
org.jfree.chart.renderer.RendererUtilitiesTest->org.jfree.chart.renderer.RendererUtilities.findLiveItemsUpperBound
org.jfree.chart.renderer.RendererUtilities->org.jfree.data.xy.XYDataset.getItemCount
org.jfree.data.xy.DefaultXYDataset->org.jfree.data.xy.DefaultXYDataset.getSeriesCount
org.jfree.chart.renderer.RendererUtilitiesTest->org.jfree.chart.renderer.RendererUtilities.findLiveItemsUpperBound
org.jfree.chart.renderer.RendererUtilities->org.jfree.data.xy.XYDataset.getItemCount
org.jfree.data.xy.DefaultXYDataset->org.jfree.data.xy.DefaultXYDataset.getSeriesCount
org.jfree.chart.renderer.RendererUtilitiesTest->org.jfree.data.xy.DefaultXYDataset.addSeries
org.jfree.data.xy.DefaultXYDataset->org.jfree.data.xy.DefaultXYDataset.indexOf
org.jfree.data.xy.DefaultXYDataset->org.jfree.data.xy.DefaultXYDataset.notifyListeners
org.jfree.chart.renderer.RendererUtilitiesTest->org.jfree.chart.renderer.RendererUtilities.findLiveItemsUpperBound
org.jfree.chart.renderer.RendererUtilities->org.jfree.data.xy.XYDataset.getItemCount
org.jfree.data.xy.DefaultXYDataset->org.jfree.data.xy.DefaultXYDataset.getSeriesCount
org.jfree.chart.renderer.RendererUtilities->org.jfree.data.xy.XYDataset.getDomainOrder
org.jfree.chart.renderer.RendererUtilities->org.jfree.data.xy.XYDataset.getXValue
org.jfree.chart.renderer.RendererUtilities->org.jfree.data.xy.XYDataset.getXValue
org.jfree.chart.renderer.RendererUtilitiesTest->org.jfree.chart.renderer.RendererUtilities.findLiveItemsUpperBound
org.jfree.chart.renderer.RendererUtilities->org.jfree.data.xy.XYDataset.getItemCount
org.jfree.data.xy.DefaultXYDataset->org.jfree.data.xy.DefaultXYDataset.getSeriesCount
org.jfree.chart.renderer.RendererUtilities->org.jfree.data.xy.XYDataset.getDomainOrder
org.jfree.chart.renderer.RendererUtilities->org.jfree.data.xy.XYDataset.getXValue
org.jfree.chart.renderer.RendererUtilities->org.jfree.data.xy.XYDataset.getXValue
org.jfree.chart.renderer.RendererUtilitiesTest->org.jfree.chart.renderer.RendererUtilities.findLiveItemsUpperBound
org.jfree.chart.renderer.RendererUtilities->org.jfree.data.xy.XYDataset.getItemCount
org.jfree.data.xy.DefaultXYDataset->org.jfree.data.xy.DefaultXYDataset.getSeriesCount
org.jfree.chart.renderer.RendererUtilities->org.jfree.data.xy.XYDataset.getDomainOrder
org.jfree.chart.renderer.RendererUtilities->org.jfree.data.xy.XYDataset.getXValue
org.jfree.chart.renderer.RendererUtilities->org.jfree.data.xy.XYDataset.getXValue
org.jfree.chart.renderer.RendererUtilitiesTest->org.jfree.chart.renderer.RendererUtilities.findLiveItemsUpperBound
org.jfree.chart.renderer.RendererUtilities->org.jfree.data.xy.XYDataset.getItemCount
org.jfree.data.xy.DefaultXYDataset->org.jfree.data.xy.DefaultXYDataset.getSeriesCount
org.jfree.chart.renderer.RendererUtilities->org.jfree.data.xy.XYDataset.getDomainOrder
org.jfree.chart.renderer.RendererUtilities->org.jfree.data.xy.XYDataset.getXValue
org.jfree.chart.renderer.RendererUtilities->org.jfree.data.xy.XYDataset.getXValue
org.jfree.chart.renderer.RendererUtilitiesTest->org.jfree.data.xy.DefaultXYDataset.addSeries
org.jfree.data.xy.DefaultXYDataset->org.jfree.data.xy.DefaultXYDataset.indexOf
org.jfree.data.xy.DefaultXYDataset->org.jfree.data.xy.DefaultXYDataset.notifyListeners
org.jfree.chart.renderer.RendererUtilitiesTest->org.jfree.chart.renderer.RendererUtilities.findLiveItemsUpperBound
org.jfree.chart.renderer.RendererUtilities->org.jfree.data.xy.XYDataset.getItemCount
org.jfree.data.xy.DefaultXYDataset->org.jfree.data.xy.DefaultXYDataset.getSeriesCount
org.jfree.chart.renderer.RendererUtilities->org.jfree.data.xy.XYDataset.getDomainOrder
org.jfree.chart.renderer.RendererUtilities->org.jfree.data.xy.XYDataset.getXValue
org.jfree.chart.renderer.RendererUtilities->org.jfree.data.xy.XYDataset.getXValue
org.jfree.chart.renderer.RendererUtilities->org.jfree.data.xy.XYDataset.getXValue
org.jfree.chart.renderer.RendererUtilitiesTest->org.jfree.chart.renderer.RendererUtilities.findLiveItemsUpperBound
org.jfree.chart.renderer.RendererUtilities->org.jfree.data.xy.XYDataset.getItemCount
org.jfree.data.xy.DefaultXYDataset->org.jfree.data.xy.DefaultXYDataset.getSeriesCount
org.jfree.chart.renderer.RendererUtilities->org.jfree.data.xy.XYDataset.getDomainOrder
org.jfree.chart.renderer.RendererUtilities->org.jfree.data.xy.XYDataset.getXValue
org.jfree.chart.renderer.RendererUtilities->org.jfree.data.xy.XYDataset.getXValue
org.jfree.chart.renderer.RendererUtilities->org.jfree.data.xy.XYDataset.getXValue
org.jfree.chart.renderer.RendererUtilitiesTest->org.jfree.chart.renderer.RendererUtilities.findLiveItemsUpperBound
org.jfree.chart.renderer.RendererUtilities->org.jfree.data.xy.XYDataset.getItemCount
org.jfree.data.xy.DefaultXYDataset->org.jfree.data.xy.DefaultXYDataset.getSeriesCount
org.jfree.chart.renderer.RendererUtilities->org.jfree.data.xy.XYDataset.getDomainOrder
org.jfree.chart.renderer.RendererUtilities->org.jfree.data.xy.XYDataset.getXValue
org.jfree.chart.renderer.RendererUtilities->org.jfree.data.xy.XYDataset.getXValue
org.jfree.chart.renderer.RendererUtilitiesTest->org.jfree.chart.renderer.RendererUtilities.findLiveItemsUpperBound
org.jfree.chart.renderer.RendererUtilities->org.jfree.data.xy.XYDataset.getItemCount
org.jfree.data.xy.DefaultXYDataset->org.jfree.data.xy.DefaultXYDataset.getSeriesCount
org.jfree.chart.renderer.RendererUtilities->org.jfree.data.xy.XYDataset.getDomainOrder
org.jfree.chart.renderer.RendererUtilities->org.jfree.data.xy.XYDataset.getXValue
org.jfree.chart.renderer.RendererUtilities->org.jfree.data.xy.XYDataset.getXValue
org.jfree.chart.renderer.RendererUtilitiesTest->org.jfree.data.xy.DefaultXYDataset.addSeries
org.jfree.data.xy.DefaultXYDataset->org.jfree.data.xy.DefaultXYDataset.indexOf
org.jfree.data.xy.DefaultXYDataset->org.jfree.data.xy.DefaultXYDataset.notifyListeners
org.jfree.chart.renderer.RendererUtilitiesTest->org.jfree.chart.renderer.RendererUtilities.findLiveItemsUpperBound
org.jfree.chart.renderer.RendererUtilities->org.jfree.data.xy.XYDataset.getItemCount
org.jfree.data.xy.DefaultXYDataset->org.jfree.data.xy.DefaultXYDataset.getSeriesCount
org.jfree.chart.renderer.RendererUtilities->org.jfree.data.xy.XYDataset.getDomainOrder
org.jfree.chart.renderer.RendererUtilities->org.jfree.data.xy.XYDataset.getXValue
org.jfree.chart.renderer.RendererUtilities->org.jfree.data.xy.XYDataset.getXValue
org.jfree.chart.renderer.RendererUtilities->org.jfree.data.xy.XYDataset.getXValue
org.jfree.chart.renderer.RendererUtilitiesTest->org.jfree.chart.renderer.RendererUtilities.findLiveItemsUpperBound
org.jfree.chart.renderer.RendererUtilities->org.jfree.data.xy.XYDataset.getItemCount
org.jfree.data.xy.DefaultXYDataset->org.jfree.data.xy.DefaultXYDataset.getSeriesCount
org.jfree.chart.renderer.RendererUtilities->org.jfree.data.xy.XYDataset.getDomainOrder
org.jfree.chart.renderer.RendererUtilities->org.jfree.data.xy.XYDataset.getXValue
org.jfree.chart.renderer.RendererUtilities->org.jfree.data.xy.XYDataset.getXValue
org.jfree.chart.renderer.RendererUtilities->org.jfree.data.xy.XYDataset.getXValue
org.jfree.chart.renderer.RendererUtilities->org.jfree.data.xy.XYDataset.getXValue
org.jfree.chart.renderer.RendererUtilitiesTest->org.jfree.chart.renderer.RendererUtilities.findLiveItemsUpperBound
org.jfree.chart.renderer.RendererUtilities->org.jfree.data.xy.XYDataset.getItemCount
org.jfree.data.xy.DefaultXYDataset->org.jfree.data.xy.DefaultXYDataset.getSeriesCount
org.jfree.chart.renderer.RendererUtilities->org.jfree.data.xy.XYDataset.getDomainOrder
org.jfree.chart.renderer.RendererUtilities->org.jfree.data.xy.XYDataset.getXValue
org.jfree.chart.renderer.RendererUtilities->org.jfree.data.xy.XYDataset.getXValue
org.jfree.chart.renderer.RendererUtilities->org.jfree.data.xy.XYDataset.getXValue
org.jfree.chart.renderer.RendererUtilities->org.jfree.data.xy.XYDataset.getXValue
org.jfree.chart.renderer.RendererUtilitiesTest->org.jfree.chart.renderer.RendererUtilities.findLiveItemsUpperBound
org.jfree.chart.renderer.RendererUtilities->org.jfree.data.xy.XYDataset.getItemCount
org.jfree.data.xy.DefaultXYDataset->org.jfree.data.xy.DefaultXYDataset.getSeriesCount
org.jfree.chart.renderer.RendererUtilities->org.jfree.data.xy.XYDataset.getDomainOrder
org.jfree.chart.renderer.RendererUtilities->org.jfree.data.xy.XYDataset.getXValue
org.jfree.chart.renderer.RendererUtilities->org.jfree.data.xy.XYDataset.getXValue
org.jfree.chart.renderer.RendererUtilitiesTest->org.jfree.chart.renderer.RendererUtilities.findLiveItemsUpperBound
org.jfree.chart.renderer.RendererUtilities->org.jfree.data.xy.XYDataset.getItemCount
org.jfree.data.xy.DefaultXYDataset->org.jfree.data.xy.DefaultXYDataset.getSeriesCount
org.jfree.chart.renderer.RendererUtilities->org.jfree.data.xy.XYDataset.getDomainOrder
org.jfree.chart.renderer.RendererUtilities->org.jfree.data.xy.XYDataset.getXValue
org.jfree.chart.renderer.RendererUtilities->org.jfree.data.xy.XYDataset.getXValue
org.jfree.chart.renderer.RendererUtilitiesTest->org.jfree.data.xy.DefaultXYDataset.addSeries
org.jfree.data.xy.DefaultXYDataset->org.jfree.data.xy.DefaultXYDataset.indexOf
org.jfree.data.xy.DefaultXYDataset->org.jfree.data.xy.DefaultXYDataset.notifyListeners
org.jfree.chart.renderer.RendererUtilitiesTest->org.jfree.chart.renderer.RendererUtilities.findLiveItemsUpperBound
org.jfree.chart.renderer.RendererUtilities->org.jfree.data.xy.XYDataset.getItemCount
org.jfree.data.xy.DefaultXYDataset->org.jfree.data.xy.DefaultXYDataset.getSeriesCount
org.jfree.chart.renderer.RendererUtilities->org.jfree.data.xy.XYDataset.getDomainOrder
org.jfree.chart.renderer.RendererUtilities->org.jfree.data.xy.XYDataset.getXValue
org.jfree.chart.renderer.RendererUtilities->org.jfree.data.xy.XYDataset.getXValue
org.jfree.chart.renderer.RendererUtilities->org.jfree.data.xy.XYDataset.getXValue
org.jfree.chart.renderer.RendererUtilities->org.jfree.data.xy.XYDataset.getXValue
org.jfree.chart.renderer.RendererUtilitiesTest->org.jfree.chart.renderer.RendererUtilities.findLiveItemsUpperBound
org.jfree.chart.renderer.RendererUtilities->org.jfree.data.xy.XYDataset.getItemCount
org.jfree.data.xy.DefaultXYDataset->org.jfree.data.xy.DefaultXYDataset.getSeriesCount
org.jfree.chart.renderer.RendererUtilities->org.jfree.data.xy.XYDataset.getDomainOrder
org.jfree.chart.renderer.RendererUtilities->org.jfree.data.xy.XYDataset.getXValue
org.jfree.chart.renderer.RendererUtilities->org.jfree.data.xy.XYDataset.getXValue
org.jfree.chart.renderer.RendererUtilities->org.jfree.data.xy.XYDataset.getXValue
org.jfree.chart.renderer.RendererUtilities->org.jfree.data.xy.XYDataset.getXValue
org.jfree.chart.renderer.RendererUtilitiesTest->org.jfree.chart.renderer.RendererUtilities.findLiveItemsUpperBound
org.jfree.chart.renderer.RendererUtilities->org.jfree.data.xy.XYDataset.getItemCount
org.jfree.data.xy.DefaultXYDataset->org.jfree.data.xy.DefaultXYDataset.getSeriesCount
org.jfree.chart.renderer.RendererUtilities->org.jfree.data.xy.XYDataset.getDomainOrder
org.jfree.chart.renderer.RendererUtilities->org.jfree.data.xy.XYDataset.getXValue
org.jfree.chart.renderer.RendererUtilities->org.jfree.data.xy.XYDataset.getXValue
org.jfree.chart.renderer.RendererUtilitiesTest->org.jfree.chart.renderer.RendererUtilities.findLiveItemsUpperBound
org.jfree.chart.renderer.RendererUtilities->org.jfree.data.xy.XYDataset.getItemCount
org.jfree.data.xy.DefaultXYDataset->org.jfree.data.xy.DefaultXYDataset.getSeriesCount
org.jfree.chart.renderer.RendererUtilities->org.jfree.data.xy.XYDataset.getDomainOrder
org.jfree.chart.renderer.RendererUtilities->org.jfree.data.xy.XYDataset.getXValue
org.jfree.chart.renderer.RendererUtilities->org.jfree.data.xy.XYDataset.getXValue
org.jfree.data.general.Series->org.jfree.chart.util.ParamChecks.nullNotPermitted
org.jfree.chart.renderer.RendererUtilitiesTest->org.jfree.data.xy.XYSeries.add
org.jfree.data.xy.XYSeries->org.jfree.data.xy.XYSeries.add
org.jfree.data.xy.XYDataItem->org.jfree.chart.util.ParamChecks.nullNotPermitted
org.jfree.data.xy.XYSeries->org.jfree.data.xy.XYSeries.add
org.jfree.data.xy.XYSeries->org.jfree.chart.util.ParamChecks.nullNotPermitted
org.jfree.data.xy.XYSeries->org.jfree.data.xy.XYDataItem.copy
org.jfree.data.xy.XYDataItem->org.jfree.data.xy.XYDataItem.clone
org.jfree.data.xy.XYSeries->org.jfree.data.xy.XYSeries.updateBoundsForAddedItem
org.jfree.data.xy.XYSeries->org.jfree.data.xy.XYDataItem.getXValue
org.jfree.data.xy.XYSeries->org.jfree.data.xy.XYSeries.minIgnoreNaN
org.jfree.data.xy.XYSeries->org.jfree.data.xy.XYSeries.maxIgnoreNaN
org.jfree.data.xy.XYSeries->org.jfree.data.xy.XYDataItem.getY
org.jfree.data.xy.XYSeries->org.jfree.data.xy.XYDataItem.getYValue
org.jfree.data.xy.XYSeries->org.jfree.data.xy.XYSeries.minIgnoreNaN
org.jfree.data.xy.XYSeries->org.jfree.data.xy.XYSeries.maxIgnoreNaN
org.jfree.data.xy.XYSeries->org.jfree.data.xy.XYSeries.getItemCount
org.jfree.data.xy.XYSeries->org.jfree.data.xy.XYSeries.fireSeriesChanged
org.jfree.data.general.Series->org.jfree.data.general.Series.notifyListeners
org.jfree.chart.renderer.RendererUtilitiesTest->org.jfree.data.xy.XYSeries.add
org.jfree.data.xy.XYSeries->org.jfree.data.xy.XYSeries.add
org.jfree.data.xy.XYDataItem->org.jfree.chart.util.ParamChecks.nullNotPermitted
org.jfree.data.xy.XYSeries->org.jfree.data.xy.XYSeries.add
org.jfree.data.xy.XYSeries->org.jfree.chart.util.ParamChecks.nullNotPermitted
org.jfree.data.xy.XYSeries->org.jfree.data.xy.XYDataItem.copy
org.jfree.data.xy.XYDataItem->org.jfree.data.xy.XYDataItem.clone
org.jfree.data.xy.XYSeries->org.jfree.data.xy.XYSeries.updateBoundsForAddedItem
org.jfree.data.xy.XYSeries->org.jfree.data.xy.XYDataItem.getXValue
org.jfree.data.xy.XYSeries->org.jfree.data.xy.XYSeries.minIgnoreNaN
org.jfree.data.xy.XYSeries->org.jfree.data.xy.XYSeries.maxIgnoreNaN
org.jfree.data.xy.XYSeries->org.jfree.data.xy.XYDataItem.getY
org.jfree.data.xy.XYSeries->org.jfree.data.xy.XYDataItem.getYValue
org.jfree.data.xy.XYSeries->org.jfree.data.xy.XYSeries.minIgnoreNaN
org.jfree.data.xy.XYSeries->org.jfree.data.xy.XYSeries.maxIgnoreNaN
org.jfree.data.xy.XYSeries->org.jfree.data.xy.XYSeries.getItemCount
org.jfree.data.xy.XYSeries->org.jfree.data.xy.XYSeries.fireSeriesChanged
org.jfree.data.general.Series->org.jfree.data.general.Series.notifyListeners
org.jfree.chart.renderer.RendererUtilitiesTest->org.jfree.data.xy.XYSeries.add
org.jfree.data.xy.XYSeries->org.jfree.data.xy.XYSeries.add
org.jfree.data.xy.XYDataItem->org.jfree.chart.util.ParamChecks.nullNotPermitted
org.jfree.data.xy.XYSeries->org.jfree.data.xy.XYSeries.add
org.jfree.data.xy.XYSeries->org.jfree.chart.util.ParamChecks.nullNotPermitted
org.jfree.data.xy.XYSeries->org.jfree.data.xy.XYDataItem.copy
org.jfree.data.xy.XYDataItem->org.jfree.data.xy.XYDataItem.clone
org.jfree.data.xy.XYSeries->org.jfree.data.xy.XYSeries.updateBoundsForAddedItem
org.jfree.data.xy.XYSeries->org.jfree.data.xy.XYDataItem.getXValue
org.jfree.data.xy.XYSeries->org.jfree.data.xy.XYSeries.minIgnoreNaN
org.jfree.data.xy.XYSeries->org.jfree.data.xy.XYSeries.maxIgnoreNaN
org.jfree.data.xy.XYSeries->org.jfree.data.xy.XYDataItem.getY
org.jfree.data.xy.XYSeries->org.jfree.data.xy.XYDataItem.getYValue
org.jfree.data.xy.XYSeries->org.jfree.data.xy.XYSeries.minIgnoreNaN
org.jfree.data.xy.XYSeries->org.jfree.data.xy.XYSeries.maxIgnoreNaN
org.jfree.data.xy.XYSeries->org.jfree.data.xy.XYSeries.getItemCount
org.jfree.data.xy.XYSeries->org.jfree.data.xy.XYSeries.fireSeriesChanged
org.jfree.data.general.Series->org.jfree.data.general.Series.notifyListeners
org.jfree.chart.renderer.RendererUtilitiesTest->org.jfree.data.xy.XYSeries.add
org.jfree.data.xy.XYSeries->org.jfree.data.xy.XYSeries.add
org.jfree.data.xy.XYDataItem->org.jfree.chart.util.ParamChecks.nullNotPermitted
org.jfree.data.xy.XYSeries->org.jfree.data.xy.XYSeries.add
org.jfree.data.xy.XYSeries->org.jfree.chart.util.ParamChecks.nullNotPermitted
org.jfree.data.xy.XYSeries->org.jfree.data.xy.XYDataItem.copy
org.jfree.data.xy.XYDataItem->org.jfree.data.xy.XYDataItem.clone
org.jfree.data.xy.XYSeries->org.jfree.data.xy.XYSeries.updateBoundsForAddedItem
org.jfree.data.xy.XYSeries->org.jfree.data.xy.XYDataItem.getXValue
org.jfree.data.xy.XYSeries->org.jfree.data.xy.XYSeries.minIgnoreNaN
org.jfree.data.xy.XYSeries->org.jfree.data.xy.XYSeries.maxIgnoreNaN
org.jfree.data.xy.XYSeries->org.jfree.data.xy.XYDataItem.getY
org.jfree.data.xy.XYSeries->org.jfree.data.xy.XYDataItem.getYValue
org.jfree.data.xy.XYSeries->org.jfree.data.xy.XYSeries.minIgnoreNaN
org.jfree.data.xy.XYSeries->org.jfree.data.xy.XYSeries.maxIgnoreNaN
org.jfree.data.xy.XYSeries->org.jfree.data.xy.XYSeries.getItemCount
org.jfree.data.xy.XYSeries->org.jfree.data.xy.XYSeries.fireSeriesChanged
org.jfree.data.general.Series->org.jfree.data.general.Series.notifyListeners
org.jfree.data.xy.XYSeriesCollection->org.jfree.data.xy.XYSeriesCollection.addChangeListener
org.jfree.chart.renderer.RendererUtilitiesTest->org.jfree.data.xy.XYSeriesCollection.addSeries
org.jfree.data.xy.XYSeriesCollection->org.jfree.chart.util.ParamChecks.nullNotPermitted
org.jfree.data.xy.XYSeriesCollection->org.jfree.data.xy.XYSeries.getKey
org.jfree.data.xy.XYSeriesCollection->org.jfree.data.xy.XYSeriesCollection.getSeriesIndex
org.jfree.data.xy.XYSeriesCollection->org.jfree.chart.util.ParamChecks.nullNotPermitted
org.jfree.data.xy.XYSeriesCollection->org.jfree.data.xy.XYSeriesCollection.getSeriesCount
org.jfree.data.xy.XYSeriesCollection->org.jfree.data.xy.XYSeries.addChangeListener
org.jfree.data.xy.XYSeriesCollection->org.jfree.data.xy.XYSeries.addVetoableChangeListener
org.jfree.data.xy.XYSeriesCollection->org.jfree.data.xy.XYSeriesCollection.fireDatasetChanged
org.jfree.data.general.AbstractDataset->org.jfree.data.general.AbstractDataset.notifyListeners
org.jfree.data.general.AbstractDataset->org.jfree.data.general.DatasetChangeListener.datasetChanged
org.jfree.chart.renderer.RendererUtilitiesTest->org.jfree.chart.renderer.RendererUtilities.findLiveItemsLowerBound
org.jfree.chart.renderer.RendererUtilities->org.jfree.data.xy.XYDataset.getItemCount
org.jfree.data.xy.XYSeriesCollection->org.jfree.data.xy.XYSeriesCollection.getSeries
org.jfree.data.xy.XYSeriesCollection->org.jfree.data.xy.XYSeriesCollection.getSeriesCount
org.jfree.data.xy.XYSeriesCollection->org.jfree.data.xy.XYSeries.getItemCount
org.jfree.chart.renderer.RendererUtilities->org.jfree.data.xy.XYDataset.getDomainOrder
org.jfree.data.xy.XYSeriesCollection->org.jfree.data.xy.XYSeriesCollection.getSeriesCount
org.jfree.data.xy.XYSeriesCollection->org.jfree.data.xy.XYSeriesCollection.getSeries
org.jfree.data.xy.XYSeriesCollection->org.jfree.data.xy.XYSeriesCollection.getSeriesCount
org.jfree.data.xy.XYSeriesCollection->org.jfree.data.xy.XYSeries.getAutoSort
org.jfree.chart.renderer.RendererUtilities->org.jfree.data.xy.XYDataset.getDomainOrder
org.jfree.data.xy.XYSeriesCollection->org.jfree.data.xy.XYSeriesCollection.getSeriesCount
org.jfree.data.xy.XYSeriesCollection->org.jfree.data.xy.XYSeriesCollection.getSeries
org.jfree.data.xy.XYSeriesCollection->org.jfree.data.xy.XYSeriesCollection.getSeriesCount
org.jfree.data.xy.XYSeriesCollection->org.jfree.data.xy.XYSeries.getAutoSort
org.jfree.chart.renderer.RendererUtilities->org.jfree.data.xy.XYDataset.getXValue
org.jfree.data.xy.AbstractXYDataset->org.jfree.data.xy.AbstractXYDataset.getX
org.jfree.data.xy.XYSeriesCollection->org.jfree.data.xy.XYSeries.getX
org.jfree.data.xy.XYSeries->org.jfree.data.xy.XYSeries.getRawDataItem
org.jfree.data.xy.XYSeries->org.jfree.data.xy.XYDataItem.getX
org.jfree.chart.renderer.RendererUtilities->org.jfree.data.xy.XYDataset.getXValue
org.jfree.data.xy.AbstractXYDataset->org.jfree.data.xy.AbstractXYDataset.getX
org.jfree.data.xy.XYSeriesCollection->org.jfree.data.xy.XYSeries.getX
org.jfree.data.xy.XYSeries->org.jfree.data.xy.XYSeries.getRawDataItem
org.jfree.data.xy.XYSeries->org.jfree.data.xy.XYDataItem.getX
org.jfree.chart.renderer.RendererUtilitiesTest->org.jfree.chart.renderer.RendererUtilities.findLiveItemsUpperBound
org.jfree.chart.renderer.RendererUtilities->org.jfree.data.xy.XYDataset.getItemCount
org.jfree.data.xy.XYSeriesCollection->org.jfree.data.xy.XYSeriesCollection.getSeries
org.jfree.data.xy.XYSeriesCollection->org.jfree.data.xy.XYSeriesCollection.getSeriesCount
org.jfree.data.xy.XYSeriesCollection->org.jfree.data.xy.XYSeries.getItemCount
org.jfree.chart.renderer.RendererUtilities->org.jfree.data.xy.XYDataset.getDomainOrder
org.jfree.data.xy.XYSeriesCollection->org.jfree.data.xy.XYSeriesCollection.getSeriesCount
org.jfree.data.xy.XYSeriesCollection->org.jfree.data.xy.XYSeriesCollection.getSeries
org.jfree.data.xy.XYSeriesCollection->org.jfree.data.xy.XYSeriesCollection.getSeriesCount
org.jfree.data.xy.XYSeriesCollection->org.jfree.data.xy.XYSeries.getAutoSort
org.jfree.chart.renderer.RendererUtilities->org.jfree.data.xy.XYDataset.getDomainOrder
org.jfree.data.xy.XYSeriesCollection->org.jfree.data.xy.XYSeriesCollection.getSeriesCount
org.jfree.data.xy.XYSeriesCollection->org.jfree.data.xy.XYSeriesCollection.getSeries
org.jfree.data.xy.XYSeriesCollection->org.jfree.data.xy.XYSeriesCollection.getSeriesCount
org.jfree.data.xy.XYSeriesCollection->org.jfree.data.xy.XYSeries.getAutoSort
org.jfree.chart.renderer.RendererUtilities->org.jfree.data.xy.XYDataset.getXValue
org.jfree.data.xy.AbstractXYDataset->org.jfree.data.xy.AbstractXYDataset.getX
org.jfree.data.xy.XYSeriesCollection->org.jfree.data.xy.XYSeries.getX
org.jfree.data.xy.XYSeries->org.jfree.data.xy.XYSeries.getRawDataItem
org.jfree.data.xy.XYSeries->org.jfree.data.xy.XYDataItem.getX
org.jfree.chart.renderer.RendererUtilities->org.jfree.data.xy.XYDataset.getXValue
org.jfree.data.xy.AbstractXYDataset->org.jfree.data.xy.AbstractXYDataset.getX
org.jfree.data.xy.XYSeriesCollection->org.jfree.data.xy.XYSeries.getX
org.jfree.data.xy.XYSeries->org.jfree.data.xy.XYSeries.getRawDataItem
org.jfree.data.xy.XYSeries->org.jfree.data.xy.XYDataItem.getX
org.jfree.chart.renderer.RendererUtilitiesTest->org.jfree.chart.renderer.RendererUtilities.findLiveItems
org.jfree.chart.renderer.RendererUtilities->org.jfree.chart.renderer.RendererUtilities.findLiveItemsLowerBound
org.jfree.chart.renderer.RendererUtilities->org.jfree.data.xy.XYDataset.getItemCount
org.jfree.data.xy.XYSeriesCollection->org.jfree.data.xy.XYSeriesCollection.getSeries
org.jfree.data.xy.XYSeriesCollection->org.jfree.data.xy.XYSeriesCollection.getSeriesCount
org.jfree.data.xy.XYSeriesCollection->org.jfree.data.xy.XYSeries.getItemCount
org.jfree.chart.renderer.RendererUtilities->org.jfree.data.xy.XYDataset.getDomainOrder
org.jfree.data.xy.XYSeriesCollection->org.jfree.data.xy.XYSeriesCollection.getSeriesCount
org.jfree.data.xy.XYSeriesCollection->org.jfree.data.xy.XYSeriesCollection.getSeries
org.jfree.data.xy.XYSeriesCollection->org.jfree.data.xy.XYSeriesCollection.getSeriesCount
org.jfree.data.xy.XYSeriesCollection->org.jfree.data.xy.XYSeries.getAutoSort
org.jfree.chart.renderer.RendererUtilities->org.jfree.data.xy.XYDataset.getDomainOrder
org.jfree.data.xy.XYSeriesCollection->org.jfree.data.xy.XYSeriesCollection.getSeriesCount
org.jfree.data.xy.XYSeriesCollection->org.jfree.data.xy.XYSeriesCollection.getSeries
org.jfree.data.xy.XYSeriesCollection->org.jfree.data.xy.XYSeriesCollection.getSeriesCount
org.jfree.data.xy.XYSeriesCollection->org.jfree.data.xy.XYSeries.getAutoSort
org.jfree.chart.renderer.RendererUtilities->org.jfree.data.xy.XYDataset.getXValue
org.jfree.data.xy.AbstractXYDataset->org.jfree.data.xy.AbstractXYDataset.getX
org.jfree.data.xy.XYSeriesCollection->org.jfree.data.xy.XYSeries.getX
org.jfree.data.xy.XYSeries->org.jfree.data.xy.XYSeries.getRawDataItem
org.jfree.data.xy.XYSeries->org.jfree.data.xy.XYDataItem.getX
org.jfree.chart.renderer.RendererUtilities->org.jfree.data.xy.XYDataset.getXValue
org.jfree.data.xy.AbstractXYDataset->org.jfree.data.xy.AbstractXYDataset.getX
org.jfree.data.xy.XYSeriesCollection->org.jfree.data.xy.XYSeries.getX
org.jfree.data.xy.XYSeries->org.jfree.data.xy.XYSeries.getRawDataItem
org.jfree.data.xy.XYSeries->org.jfree.data.xy.XYDataItem.getX
org.jfree.chart.renderer.RendererUtilities->org.jfree.chart.renderer.RendererUtilities.findLiveItemsUpperBound
org.jfree.chart.renderer.RendererUtilities->org.jfree.data.xy.XYDataset.getItemCount
org.jfree.data.xy.XYSeriesCollection->org.jfree.data.xy.XYSeriesCollection.getSeries
org.jfree.data.xy.XYSeriesCollection->org.jfree.data.xy.XYSeriesCollection.getSeriesCount
org.jfree.data.xy.XYSeriesCollection->org.jfree.data.xy.XYSeries.getItemCount
org.jfree.chart.renderer.RendererUtilities->org.jfree.data.xy.XYDataset.getDomainOrder
org.jfree.data.xy.XYSeriesCollection->org.jfree.data.xy.XYSeriesCollection.getSeriesCount
org.jfree.data.xy.XYSeriesCollection->org.jfree.data.xy.XYSeriesCollection.getSeries
org.jfree.data.xy.XYSeriesCollection->org.jfree.data.xy.XYSeriesCollection.getSeriesCount
org.jfree.data.xy.XYSeriesCollection->org.jfree.data.xy.XYSeries.getAutoSort
org.jfree.chart.renderer.RendererUtilities->org.jfree.data.xy.XYDataset.getDomainOrder
org.jfree.data.xy.XYSeriesCollection->org.jfree.data.xy.XYSeriesCollection.getSeriesCount
org.jfree.data.xy.XYSeriesCollection->org.jfree.data.xy.XYSeriesCollection.getSeries
org.jfree.data.xy.XYSeriesCollection->org.jfree.data.xy.XYSeriesCollection.getSeriesCount
org.jfree.data.xy.XYSeriesCollection->org.jfree.data.xy.XYSeries.getAutoSort
org.jfree.chart.renderer.RendererUtilities->org.jfree.data.xy.XYDataset.getXValue
org.jfree.data.xy.AbstractXYDataset->org.jfree.data.xy.AbstractXYDataset.getX
org.jfree.data.xy.XYSeriesCollection->org.jfree.data.xy.XYSeries.getX
org.jfree.data.xy.XYSeries->org.jfree.data.xy.XYSeries.getRawDataItem
org.jfree.data.xy.XYSeries->org.jfree.data.xy.XYDataItem.getX
org.jfree.chart.renderer.RendererUtilities->org.jfree.data.xy.XYDataset.getXValue
org.jfree.data.xy.AbstractXYDataset->org.jfree.data.xy.AbstractXYDataset.getX
org.jfree.data.xy.XYSeriesCollection->org.jfree.data.xy.XYSeries.getX
org.jfree.data.xy.XYSeries->org.jfree.data.xy.XYSeries.getRawDataItem
org.jfree.data.xy.XYSeries->org.jfree.data.xy.XYDataItem.getX
org.jfree.chart.renderer.RendererUtilitiesTest->org.jfree.data.xy.DefaultXYDataset.addSeries
org.jfree.data.xy.DefaultXYDataset->org.jfree.data.xy.DefaultXYDataset.indexOf
org.jfree.data.xy.DefaultXYDataset->org.jfree.data.xy.DefaultXYDataset.notifyListeners
org.jfree.chart.renderer.RendererUtilitiesTest->org.jfree.chart.renderer.RendererUtilities.findLiveItemsUpperBound
org.jfree.chart.renderer.RendererUtilities->org.jfree.data.xy.XYDataset.getItemCount
org.jfree.data.xy.DefaultXYDataset->org.jfree.data.xy.DefaultXYDataset.getSeriesCount
org.jfree.chart.renderer.RendererUtilitiesTest->org.jfree.data.xy.DefaultXYDataset.addSeries
org.jfree.data.xy.DefaultXYDataset->org.jfree.data.xy.DefaultXYDataset.indexOf
org.jfree.data.xy.DefaultXYDataset->org.jfree.data.xy.DefaultXYDataset.notifyListeners
org.jfree.chart.renderer.RendererUtilitiesTest->org.jfree.chart.renderer.RendererUtilities.findLiveItemsUpperBound
org.jfree.chart.renderer.RendererUtilities->org.jfree.data.xy.XYDataset.getItemCount
org.jfree.data.xy.DefaultXYDataset->org.jfree.data.xy.DefaultXYDataset.getSeriesCount
org.jfree.chart.renderer.RendererUtilitiesTest->org.jfree.chart.renderer.RendererUtilities.findLiveItemsUpperBound
org.jfree.chart.renderer.RendererUtilities->org.jfree.data.xy.XYDataset.getItemCount
org.jfree.data.xy.DefaultXYDataset->org.jfree.data.xy.DefaultXYDataset.getSeriesCount
org.jfree.chart.renderer.RendererUtilitiesTest->org.jfree.data.xy.DefaultXYDataset.addSeries
org.jfree.data.xy.DefaultXYDataset->org.jfree.data.xy.DefaultXYDataset.indexOf
org.jfree.data.xy.DefaultXYDataset->org.jfree.data.xy.DefaultXYDataset.notifyListeners
org.jfree.chart.renderer.RendererUtilitiesTest->org.jfree.chart.renderer.RendererUtilities.findLiveItemsUpperBound
org.jfree.chart.renderer.RendererUtilities->org.jfree.data.xy.XYDataset.getItemCount
org.jfree.data.xy.DefaultXYDataset->org.jfree.data.xy.DefaultXYDataset.getSeriesCount
org.jfree.chart.renderer.RendererUtilities->org.jfree.data.xy.XYDataset.getDomainOrder
org.jfree.chart.renderer.RendererUtilities->org.jfree.data.xy.XYDataset.getDomainOrder
org.jfree.chart.renderer.RendererUtilities->org.jfree.data.xy.XYDataset.getXValue
org.jfree.chart.renderer.RendererUtilities->org.jfree.data.xy.XYDataset.getXValue
org.jfree.chart.renderer.RendererUtilitiesTest->org.jfree.chart.renderer.RendererUtilities.findLiveItemsUpperBound
org.jfree.chart.renderer.RendererUtilities->org.jfree.data.xy.XYDataset.getItemCount
org.jfree.data.xy.DefaultXYDataset->org.jfree.data.xy.DefaultXYDataset.getSeriesCount
org.jfree.chart.renderer.RendererUtilities->org.jfree.data.xy.XYDataset.getDomainOrder
org.jfree.chart.renderer.RendererUtilities->org.jfree.data.xy.XYDataset.getDomainOrder
org.jfree.chart.renderer.RendererUtilities->org.jfree.data.xy.XYDataset.getXValue
org.jfree.chart.renderer.RendererUtilitiesTest->org.jfree.chart.renderer.RendererUtilities.findLiveItemsUpperBound
org.jfree.chart.renderer.RendererUtilities->org.jfree.data.xy.XYDataset.getItemCount
org.jfree.data.xy.DefaultXYDataset->org.jfree.data.xy.DefaultXYDataset.getSeriesCount
org.jfree.chart.renderer.RendererUtilities->org.jfree.data.xy.XYDataset.getDomainOrder
org.jfree.chart.renderer.RendererUtilities->org.jfree.data.xy.XYDataset.getDomainOrder
org.jfree.chart.renderer.RendererUtilities->org.jfree.data.xy.XYDataset.getXValue
org.jfree.chart.renderer.RendererUtilitiesTest->org.jfree.chart.renderer.RendererUtilities.findLiveItemsUpperBound
org.jfree.chart.renderer.RendererUtilities->org.jfree.data.xy.XYDataset.getItemCount
org.jfree.data.xy.DefaultXYDataset->org.jfree.data.xy.DefaultXYDataset.getSeriesCount
org.jfree.chart.renderer.RendererUtilities->org.jfree.data.xy.XYDataset.getDomainOrder
org.jfree.chart.renderer.RendererUtilities->org.jfree.data.xy.XYDataset.getDomainOrder
org.jfree.chart.renderer.RendererUtilities->org.jfree.data.xy.XYDataset.getXValue
org.jfree.chart.renderer.RendererUtilitiesTest->org.jfree.data.xy.DefaultXYDataset.addSeries
org.jfree.data.xy.DefaultXYDataset->org.jfree.data.xy.DefaultXYDataset.indexOf
org.jfree.data.xy.DefaultXYDataset->org.jfree.data.xy.DefaultXYDataset.notifyListeners
org.jfree.chart.renderer.RendererUtilitiesTest->org.jfree.chart.renderer.RendererUtilities.findLiveItemsUpperBound
org.jfree.chart.renderer.RendererUtilities->org.jfree.data.xy.XYDataset.getItemCount
org.jfree.data.xy.DefaultXYDataset->org.jfree.data.xy.DefaultXYDataset.getSeriesCount
org.jfree.chart.renderer.RendererUtilities->org.jfree.data.xy.XYDataset.getDomainOrder
org.jfree.chart.renderer.RendererUtilities->org.jfree.data.xy.XYDataset.getDomainOrder
org.jfree.chart.renderer.RendererUtilities->org.jfree.data.xy.XYDataset.getXValue
org.jfree.chart.renderer.RendererUtilities->org.jfree.data.xy.XYDataset.getXValue
org.jfree.chart.renderer.RendererUtilities->org.jfree.data.xy.XYDataset.getXValue
org.jfree.chart.renderer.RendererUtilitiesTest->org.jfree.chart.renderer.RendererUtilities.findLiveItemsUpperBound
org.jfree.chart.renderer.RendererUtilities->org.jfree.data.xy.XYDataset.getItemCount
org.jfree.data.xy.DefaultXYDataset->org.jfree.data.xy.DefaultXYDataset.getSeriesCount
org.jfree.chart.renderer.RendererUtilities->org.jfree.data.xy.XYDataset.getDomainOrder
org.jfree.chart.renderer.RendererUtilities->org.jfree.data.xy.XYDataset.getDomainOrder
org.jfree.chart.renderer.RendererUtilities->org.jfree.data.xy.XYDataset.getXValue
org.jfree.chart.renderer.RendererUtilitiesTest->org.jfree.chart.renderer.RendererUtilities.findLiveItemsUpperBound
org.jfree.chart.renderer.RendererUtilities->org.jfree.data.xy.XYDataset.getItemCount
org.jfree.data.xy.DefaultXYDataset->org.jfree.data.xy.DefaultXYDataset.getSeriesCount
org.jfree.chart.renderer.RendererUtilities->org.jfree.data.xy.XYDataset.getDomainOrder
org.jfree.chart.renderer.RendererUtilities->org.jfree.data.xy.XYDataset.getDomainOrder
org.jfree.chart.renderer.RendererUtilities->org.jfree.data.xy.XYDataset.getXValue
org.jfree.chart.renderer.RendererUtilitiesTest->org.jfree.chart.renderer.RendererUtilities.findLiveItemsUpperBound
org.jfree.chart.renderer.RendererUtilities->org.jfree.data.xy.XYDataset.getItemCount
org.jfree.data.xy.DefaultXYDataset->org.jfree.data.xy.DefaultXYDataset.getSeriesCount
org.jfree.chart.renderer.RendererUtilities->org.jfree.data.xy.XYDataset.getDomainOrder
org.jfree.chart.renderer.RendererUtilities->org.jfree.data.xy.XYDataset.getDomainOrder
org.jfree.chart.renderer.RendererUtilities->org.jfree.data.xy.XYDataset.getXValue
org.jfree.chart.renderer.RendererUtilitiesTest->org.jfree.data.xy.DefaultXYDataset.addSeries
org.jfree.data.xy.DefaultXYDataset->org.jfree.data.xy.DefaultXYDataset.indexOf
org.jfree.data.xy.DefaultXYDataset->org.jfree.data.xy.DefaultXYDataset.notifyListeners
org.jfree.chart.renderer.RendererUtilitiesTest->org.jfree.chart.renderer.RendererUtilities.findLiveItemsUpperBound
org.jfree.chart.renderer.RendererUtilities->org.jfree.data.xy.XYDataset.getItemCount
org.jfree.data.xy.DefaultXYDataset->org.jfree.data.xy.DefaultXYDataset.getSeriesCount
org.jfree.chart.renderer.RendererUtilities->org.jfree.data.xy.XYDataset.getDomainOrder
org.jfree.chart.renderer.RendererUtilities->org.jfree.data.xy.XYDataset.getDomainOrder
org.jfree.chart.renderer.RendererUtilities->org.jfree.data.xy.XYDataset.getXValue
org.jfree.chart.renderer.RendererUtilities->org.jfree.data.xy.XYDataset.getXValue
org.jfree.chart.renderer.RendererUtilities->org.jfree.data.xy.XYDataset.getXValue
org.jfree.chart.renderer.RendererUtilities->org.jfree.data.xy.XYDataset.getXValue
org.jfree.chart.renderer.RendererUtilitiesTest->org.jfree.chart.renderer.RendererUtilities.findLiveItemsUpperBound
org.jfree.chart.renderer.RendererUtilities->org.jfree.data.xy.XYDataset.getItemCount
org.jfree.data.xy.DefaultXYDataset->org.jfree.data.xy.DefaultXYDataset.getSeriesCount
org.jfree.chart.renderer.RendererUtilities->org.jfree.data.xy.XYDataset.getDomainOrder
org.jfree.chart.renderer.RendererUtilities->org.jfree.data.xy.XYDataset.getDomainOrder
org.jfree.chart.renderer.RendererUtilities->org.jfree.data.xy.XYDataset.getXValue
org.jfree.chart.renderer.RendererUtilitiesTest->org.jfree.chart.renderer.RendererUtilities.findLiveItemsUpperBound
org.jfree.chart.renderer.RendererUtilities->org.jfree.data.xy.XYDataset.getItemCount
org.jfree.data.xy.DefaultXYDataset->org.jfree.data.xy.DefaultXYDataset.getSeriesCount
org.jfree.chart.renderer.RendererUtilities->org.jfree.data.xy.XYDataset.getDomainOrder
org.jfree.chart.renderer.RendererUtilities->org.jfree.data.xy.XYDataset.getDomainOrder
org.jfree.chart.renderer.RendererUtilities->org.jfree.data.xy.XYDataset.getXValue
org.jfree.chart.renderer.RendererUtilitiesTest->org.jfree.chart.renderer.RendererUtilities.findLiveItemsUpperBound
org.jfree.chart.renderer.RendererUtilities->org.jfree.data.xy.XYDataset.getItemCount
org.jfree.data.xy.DefaultXYDataset->org.jfree.data.xy.DefaultXYDataset.getSeriesCount
org.jfree.chart.renderer.RendererUtilities->org.jfree.data.xy.XYDataset.getDomainOrder
org.jfree.chart.renderer.RendererUtilities->org.jfree.data.xy.XYDataset.getDomainOrder
org.jfree.chart.renderer.RendererUtilities->org.jfree.data.xy.XYDataset.getXValue
org.jfree.chart.renderer.RendererUtilitiesTest->org.jfree.chart.renderer.RendererUtilities.findLiveItemsUpperBound
org.jfree.chart.renderer.RendererUtilities->org.jfree.data.xy.XYDataset.getItemCount
org.jfree.data.xy.DefaultXYDataset->org.jfree.data.xy.DefaultXYDataset.getSeriesCount
org.jfree.chart.renderer.RendererUtilities->org.jfree.data.xy.XYDataset.getDomainOrder
org.jfree.chart.renderer.RendererUtilities->org.jfree.data.xy.XYDataset.getDomainOrder
org.jfree.chart.renderer.RendererUtilities->org.jfree.data.xy.XYDataset.getXValue
