org.jfree.chart.renderer.LookupPaintScale->org.jfree.chart.util.ParamChecks.nullNotPermitted
org.jfree.chart.renderer.LookupPaintScale->org.jfree.chart.util.SerialUtils.writePaint
org.jfree.chart.util.SerialUtils->org.jfree.chart.util.ParamChecks.nullNotPermitted
org.jfree.chart.renderer.LookupPaintScale->org.jfree.chart.util.SerialUtils.readPaint
org.jfree.chart.util.SerialUtils->org.jfree.chart.util.ParamChecks.nullNotPermitted
org.jfree.chart.util.SerialUtils->org.jfree.chart.util.SerialUtils.isSerializable
org.jfree.chart.renderer.LookupPaintScale->org.jfree.chart.util.PaintUtils.equal
org.jfree.chart.renderer.LookupPaintScale->org.jfree.chart.util.ParamChecks.nullNotPermitted
org.jfree.chart.renderer.LookupPaintScaleTest->org.jfree.chart.renderer.LookupPaintScale.add
org.jfree.chart.renderer.LookupPaintScale->org.jfree.chart.util.ParamChecks.requireInRange
org.jfree.chart.renderer.LookupPaintScale->org.jfree.chart.util.ParamChecks.nullNotPermitted
org.jfree.chart.renderer.LookupPaintScale.PaintItem->org.jfree.chart.util.SerialUtils.writePaint
org.jfree.chart.util.SerialUtils->org.jfree.chart.util.ParamChecks.nullNotPermitted
org.jfree.chart.renderer.LookupPaintScale->org.jfree.chart.util.SerialUtils.writePaint
org.jfree.chart.util.SerialUtils->org.jfree.chart.util.ParamChecks.nullNotPermitted
org.jfree.chart.renderer.LookupPaintScale.PaintItem->org.jfree.chart.util.SerialUtils.readPaint
org.jfree.chart.util.SerialUtils->org.jfree.chart.util.ParamChecks.nullNotPermitted
org.jfree.chart.util.SerialUtils->org.jfree.chart.util.SerialUtils.isSerializable
org.jfree.chart.renderer.LookupPaintScale->org.jfree.chart.util.SerialUtils.readPaint
org.jfree.chart.util.SerialUtils->org.jfree.chart.util.ParamChecks.nullNotPermitted
org.jfree.chart.util.SerialUtils->org.jfree.chart.util.SerialUtils.isSerializable
org.jfree.chart.renderer.LookupPaintScale->org.jfree.chart.util.PaintUtils.equal
org.jfree.chart.renderer.LookupPaintScale.PaintItem->org.jfree.chart.util.PaintUtils.equal
org.jfree.chart.renderer.LookupPaintScale->org.jfree.chart.util.ParamChecks.nullNotPermitted
org.jfree.chart.renderer.LookupPaintScaleTest->org.jfree.chart.renderer.LookupPaintScale.getLowerBound
org.jfree.chart.renderer.LookupPaintScaleTest->org.jfree.chart.renderer.LookupPaintScale.getUpperBound
org.jfree.chart.renderer.LookupPaintScale->org.jfree.chart.util.ParamChecks.nullNotPermitted
org.jfree.chart.renderer.LookupPaintScaleTest->org.jfree.chart.renderer.LookupPaintScale.getLowerBound
org.jfree.chart.renderer.LookupPaintScaleTest->org.jfree.chart.renderer.LookupPaintScale.getUpperBound
org.jfree.chart.renderer.LookupPaintScaleTest->org.jfree.chart.renderer.LookupPaintScale.getDefaultPaint
org.jfree.chart.renderer.LookupPaintScale->org.jfree.chart.util.ParamChecks.nullNotPermitted
org.jfree.chart.renderer.LookupPaintScaleTest->org.jfree.chart.renderer.LookupPaintScale.getPaint
org.jfree.chart.renderer.LookupPaintScaleTest->org.jfree.chart.renderer.LookupPaintScale.getPaint
org.jfree.chart.renderer.LookupPaintScaleTest->org.jfree.chart.renderer.LookupPaintScale.getPaint
org.jfree.chart.renderer.LookupPaintScaleTest->org.jfree.chart.renderer.LookupPaintScale.getPaint
org.jfree.chart.renderer.LookupPaintScaleTest->org.jfree.chart.renderer.LookupPaintScale.getPaint
org.jfree.chart.renderer.LookupPaintScaleTest->org.jfree.chart.renderer.LookupPaintScale.add
org.jfree.chart.renderer.LookupPaintScale->org.jfree.chart.util.ParamChecks.requireInRange
org.jfree.chart.renderer.LookupPaintScale->org.jfree.chart.util.ParamChecks.nullNotPermitted
org.jfree.chart.renderer.LookupPaintScaleTest->org.jfree.chart.renderer.LookupPaintScale.getPaint
org.jfree.chart.renderer.LookupPaintScaleTest->org.jfree.chart.renderer.LookupPaintScale.getPaint
org.jfree.chart.renderer.LookupPaintScaleTest->org.jfree.chart.renderer.LookupPaintScale.getPaint
org.jfree.chart.renderer.LookupPaintScaleTest->org.jfree.chart.renderer.LookupPaintScale.getPaint
org.jfree.chart.renderer.LookupPaintScaleTest->org.jfree.chart.renderer.LookupPaintScale.getPaint
org.jfree.chart.renderer.LookupPaintScaleTest->org.jfree.chart.renderer.LookupPaintScale.add
org.jfree.chart.renderer.LookupPaintScale->org.jfree.chart.util.ParamChecks.requireInRange
org.jfree.chart.renderer.LookupPaintScale->org.jfree.chart.util.ParamChecks.nullNotPermitted
org.jfree.chart.renderer.LookupPaintScaleTest->org.jfree.chart.renderer.LookupPaintScale.getPaint
org.jfree.chart.renderer.LookupPaintScaleTest->org.jfree.chart.renderer.LookupPaintScale.getPaint
org.jfree.chart.renderer.LookupPaintScaleTest->org.jfree.chart.renderer.LookupPaintScale.getPaint
org.jfree.chart.renderer.LookupPaintScaleTest->org.jfree.chart.renderer.LookupPaintScale.getPaint
org.jfree.chart.renderer.LookupPaintScaleTest->org.jfree.chart.renderer.LookupPaintScale.getPaint
org.jfree.chart.renderer.LookupPaintScaleTest->org.jfree.chart.renderer.LookupPaintScale.add
org.jfree.chart.renderer.LookupPaintScale->org.jfree.chart.util.ParamChecks.requireInRange
org.jfree.chart.renderer.LookupPaintScale->org.jfree.chart.util.ParamChecks.nullNotPermitted
org.jfree.chart.renderer.LookupPaintScaleTest->org.jfree.chart.renderer.LookupPaintScale.getPaint
org.jfree.chart.renderer.LookupPaintScaleTest->org.jfree.chart.renderer.LookupPaintScale.getPaint
org.jfree.chart.renderer.LookupPaintScaleTest->org.jfree.chart.renderer.LookupPaintScale.getPaint
org.jfree.chart.renderer.LookupPaintScaleTest->org.jfree.chart.renderer.LookupPaintScale.getPaint
org.jfree.chart.renderer.LookupPaintScaleTest->org.jfree.chart.renderer.LookupPaintScale.getPaint
org.jfree.chart.renderer.LookupPaintScaleTest->org.jfree.chart.renderer.LookupPaintScale.getPaint
org.jfree.chart.renderer.LookupPaintScaleTest->org.jfree.chart.renderer.LookupPaintScale.add
org.jfree.chart.renderer.LookupPaintScale->org.jfree.chart.util.ParamChecks.requireInRange
org.jfree.chart.renderer.LookupPaintScale->org.jfree.chart.util.ParamChecks.nullNotPermitted
org.jfree.chart.renderer.LookupPaintScaleTest->org.jfree.chart.renderer.LookupPaintScale.getPaint
org.jfree.chart.renderer.LookupPaintScaleTest->org.jfree.chart.renderer.LookupPaintScale.getPaint
org.jfree.chart.renderer.LookupPaintScaleTest->org.jfree.chart.renderer.LookupPaintScale.getPaint
org.jfree.chart.renderer.LookupPaintScaleTest->org.jfree.chart.renderer.LookupPaintScale.getPaint
org.jfree.chart.renderer.LookupPaintScaleTest->org.jfree.chart.renderer.LookupPaintScale.getPaint
org.jfree.chart.renderer.LookupPaintScaleTest->org.jfree.chart.renderer.LookupPaintScale.getPaint
org.jfree.chart.renderer.LookupPaintScaleTest->org.jfree.chart.renderer.LookupPaintScale.getPaint
org.jfree.chart.renderer.LookupPaintScale->org.jfree.chart.util.ParamChecks.nullNotPermitted
org.jfree.chart.renderer.LookupPaintScaleTest->org.jfree.chart.renderer.LookupPaintScale.clone
org.jfree.chart.renderer.LookupPaintScale->org.jfree.chart.util.PaintUtils.equal
org.jfree.chart.renderer.LookupPaintScaleTest->org.jfree.chart.renderer.LookupPaintScale.add
org.jfree.chart.renderer.LookupPaintScale->org.jfree.chart.util.ParamChecks.requireInRange
org.jfree.chart.renderer.LookupPaintScale->org.jfree.chart.util.ParamChecks.nullNotPermitted
org.jfree.chart.renderer.LookupPaintScaleTest->org.jfree.chart.renderer.LookupPaintScale.equals
org.jfree.chart.renderer.LookupPaintScale->org.jfree.chart.util.PaintUtils.equal
org.jfree.chart.renderer.LookupPaintScaleTest->org.jfree.chart.renderer.LookupPaintScale.add
org.jfree.chart.renderer.LookupPaintScale->org.jfree.chart.util.ParamChecks.requireInRange
org.jfree.chart.renderer.LookupPaintScale->org.jfree.chart.util.ParamChecks.nullNotPermitted
org.jfree.chart.renderer.LookupPaintScale->org.jfree.chart.util.PaintUtils.equal
org.jfree.chart.renderer.LookupPaintScale.PaintItem->org.jfree.chart.util.PaintUtils.equal
org.jfree.chart.renderer.LookupPaintScale->org.jfree.chart.util.ParamChecks.nullNotPermitted
org.jfree.chart.renderer.LookupPaintScaleTest->org.jfree.chart.renderer.LookupPaintScale.add
org.jfree.chart.renderer.LookupPaintScale->org.jfree.chart.util.ParamChecks.requireInRange
org.jfree.chart.renderer.LookupPaintScale->org.jfree.chart.util.ParamChecks.nullNotPermitted
org.jfree.chart.renderer.LookupPaintScaleTest->org.jfree.chart.renderer.LookupPaintScale.clone
org.jfree.chart.renderer.LookupPaintScale->org.jfree.chart.util.PaintUtils.equal
org.jfree.chart.renderer.LookupPaintScale->org.jfree.chart.util.ParamChecks.nullNotPermitted
org.jfree.chart.renderer.LookupPaintScaleTest->org.jfree.chart.renderer.LookupPaintScale.add
org.jfree.chart.renderer.LookupPaintScale->org.jfree.chart.util.ParamChecks.requireInRange
org.jfree.chart.renderer.LookupPaintScale->org.jfree.chart.util.ParamChecks.nullNotPermitted
org.jfree.chart.renderer.LookupPaintScaleTest->org.jfree.chart.renderer.LookupPaintScale.add
org.jfree.chart.renderer.LookupPaintScale->org.jfree.chart.util.ParamChecks.requireInRange
org.jfree.chart.renderer.LookupPaintScale->org.jfree.chart.util.ParamChecks.nullNotPermitted
org.jfree.chart.renderer.LookupPaintScaleTest->org.jfree.chart.renderer.LookupPaintScale.add
org.jfree.chart.renderer.LookupPaintScale->org.jfree.chart.util.ParamChecks.requireInRange
org.jfree.chart.renderer.LookupPaintScale->org.jfree.chart.util.ParamChecks.nullNotPermitted
org.jfree.chart.renderer.LookupPaintScaleTest->org.jfree.chart.renderer.LookupPaintScale.getPaint
org.jfree.chart.renderer.LookupPaintScaleTest->org.jfree.chart.renderer.LookupPaintScale.getPaint
org.jfree.chart.renderer.LookupPaintScaleTest->org.jfree.chart.renderer.LookupPaintScale.getPaint
org.jfree.chart.renderer.LookupPaintScale->org.jfree.chart.util.ParamChecks.nullNotPermitted
org.jfree.chart.renderer.LookupPaintScale->org.jfree.chart.util.ParamChecks.nullNotPermitted
org.jfree.chart.renderer.LookupPaintScale->org.jfree.chart.util.PaintUtils.equal
org.jfree.chart.renderer.LookupPaintScale->org.jfree.chart.util.PaintUtils.equal
org.jfree.chart.renderer.LookupPaintScale->org.jfree.chart.util.ParamChecks.nullNotPermitted
org.jfree.chart.renderer.LookupPaintScaleTest->org.jfree.chart.renderer.LookupPaintScale.equals
org.jfree.chart.renderer.LookupPaintScale->org.jfree.chart.util.ParamChecks.nullNotPermitted
org.jfree.chart.renderer.LookupPaintScale->org.jfree.chart.util.PaintUtils.equal
org.jfree.chart.renderer.LookupPaintScaleTest->org.jfree.chart.renderer.LookupPaintScale.add
org.jfree.chart.renderer.LookupPaintScale->org.jfree.chart.util.ParamChecks.requireInRange
org.jfree.chart.renderer.LookupPaintScale->org.jfree.chart.util.ParamChecks.nullNotPermitted
org.jfree.chart.renderer.LookupPaintScaleTest->org.jfree.chart.renderer.LookupPaintScale.equals
org.jfree.chart.renderer.LookupPaintScale->org.jfree.chart.util.PaintUtils.equal
org.jfree.chart.renderer.LookupPaintScaleTest->org.jfree.chart.renderer.LookupPaintScale.add
org.jfree.chart.renderer.LookupPaintScale->org.jfree.chart.util.ParamChecks.requireInRange
org.jfree.chart.renderer.LookupPaintScale->org.jfree.chart.util.ParamChecks.nullNotPermitted
org.jfree.chart.renderer.LookupPaintScale->org.jfree.chart.util.PaintUtils.equal
org.jfree.chart.renderer.LookupPaintScale.PaintItem->org.jfree.chart.util.PaintUtils.equal
