org.jfree.chart.util.AbstractObjectList->org.jfree.chart.util.AbstractObjectList.size
org.jfree.chart.util.AbstractObjectList->org.jfree.chart.util.AbstractObjectList.size
org.jfree.chart.util.AbstractObjectList->org.jfree.chart.util.AbstractObjectList.size
org.jfree.chart.util.ShapeList->org.jfree.chart.util.ShapeList.size
org.jfree.chart.util.AbstractObjectList->org.jfree.chart.util.AbstractObjectList.size
org.jfree.chart.util.StrokeList->org.jfree.chart.util.StrokeList.size
org.jfree.chart.util.AbstractObjectList->org.jfree.chart.util.AbstractObjectList.size
org.jfree.chart.util.AbstractObjectList->org.jfree.chart.util.AbstractObjectList.size
org.jfree.chart.util.AbstractObjectList->org.jfree.chart.util.AbstractObjectList.size
org.jfree.chart.util.ShapeList->org.jfree.chart.util.ShapeList.size
org.jfree.chart.util.AbstractObjectList->org.jfree.chart.util.AbstractObjectList.size
org.jfree.chart.util.StrokeList->org.jfree.chart.util.StrokeList.size
org.jfree.chart.renderer.AbstractRenderer->org.jfree.chart.util.SerialUtils.writePaint
org.jfree.chart.util.SerialUtils->org.jfree.chart.util.ParamChecks.nullNotPermitted
org.jfree.chart.renderer.AbstractRenderer->org.jfree.chart.util.SerialUtils.writePaintMap
org.jfree.chart.renderer.AbstractRenderer->org.jfree.chart.util.SerialUtils.writePaint
org.jfree.chart.util.SerialUtils->org.jfree.chart.util.ParamChecks.nullNotPermitted
org.jfree.chart.renderer.AbstractRenderer->org.jfree.chart.util.SerialUtils.writePaintMap
org.jfree.chart.renderer.AbstractRenderer->org.jfree.chart.util.SerialUtils.writePaint
org.jfree.chart.util.SerialUtils->org.jfree.chart.util.ParamChecks.nullNotPermitted
org.jfree.chart.renderer.AbstractRenderer->org.jfree.chart.util.SerialUtils.writePaintMap
org.jfree.chart.renderer.AbstractRenderer->org.jfree.chart.util.SerialUtils.writeStroke
org.jfree.chart.util.SerialUtils->org.jfree.chart.util.ParamChecks.nullNotPermitted
org.jfree.chart.renderer.AbstractRenderer->org.jfree.chart.util.SerialUtils.writeStroke
org.jfree.chart.util.SerialUtils->org.jfree.chart.util.ParamChecks.nullNotPermitted
org.jfree.chart.renderer.AbstractRenderer->org.jfree.chart.util.SerialUtils.writeShape
org.jfree.chart.util.SerialUtils->org.jfree.chart.util.ParamChecks.nullNotPermitted
org.jfree.chart.renderer.AbstractRenderer->org.jfree.chart.util.SerialUtils.writePaint
org.jfree.chart.util.SerialUtils->org.jfree.chart.util.ParamChecks.nullNotPermitted
org.jfree.chart.renderer.AbstractRenderer->org.jfree.chart.util.SerialUtils.writePaintMap
org.jfree.chart.renderer.AbstractRenderer->org.jfree.chart.util.SerialUtils.writeShape
org.jfree.chart.util.SerialUtils->org.jfree.chart.util.ParamChecks.nullNotPermitted
org.jfree.chart.renderer.AbstractRenderer->org.jfree.chart.util.SerialUtils.writePaint
org.jfree.chart.util.SerialUtils->org.jfree.chart.util.ParamChecks.nullNotPermitted
org.jfree.chart.renderer.AbstractRenderer->org.jfree.chart.util.SerialUtils.writePaintMap
org.jfree.chart.util.AbstractObjectList->org.jfree.chart.util.AbstractObjectList.size
org.jfree.chart.util.AbstractObjectList->org.jfree.chart.util.AbstractObjectList.size
org.jfree.chart.renderer.DefaultPolarItemRenderer->org.jfree.chart.util.SerialUtils.writeShape
org.jfree.chart.util.SerialUtils->org.jfree.chart.util.ParamChecks.nullNotPermitted
org.jfree.chart.renderer.DefaultPolarItemRenderer->org.jfree.chart.util.SerialUtils.writeComposite
org.jfree.chart.util.SerialUtils->org.jfree.chart.util.ParamChecks.nullNotPermitted
org.jfree.chart.renderer.AbstractRenderer->org.jfree.chart.util.SerialUtils.readPaint
org.jfree.chart.util.SerialUtils->org.jfree.chart.util.ParamChecks.nullNotPermitted
org.jfree.chart.util.SerialUtils->org.jfree.chart.util.SerialUtils.isSerializable
org.jfree.chart.renderer.AbstractRenderer->org.jfree.chart.util.SerialUtils.readPaintMap
org.jfree.chart.renderer.AbstractRenderer->org.jfree.chart.util.SerialUtils.readPaint
org.jfree.chart.util.SerialUtils->org.jfree.chart.util.ParamChecks.nullNotPermitted
org.jfree.chart.util.SerialUtils->org.jfree.chart.util.SerialUtils.isSerializable
org.jfree.chart.renderer.AbstractRenderer->org.jfree.chart.util.SerialUtils.readPaintMap
org.jfree.chart.renderer.AbstractRenderer->org.jfree.chart.util.SerialUtils.readPaint
org.jfree.chart.util.SerialUtils->org.jfree.chart.util.ParamChecks.nullNotPermitted
org.jfree.chart.util.SerialUtils->org.jfree.chart.util.SerialUtils.isSerializable
org.jfree.chart.renderer.AbstractRenderer->org.jfree.chart.util.SerialUtils.readPaintMap
org.jfree.chart.renderer.AbstractRenderer->org.jfree.chart.util.SerialUtils.readStroke
org.jfree.chart.util.SerialUtils->org.jfree.chart.util.ParamChecks.nullNotPermitted
org.jfree.chart.renderer.AbstractRenderer->org.jfree.chart.util.SerialUtils.readStroke
org.jfree.chart.util.SerialUtils->org.jfree.chart.util.ParamChecks.nullNotPermitted
org.jfree.chart.renderer.AbstractRenderer->org.jfree.chart.util.SerialUtils.readShape
org.jfree.chart.util.SerialUtils->org.jfree.chart.util.ParamChecks.nullNotPermitted
org.jfree.chart.renderer.AbstractRenderer->org.jfree.chart.util.SerialUtils.readPaint
org.jfree.chart.util.SerialUtils->org.jfree.chart.util.ParamChecks.nullNotPermitted
org.jfree.chart.util.SerialUtils->org.jfree.chart.util.SerialUtils.isSerializable
org.jfree.chart.renderer.AbstractRenderer->org.jfree.chart.util.SerialUtils.readPaintMap
org.jfree.chart.renderer.AbstractRenderer->org.jfree.chart.util.SerialUtils.readShape
org.jfree.chart.util.SerialUtils->org.jfree.chart.util.ParamChecks.nullNotPermitted
org.jfree.chart.renderer.AbstractRenderer->org.jfree.chart.util.SerialUtils.readPaint
org.jfree.chart.util.SerialUtils->org.jfree.chart.util.ParamChecks.nullNotPermitted
org.jfree.chart.renderer.AbstractRenderer->org.jfree.chart.util.SerialUtils.readPaintMap
org.jfree.chart.renderer.DefaultPolarItemRenderer->org.jfree.chart.util.SerialUtils.readShape
org.jfree.chart.util.SerialUtils->org.jfree.chart.util.ParamChecks.nullNotPermitted
org.jfree.chart.renderer.DefaultPolarItemRenderer->org.jfree.chart.util.SerialUtils.readComposite
org.jfree.chart.util.SerialUtils->org.jfree.chart.util.ParamChecks.nullNotPermitted
org.jfree.chart.util.SerialUtils->org.jfree.chart.util.SerialUtils.isSerializable
org.jfree.chart.renderer.DefaultPolarItemRenderer->org.jfree.chart.util.BooleanList.equals
org.jfree.chart.util.AbstractObjectList->org.jfree.chart.util.AbstractObjectList.size
org.jfree.chart.renderer.DefaultPolarItemRenderer->org.jfree.chart.util.ObjectUtils.equal
org.jfree.chart.renderer.DefaultPolarItemRenderer->org.jfree.chart.util.ShapeUtils.equal
org.jfree.chart.util.ShapeUtils->org.jfree.chart.util.ShapeUtils.equal
org.jfree.chart.renderer.DefaultPolarItemRenderer->org.jfree.chart.util.ObjectList.equals
org.jfree.chart.util.AbstractObjectList->org.jfree.chart.util.AbstractObjectList.size
org.jfree.chart.renderer.DefaultPolarItemRenderer->org.jfree.chart.util.ObjectUtils.equal
org.jfree.chart.renderer.DefaultPolarItemRenderer->org.jfree.chart.util.ObjectUtils.equal
org.jfree.chart.renderer.DefaultPolarItemRenderer->org.jfree.chart.util.ObjectUtils.equal
org.jfree.chart.renderer.DefaultPolarItemRenderer->org.jfree.chart.util.ObjectUtils.equal
org.jfree.chart.renderer.AbstractRenderer->org.jfree.chart.util.BooleanList.equals
org.jfree.chart.util.AbstractObjectList->org.jfree.chart.util.AbstractObjectList.size
org.jfree.chart.renderer.AbstractRenderer->org.jfree.chart.util.BooleanList.equals
org.jfree.chart.util.AbstractObjectList->org.jfree.chart.util.AbstractObjectList.size
org.jfree.chart.renderer.AbstractRenderer->org.jfree.chart.util.PaintUtils.equalMaps
org.jfree.chart.renderer.AbstractRenderer->org.jfree.chart.util.PaintUtils.equal
org.jfree.chart.renderer.AbstractRenderer->org.jfree.chart.util.PaintUtils.equalMaps
org.jfree.chart.renderer.AbstractRenderer->org.jfree.chart.util.PaintUtils.equal
org.jfree.chart.renderer.AbstractRenderer->org.jfree.chart.util.PaintUtils.equalMaps
org.jfree.chart.renderer.AbstractRenderer->org.jfree.chart.util.PaintUtils.equal
org.jfree.chart.renderer.AbstractRenderer->org.jfree.chart.util.ObjectUtils.equal
org.jfree.chart.util.AbstractObjectList->org.jfree.chart.util.AbstractObjectList.size
org.jfree.chart.renderer.AbstractRenderer->org.jfree.chart.util.ObjectUtils.equal
org.jfree.chart.renderer.AbstractRenderer->org.jfree.chart.util.ObjectUtils.equal
org.jfree.chart.util.AbstractObjectList->org.jfree.chart.util.AbstractObjectList.size
org.jfree.chart.renderer.AbstractRenderer->org.jfree.chart.util.ObjectUtils.equal
org.jfree.chart.renderer.AbstractRenderer->org.jfree.chart.util.ObjectUtils.equal
org.jfree.chart.util.ShapeList->org.jfree.chart.util.ShapeList.size
org.jfree.chart.renderer.AbstractRenderer->org.jfree.chart.util.ShapeUtils.equal
org.jfree.chart.util.ShapeUtils->org.jfree.chart.util.ObjectUtils.equal
org.jfree.chart.renderer.AbstractRenderer->org.jfree.chart.util.ObjectUtils.equal
org.jfree.chart.util.AbstractObjectList->org.jfree.chart.util.AbstractObjectList.size
org.jfree.chart.renderer.AbstractRenderer->org.jfree.chart.util.ObjectUtils.equal
org.jfree.chart.renderer.AbstractRenderer->org.jfree.chart.util.ObjectUtils.equal
org.jfree.chart.renderer.AbstractRenderer->org.jfree.chart.util.ObjectUtils.equal
org.jfree.chart.renderer.AbstractRenderer->org.jfree.chart.util.PaintUtils.equalMaps
org.jfree.chart.renderer.AbstractRenderer->org.jfree.chart.util.PaintUtils.equal
org.jfree.chart.renderer.AbstractRenderer->org.jfree.chart.util.ObjectUtils.equal
org.jfree.chart.renderer.AbstractRenderer->org.jfree.chart.util.ObjectUtils.equal
org.jfree.chart.labels.ItemLabelPosition->org.jfree.chart.labels.ItemLabelAnchor.equals
org.jfree.chart.labels.ItemLabelPosition->org.jfree.chart.ui.TextAnchor.equals
org.jfree.chart.labels.ItemLabelPosition->org.jfree.chart.ui.TextAnchor.equals
org.jfree.chart.renderer.AbstractRenderer->org.jfree.chart.util.ObjectUtils.equal
org.jfree.chart.renderer.AbstractRenderer->org.jfree.chart.util.ObjectUtils.equal
org.jfree.chart.labels.ItemLabelPosition->org.jfree.chart.labels.ItemLabelAnchor.equals
org.jfree.chart.labels.ItemLabelPosition->org.jfree.chart.ui.TextAnchor.equals
org.jfree.chart.labels.ItemLabelPosition->org.jfree.chart.ui.TextAnchor.equals
org.jfree.chart.renderer.AbstractRenderer->org.jfree.chart.util.ObjectUtils.equal
org.jfree.chart.util.AbstractObjectList->org.jfree.chart.util.AbstractObjectList.size
org.jfree.chart.renderer.AbstractRenderer->org.jfree.chart.util.ObjectUtils.equal
org.jfree.chart.util.ShapeList->org.jfree.chart.util.ShapeList.size
org.jfree.chart.renderer.AbstractRenderer->org.jfree.chart.util.ShapeUtils.equal
org.jfree.chart.util.ShapeUtils->org.jfree.chart.util.ObjectUtils.equal
org.jfree.chart.renderer.AbstractRenderer->org.jfree.chart.util.ObjectUtils.equal
org.jfree.chart.renderer.AbstractRenderer->org.jfree.chart.util.ObjectUtils.equal
org.jfree.chart.renderer.AbstractRenderer->org.jfree.chart.util.PaintUtils.equalMaps
org.jfree.chart.renderer.AbstractRenderer->org.jfree.chart.util.PaintUtils.equal
org.jfree.chart.renderer.DefaultPolarItemRendererTest->org.jfree.chart.renderer.DefaultPolarItemRenderer.clone
org.jfree.chart.renderer.AbstractRenderer->org.jfree.chart.util.BooleanList.clone
org.jfree.chart.renderer.AbstractRenderer->org.jfree.chart.util.BooleanList.clone
org.jfree.chart.renderer.AbstractRenderer->org.jfree.chart.util.StrokeList.clone
org.jfree.chart.renderer.AbstractRenderer->org.jfree.chart.util.StrokeList.clone
org.jfree.chart.renderer.AbstractRenderer->org.jfree.chart.util.ShapeList.clone
org.jfree.chart.renderer.AbstractRenderer->org.jfree.chart.util.ShapeUtils.clone
org.jfree.chart.util.ShapeUtils->org.jfree.chart.util.ObjectUtils.clone
org.jfree.chart.renderer.AbstractRenderer->org.jfree.chart.util.BooleanList.clone
org.jfree.chart.renderer.AbstractRenderer->org.jfree.chart.util.BooleanList.clone
org.jfree.chart.renderer.AbstractRenderer->org.jfree.chart.util.ShapeList.clone
org.jfree.chart.renderer.DefaultPolarItemRenderer->org.jfree.chart.util.ShapeUtils.clone
org.jfree.chart.util.ShapeUtils->org.jfree.chart.util.ObjectUtils.clone
org.jfree.chart.renderer.DefaultPolarItemRenderer->org.jfree.chart.util.BooleanList.clone
org.jfree.chart.renderer.DefaultPolarItemRenderer->org.jfree.chart.util.ObjectList.clone
org.jfree.chart.renderer.DefaultPolarItemRenderer->org.jfree.chart.util.BooleanList.equals
org.jfree.chart.util.AbstractObjectList->org.jfree.chart.util.AbstractObjectList.size
org.jfree.chart.renderer.DefaultPolarItemRenderer->org.jfree.chart.util.ObjectUtils.equal
org.jfree.chart.renderer.DefaultPolarItemRenderer->org.jfree.chart.util.ShapeUtils.equal
org.jfree.chart.util.ShapeUtils->org.jfree.chart.util.ShapeUtils.equal
org.jfree.chart.renderer.DefaultPolarItemRenderer->org.jfree.chart.util.ObjectList.equals
org.jfree.chart.util.AbstractObjectList->org.jfree.chart.util.AbstractObjectList.size
org.jfree.chart.renderer.DefaultPolarItemRenderer->org.jfree.chart.util.ObjectUtils.equal
org.jfree.chart.renderer.DefaultPolarItemRenderer->org.jfree.chart.util.ObjectUtils.equal
org.jfree.chart.renderer.DefaultPolarItemRenderer->org.jfree.chart.util.ObjectUtils.equal
org.jfree.chart.renderer.DefaultPolarItemRenderer->org.jfree.chart.util.ObjectUtils.equal
org.jfree.chart.renderer.AbstractRenderer->org.jfree.chart.util.BooleanList.equals
org.jfree.chart.util.AbstractObjectList->org.jfree.chart.util.AbstractObjectList.size
org.jfree.chart.renderer.AbstractRenderer->org.jfree.chart.util.BooleanList.equals
org.jfree.chart.util.AbstractObjectList->org.jfree.chart.util.AbstractObjectList.size
org.jfree.chart.renderer.AbstractRenderer->org.jfree.chart.util.PaintUtils.equalMaps
org.jfree.chart.renderer.AbstractRenderer->org.jfree.chart.util.PaintUtils.equal
org.jfree.chart.renderer.AbstractRenderer->org.jfree.chart.util.PaintUtils.equalMaps
org.jfree.chart.renderer.AbstractRenderer->org.jfree.chart.util.PaintUtils.equal
org.jfree.chart.renderer.AbstractRenderer->org.jfree.chart.util.PaintUtils.equalMaps
org.jfree.chart.renderer.AbstractRenderer->org.jfree.chart.util.PaintUtils.equal
org.jfree.chart.renderer.AbstractRenderer->org.jfree.chart.util.ObjectUtils.equal
org.jfree.chart.util.AbstractObjectList->org.jfree.chart.util.AbstractObjectList.size
org.jfree.chart.renderer.AbstractRenderer->org.jfree.chart.util.ObjectUtils.equal
org.jfree.chart.renderer.AbstractRenderer->org.jfree.chart.util.ObjectUtils.equal
org.jfree.chart.util.AbstractObjectList->org.jfree.chart.util.AbstractObjectList.size
org.jfree.chart.renderer.AbstractRenderer->org.jfree.chart.util.ObjectUtils.equal
org.jfree.chart.renderer.AbstractRenderer->org.jfree.chart.util.ObjectUtils.equal
org.jfree.chart.util.ShapeList->org.jfree.chart.util.ShapeList.size
org.jfree.chart.renderer.AbstractRenderer->org.jfree.chart.util.ShapeUtils.equal
org.jfree.chart.util.ShapeUtils->org.jfree.chart.util.ObjectUtils.equal
org.jfree.chart.renderer.AbstractRenderer->org.jfree.chart.util.ObjectUtils.equal
org.jfree.chart.util.AbstractObjectList->org.jfree.chart.util.AbstractObjectList.size
org.jfree.chart.renderer.AbstractRenderer->org.jfree.chart.util.ObjectUtils.equal
org.jfree.chart.renderer.AbstractRenderer->org.jfree.chart.util.ObjectUtils.equal
org.jfree.chart.renderer.AbstractRenderer->org.jfree.chart.util.ObjectUtils.equal
org.jfree.chart.renderer.AbstractRenderer->org.jfree.chart.util.PaintUtils.equalMaps
org.jfree.chart.renderer.AbstractRenderer->org.jfree.chart.util.PaintUtils.equal
org.jfree.chart.renderer.AbstractRenderer->org.jfree.chart.util.ObjectUtils.equal
org.jfree.chart.renderer.AbstractRenderer->org.jfree.chart.util.ObjectUtils.equal
org.jfree.chart.renderer.AbstractRenderer->org.jfree.chart.util.ObjectUtils.equal
org.jfree.chart.renderer.AbstractRenderer->org.jfree.chart.util.ObjectUtils.equal
org.jfree.chart.renderer.AbstractRenderer->org.jfree.chart.util.ObjectUtils.equal
org.jfree.chart.util.AbstractObjectList->org.jfree.chart.util.AbstractObjectList.size
org.jfree.chart.renderer.AbstractRenderer->org.jfree.chart.util.ObjectUtils.equal
org.jfree.chart.util.ShapeList->org.jfree.chart.util.ShapeList.size
org.jfree.chart.renderer.AbstractRenderer->org.jfree.chart.util.ShapeUtils.equal
org.jfree.chart.util.ShapeUtils->org.jfree.chart.util.ObjectUtils.equal
org.jfree.chart.renderer.AbstractRenderer->org.jfree.chart.util.ObjectUtils.equal
org.jfree.chart.renderer.AbstractRenderer->org.jfree.chart.util.ObjectUtils.equal
org.jfree.chart.renderer.AbstractRenderer->org.jfree.chart.util.PaintUtils.equalMaps
org.jfree.chart.renderer.AbstractRenderer->org.jfree.chart.util.PaintUtils.equal
org.jfree.chart.renderer.DefaultPolarItemRendererTest->org.jfree.chart.renderer.DefaultPolarItemRenderer.setSeriesFilled
org.jfree.chart.renderer.DefaultPolarItemRenderer->org.jfree.chart.util.BooleanList.setBoolean
org.jfree.chart.util.BooleanList->org.jfree.chart.util.BooleanList.set
org.jfree.chart.renderer.DefaultPolarItemRendererTest->org.jfree.chart.renderer.DefaultPolarItemRenderer.equals
org.jfree.chart.renderer.DefaultPolarItemRenderer->org.jfree.chart.util.BooleanList.equals
org.jfree.chart.util.AbstractObjectList->org.jfree.chart.util.AbstractObjectList.size
org.jfree.chart.util.AbstractObjectList->org.jfree.chart.util.AbstractObjectList.get
org.jfree.chart.util.AbstractObjectList->org.jfree.chart.util.AbstractObjectList.get
org.jfree.chart.util.AbstractObjectList->org.jfree.chart.util.ObjectUtils.equal
org.jfree.chart.util.AbstractObjectList->org.jfree.chart.util.AbstractObjectList.get
org.jfree.chart.util.AbstractObjectList->org.jfree.chart.util.AbstractObjectList.get
org.jfree.chart.util.AbstractObjectList->org.jfree.chart.util.ObjectUtils.equal
org.jfree.chart.renderer.DefaultPolarItemRendererTest->org.jfree.chart.renderer.DefaultPolarItemRenderer.setSeriesFilled
org.jfree.chart.renderer.DefaultPolarItemRenderer->org.jfree.chart.util.BooleanList.setBoolean
org.jfree.chart.util.BooleanList->org.jfree.chart.util.BooleanList.set
org.jfree.chart.renderer.DefaultPolarItemRenderer->org.jfree.chart.util.BooleanList.equals
org.jfree.chart.util.AbstractObjectList->org.jfree.chart.util.AbstractObjectList.size
org.jfree.chart.util.AbstractObjectList->org.jfree.chart.util.AbstractObjectList.get
org.jfree.chart.util.AbstractObjectList->org.jfree.chart.util.AbstractObjectList.get
org.jfree.chart.util.AbstractObjectList->org.jfree.chart.util.ObjectUtils.equal
org.jfree.chart.util.AbstractObjectList->org.jfree.chart.util.AbstractObjectList.get
org.jfree.chart.util.AbstractObjectList->org.jfree.chart.util.AbstractObjectList.get
org.jfree.chart.util.AbstractObjectList->org.jfree.chart.util.ObjectUtils.equal
org.jfree.chart.renderer.DefaultPolarItemRenderer->org.jfree.chart.util.ObjectUtils.equal
org.jfree.chart.renderer.DefaultPolarItemRenderer->org.jfree.chart.util.ShapeUtils.equal
org.jfree.chart.util.ShapeUtils->org.jfree.chart.util.ShapeUtils.equal
org.jfree.chart.renderer.DefaultPolarItemRenderer->org.jfree.chart.util.ObjectList.equals
org.jfree.chart.util.AbstractObjectList->org.jfree.chart.util.AbstractObjectList.size
org.jfree.chart.renderer.DefaultPolarItemRenderer->org.jfree.chart.util.ObjectUtils.equal
org.jfree.chart.renderer.DefaultPolarItemRenderer->org.jfree.chart.util.ObjectUtils.equal
org.jfree.chart.renderer.DefaultPolarItemRenderer->org.jfree.chart.util.ObjectUtils.equal
org.jfree.chart.renderer.DefaultPolarItemRenderer->org.jfree.chart.util.ObjectUtils.equal
org.jfree.chart.renderer.AbstractRenderer->org.jfree.chart.util.BooleanList.equals
org.jfree.chart.util.AbstractObjectList->org.jfree.chart.util.AbstractObjectList.size
org.jfree.chart.renderer.AbstractRenderer->org.jfree.chart.util.BooleanList.equals
org.jfree.chart.util.AbstractObjectList->org.jfree.chart.util.AbstractObjectList.size
org.jfree.chart.renderer.AbstractRenderer->org.jfree.chart.util.PaintUtils.equalMaps
org.jfree.chart.renderer.AbstractRenderer->org.jfree.chart.util.PaintUtils.equal
org.jfree.chart.renderer.AbstractRenderer->org.jfree.chart.util.PaintUtils.equalMaps
org.jfree.chart.renderer.AbstractRenderer->org.jfree.chart.util.PaintUtils.equal
org.jfree.chart.renderer.AbstractRenderer->org.jfree.chart.util.PaintUtils.equalMaps
org.jfree.chart.renderer.AbstractRenderer->org.jfree.chart.util.PaintUtils.equal
org.jfree.chart.renderer.AbstractRenderer->org.jfree.chart.util.ObjectUtils.equal
org.jfree.chart.util.AbstractObjectList->org.jfree.chart.util.AbstractObjectList.size
org.jfree.chart.renderer.AbstractRenderer->org.jfree.chart.util.ObjectUtils.equal
org.jfree.chart.renderer.AbstractRenderer->org.jfree.chart.util.ObjectUtils.equal
org.jfree.chart.util.AbstractObjectList->org.jfree.chart.util.AbstractObjectList.size
org.jfree.chart.renderer.AbstractRenderer->org.jfree.chart.util.ObjectUtils.equal
org.jfree.chart.renderer.AbstractRenderer->org.jfree.chart.util.ObjectUtils.equal
org.jfree.chart.util.ShapeList->org.jfree.chart.util.ShapeList.size
org.jfree.chart.renderer.AbstractRenderer->org.jfree.chart.util.ShapeUtils.equal
org.jfree.chart.util.ShapeUtils->org.jfree.chart.util.ObjectUtils.equal
org.jfree.chart.renderer.AbstractRenderer->org.jfree.chart.util.ObjectUtils.equal
org.jfree.chart.util.AbstractObjectList->org.jfree.chart.util.AbstractObjectList.size
org.jfree.chart.renderer.AbstractRenderer->org.jfree.chart.util.ObjectUtils.equal
org.jfree.chart.renderer.AbstractRenderer->org.jfree.chart.util.ObjectUtils.equal
org.jfree.chart.renderer.AbstractRenderer->org.jfree.chart.util.ObjectUtils.equal
org.jfree.chart.renderer.AbstractRenderer->org.jfree.chart.util.PaintUtils.equalMaps
org.jfree.chart.renderer.AbstractRenderer->org.jfree.chart.util.PaintUtils.equal
org.jfree.chart.renderer.AbstractRenderer->org.jfree.chart.util.ObjectUtils.equal
org.jfree.chart.renderer.AbstractRenderer->org.jfree.chart.util.ObjectUtils.equal
org.jfree.chart.renderer.AbstractRenderer->org.jfree.chart.util.ObjectUtils.equal
org.jfree.chart.renderer.AbstractRenderer->org.jfree.chart.util.ObjectUtils.equal
org.jfree.chart.renderer.AbstractRenderer->org.jfree.chart.util.ObjectUtils.equal
org.jfree.chart.util.AbstractObjectList->org.jfree.chart.util.AbstractObjectList.size
org.jfree.chart.renderer.AbstractRenderer->org.jfree.chart.util.ObjectUtils.equal
org.jfree.chart.util.ShapeList->org.jfree.chart.util.ShapeList.size
org.jfree.chart.renderer.AbstractRenderer->org.jfree.chart.util.ShapeUtils.equal
org.jfree.chart.util.ShapeUtils->org.jfree.chart.util.ObjectUtils.equal
org.jfree.chart.renderer.AbstractRenderer->org.jfree.chart.util.ObjectUtils.equal
org.jfree.chart.renderer.AbstractRenderer->org.jfree.chart.util.ObjectUtils.equal
org.jfree.chart.renderer.AbstractRenderer->org.jfree.chart.util.PaintUtils.equalMaps
org.jfree.chart.renderer.AbstractRenderer->org.jfree.chart.util.PaintUtils.equal
org.jfree.chart.renderer.DefaultPolarItemRenderer->org.jfree.chart.util.BooleanList.equals
org.jfree.chart.util.AbstractObjectList->org.jfree.chart.util.AbstractObjectList.size
org.jfree.chart.renderer.DefaultPolarItemRenderer->org.jfree.chart.util.ObjectUtils.equal
org.jfree.chart.renderer.DefaultPolarItemRenderer->org.jfree.chart.util.ShapeUtils.equal
org.jfree.chart.util.ShapeUtils->org.jfree.chart.util.ShapeUtils.equal
org.jfree.chart.renderer.DefaultPolarItemRenderer->org.jfree.chart.util.ObjectList.equals
org.jfree.chart.util.AbstractObjectList->org.jfree.chart.util.AbstractObjectList.size
org.jfree.chart.renderer.DefaultPolarItemRenderer->org.jfree.chart.util.ObjectUtils.equal
org.jfree.chart.renderer.DefaultPolarItemRenderer->org.jfree.chart.util.ObjectUtils.equal
org.jfree.chart.renderer.DefaultPolarItemRenderer->org.jfree.chart.util.ObjectUtils.equal
org.jfree.chart.renderer.DefaultPolarItemRenderer->org.jfree.chart.util.ObjectUtils.equal
org.jfree.chart.renderer.AbstractRenderer->org.jfree.chart.util.BooleanList.equals
org.jfree.chart.util.AbstractObjectList->org.jfree.chart.util.AbstractObjectList.size
org.jfree.chart.renderer.AbstractRenderer->org.jfree.chart.util.BooleanList.equals
org.jfree.chart.util.AbstractObjectList->org.jfree.chart.util.AbstractObjectList.size
org.jfree.chart.renderer.AbstractRenderer->org.jfree.chart.util.PaintUtils.equalMaps
org.jfree.chart.renderer.AbstractRenderer->org.jfree.chart.util.PaintUtils.equal
org.jfree.chart.renderer.AbstractRenderer->org.jfree.chart.util.PaintUtils.equalMaps
org.jfree.chart.renderer.AbstractRenderer->org.jfree.chart.util.PaintUtils.equal
org.jfree.chart.renderer.AbstractRenderer->org.jfree.chart.util.PaintUtils.equalMaps
org.jfree.chart.renderer.AbstractRenderer->org.jfree.chart.util.PaintUtils.equal
org.jfree.chart.renderer.AbstractRenderer->org.jfree.chart.util.ObjectUtils.equal
org.jfree.chart.util.AbstractObjectList->org.jfree.chart.util.AbstractObjectList.size
org.jfree.chart.renderer.AbstractRenderer->org.jfree.chart.util.ObjectUtils.equal
org.jfree.chart.renderer.AbstractRenderer->org.jfree.chart.util.ObjectUtils.equal
org.jfree.chart.util.AbstractObjectList->org.jfree.chart.util.AbstractObjectList.size
org.jfree.chart.renderer.AbstractRenderer->org.jfree.chart.util.ObjectUtils.equal
org.jfree.chart.renderer.AbstractRenderer->org.jfree.chart.util.ObjectUtils.equal
org.jfree.chart.util.ShapeList->org.jfree.chart.util.ShapeList.size
org.jfree.chart.renderer.AbstractRenderer->org.jfree.chart.util.ShapeUtils.equal
org.jfree.chart.util.ShapeUtils->org.jfree.chart.util.ObjectUtils.equal
org.jfree.chart.renderer.AbstractRenderer->org.jfree.chart.util.ObjectUtils.equal
org.jfree.chart.util.AbstractObjectList->org.jfree.chart.util.AbstractObjectList.size
org.jfree.chart.renderer.AbstractRenderer->org.jfree.chart.util.ObjectUtils.equal
org.jfree.chart.renderer.AbstractRenderer->org.jfree.chart.util.ObjectUtils.equal
org.jfree.chart.renderer.AbstractRenderer->org.jfree.chart.util.ObjectUtils.equal
org.jfree.chart.renderer.AbstractRenderer->org.jfree.chart.util.PaintUtils.equalMaps
org.jfree.chart.renderer.AbstractRenderer->org.jfree.chart.util.PaintUtils.equal
org.jfree.chart.renderer.AbstractRenderer->org.jfree.chart.util.ObjectUtils.equal
org.jfree.chart.renderer.AbstractRenderer->org.jfree.chart.util.ObjectUtils.equal
org.jfree.chart.labels.ItemLabelPosition->org.jfree.chart.labels.ItemLabelAnchor.equals
org.jfree.chart.labels.ItemLabelPosition->org.jfree.chart.ui.TextAnchor.equals
org.jfree.chart.labels.ItemLabelPosition->org.jfree.chart.ui.TextAnchor.equals
org.jfree.chart.renderer.AbstractRenderer->org.jfree.chart.util.ObjectUtils.equal
org.jfree.chart.renderer.AbstractRenderer->org.jfree.chart.util.ObjectUtils.equal
org.jfree.chart.labels.ItemLabelPosition->org.jfree.chart.labels.ItemLabelAnchor.equals
org.jfree.chart.labels.ItemLabelPosition->org.jfree.chart.ui.TextAnchor.equals
org.jfree.chart.labels.ItemLabelPosition->org.jfree.chart.ui.TextAnchor.equals
org.jfree.chart.renderer.AbstractRenderer->org.jfree.chart.util.ObjectUtils.equal
org.jfree.chart.util.AbstractObjectList->org.jfree.chart.util.AbstractObjectList.size
org.jfree.chart.renderer.AbstractRenderer->org.jfree.chart.util.ObjectUtils.equal
org.jfree.chart.util.ShapeList->org.jfree.chart.util.ShapeList.size
org.jfree.chart.renderer.AbstractRenderer->org.jfree.chart.util.ShapeUtils.equal
org.jfree.chart.util.ShapeUtils->org.jfree.chart.util.ObjectUtils.equal
org.jfree.chart.renderer.AbstractRenderer->org.jfree.chart.util.ObjectUtils.equal
org.jfree.chart.renderer.AbstractRenderer->org.jfree.chart.util.ObjectUtils.equal
org.jfree.chart.renderer.AbstractRenderer->org.jfree.chart.util.PaintUtils.equalMaps
org.jfree.chart.renderer.AbstractRenderer->org.jfree.chart.util.PaintUtils.equal
org.jfree.chart.renderer.DefaultPolarItemRendererTest->org.jfree.chart.renderer.DefaultPolarItemRenderer.hashCode
org.jfree.chart.renderer.AbstractRenderer->org.jfree.chart.util.HashUtils.hashCode
org.jfree.chart.util.HashUtils->org.jfree.chart.util.BooleanList.size
org.jfree.chart.util.HashUtils->org.jfree.chart.util.HashUtils.hashCode
org.jfree.chart.renderer.AbstractRenderer->org.jfree.chart.util.HashUtils.hashCode
org.jfree.chart.renderer.AbstractRenderer->org.jfree.chart.util.HashUtils.hashCode
org.jfree.chart.util.HashUtils->org.jfree.chart.util.BooleanList.size
org.jfree.chart.util.HashUtils->org.jfree.chart.util.HashUtils.hashCode
org.jfree.chart.renderer.AbstractRenderer->org.jfree.chart.util.HashUtils.hashCode
org.jfree.chart.renderer.AbstractRenderer->org.jfree.chart.util.HashUtils.hashCode
org.jfree.chart.renderer.AbstractRenderer->org.jfree.chart.util.HashUtils.hashCode
org.jfree.chart.util.HashUtils->org.jfree.chart.util.HashUtils.hashCodeForPaint
org.jfree.chart.renderer.AbstractRenderer->org.jfree.chart.util.HashUtils.hashCode
org.jfree.chart.renderer.AbstractRenderer->org.jfree.chart.util.HashUtils.hashCode
org.jfree.chart.util.HashUtils->org.jfree.chart.util.HashUtils.hashCodeForPaint
org.jfree.chart.renderer.AbstractRenderer->org.jfree.chart.util.HashUtils.hashCode
org.jfree.chart.renderer.AbstractRenderer->org.jfree.chart.util.HashUtils.hashCode
org.jfree.chart.util.HashUtils->org.jfree.chart.util.HashUtils.hashCodeForPaint
org.jfree.chart.renderer.AbstractRenderer->org.jfree.chart.util.HashUtils.hashCode
org.jfree.chart.util.HashUtils->org.jfree.chart.util.StrokeList.size
org.jfree.chart.util.HashUtils->org.jfree.chart.util.HashUtils.hashCode
org.jfree.chart.renderer.AbstractRenderer->org.jfree.chart.util.HashUtils.hashCode
org.jfree.chart.renderer.AbstractRenderer->org.jfree.chart.util.HashUtils.hashCode
org.jfree.chart.util.HashUtils->org.jfree.chart.util.StrokeList.size
org.jfree.chart.util.HashUtils->org.jfree.chart.util.HashUtils.hashCode
org.jfree.chart.renderer.AbstractRenderer->org.jfree.chart.util.HashUtils.hashCode
org.jfree.chart.renderer.AbstractRenderer->org.jfree.chart.util.HashUtils.hashCode
org.jfree.chart.util.HashUtils->org.jfree.chart.util.BooleanList.size
org.jfree.chart.util.HashUtils->org.jfree.chart.util.HashUtils.hashCode
org.jfree.chart.renderer.AbstractRenderer->org.jfree.chart.util.HashUtils.hashCode
org.jfree.chart.renderer.DefaultPolarItemRendererTest->org.jfree.chart.renderer.DefaultPolarItemRenderer.hashCode
org.jfree.chart.renderer.AbstractRenderer->org.jfree.chart.util.HashUtils.hashCode
org.jfree.chart.util.HashUtils->org.jfree.chart.util.BooleanList.size
org.jfree.chart.util.HashUtils->org.jfree.chart.util.HashUtils.hashCode
org.jfree.chart.renderer.AbstractRenderer->org.jfree.chart.util.HashUtils.hashCode
org.jfree.chart.renderer.AbstractRenderer->org.jfree.chart.util.HashUtils.hashCode
org.jfree.chart.util.HashUtils->org.jfree.chart.util.BooleanList.size
org.jfree.chart.util.HashUtils->org.jfree.chart.util.HashUtils.hashCode
org.jfree.chart.renderer.AbstractRenderer->org.jfree.chart.util.HashUtils.hashCode
org.jfree.chart.renderer.AbstractRenderer->org.jfree.chart.util.HashUtils.hashCode
org.jfree.chart.renderer.AbstractRenderer->org.jfree.chart.util.HashUtils.hashCode
org.jfree.chart.util.HashUtils->org.jfree.chart.util.HashUtils.hashCodeForPaint
org.jfree.chart.renderer.AbstractRenderer->org.jfree.chart.util.HashUtils.hashCode
org.jfree.chart.renderer.AbstractRenderer->org.jfree.chart.util.HashUtils.hashCode
org.jfree.chart.util.HashUtils->org.jfree.chart.util.HashUtils.hashCodeForPaint
org.jfree.chart.renderer.AbstractRenderer->org.jfree.chart.util.HashUtils.hashCode
org.jfree.chart.renderer.AbstractRenderer->org.jfree.chart.util.HashUtils.hashCode
org.jfree.chart.util.HashUtils->org.jfree.chart.util.HashUtils.hashCodeForPaint
org.jfree.chart.renderer.AbstractRenderer->org.jfree.chart.util.HashUtils.hashCode
org.jfree.chart.util.HashUtils->org.jfree.chart.util.StrokeList.size
org.jfree.chart.util.HashUtils->org.jfree.chart.util.HashUtils.hashCode
org.jfree.chart.renderer.AbstractRenderer->org.jfree.chart.util.HashUtils.hashCode
org.jfree.chart.renderer.AbstractRenderer->org.jfree.chart.util.HashUtils.hashCode
org.jfree.chart.util.HashUtils->org.jfree.chart.util.StrokeList.size
org.jfree.chart.util.HashUtils->org.jfree.chart.util.HashUtils.hashCode
org.jfree.chart.renderer.AbstractRenderer->org.jfree.chart.util.HashUtils.hashCode
org.jfree.chart.renderer.AbstractRenderer->org.jfree.chart.util.HashUtils.hashCode
org.jfree.chart.util.HashUtils->org.jfree.chart.util.BooleanList.size
org.jfree.chart.util.HashUtils->org.jfree.chart.util.HashUtils.hashCode
org.jfree.chart.renderer.AbstractRenderer->org.jfree.chart.util.HashUtils.hashCode
org.jfree.chart.renderer.DefaultPolarItemRenderer->org.jfree.chart.util.BooleanList.equals
org.jfree.chart.util.AbstractObjectList->org.jfree.chart.util.AbstractObjectList.size
org.jfree.chart.renderer.DefaultPolarItemRenderer->org.jfree.chart.util.ObjectUtils.equal
org.jfree.chart.renderer.DefaultPolarItemRenderer->org.jfree.chart.util.ShapeUtils.equal
org.jfree.chart.util.ShapeUtils->org.jfree.chart.util.ShapeUtils.equal
org.jfree.chart.renderer.DefaultPolarItemRenderer->org.jfree.chart.util.ObjectList.equals
org.jfree.chart.util.AbstractObjectList->org.jfree.chart.util.AbstractObjectList.size
org.jfree.chart.renderer.DefaultPolarItemRenderer->org.jfree.chart.util.ObjectUtils.equal
org.jfree.chart.renderer.DefaultPolarItemRenderer->org.jfree.chart.util.ObjectUtils.equal
org.jfree.chart.renderer.DefaultPolarItemRenderer->org.jfree.chart.util.ObjectUtils.equal
org.jfree.chart.renderer.DefaultPolarItemRenderer->org.jfree.chart.util.ObjectUtils.equal
org.jfree.chart.renderer.AbstractRenderer->org.jfree.chart.util.BooleanList.equals
org.jfree.chart.util.AbstractObjectList->org.jfree.chart.util.AbstractObjectList.size
org.jfree.chart.renderer.AbstractRenderer->org.jfree.chart.util.BooleanList.equals
org.jfree.chart.util.AbstractObjectList->org.jfree.chart.util.AbstractObjectList.size
org.jfree.chart.renderer.AbstractRenderer->org.jfree.chart.util.PaintUtils.equalMaps
org.jfree.chart.renderer.AbstractRenderer->org.jfree.chart.util.PaintUtils.equal
org.jfree.chart.renderer.AbstractRenderer->org.jfree.chart.util.PaintUtils.equalMaps
org.jfree.chart.renderer.AbstractRenderer->org.jfree.chart.util.PaintUtils.equal
org.jfree.chart.renderer.AbstractRenderer->org.jfree.chart.util.PaintUtils.equalMaps
org.jfree.chart.renderer.AbstractRenderer->org.jfree.chart.util.PaintUtils.equal
org.jfree.chart.renderer.AbstractRenderer->org.jfree.chart.util.ObjectUtils.equal
org.jfree.chart.util.AbstractObjectList->org.jfree.chart.util.AbstractObjectList.size
org.jfree.chart.renderer.AbstractRenderer->org.jfree.chart.util.ObjectUtils.equal
org.jfree.chart.renderer.AbstractRenderer->org.jfree.chart.util.ObjectUtils.equal
org.jfree.chart.util.AbstractObjectList->org.jfree.chart.util.AbstractObjectList.size
org.jfree.chart.renderer.AbstractRenderer->org.jfree.chart.util.ObjectUtils.equal
org.jfree.chart.renderer.AbstractRenderer->org.jfree.chart.util.ObjectUtils.equal
org.jfree.chart.util.ShapeList->org.jfree.chart.util.ShapeList.size
org.jfree.chart.renderer.AbstractRenderer->org.jfree.chart.util.ShapeUtils.equal
org.jfree.chart.util.ShapeUtils->org.jfree.chart.util.ObjectUtils.equal
org.jfree.chart.renderer.AbstractRenderer->org.jfree.chart.util.ObjectUtils.equal
org.jfree.chart.util.AbstractObjectList->org.jfree.chart.util.AbstractObjectList.size
org.jfree.chart.renderer.AbstractRenderer->org.jfree.chart.util.ObjectUtils.equal
org.jfree.chart.renderer.AbstractRenderer->org.jfree.chart.util.ObjectUtils.equal
org.jfree.chart.renderer.AbstractRenderer->org.jfree.chart.util.ObjectUtils.equal
org.jfree.chart.renderer.AbstractRenderer->org.jfree.chart.util.PaintUtils.equalMaps
org.jfree.chart.renderer.AbstractRenderer->org.jfree.chart.util.PaintUtils.equal
org.jfree.chart.renderer.AbstractRenderer->org.jfree.chart.util.ObjectUtils.equal
org.jfree.chart.renderer.AbstractRenderer->org.jfree.chart.util.ObjectUtils.equal
org.jfree.chart.labels.ItemLabelPosition->org.jfree.chart.labels.ItemLabelAnchor.equals
org.jfree.chart.labels.ItemLabelPosition->org.jfree.chart.ui.TextAnchor.equals
org.jfree.chart.labels.ItemLabelPosition->org.jfree.chart.ui.TextAnchor.equals
org.jfree.chart.renderer.AbstractRenderer->org.jfree.chart.util.ObjectUtils.equal
org.jfree.chart.renderer.AbstractRenderer->org.jfree.chart.util.ObjectUtils.equal
org.jfree.chart.labels.ItemLabelPosition->org.jfree.chart.labels.ItemLabelAnchor.equals
org.jfree.chart.labels.ItemLabelPosition->org.jfree.chart.ui.TextAnchor.equals
org.jfree.chart.labels.ItemLabelPosition->org.jfree.chart.ui.TextAnchor.equals
org.jfree.chart.renderer.AbstractRenderer->org.jfree.chart.util.ObjectUtils.equal
org.jfree.chart.util.AbstractObjectList->org.jfree.chart.util.AbstractObjectList.size
org.jfree.chart.renderer.AbstractRenderer->org.jfree.chart.util.ObjectUtils.equal
org.jfree.chart.util.ShapeList->org.jfree.chart.util.ShapeList.size
org.jfree.chart.renderer.AbstractRenderer->org.jfree.chart.util.ShapeUtils.equal
org.jfree.chart.util.ShapeUtils->org.jfree.chart.util.ObjectUtils.equal
org.jfree.chart.renderer.AbstractRenderer->org.jfree.chart.util.ObjectUtils.equal
org.jfree.chart.renderer.AbstractRenderer->org.jfree.chart.util.ObjectUtils.equal
org.jfree.chart.renderer.AbstractRenderer->org.jfree.chart.util.PaintUtils.equalMaps
org.jfree.chart.renderer.AbstractRenderer->org.jfree.chart.util.PaintUtils.equal
org.jfree.chart.renderer.DefaultPolarItemRendererTest->org.jfree.chart.renderer.DefaultPolarItemRenderer.setSeriesFilled
org.jfree.chart.renderer.DefaultPolarItemRenderer->org.jfree.chart.util.BooleanList.setBoolean
org.jfree.chart.util.BooleanList->org.jfree.chart.util.BooleanList.set
org.jfree.chart.renderer.DefaultPolarItemRendererTest->org.jfree.chart.renderer.DefaultPolarItemRenderer.equals
org.jfree.chart.renderer.DefaultPolarItemRenderer->org.jfree.chart.util.BooleanList.equals
org.jfree.chart.util.AbstractObjectList->org.jfree.chart.util.AbstractObjectList.size
org.jfree.chart.util.AbstractObjectList->org.jfree.chart.util.AbstractObjectList.get
org.jfree.chart.util.AbstractObjectList->org.jfree.chart.util.AbstractObjectList.get
org.jfree.chart.util.AbstractObjectList->org.jfree.chart.util.ObjectUtils.equal
org.jfree.chart.util.AbstractObjectList->org.jfree.chart.util.AbstractObjectList.get
org.jfree.chart.util.AbstractObjectList->org.jfree.chart.util.AbstractObjectList.get
org.jfree.chart.util.AbstractObjectList->org.jfree.chart.util.ObjectUtils.equal
org.jfree.chart.renderer.DefaultPolarItemRendererTest->org.jfree.chart.renderer.DefaultPolarItemRenderer.setSeriesFilled
org.jfree.chart.renderer.DefaultPolarItemRenderer->org.jfree.chart.util.BooleanList.setBoolean
org.jfree.chart.util.BooleanList->org.jfree.chart.util.BooleanList.set
org.jfree.chart.renderer.DefaultPolarItemRenderer->org.jfree.chart.util.BooleanList.equals
org.jfree.chart.util.AbstractObjectList->org.jfree.chart.util.AbstractObjectList.size
org.jfree.chart.util.AbstractObjectList->org.jfree.chart.util.AbstractObjectList.get
org.jfree.chart.util.AbstractObjectList->org.jfree.chart.util.AbstractObjectList.get
org.jfree.chart.util.AbstractObjectList->org.jfree.chart.util.ObjectUtils.equal
org.jfree.chart.util.AbstractObjectList->org.jfree.chart.util.AbstractObjectList.get
org.jfree.chart.util.AbstractObjectList->org.jfree.chart.util.AbstractObjectList.get
org.jfree.chart.util.AbstractObjectList->org.jfree.chart.util.ObjectUtils.equal
org.jfree.chart.renderer.DefaultPolarItemRenderer->org.jfree.chart.util.ObjectUtils.equal
org.jfree.chart.renderer.DefaultPolarItemRenderer->org.jfree.chart.util.ShapeUtils.equal
org.jfree.chart.util.ShapeUtils->org.jfree.chart.util.ShapeUtils.equal
org.jfree.chart.renderer.DefaultPolarItemRenderer->org.jfree.chart.util.ObjectList.equals
org.jfree.chart.util.AbstractObjectList->org.jfree.chart.util.AbstractObjectList.size
org.jfree.chart.renderer.DefaultPolarItemRenderer->org.jfree.chart.util.ObjectUtils.equal
org.jfree.chart.renderer.DefaultPolarItemRenderer->org.jfree.chart.util.ObjectUtils.equal
org.jfree.chart.renderer.DefaultPolarItemRenderer->org.jfree.chart.util.ObjectUtils.equal
org.jfree.chart.renderer.DefaultPolarItemRenderer->org.jfree.chart.util.ObjectUtils.equal
org.jfree.chart.renderer.AbstractRenderer->org.jfree.chart.util.BooleanList.equals
org.jfree.chart.util.AbstractObjectList->org.jfree.chart.util.AbstractObjectList.size
org.jfree.chart.renderer.AbstractRenderer->org.jfree.chart.util.BooleanList.equals
org.jfree.chart.util.AbstractObjectList->org.jfree.chart.util.AbstractObjectList.size
org.jfree.chart.renderer.AbstractRenderer->org.jfree.chart.util.PaintUtils.equalMaps
org.jfree.chart.renderer.AbstractRenderer->org.jfree.chart.util.PaintUtils.equal
org.jfree.chart.renderer.AbstractRenderer->org.jfree.chart.util.PaintUtils.equalMaps
org.jfree.chart.renderer.AbstractRenderer->org.jfree.chart.util.PaintUtils.equal
org.jfree.chart.renderer.AbstractRenderer->org.jfree.chart.util.PaintUtils.equalMaps
org.jfree.chart.renderer.AbstractRenderer->org.jfree.chart.util.PaintUtils.equal
org.jfree.chart.renderer.AbstractRenderer->org.jfree.chart.util.ObjectUtils.equal
org.jfree.chart.util.AbstractObjectList->org.jfree.chart.util.AbstractObjectList.size
org.jfree.chart.renderer.AbstractRenderer->org.jfree.chart.util.ObjectUtils.equal
org.jfree.chart.renderer.AbstractRenderer->org.jfree.chart.util.ObjectUtils.equal
org.jfree.chart.util.AbstractObjectList->org.jfree.chart.util.AbstractObjectList.size
org.jfree.chart.renderer.AbstractRenderer->org.jfree.chart.util.ObjectUtils.equal
org.jfree.chart.renderer.AbstractRenderer->org.jfree.chart.util.ObjectUtils.equal
org.jfree.chart.util.ShapeList->org.jfree.chart.util.ShapeList.size
org.jfree.chart.renderer.AbstractRenderer->org.jfree.chart.util.ShapeUtils.equal
org.jfree.chart.util.ShapeUtils->org.jfree.chart.util.ObjectUtils.equal
org.jfree.chart.renderer.AbstractRenderer->org.jfree.chart.util.ObjectUtils.equal
org.jfree.chart.util.AbstractObjectList->org.jfree.chart.util.AbstractObjectList.size
org.jfree.chart.renderer.AbstractRenderer->org.jfree.chart.util.ObjectUtils.equal
org.jfree.chart.renderer.AbstractRenderer->org.jfree.chart.util.ObjectUtils.equal
org.jfree.chart.renderer.AbstractRenderer->org.jfree.chart.util.ObjectUtils.equal
org.jfree.chart.renderer.AbstractRenderer->org.jfree.chart.util.PaintUtils.equalMaps
org.jfree.chart.renderer.AbstractRenderer->org.jfree.chart.util.PaintUtils.equal
org.jfree.chart.renderer.AbstractRenderer->org.jfree.chart.util.ObjectUtils.equal
org.jfree.chart.renderer.AbstractRenderer->org.jfree.chart.util.ObjectUtils.equal
org.jfree.chart.labels.ItemLabelPosition->org.jfree.chart.labels.ItemLabelAnchor.equals
org.jfree.chart.labels.ItemLabelPosition->org.jfree.chart.ui.TextAnchor.equals
org.jfree.chart.labels.ItemLabelPosition->org.jfree.chart.ui.TextAnchor.equals
org.jfree.chart.renderer.AbstractRenderer->org.jfree.chart.util.ObjectUtils.equal
org.jfree.chart.renderer.AbstractRenderer->org.jfree.chart.util.ObjectUtils.equal
org.jfree.chart.labels.ItemLabelPosition->org.jfree.chart.labels.ItemLabelAnchor.equals
org.jfree.chart.labels.ItemLabelPosition->org.jfree.chart.ui.TextAnchor.equals
org.jfree.chart.labels.ItemLabelPosition->org.jfree.chart.ui.TextAnchor.equals
org.jfree.chart.renderer.AbstractRenderer->org.jfree.chart.util.ObjectUtils.equal
org.jfree.chart.util.AbstractObjectList->org.jfree.chart.util.AbstractObjectList.size
org.jfree.chart.renderer.AbstractRenderer->org.jfree.chart.util.ObjectUtils.equal
org.jfree.chart.util.ShapeList->org.jfree.chart.util.ShapeList.size
org.jfree.chart.renderer.AbstractRenderer->org.jfree.chart.util.ShapeUtils.equal
org.jfree.chart.util.ShapeUtils->org.jfree.chart.util.ObjectUtils.equal
org.jfree.chart.renderer.AbstractRenderer->org.jfree.chart.util.ObjectUtils.equal
org.jfree.chart.renderer.AbstractRenderer->org.jfree.chart.util.ObjectUtils.equal
org.jfree.chart.renderer.AbstractRenderer->org.jfree.chart.util.PaintUtils.equalMaps
org.jfree.chart.renderer.AbstractRenderer->org.jfree.chart.util.PaintUtils.equal
