19565,org.jfree.chart.ChartRenderingInfo,setChartArea
6735,org.jfree.chart.util.ParamChecks,nullNotPermitted
6150823,org.jfree.chart.util.SerialUtils,writeShape
3849,org.jfree.chart.util.ParamChecks,nullNotPermitted
5390992,org.jfree.chart.util.SerialUtils,writeShape
10148843,org.jfree.chart.plot.PlotRenderingInfo,writeObject
3850,org.jfree.chart.util.ParamChecks,nullNotPermitted
5441669,org.jfree.chart.util.SerialUtils,writeShape
10346740,org.jfree.chart.ChartRenderingInfo,writeObject
2566,org.jfree.chart.util.ParamChecks,nullNotPermitted
5995264,org.jfree.chart.util.SerialUtils,readShape
2244,org.jfree.chart.util.ParamChecks,nullNotPermitted
5220357,org.jfree.chart.util.SerialUtils,readShape
10688646,org.jfree.chart.plot.PlotRenderingInfo,readObject
2244,org.jfree.chart.util.ParamChecks,nullNotPermitted
5107778,org.jfree.chart.util.SerialUtils,readShape
10738040,org.jfree.chart.ChartRenderingInfo,readObject
17320,org.jfree.chart.util.ObjectUtils,equal
4491,org.jfree.chart.util.ObjectUtils,equal
3208,org.jfree.chart.util.ObjectUtils,equal
418887,org.jfree.chart.util.ObjectUtils,equal
5112589,org.jfree.chart.plot.PlotRenderingInfo,equals
9929136,org.jfree.chart.util.ObjectUtils,equal
4811,org.jfree.chart.util.ObjectUtils,equal
4326457,org.jfree.chart.entity.StandardEntityCollection,equals
15548815,org.jfree.chart.util.ObjectUtils,equal
20245725,org.jfree.chart.ChartRenderingInfo,equals
28311364,org.jfree.chart.ChartRenderingInfoTest,testSerialization
12188,org.jfree.chart.entity.StandardEntityCollection,clone
5235111,org.jfree.chart.ChartRenderingInfo,clone
5453,org.jfree.chart.util.ObjectUtils,equal
2887,org.jfree.chart.util.ObjectUtils,equal
4491,org.jfree.chart.util.ObjectUtils,equal
5184115,org.jfree.chart.entity.StandardEntityCollection,equals
11010670,org.jfree.chart.util.ObjectUtils,equal
15774295,org.jfree.chart.ChartRenderingInfo,equals
4811,org.jfree.chart.ChartRenderingInfo,getChartArea
3208,org.jfree.chart.util.ObjectUtils,equal
4302080,org.jfree.chart.ChartRenderingInfo,equals
2886,org.jfree.chart.ChartRenderingInfo,getChartArea
3849,org.jfree.chart.util.ObjectUtils,equal
2566,org.jfree.chart.util.ObjectUtils,equal
4810,org.jfree.chart.util.ObjectUtils,equal
12253535,org.jfree.chart.entity.StandardEntityCollection,equals
17638753,org.jfree.chart.util.ObjectUtils,equal
22757436,org.jfree.chart.ChartRenderingInfo,equals
4811,org.jfree.chart.ChartRenderingInfo,getEntityCollection
9622,org.jfree.chart.entity.StandardEntityCollection,add
4170,org.jfree.chart.util.ObjectUtils,equal
2567,org.jfree.chart.util.ObjectUtils,equal
4811,org.jfree.chart.util.ObjectUtils,equal
4533334,org.jfree.chart.entity.StandardEntityCollection,equals
9978530,org.jfree.chart.util.ObjectUtils,equal
14782888,org.jfree.chart.ChartRenderingInfo,equals
2566,org.jfree.chart.ChartRenderingInfo,getEntityCollection
3208,org.jfree.chart.entity.StandardEntityCollection,add
4811,org.jfree.chart.util.ObjectUtils,equal
3848,org.jfree.chart.util.ObjectUtils,equal
1603,org.jfree.chart.util.ObjectUtils,equal
2566,org.jfree.chart.util.ObjectUtils,equal
4909882,org.jfree.chart.entity.ChartEntity,equals
10270082,org.jfree.chart.util.ObjectUtils,equal
14941654,org.jfree.chart.entity.StandardEntityCollection,equals
20659479,org.jfree.chart.util.ObjectUtils,equal
25476988,org.jfree.chart.ChartRenderingInfo,equals
32276988,org.jfree.chart.ChartRenderingInfoTest,testCloning
3850,org.jfree.chart.util.ObjectUtils,equal
3849,org.jfree.chart.util.ObjectUtils,equal
2567,org.jfree.chart.util.ObjectUtils,equal
14754,org.jfree.chart.util.ObjectUtils,equal
4928164,org.jfree.chart.plot.PlotRenderingInfo,equals
9819122,org.jfree.chart.util.ObjectUtils,equal
4491,org.jfree.chart.util.ObjectUtils,equal
4547446,org.jfree.chart.entity.StandardEntityCollection,equals
23500911,org.jfree.chart.util.ObjectUtils,equal
28856300,org.jfree.chart.ChartRenderingInfo,equals
3207,org.jfree.chart.ChartRenderingInfo,setChartArea
2565,org.jfree.chart.util.ObjectUtils,equal
6063582,org.jfree.chart.ChartRenderingInfo,equals
2888,org.jfree.chart.ChartRenderingInfo,setChartArea
3207,org.jfree.chart.util.ObjectUtils,equal
4490,org.jfree.chart.util.ObjectUtils,equal
1603,org.jfree.chart.util.ObjectUtils,equal
4491,org.jfree.chart.util.ObjectUtils,equal
5585039,org.jfree.chart.plot.PlotRenderingInfo,equals
11063913,org.jfree.chart.util.ObjectUtils,equal
4490,org.jfree.chart.util.ObjectUtils,equal
5233507,org.jfree.chart.entity.StandardEntityCollection,equals
11495627,org.jfree.chart.util.ObjectUtils,equal
16158861,org.jfree.chart.ChartRenderingInfo,equals
3850,org.jfree.chart.ChartRenderingInfo,getPlotInfo
3850,org.jfree.chart.plot.PlotRenderingInfo,setDataArea
3207,org.jfree.chart.util.ObjectUtils,equal
9623,org.jfree.chart.util.ObjectUtils,equal
4928486,org.jfree.chart.plot.PlotRenderingInfo,equals
9587869,org.jfree.chart.util.ObjectUtils,equal
13975908,org.jfree.chart.ChartRenderingInfo,equals
1282,org.jfree.chart.ChartRenderingInfo,getPlotInfo
1604,org.jfree.chart.plot.PlotRenderingInfo,setDataArea
2887,org.jfree.chart.util.ObjectUtils,equal
2245,org.jfree.chart.util.ObjectUtils,equal
1924,org.jfree.chart.util.ObjectUtils,equal
5132,org.jfree.chart.util.ObjectUtils,equal
4277704,org.jfree.chart.plot.PlotRenderingInfo,equals
9336409,org.jfree.chart.util.ObjectUtils,equal
4490,org.jfree.chart.util.ObjectUtils,equal
4504467,org.jfree.chart.entity.StandardEntityCollection,equals
9940682,org.jfree.chart.util.ObjectUtils,equal
14799887,org.jfree.chart.ChartRenderingInfo,equals
1924,org.jfree.chart.entity.StandardEntityCollection,add
4490,org.jfree.chart.ChartRenderingInfo,setEntityCollection
2886,org.jfree.chart.util.ObjectUtils,equal
2565,org.jfree.chart.util.ObjectUtils,equal
1282,org.jfree.chart.util.ObjectUtils,equal
4169,org.jfree.chart.util.ObjectUtils,equal
4588822,org.jfree.chart.plot.PlotRenderingInfo,equals
10091751,org.jfree.chart.util.ObjectUtils,equal
4490,org.jfree.chart.util.ObjectUtils,equal
4384510,org.jfree.chart.entity.StandardEntityCollection,equals
9828103,org.jfree.chart.util.ObjectUtils,equal
14699495,org.jfree.chart.ChartRenderingInfo,equals
2566,org.jfree.chart.entity.StandardEntityCollection,add
1282,org.jfree.chart.ChartRenderingInfo,setEntityCollection
5352502,org.jfree.chart.ChartRenderingInfoTest,testEquals
1282,org.jfree.chart.ChartRenderingInfo,getPlotInfo
2245,org.jfree.chart.plot.PlotRenderingInfo,setDataArea
1604,org.jfree.chart.util.ParamChecks,nullNotPermitted
5849008,org.jfree.chart.util.SerialUtils,writeShape
1283,org.jfree.chart.util.ParamChecks,nullNotPermitted
5294769,org.jfree.chart.util.SerialUtils,writeShape
10247630,org.jfree.chart.plot.PlotRenderingInfo,writeObject
962,org.jfree.chart.util.ParamChecks,nullNotPermitted
4845092,org.jfree.chart.util.SerialUtils,writeShape
9536230,org.jfree.chart.ChartRenderingInfo,writeObject
1282,org.jfree.chart.util.ParamChecks,nullNotPermitted
5464760,org.jfree.chart.util.SerialUtils,readShape
642,org.jfree.chart.util.ParamChecks,nullNotPermitted
5268148,org.jfree.chart.util.SerialUtils,readShape
10348342,org.jfree.chart.plot.PlotRenderingInfo,readObject
641,org.jfree.chart.util.ParamChecks,nullNotPermitted
5883005,org.jfree.chart.util.SerialUtils,readShape
10952936,org.jfree.chart.ChartRenderingInfo,readObject
3528,org.jfree.chart.util.ObjectUtils,equal
2566,org.jfree.chart.util.ObjectUtils,equal
1283,org.jfree.chart.util.ObjectUtils,equal
4490,org.jfree.chart.util.ObjectUtils,equal
4854393,org.jfree.chart.plot.PlotRenderingInfo,equals
9637583,org.jfree.chart.util.ObjectUtils,equal
4810,org.jfree.chart.util.ObjectUtils,equal
4464374,org.jfree.chart.entity.StandardEntityCollection,equals
9814631,org.jfree.chart.util.ObjectUtils,equal
24043281,org.jfree.chart.ChartRenderingInfo,equals
1602,org.jfree.chart.ChartRenderingInfo,getPlotInfo
4490,org.jfree.chart.plot.PlotRenderingInfo,getOwner
2246,org.jfree.chart.ChartRenderingInfo,equals
4881977,org.jfree.chart.ChartRenderingInfoTest,testSerialization2
