9943,org.jfree.chart.util.ParamChecks,nullNotPermitted
7955625,org.jfree.chart.StrokeMap,put
3528,org.jfree.chart.util.ParamChecks,nullNotPermitted
5592416,org.jfree.chart.StrokeMap,getStroke
59656,org.jfree.chart.util.ParamChecks,nullNotPermitted
6013867,org.jfree.chart.StrokeMap,put
10873713,org.jfree.chart.StrokeMapTest,testPut
17961,org.jfree.chart.StrokeMap,clone
65431,org.jfree.chart.StrokeMap,equals
4491,org.jfree.chart.util.ParamChecks,nullNotPermitted
5219075,org.jfree.chart.StrokeMap,put
2565,org.jfree.chart.util.ParamChecks,nullNotPermitted
5414725,org.jfree.chart.StrokeMap,put
42337,org.jfree.chart.StrokeMap,clone
2244,org.jfree.chart.util.ParamChecks,nullNotPermitted
5115155,org.jfree.chart.StrokeMap,getStroke
2245,org.jfree.chart.util.ParamChecks,nullNotPermitted
5896477,org.jfree.chart.StrokeMap,getStroke
6415,org.jfree.chart.util.ObjectUtils,equal
2565,org.jfree.chart.util.ParamChecks,nullNotPermitted
5339672,org.jfree.chart.StrokeMap,getStroke
2245,org.jfree.chart.util.ParamChecks,nullNotPermitted
5390028,org.jfree.chart.StrokeMap,getStroke
7056,org.jfree.chart.util.ObjectUtils,equal
4702042,org.jfree.chart.StrokeMap,equals
9704618,org.jfree.chart.StrokeMapTest,testCloning
2566,org.jfree.chart.StrokeMap,equals
9622,org.jfree.chart.StrokeMap,equals
3208,org.jfree.chart.StrokeMap,equals
3849,org.jfree.chart.StrokeMap,equals
1925,org.jfree.chart.util.ParamChecks,nullNotPermitted
5358596,org.jfree.chart.StrokeMap,put
4811,org.jfree.chart.StrokeMap,equals
1924,org.jfree.chart.util.ParamChecks,nullNotPermitted
5013159,org.jfree.chart.StrokeMap,put
1603,org.jfree.chart.util.ParamChecks,nullNotPermitted
5079873,org.jfree.chart.StrokeMap,getStroke
2244,org.jfree.chart.util.ParamChecks,nullNotPermitted
5239922,org.jfree.chart.StrokeMap,getStroke
15396,org.jfree.chart.util.ObjectUtils,equal
4876847,org.jfree.chart.StrokeMap,equals
1925,org.jfree.chart.util.ParamChecks,nullNotPermitted
4887751,org.jfree.chart.StrokeMap,put
3849,org.jfree.chart.StrokeMap,equals
2246,org.jfree.chart.util.ParamChecks,nullNotPermitted
5391954,org.jfree.chart.StrokeMap,put
1925,org.jfree.chart.util.ParamChecks,nullNotPermitted
4841244,org.jfree.chart.StrokeMap,getStroke
1604,org.jfree.chart.util.ParamChecks,nullNotPermitted
5236074,org.jfree.chart.StrokeMap,getStroke
3208,org.jfree.chart.util.ObjectUtils,equal
1925,org.jfree.chart.util.ParamChecks,nullNotPermitted
5591775,org.jfree.chart.StrokeMap,getStroke
1925,org.jfree.chart.util.ParamChecks,nullNotPermitted
4772925,org.jfree.chart.StrokeMap,getStroke
4811,org.jfree.chart.util.ObjectUtils,equal
4396378,org.jfree.chart.StrokeMap,equals
1924,org.jfree.chart.util.ParamChecks,nullNotPermitted
4664836,org.jfree.chart.StrokeMap,put
1604,org.jfree.chart.util.ParamChecks,nullNotPermitted
4731551,org.jfree.chart.StrokeMap,getStroke
4490,org.jfree.chart.util.ParamChecks,nullNotPermitted
5344484,org.jfree.chart.StrokeMap,getStroke
9621,org.jfree.chart.util.ObjectUtils,equal
1925,org.jfree.chart.util.ParamChecks,nullNotPermitted
4942919,org.jfree.chart.StrokeMap,getStroke
1603,org.jfree.chart.util.ParamChecks,nullNotPermitted
4921749,org.jfree.chart.StrokeMap,getStroke
8340,org.jfree.chart.util.ObjectUtils,equal
5301185,org.jfree.chart.StrokeMap,equals
1603,org.jfree.chart.util.ParamChecks,nullNotPermitted
4720004,org.jfree.chart.StrokeMap,put
8339,org.jfree.chart.util.ParamChecks,nullNotPermitted
5055498,org.jfree.chart.StrokeMap,getStroke
1283,org.jfree.chart.util.ParamChecks,nullNotPermitted
4827132,org.jfree.chart.StrokeMap,getStroke
3849,org.jfree.chart.util.ObjectUtils,equal
1604,org.jfree.chart.util.ParamChecks,nullNotPermitted
5156210,org.jfree.chart.StrokeMap,getStroke
1282,org.jfree.chart.util.ParamChecks,nullNotPermitted
5081798,org.jfree.chart.StrokeMap,getStroke
1603,org.jfree.chart.util.ObjectUtils,equal
4617367,org.jfree.chart.StrokeMap,equals
9302731,org.jfree.chart.StrokeMapTest,testEquals
3528,org.jfree.chart.util.ParamChecks,nullNotPermitted
5063196,org.jfree.chart.StrokeMap,getStroke
1925,org.jfree.chart.util.ParamChecks,nullNotPermitted
5993019,org.jfree.chart.StrokeMap,put
1282,org.jfree.chart.util.ParamChecks,nullNotPermitted
4703967,org.jfree.chart.StrokeMap,getStroke
1283,org.jfree.chart.util.ParamChecks,nullNotPermitted
5042027,org.jfree.chart.StrokeMap,put
1284,org.jfree.chart.util.ParamChecks,nullNotPermitted
4783510,org.jfree.chart.StrokeMap,getStroke
16999,org.jfree.chart.util.ParamChecks,nullNotPermitted
5179303,org.jfree.chart.StrokeMap,getStroke
9428782,org.jfree.chart.StrokeMapTest,testGetStroke
38488,org.jfree.chart.StrokeMap,writeObject
64148,org.jfree.chart.StrokeMap,readObject
7057,org.jfree.chart.StrokeMap,equals
4627953,org.jfree.chart.StrokeMapTest,testSerialization1
1603,org.jfree.chart.util.ParamChecks,nullNotPermitted
4654253,org.jfree.chart.StrokeMap,put
962,org.jfree.chart.util.ParamChecks,nullNotPermitted
4838036,org.jfree.chart.StrokeMap,put
1283,org.jfree.chart.util.ParamChecks,nullNotPermitted
4845093,org.jfree.chart.StrokeMap,getStroke
1283,org.jfree.chart.util.ParamChecks,nullNotPermitted
6867356,org.jfree.chart.util.SerialUtils,writeStroke
1284,org.jfree.chart.util.ParamChecks,nullNotPermitted
5071215,org.jfree.chart.StrokeMap,getStroke
1282,org.jfree.chart.util.ParamChecks,nullNotPermitted
5034970,org.jfree.chart.util.SerialUtils,writeStroke
9657148,org.jfree.chart.StrokeMap,writeObject
1282,org.jfree.chart.util.ParamChecks,nullNotPermitted
5502608,org.jfree.chart.util.SerialUtils,readStroke
1283,org.jfree.chart.util.ParamChecks,nullNotPermitted
5132154,org.jfree.chart.util.SerialUtils,readStroke
9918230,org.jfree.chart.StrokeMap,readObject
1283,org.jfree.chart.util.ParamChecks,nullNotPermitted
5196943,org.jfree.chart.StrokeMap,getStroke
962,org.jfree.chart.util.ParamChecks,nullNotPermitted
5599151,org.jfree.chart.StrokeMap,getStroke
3208,org.jfree.chart.util.ObjectUtils,equal
1283,org.jfree.chart.util.ParamChecks,nullNotPermitted
5262695,org.jfree.chart.StrokeMap,getStroke
2887,org.jfree.chart.util.ParamChecks,nullNotPermitted
5209453,org.jfree.chart.StrokeMap,getStroke
2566,org.jfree.chart.util.ObjectUtils,equal
4663875,org.jfree.chart.StrokeMap,equals
9372973,org.jfree.chart.StrokeMapTest,testSerialization2
