8340,org.jfree.chart.util.ParamChecks,nullNotPermitted
23537476,org.jfree.chart.StandardChartTheme,createDefaultFont
44904,org.jfree.chart.StandardChartTheme,createDefaultFont
90769,org.jfree.chart.StandardChartTheme,createDefaultFont
30149,org.jfree.chart.StandardChartTheme,createDefaultFont
12830,org.jfree.chart.util.ParamChecks,nullNotPermitted
35601,org.jfree.chart.ChartColor,createDefaultPaintArray
10585,org.jfree.chart.plot.DefaultDrawingSupplier,intArray
14433,org.jfree.chart.plot.DefaultDrawingSupplier,intArray
11226,org.jfree.chart.plot.DefaultDrawingSupplier,intArray
16358,org.jfree.chart.plot.DefaultDrawingSupplier,intArray
9942,org.jfree.chart.plot.DefaultDrawingSupplier,intArray
13150,org.jfree.chart.plot.DefaultDrawingSupplier,intArray
15716,org.jfree.chart.plot.DefaultDrawingSupplier,intArray
15075,org.jfree.chart.plot.DefaultDrawingSupplier,intArray
15396,org.jfree.chart.plot.DefaultDrawingSupplier,intArray
14112,org.jfree.chart.plot.DefaultDrawingSupplier,intArray
7648035,org.jfree.chart.plot.DefaultDrawingSupplier,createStandardSeriesShapes
20207,org.jfree.chart.Colors,createFancyLightColors
5877232,org.jfree.chart.Colors,getDefaultColors
5452,org.jfree.chart.util.ParamChecks,nullNotPermitted
2245,org.jfree.chart.util.ParamChecks,nullNotPermitted
7382464,org.jfree.chart.util.SerialUtils,writePaint
3528,org.jfree.chart.util.ParamChecks,nullNotPermitted
6133182,org.jfree.chart.util.SerialUtils,writePaint
1603,org.jfree.chart.util.ParamChecks,nullNotPermitted
5521853,org.jfree.chart.util.SerialUtils,writePaint
2245,org.jfree.chart.util.ParamChecks,nullNotPermitted
4782869,org.jfree.chart.util.SerialUtils,writePaint
1925,org.jfree.chart.util.ParamChecks,nullNotPermitted
5494912,org.jfree.chart.util.SerialUtils,writePaint
2245,org.jfree.chart.util.ParamChecks,nullNotPermitted
4932334,org.jfree.chart.util.SerialUtils,writePaint
16999,org.jfree.chart.util.ParamChecks,nullNotPermitted
5201114,org.jfree.chart.util.SerialUtils,writePaint
1604,org.jfree.chart.util.ParamChecks,nullNotPermitted
4457639,org.jfree.chart.util.SerialUtils,writePaint
1603,org.jfree.chart.util.ParamChecks,nullNotPermitted
4822320,org.jfree.chart.util.SerialUtils,writePaint
1282,org.jfree.chart.util.ParamChecks,nullNotPermitted
4615442,org.jfree.chart.util.SerialUtils,writePaint
1283,org.jfree.chart.util.ParamChecks,nullNotPermitted
4560597,org.jfree.chart.util.SerialUtils,writePaint
1283,org.jfree.chart.util.ParamChecks,nullNotPermitted
4959596,org.jfree.chart.util.SerialUtils,writeStroke
1283,org.jfree.chart.util.ParamChecks,nullNotPermitted
4490996,org.jfree.chart.util.SerialUtils,writeStroke
2246,org.jfree.chart.util.ParamChecks,nullNotPermitted
5261734,org.jfree.chart.util.SerialUtils,writeShape
1282,org.jfree.chart.util.ParamChecks,nullNotPermitted
4568293,org.jfree.chart.util.SerialUtils,writeShape
962,org.jfree.chart.util.ParamChecks,nullNotPermitted
5677091,org.jfree.chart.util.SerialUtils,writeShape
963,org.jfree.chart.util.ParamChecks,nullNotPermitted
5349296,org.jfree.chart.util.SerialUtils,writeShape
1283,org.jfree.chart.util.ParamChecks,nullNotPermitted
4743097,org.jfree.chart.util.SerialUtils,writeShape
963,org.jfree.chart.util.ParamChecks,nullNotPermitted
5314656,org.jfree.chart.util.SerialUtils,writeShape
1283,org.jfree.chart.util.ParamChecks,nullNotPermitted
5243771,org.jfree.chart.util.SerialUtils,writeShape
1604,org.jfree.chart.util.ParamChecks,nullNotPermitted
5504853,org.jfree.chart.util.SerialUtils,writeShape
1284,org.jfree.chart.util.ParamChecks,nullNotPermitted
4890318,org.jfree.chart.util.SerialUtils,writeShape
963,org.jfree.chart.util.ParamChecks,nullNotPermitted
4606463,org.jfree.chart.util.SerialUtils,writeShape
9470479,org.jfree.chart.plot.DefaultDrawingSupplier,writeObject
1283,org.jfree.chart.util.ParamChecks,nullNotPermitted
6587671,org.jfree.chart.util.SerialUtils,writePaint
1284,org.jfree.chart.util.ParamChecks,nullNotPermitted
5638603,org.jfree.chart.util.SerialUtils,writePaint
1283,org.jfree.chart.util.ParamChecks,nullNotPermitted
5186360,org.jfree.chart.util.SerialUtils,writePaint
1604,org.jfree.chart.util.ParamChecks,nullNotPermitted
5048442,org.jfree.chart.util.SerialUtils,writePaint
1283,org.jfree.chart.util.ParamChecks,nullNotPermitted
5144343,org.jfree.chart.util.SerialUtils,writePaint
962,org.jfree.chart.util.ParamChecks,nullNotPermitted
4669647,org.jfree.chart.util.SerialUtils,writePaint
962,org.jfree.chart.util.ParamChecks,nullNotPermitted
4775492,org.jfree.chart.util.SerialUtils,writePaint
963,org.jfree.chart.util.ParamChecks,nullNotPermitted
6316646,org.jfree.chart.util.SerialUtils,writePaint
962,org.jfree.chart.util.ParamChecks,nullNotPermitted
5691203,org.jfree.chart.util.SerialUtils,writePaint
962,org.jfree.chart.util.ParamChecks,nullNotPermitted
5696976,org.jfree.chart.util.SerialUtils,writePaint
642,org.jfree.chart.util.ParamChecks,nullNotPermitted
5773954,org.jfree.chart.util.SerialUtils,writePaint
962,org.jfree.chart.util.ParamChecks,nullNotPermitted
5405425,org.jfree.chart.util.SerialUtils,writePaint
962,org.jfree.chart.util.ParamChecks,nullNotPermitted
5592737,org.jfree.chart.util.SerialUtils,writePaint
962,org.jfree.chart.util.ParamChecks,nullNotPermitted
5926947,org.jfree.chart.util.SerialUtils,writePaint
642,org.jfree.chart.util.ParamChecks,nullNotPermitted
6383361,org.jfree.chart.util.SerialUtils,writePaint
963,org.jfree.chart.util.ParamChecks,nullNotPermitted
6996293,org.jfree.chart.util.SerialUtils,writePaint
1283,org.jfree.chart.util.ParamChecks,nullNotPermitted
4871713,org.jfree.chart.util.SerialUtils,writePaint
9441932,org.jfree.chart.StandardChartTheme,writeObject
13151,org.jfree.chart.util.UnitType,values
962,org.jfree.chart.util.ParamChecks,nullNotPermitted
7056,org.jfree.chart.util.SerialUtils,isSerializable
5164229,org.jfree.chart.util.SerialUtils,readPaint
963,org.jfree.chart.util.ParamChecks,nullNotPermitted
3528,org.jfree.chart.util.SerialUtils,isSerializable
4658421,org.jfree.chart.util.SerialUtils,readPaint
641,org.jfree.chart.util.ParamChecks,nullNotPermitted
2886,org.jfree.chart.util.SerialUtils,isSerializable
5059667,org.jfree.chart.util.SerialUtils,readPaint
962,org.jfree.chart.util.ParamChecks,nullNotPermitted
2887,org.jfree.chart.util.SerialUtils,isSerializable
5036895,org.jfree.chart.util.SerialUtils,readPaint
963,org.jfree.chart.util.ParamChecks,nullNotPermitted
3207,org.jfree.chart.util.SerialUtils,isSerializable
4879411,org.jfree.chart.util.SerialUtils,readPaint
963,org.jfree.chart.util.ParamChecks,nullNotPermitted
2887,org.jfree.chart.util.SerialUtils,isSerializable
4762021,org.jfree.chart.util.SerialUtils,readPaint
962,org.jfree.chart.util.ParamChecks,nullNotPermitted
2887,org.jfree.chart.util.SerialUtils,isSerializable
4748871,org.jfree.chart.util.SerialUtils,readPaint
962,org.jfree.chart.util.ParamChecks,nullNotPermitted
2887,org.jfree.chart.util.SerialUtils,isSerializable
5091421,org.jfree.chart.util.SerialUtils,readPaint
962,org.jfree.chart.util.ParamChecks,nullNotPermitted
3848,org.jfree.chart.util.SerialUtils,isSerializable
4802113,org.jfree.chart.util.SerialUtils,readPaint
642,org.jfree.chart.util.ParamChecks,nullNotPermitted
3528,org.jfree.chart.util.SerialUtils,isSerializable
4620895,org.jfree.chart.util.SerialUtils,readPaint
962,org.jfree.chart.util.ParamChecks,nullNotPermitted
3849,org.jfree.chart.util.SerialUtils,isSerializable
4944201,org.jfree.chart.util.SerialUtils,readPaint
641,org.jfree.chart.util.ParamChecks,nullNotPermitted
4708778,org.jfree.chart.util.SerialUtils,readStroke
1283,org.jfree.chart.util.ParamChecks,nullNotPermitted
4703966,org.jfree.chart.util.SerialUtils,readStroke
642,org.jfree.chart.util.ParamChecks,nullNotPermitted
5670998,org.jfree.chart.util.SerialUtils,readShape
642,org.jfree.chart.util.ParamChecks,nullNotPermitted
4820075,org.jfree.chart.util.SerialUtils,readShape
1282,org.jfree.chart.util.ParamChecks,nullNotPermitted
5521532,org.jfree.chart.util.SerialUtils,readShape
641,org.jfree.chart.util.ParamChecks,nullNotPermitted
5094627,org.jfree.chart.util.SerialUtils,readShape
963,org.jfree.chart.util.ParamChecks,nullNotPermitted
4702684,org.jfree.chart.util.SerialUtils,readShape
642,org.jfree.chart.util.ParamChecks,nullNotPermitted
5157814,org.jfree.chart.util.SerialUtils,readShape
962,org.jfree.chart.util.ParamChecks,nullNotPermitted
4745021,org.jfree.chart.util.SerialUtils,readShape
962,org.jfree.chart.util.ParamChecks,nullNotPermitted
4941635,org.jfree.chart.util.SerialUtils,readShape
962,org.jfree.chart.util.ParamChecks,nullNotPermitted
5224527,org.jfree.chart.util.SerialUtils,readShape
1284,org.jfree.chart.util.ParamChecks,nullNotPermitted
4882941,org.jfree.chart.util.SerialUtils,readShape
9505119,org.jfree.chart.plot.DefaultDrawingSupplier,readObject
16357,org.jfree.chart.plot.PieLabelLinkStyle,values
1283,org.jfree.chart.util.ParamChecks,nullNotPermitted
3207,org.jfree.chart.util.SerialUtils,isSerializable
4770360,org.jfree.chart.util.SerialUtils,readPaint
641,org.jfree.chart.util.ParamChecks,nullNotPermitted
3207,org.jfree.chart.util.SerialUtils,isSerializable
5049724,org.jfree.chart.util.SerialUtils,readPaint
642,org.jfree.chart.util.ParamChecks,nullNotPermitted
3208,org.jfree.chart.util.SerialUtils,isSerializable
4797944,org.jfree.chart.util.SerialUtils,readPaint
962,org.jfree.chart.util.ParamChecks,nullNotPermitted
3208,org.jfree.chart.util.SerialUtils,isSerializable
5094628,org.jfree.chart.util.SerialUtils,readPaint
2887,org.jfree.chart.util.ParamChecks,nullNotPermitted
3207,org.jfree.chart.util.SerialUtils,isSerializable
4752398,org.jfree.chart.util.SerialUtils,readPaint
642,org.jfree.chart.util.ParamChecks,nullNotPermitted
3529,org.jfree.chart.util.SerialUtils,isSerializable
5291241,org.jfree.chart.util.SerialUtils,readPaint
962,org.jfree.chart.util.ParamChecks,nullNotPermitted
2566,org.jfree.chart.util.SerialUtils,isSerializable
5105854,org.jfree.chart.util.SerialUtils,readPaint
963,org.jfree.chart.util.ParamChecks,nullNotPermitted
3208,org.jfree.chart.util.SerialUtils,isSerializable
5946513,org.jfree.chart.util.SerialUtils,readPaint
962,org.jfree.chart.util.ParamChecks,nullNotPermitted
3527,org.jfree.chart.util.SerialUtils,isSerializable
4735720,org.jfree.chart.util.SerialUtils,readPaint
963,org.jfree.chart.util.ParamChecks,nullNotPermitted
3208,org.jfree.chart.util.SerialUtils,isSerializable
4791850,org.jfree.chart.util.SerialUtils,readPaint
641,org.jfree.chart.util.ParamChecks,nullNotPermitted
3208,org.jfree.chart.util.SerialUtils,isSerializable
4859206,org.jfree.chart.util.SerialUtils,readPaint
1283,org.jfree.chart.util.ParamChecks,nullNotPermitted
2566,org.jfree.chart.util.SerialUtils,isSerializable
5459630,org.jfree.chart.util.SerialUtils,readPaint
963,org.jfree.chart.util.ParamChecks,nullNotPermitted
2566,org.jfree.chart.util.SerialUtils,isSerializable
4945484,org.jfree.chart.util.SerialUtils,readPaint
962,org.jfree.chart.util.ParamChecks,nullNotPermitted
3207,org.jfree.chart.util.SerialUtils,isSerializable
5240564,org.jfree.chart.util.SerialUtils,readPaint
962,org.jfree.chart.util.ParamChecks,nullNotPermitted
2566,org.jfree.chart.util.SerialUtils,isSerializable
4964728,org.jfree.chart.util.SerialUtils,readPaint
641,org.jfree.chart.util.ParamChecks,nullNotPermitted
2887,org.jfree.chart.util.SerialUtils,isSerializable
4838999,org.jfree.chart.util.SerialUtils,readPaint
640,org.jfree.chart.util.ParamChecks,nullNotPermitted
2886,org.jfree.chart.util.SerialUtils,isSerializable
4837394,org.jfree.chart.util.SerialUtils,readPaint
9286373,org.jfree.chart.StandardChartTheme,readObject
14222234,org.jfree.chart.TestUtils,serialised
389699,org.jfree.chart.util.PaintUtils,equal
4170,org.jfree.chart.util.PaintUtils,equal
3207,org.jfree.chart.drawable.ColorPainter,equals
5752143,org.jfree.chart.util.ObjectUtils,equal
4811,org.jfree.chart.util.PaintUtils,equal
4490,org.jfree.chart.util.PaintUtils,equal
11547,org.jfree.chart.util.ObjectUtils,equal
5183794,org.jfree.chart.util.ShapeUtils,equal
37848,org.jfree.chart.util.ShapeUtils,equal
5324278,org.jfree.chart.util.ShapeUtils,equal
18924,org.jfree.chart.util.ShapeUtils,equal
4565728,org.jfree.chart.util.ShapeUtils,equal
2886,org.jfree.chart.util.ShapeUtils,equal
4579198,org.jfree.chart.util.ShapeUtils,equal
3849,org.jfree.chart.util.ObjectUtils,equal
5346729,org.jfree.chart.util.ShapeUtils,equal
4170,org.jfree.chart.util.ShapeUtils,equal
4730268,org.jfree.chart.util.ShapeUtils,equal
11546,org.jfree.chart.util.ShapeUtils,equal
4707816,org.jfree.chart.util.ShapeUtils,equal
2246,org.jfree.chart.util.ShapeUtils,equal
4035546,org.jfree.chart.util.ShapeUtils,equal
3527,org.jfree.chart.util.ObjectUtils,equal
4181161,org.jfree.chart.util.ShapeUtils,equal
1926,org.jfree.chart.util.ShapeUtils,equal
4942919,org.jfree.chart.util.ShapeUtils,equal
9436160,org.jfree.chart.plot.DefaultDrawingSupplier,equalShapes
14357267,org.jfree.chart.plot.DefaultDrawingSupplier,equals
15717,org.jfree.chart.drawable.ColorPainter,equals
5027273,org.jfree.chart.util.ObjectUtils,equal
1283,org.jfree.chart.util.ObjectUtils,equal
3850,org.jfree.chart.util.PaintUtils,equal
3208,org.jfree.chart.util.PaintUtils,equal
4811,org.jfree.chart.util.PaintUtils,equal
2566,org.jfree.chart.util.PaintUtils,equal
4170,org.jfree.chart.ui.RectangleInsets,equals
5774,org.jfree.chart.util.PaintUtils,equal
13791,org.jfree.chart.util.PaintUtils,equal
30470,org.jfree.chart.util.PaintUtils,equal
10264,org.jfree.chart.util.PaintUtils,equal
6735,org.jfree.chart.renderer.category.StandardBarPainter,equals
6415,org.jfree.chart.renderer.xy.StandardXYBarPainter,equals
8661,org.jfree.chart.util.PaintUtils,equal
8018,org.jfree.chart.util.PaintUtils,equal
8980,org.jfree.chart.util.PaintUtils,equal
9943,org.jfree.chart.util.PaintUtils,equal
4737004,org.jfree.chart.StandardChartTheme,equals
9776144,org.jfree.chart.StandardChartThemeTest,testSerialization
1284,org.jfree.chart.util.ParamChecks,nullNotPermitted
23093,org.jfree.chart.StandardChartTheme,createDefaultFont
28546,org.jfree.chart.StandardChartTheme,createDefaultFont
16357,org.jfree.chart.StandardChartTheme,createDefaultFont
20207,org.jfree.chart.StandardChartTheme,createDefaultFont
2245,org.jfree.chart.util.ParamChecks,nullNotPermitted
8981,org.jfree.chart.Colors,createFancyLightColors
5236395,org.jfree.chart.Colors,getDefaultColors
3849,org.jfree.chart.util.ParamChecks,nullNotPermitted
19565,org.jfree.chart.StandardChartTheme,clone
1603,org.jfree.chart.util.PaintUtils,equal
2246,org.jfree.chart.util.PaintUtils,equal
3208,org.jfree.chart.util.ObjectUtils,equal
1924,org.jfree.chart.util.PaintUtils,equal
1604,org.jfree.chart.util.PaintUtils,equal
2566,org.jfree.chart.plot.DefaultDrawingSupplier,equals
2245,org.jfree.chart.util.ObjectUtils,equal
1604,org.jfree.chart.util.ObjectUtils,equal
2246,org.jfree.chart.util.PaintUtils,equal
1924,org.jfree.chart.util.PaintUtils,equal
1604,org.jfree.chart.util.PaintUtils,equal
1604,org.jfree.chart.util.PaintUtils,equal
1604,org.jfree.chart.ui.RectangleInsets,equals
3208,org.jfree.chart.util.PaintUtils,equal
1924,org.jfree.chart.util.PaintUtils,equal
1603,org.jfree.chart.util.PaintUtils,equal
1924,org.jfree.chart.util.PaintUtils,equal
1925,org.jfree.chart.renderer.category.StandardBarPainter,equals
1604,org.jfree.chart.renderer.xy.StandardXYBarPainter,equals
1924,org.jfree.chart.util.PaintUtils,equal
1603,org.jfree.chart.util.PaintUtils,equal
1283,org.jfree.chart.util.PaintUtils,equal
1924,org.jfree.chart.util.PaintUtils,equal
4273214,org.jfree.chart.StandardChartTheme,equals
9436800,org.jfree.chart.StandardChartThemeTest,testCloning
962,org.jfree.chart.util.ParamChecks,nullNotPermitted
15395,org.jfree.chart.StandardChartTheme,createDefaultFont
16357,org.jfree.chart.StandardChartTheme,createDefaultFont
13472,org.jfree.chart.StandardChartTheme,createDefaultFont
12189,org.jfree.chart.StandardChartTheme,createDefaultFont
2245,org.jfree.chart.util.ParamChecks,nullNotPermitted
6735,org.jfree.chart.Colors,createFancyLightColors
4921429,org.jfree.chart.Colors,getDefaultColors
2565,org.jfree.chart.util.ParamChecks,nullNotPermitted
2566,org.jfree.chart.util.ParamChecks,nullNotPermitted
14433,org.jfree.chart.StandardChartTheme,createDefaultFont
14433,org.jfree.chart.StandardChartTheme,createDefaultFont
15716,org.jfree.chart.StandardChartTheme,createDefaultFont
14754,org.jfree.chart.StandardChartTheme,createDefaultFont
2246,org.jfree.chart.util.ParamChecks,nullNotPermitted
8660,org.jfree.chart.Colors,createFancyLightColors
4733795,org.jfree.chart.Colors,getDefaultColors
2887,org.jfree.chart.util.ParamChecks,nullNotPermitted
963,org.jfree.chart.util.PaintUtils,equal
3208,org.jfree.chart.util.PaintUtils,equal
3208,org.jfree.chart.drawable.ColorPainter,equals
4723212,org.jfree.chart.util.ObjectUtils,equal
2566,org.jfree.chart.util.PaintUtils,equal
1924,org.jfree.chart.util.PaintUtils,equal
962,org.jfree.chart.util.ObjectUtils,equal
4430375,org.jfree.chart.util.ShapeUtils,equal
8340,org.jfree.chart.util.ShapeUtils,equal
4667724,org.jfree.chart.util.ShapeUtils,equal
1604,org.jfree.chart.util.ShapeUtils,equal
4688251,org.jfree.chart.util.ShapeUtils,equal
1924,org.jfree.chart.util.ShapeUtils,equal
4325173,org.jfree.chart.util.ShapeUtils,equal
962,org.jfree.chart.util.ObjectUtils,equal
4747587,org.jfree.chart.util.ShapeUtils,equal
1924,org.jfree.chart.util.ShapeUtils,equal
4277383,org.jfree.chart.util.ShapeUtils,equal
7698,org.jfree.chart.util.ShapeUtils,equal
4496128,org.jfree.chart.util.ShapeUtils,equal
2565,org.jfree.chart.util.ShapeUtils,equal
4312023,org.jfree.chart.util.ShapeUtils,equal
2565,org.jfree.chart.util.ObjectUtils,equal
4388038,org.jfree.chart.util.ShapeUtils,equal
1603,org.jfree.chart.util.ShapeUtils,equal
5507741,org.jfree.chart.util.ShapeUtils,equal
10017339,org.jfree.chart.plot.DefaultDrawingSupplier,equalShapes
15294789,org.jfree.chart.plot.DefaultDrawingSupplier,equals
4169,org.jfree.chart.drawable.ColorPainter,equals
4813660,org.jfree.chart.util.ObjectUtils,equal
1924,org.jfree.chart.util.ObjectUtils,equal
2566,org.jfree.chart.util.PaintUtils,equal
1604,org.jfree.chart.util.PaintUtils,equal
2244,org.jfree.chart.util.PaintUtils,equal
1925,org.jfree.chart.util.PaintUtils,equal
3528,org.jfree.chart.ui.RectangleInsets,equals
2566,org.jfree.chart.util.PaintUtils,equal
2566,org.jfree.chart.util.PaintUtils,equal
1925,org.jfree.chart.util.PaintUtils,equal
2886,org.jfree.chart.util.PaintUtils,equal
2245,org.jfree.chart.renderer.category.StandardBarPainter,equals
2245,org.jfree.chart.renderer.xy.StandardXYBarPainter,equals
3208,org.jfree.chart.util.PaintUtils,equal
2565,org.jfree.chart.util.PaintUtils,equal
2566,org.jfree.chart.util.PaintUtils,equal
1604,org.jfree.chart.util.PaintUtils,equal
4555465,org.jfree.chart.StandardChartTheme,equals
2245,org.jfree.chart.util.ParamChecks,nullNotPermitted
17320,org.jfree.chart.StandardChartTheme,createDefaultFont
14113,org.jfree.chart.StandardChartTheme,createDefaultFont
19887,org.jfree.chart.StandardChartTheme,createDefaultFont
23734,org.jfree.chart.StandardChartTheme,createDefaultFont
2567,org.jfree.chart.util.ParamChecks,nullNotPermitted
9301,org.jfree.chart.Colors,createFancyLightColors
5077628,org.jfree.chart.Colors,getDefaultColors
2246,org.jfree.chart.util.ParamChecks,nullNotPermitted
2886,org.jfree.chart.StandardChartTheme,equals
1925,org.jfree.chart.util.ParamChecks,nullNotPermitted
13472,org.jfree.chart.StandardChartTheme,createDefaultFont
12188,org.jfree.chart.StandardChartTheme,createDefaultFont
14432,org.jfree.chart.StandardChartTheme,createDefaultFont
14434,org.jfree.chart.StandardChartTheme,createDefaultFont
2244,org.jfree.chart.util.ParamChecks,nullNotPermitted
10264,org.jfree.chart.Colors,createFancyLightColors
4855356,org.jfree.chart.Colors,getDefaultColors
1925,org.jfree.chart.util.ParamChecks,nullNotPermitted
962,org.jfree.chart.util.PaintUtils,equal
1924,org.jfree.chart.util.PaintUtils,equal
2886,org.jfree.chart.drawable.ColorPainter,equals
4283156,org.jfree.chart.util.ObjectUtils,equal
2245,org.jfree.chart.util.PaintUtils,equal
1604,org.jfree.chart.util.PaintUtils,equal
963,org.jfree.chart.util.ObjectUtils,equal
4407283,org.jfree.chart.util.ShapeUtils,equal
6735,org.jfree.chart.util.ShapeUtils,equal
4241460,org.jfree.chart.util.ShapeUtils,equal
1604,org.jfree.chart.util.ShapeUtils,equal
4783510,org.jfree.chart.util.ShapeUtils,equal
2245,org.jfree.chart.util.ShapeUtils,equal
4191746,org.jfree.chart.util.ShapeUtils,equal
962,org.jfree.chart.util.ObjectUtils,equal
4566370,org.jfree.chart.util.ShapeUtils,equal
1604,org.jfree.chart.util.ShapeUtils,equal
4218688,org.jfree.chart.util.ShapeUtils,equal
6735,org.jfree.chart.util.ShapeUtils,equal
4410490,org.jfree.chart.util.ShapeUtils,equal
1924,org.jfree.chart.util.ShapeUtils,equal
4283798,org.jfree.chart.util.ShapeUtils,equal
642,org.jfree.chart.util.ObjectUtils,equal
4908599,org.jfree.chart.util.ShapeUtils,equal
1924,org.jfree.chart.util.ShapeUtils,equal
4705570,org.jfree.chart.util.ShapeUtils,equal
9411783,org.jfree.chart.plot.DefaultDrawingSupplier,equalShapes
14470487,org.jfree.chart.plot.DefaultDrawingSupplier,equals
2886,org.jfree.chart.drawable.ColorPainter,equals
4807886,org.jfree.chart.util.ObjectUtils,equal
2246,org.jfree.chart.util.ObjectUtils,equal
1925,org.jfree.chart.util.PaintUtils,equal
1924,org.jfree.chart.util.PaintUtils,equal
1924,org.jfree.chart.util.PaintUtils,equal
5452,org.jfree.chart.util.PaintUtils,equal
3850,org.jfree.chart.ui.RectangleInsets,equals
3208,org.jfree.chart.util.PaintUtils,equal
2566,org.jfree.chart.util.PaintUtils,equal
2887,org.jfree.chart.util.PaintUtils,equal
2886,org.jfree.chart.util.PaintUtils,equal
2246,org.jfree.chart.renderer.category.StandardBarPainter,equals
2246,org.jfree.chart.renderer.xy.StandardXYBarPainter,equals
4811,org.jfree.chart.util.PaintUtils,equal
2245,org.jfree.chart.util.PaintUtils,equal
1924,org.jfree.chart.util.PaintUtils,equal
1604,org.jfree.chart.util.PaintUtils,equal
4576633,org.jfree.chart.StandardChartTheme,equals
962,org.jfree.chart.util.ParamChecks,nullNotPermitted
5063516,org.jfree.chart.StandardChartTheme,setExtraLargeFont
4491,org.jfree.chart.StandardChartTheme,equals
962,org.jfree.chart.util.ParamChecks,nullNotPermitted
4582727,org.jfree.chart.StandardChartTheme,setExtraLargeFont
963,org.jfree.chart.util.PaintUtils,equal
1924,org.jfree.chart.util.PaintUtils,equal
2566,org.jfree.chart.drawable.ColorPainter,equals
4398944,org.jfree.chart.util.ObjectUtils,equal
1603,org.jfree.chart.util.PaintUtils,equal
1604,org.jfree.chart.util.PaintUtils,equal
642,org.jfree.chart.util.ObjectUtils,equal
4467582,org.jfree.chart.util.ShapeUtils,equal
7056,org.jfree.chart.util.ShapeUtils,equal
4693382,org.jfree.chart.util.ShapeUtils,equal
1283,org.jfree.chart.util.ShapeUtils,equal
4121183,org.jfree.chart.util.ShapeUtils,equal
1924,org.jfree.chart.util.ShapeUtils,equal
4311382,org.jfree.chart.util.ShapeUtils,equal
641,org.jfree.chart.util.ObjectUtils,equal
4194633,org.jfree.chart.util.ShapeUtils,equal
1604,org.jfree.chart.util.ShapeUtils,equal
4113165,org.jfree.chart.util.ShapeUtils,equal
7057,org.jfree.chart.util.ShapeUtils,equal
4167049,org.jfree.chart.util.ShapeUtils,equal
1924,org.jfree.chart.util.ShapeUtils,equal
4366227,org.jfree.chart.util.ShapeUtils,equal
1283,org.jfree.chart.util.ObjectUtils,equal
4202972,org.jfree.chart.util.ShapeUtils,equal
1924,org.jfree.chart.util.ShapeUtils,equal
4446734,org.jfree.chart.util.ShapeUtils,equal
8821943,org.jfree.chart.plot.DefaultDrawingSupplier,equalShapes
13761974,org.jfree.chart.plot.DefaultDrawingSupplier,equals
12830,org.jfree.chart.drawable.ColorPainter,equals
4944522,org.jfree.chart.util.ObjectUtils,equal
2245,org.jfree.chart.util.ObjectUtils,equal
962,org.jfree.chart.util.PaintUtils,equal
1604,org.jfree.chart.util.PaintUtils,equal
1925,org.jfree.chart.util.PaintUtils,equal
1284,org.jfree.chart.util.PaintUtils,equal
2245,org.jfree.chart.ui.RectangleInsets,equals
963,org.jfree.chart.util.PaintUtils,equal
962,org.jfree.chart.util.PaintUtils,equal
1603,org.jfree.chart.util.PaintUtils,equal
1283,org.jfree.chart.util.PaintUtils,equal
1604,org.jfree.chart.renderer.category.StandardBarPainter,equals
2246,org.jfree.chart.renderer.xy.StandardXYBarPainter,equals
1925,org.jfree.chart.util.PaintUtils,equal
1602,org.jfree.chart.util.PaintUtils,equal
1603,org.jfree.chart.util.PaintUtils,equal
1283,org.jfree.chart.util.PaintUtils,equal
4255573,org.jfree.chart.StandardChartTheme,equals
962,org.jfree.chart.util.ParamChecks,nullNotPermitted
4858884,org.jfree.chart.StandardChartTheme,setLargeFont
4490,org.jfree.chart.StandardChartTheme,equals
322,org.jfree.chart.util.ParamChecks,nullNotPermitted
5162305,org.jfree.chart.StandardChartTheme,setLargeFont
1604,org.jfree.chart.util.PaintUtils,equal
1283,org.jfree.chart.util.PaintUtils,equal
3208,org.jfree.chart.drawable.ColorPainter,equals
4569898,org.jfree.chart.util.ObjectUtils,equal
1925,org.jfree.chart.util.PaintUtils,equal
1282,org.jfree.chart.util.PaintUtils,equal
1282,org.jfree.chart.util.ObjectUtils,equal
4641422,org.jfree.chart.util.ShapeUtils,equal
7377,org.jfree.chart.util.ShapeUtils,equal
4801472,org.jfree.chart.util.ShapeUtils,equal
1925,org.jfree.chart.util.ShapeUtils,equal
4151333,org.jfree.chart.util.ShapeUtils,equal
1283,org.jfree.chart.util.ShapeUtils,equal
4975954,org.jfree.chart.util.ShapeUtils,equal
962,org.jfree.chart.util.ObjectUtils,equal
4115089,org.jfree.chart.util.ShapeUtils,equal
1604,org.jfree.chart.util.ShapeUtils,equal
4472393,org.jfree.chart.util.ShapeUtils,equal
8018,org.jfree.chart.util.ShapeUtils,equal
4228952,org.jfree.chart.util.ShapeUtils,equal
1604,org.jfree.chart.util.ShapeUtils,equal
4865620,org.jfree.chart.util.ShapeUtils,equal
963,org.jfree.chart.util.ObjectUtils,equal
4123108,org.jfree.chart.util.ShapeUtils,equal
1924,org.jfree.chart.util.ShapeUtils,equal
4537824,org.jfree.chart.util.ShapeUtils,equal
9218698,org.jfree.chart.plot.DefaultDrawingSupplier,equalShapes
15255658,org.jfree.chart.plot.DefaultDrawingSupplier,equals
2887,org.jfree.chart.drawable.ColorPainter,equals
4458922,org.jfree.chart.util.ObjectUtils,equal
1925,org.jfree.chart.util.ObjectUtils,equal
1283,org.jfree.chart.util.PaintUtils,equal
1604,org.jfree.chart.util.PaintUtils,equal
1283,org.jfree.chart.util.PaintUtils,equal
1283,org.jfree.chart.util.PaintUtils,equal
2887,org.jfree.chart.ui.RectangleInsets,equals
1924,org.jfree.chart.util.PaintUtils,equal
1924,org.jfree.chart.util.PaintUtils,equal
1282,org.jfree.chart.util.PaintUtils,equal
1926,org.jfree.chart.util.PaintUtils,equal
1924,org.jfree.chart.renderer.category.StandardBarPainter,equals
1925,org.jfree.chart.renderer.xy.StandardXYBarPainter,equals
1604,org.jfree.chart.util.PaintUtils,equal
1604,org.jfree.chart.util.PaintUtils,equal
1924,org.jfree.chart.util.PaintUtils,equal
1603,org.jfree.chart.util.PaintUtils,equal
4335116,org.jfree.chart.StandardChartTheme,equals
642,org.jfree.chart.util.ParamChecks,nullNotPermitted
4977238,org.jfree.chart.StandardChartTheme,setRegularFont
5132,org.jfree.chart.StandardChartTheme,equals
962,org.jfree.chart.util.ParamChecks,nullNotPermitted
4913089,org.jfree.chart.StandardChartTheme,setRegularFont
1282,org.jfree.chart.util.PaintUtils,equal
2245,org.jfree.chart.util.PaintUtils,equal
2887,org.jfree.chart.drawable.ColorPainter,equals
4643989,org.jfree.chart.util.ObjectUtils,equal
1925,org.jfree.chart.util.PaintUtils,equal
1602,org.jfree.chart.util.PaintUtils,equal
962,org.jfree.chart.util.ObjectUtils,equal
4288289,org.jfree.chart.util.ShapeUtils,equal
8017,org.jfree.chart.util.ShapeUtils,equal
4596839,org.jfree.chart.util.ShapeUtils,equal
1924,org.jfree.chart.util.ShapeUtils,equal
4292779,org.jfree.chart.util.ShapeUtils,equal
2566,org.jfree.chart.util.ShapeUtils,equal
4995841,org.jfree.chart.util.ShapeUtils,equal
1603,org.jfree.chart.util.ObjectUtils,equal
4407283,org.jfree.chart.util.ShapeUtils,equal
3208,org.jfree.chart.util.ShapeUtils,equal
4345701,org.jfree.chart.util.ShapeUtils,equal
8981,org.jfree.chart.util.ShapeUtils,equal
4969540,org.jfree.chart.util.ShapeUtils,equal
2887,org.jfree.chart.util.ShapeUtils,equal
4377455,org.jfree.chart.util.ShapeUtils,equal
1924,org.jfree.chart.util.ObjectUtils,equal
6655668,org.jfree.chart.util.ShapeUtils,equal
2887,org.jfree.chart.util.ShapeUtils,equal
5176417,org.jfree.chart.util.ShapeUtils,equal
10430131,org.jfree.chart.plot.DefaultDrawingSupplier,equalShapes
15819199,org.jfree.chart.plot.DefaultDrawingSupplier,equals
5131,org.jfree.chart.drawable.ColorPainter,equals
5238319,org.jfree.chart.util.ObjectUtils,equal
2887,org.jfree.chart.util.ObjectUtils,equal
1924,org.jfree.chart.util.PaintUtils,equal
1924,org.jfree.chart.util.PaintUtils,equal
1603,org.jfree.chart.util.PaintUtils,equal
1925,org.jfree.chart.util.PaintUtils,equal
2566,org.jfree.chart.ui.RectangleInsets,equals
2246,org.jfree.chart.util.PaintUtils,equal
1603,org.jfree.chart.util.PaintUtils,equal
2245,org.jfree.chart.util.PaintUtils,equal
1604,org.jfree.chart.util.PaintUtils,equal
2246,org.jfree.chart.renderer.category.StandardBarPainter,equals
2887,org.jfree.chart.renderer.xy.StandardXYBarPainter,equals
1925,org.jfree.chart.util.PaintUtils,equal
5132,org.jfree.chart.util.PaintUtils,equal
1925,org.jfree.chart.util.PaintUtils,equal
1924,org.jfree.chart.util.PaintUtils,equal
4263592,org.jfree.chart.StandardChartTheme,equals
962,org.jfree.chart.util.ParamChecks,nullNotPermitted
4722249,org.jfree.chart.StandardChartTheme,setTitlePaint
1603,org.jfree.chart.util.PaintUtils,equal
4603254,org.jfree.chart.StandardChartTheme,equals
642,org.jfree.chart.util.ParamChecks,nullNotPermitted
4753041,org.jfree.chart.StandardChartTheme,setTitlePaint
52281,org.jfree.chart.util.PaintUtils,equal
2566,org.jfree.chart.util.PaintUtils,equal
2566,org.jfree.chart.drawable.ColorPainter,equals
4544239,org.jfree.chart.util.ObjectUtils,equal
2245,org.jfree.chart.util.PaintUtils,equal
1924,org.jfree.chart.util.PaintUtils,equal
962,org.jfree.chart.util.ObjectUtils,equal
4251083,org.jfree.chart.util.ShapeUtils,equal
7698,org.jfree.chart.util.ShapeUtils,equal
4567012,org.jfree.chart.util.ShapeUtils,equal
2566,org.jfree.chart.util.ShapeUtils,equal
4323570,org.jfree.chart.util.ShapeUtils,equal
3208,org.jfree.chart.util.ShapeUtils,equal
4445452,org.jfree.chart.util.ShapeUtils,equal
1283,org.jfree.chart.util.ObjectUtils,equal
4836433,org.jfree.chart.util.ShapeUtils,equal
1925,org.jfree.chart.util.ShapeUtils,equal
4219972,org.jfree.chart.util.ShapeUtils,equal
7698,org.jfree.chart.util.ShapeUtils,equal
4718721,org.jfree.chart.util.ShapeUtils,equal
2566,org.jfree.chart.util.ShapeUtils,equal
4211310,org.jfree.chart.util.ShapeUtils,equal
1283,org.jfree.chart.util.ObjectUtils,equal
4441923,org.jfree.chart.util.ShapeUtils,equal
1925,org.jfree.chart.util.ShapeUtils,equal
4211953,org.jfree.chart.util.ShapeUtils,equal
8434169,org.jfree.chart.plot.DefaultDrawingSupplier,equalShapes
14423981,org.jfree.chart.plot.DefaultDrawingSupplier,equals
3528,org.jfree.chart.drawable.ColorPainter,equals
4896731,org.jfree.chart.util.ObjectUtils,equal
2244,org.jfree.chart.util.ObjectUtils,equal
1283,org.jfree.chart.util.PaintUtils,equal
1924,org.jfree.chart.util.PaintUtils,equal
1924,org.jfree.chart.util.PaintUtils,equal
1604,org.jfree.chart.util.PaintUtils,equal
2887,org.jfree.chart.ui.RectangleInsets,equals
1282,org.jfree.chart.util.PaintUtils,equal
1283,org.jfree.chart.util.PaintUtils,equal
1604,org.jfree.chart.util.PaintUtils,equal
1604,org.jfree.chart.util.PaintUtils,equal
1924,org.jfree.chart.renderer.category.StandardBarPainter,equals
1924,org.jfree.chart.renderer.xy.StandardXYBarPainter,equals
1604,org.jfree.chart.util.PaintUtils,equal
1604,org.jfree.chart.util.PaintUtils,equal
1604,org.jfree.chart.util.PaintUtils,equal
1604,org.jfree.chart.util.PaintUtils,equal
4335437,org.jfree.chart.StandardChartTheme,equals
642,org.jfree.chart.util.ParamChecks,nullNotPermitted
4783832,org.jfree.chart.StandardChartTheme,setSubtitlePaint
9943,org.jfree.chart.util.PaintUtils,equal
3528,org.jfree.chart.util.PaintUtils,equal
4176671,org.jfree.chart.StandardChartTheme,equals
642,org.jfree.chart.util.ParamChecks,nullNotPermitted
4623783,org.jfree.chart.StandardChartTheme,setSubtitlePaint
9623,org.jfree.chart.util.PaintUtils,equal
8019,org.jfree.chart.util.PaintUtils,equal
3528,org.jfree.chart.drawable.ColorPainter,equals
4696590,org.jfree.chart.util.ObjectUtils,equal
1924,org.jfree.chart.util.PaintUtils,equal
12829,org.jfree.chart.util.PaintUtils,equal
1283,org.jfree.chart.util.ObjectUtils,equal
4399265,org.jfree.chart.util.ShapeUtils,equal
7698,org.jfree.chart.util.ShapeUtils,equal
4460847,org.jfree.chart.util.ShapeUtils,equal
2245,org.jfree.chart.util.ShapeUtils,equal
4333833,org.jfree.chart.util.ShapeUtils,equal
1604,org.jfree.chart.util.ShapeUtils,equal
4879411,org.jfree.chart.util.ShapeUtils,equal
1284,org.jfree.chart.util.ObjectUtils,equal
4324854,org.jfree.chart.util.ShapeUtils,equal
2246,org.jfree.chart.util.ShapeUtils,equal
4830018,org.jfree.chart.util.ShapeUtils,equal
10585,org.jfree.chart.util.ShapeUtils,equal
4375209,org.jfree.chart.util.ShapeUtils,equal
3849,org.jfree.chart.util.ShapeUtils,equal
4301118,org.jfree.chart.util.ShapeUtils,equal
962,org.jfree.chart.util.ObjectUtils,equal
4467903,org.jfree.chart.util.ShapeUtils,equal
1925,org.jfree.chart.util.ShapeUtils,equal
4196557,org.jfree.chart.util.ShapeUtils,equal
8471054,org.jfree.chart.plot.DefaultDrawingSupplier,equalShapes
13878723,org.jfree.chart.plot.DefaultDrawingSupplier,equals
3528,org.jfree.chart.drawable.ColorPainter,equals
4432942,org.jfree.chart.util.ObjectUtils,equal
2566,org.jfree.chart.util.ObjectUtils,equal
2566,org.jfree.chart.util.PaintUtils,equal
1924,org.jfree.chart.util.PaintUtils,equal
2888,org.jfree.chart.util.PaintUtils,equal
1604,org.jfree.chart.util.PaintUtils,equal
2886,org.jfree.chart.ui.RectangleInsets,equals
2245,org.jfree.chart.util.PaintUtils,equal
1604,org.jfree.chart.util.PaintUtils,equal
1924,org.jfree.chart.util.PaintUtils,equal
1924,org.jfree.chart.util.PaintUtils,equal
2245,org.jfree.chart.renderer.category.StandardBarPainter,equals
2245,org.jfree.chart.renderer.xy.StandardXYBarPainter,equals
2887,org.jfree.chart.util.PaintUtils,equal
1604,org.jfree.chart.util.PaintUtils,equal
1604,org.jfree.chart.util.PaintUtils,equal
1603,org.jfree.chart.util.PaintUtils,equal
4576312,org.jfree.chart.StandardChartTheme,equals
1924,org.jfree.chart.util.ParamChecks,nullNotPermitted
5773,org.jfree.chart.StandardChartTheme,setChartBackgroundPainter
10264,org.jfree.chart.util.PaintUtils,equal
10263,org.jfree.chart.util.PaintUtils,equal
2566,org.jfree.chart.drawable.ColorPainter,equals
4562200,org.jfree.chart.util.ObjectUtils,equal
9191435,org.jfree.chart.StandardChartTheme,equals
1925,org.jfree.chart.util.ParamChecks,nullNotPermitted
1282,org.jfree.chart.StandardChartTheme,setChartBackgroundPainter
11226,org.jfree.chart.util.PaintUtils,equal
18603,org.jfree.chart.util.PaintUtils,equal
2566,org.jfree.chart.drawable.ColorPainter,equals
4475922,org.jfree.chart.util.ObjectUtils,equal
1925,org.jfree.chart.util.PaintUtils,equal
1924,org.jfree.chart.util.PaintUtils,equal
962,org.jfree.chart.util.ObjectUtils,equal
4473676,org.jfree.chart.util.ShapeUtils,equal
7377,org.jfree.chart.util.ShapeUtils,equal
4876204,org.jfree.chart.util.ShapeUtils,equal
1604,org.jfree.chart.util.ShapeUtils,equal
4810133,org.jfree.chart.util.ShapeUtils,equal
2245,org.jfree.chart.util.ShapeUtils,equal
4167690,org.jfree.chart.util.ShapeUtils,equal
1284,org.jfree.chart.util.ObjectUtils,equal
4840923,org.jfree.chart.util.ShapeUtils,equal
1925,org.jfree.chart.util.ShapeUtils,equal
4154541,org.jfree.chart.util.ShapeUtils,equal
8019,org.jfree.chart.util.ShapeUtils,equal
4294384,org.jfree.chart.util.ShapeUtils,equal
1924,org.jfree.chart.util.ShapeUtils,equal
4117014,org.jfree.chart.util.ShapeUtils,equal
1283,org.jfree.chart.util.ObjectUtils,equal
4367512,org.jfree.chart.util.ShapeUtils,equal
1925,org.jfree.chart.util.ShapeUtils,equal
4140107,org.jfree.chart.util.ShapeUtils,equal
8896355,org.jfree.chart.plot.DefaultDrawingSupplier,equalShapes
13857234,org.jfree.chart.plot.DefaultDrawingSupplier,equals
3208,org.jfree.chart.drawable.ColorPainter,equals
4594274,org.jfree.chart.util.ObjectUtils,equal
2245,org.jfree.chart.util.ObjectUtils,equal
1604,org.jfree.chart.util.PaintUtils,equal
1603,org.jfree.chart.util.PaintUtils,equal
1604,org.jfree.chart.util.PaintUtils,equal
1924,org.jfree.chart.util.PaintUtils,equal
2886,org.jfree.chart.ui.RectangleInsets,equals
1604,org.jfree.chart.util.PaintUtils,equal
1924,org.jfree.chart.util.PaintUtils,equal
1924,org.jfree.chart.util.PaintUtils,equal
1925,org.jfree.chart.util.PaintUtils,equal
1924,org.jfree.chart.renderer.category.StandardBarPainter,equals
2566,org.jfree.chart.renderer.xy.StandardXYBarPainter,equals
1604,org.jfree.chart.util.PaintUtils,equal
1925,org.jfree.chart.util.PaintUtils,equal
1604,org.jfree.chart.util.PaintUtils,equal
2245,org.jfree.chart.util.PaintUtils,equal
4561559,org.jfree.chart.StandardChartTheme,equals
4170,org.jfree.chart.StandardChartTheme,setLegendBackgroundPaint
10905,org.jfree.chart.util.PaintUtils,equal
8981,org.jfree.chart.util.PaintUtils,equal
2566,org.jfree.chart.drawable.ColorPainter,equals
4726418,org.jfree.chart.util.ObjectUtils,equal
4490,org.jfree.chart.util.PaintUtils,equal
4660667,org.jfree.chart.StandardChartTheme,equals
1604,org.jfree.chart.StandardChartTheme,setLegendBackgroundPaint
9942,org.jfree.chart.util.PaintUtils,equal
10263,org.jfree.chart.util.PaintUtils,equal
2887,org.jfree.chart.drawable.ColorPainter,equals
4385152,org.jfree.chart.util.ObjectUtils,equal
12508,org.jfree.chart.util.PaintUtils,equal
1925,org.jfree.chart.util.PaintUtils,equal
963,org.jfree.chart.util.ObjectUtils,equal
4097770,org.jfree.chart.util.ShapeUtils,equal
7698,org.jfree.chart.util.ShapeUtils,equal
4469827,org.jfree.chart.util.ShapeUtils,equal
2245,org.jfree.chart.util.ShapeUtils,equal
4597160,org.jfree.chart.util.ShapeUtils,equal
2245,org.jfree.chart.util.ShapeUtils,equal
4192387,org.jfree.chart.util.ShapeUtils,equal
963,org.jfree.chart.util.ObjectUtils,equal
4936503,org.jfree.chart.util.ShapeUtils,equal
1604,org.jfree.chart.util.ShapeUtils,equal
4188859,org.jfree.chart.util.ShapeUtils,equal
7377,org.jfree.chart.util.ShapeUtils,equal
4576313,org.jfree.chart.util.ShapeUtils,equal
1604,org.jfree.chart.util.ShapeUtils,equal
4161276,org.jfree.chart.util.ShapeUtils,equal
1284,org.jfree.chart.util.ObjectUtils,equal
4902826,org.jfree.chart.util.ShapeUtils,equal
1924,org.jfree.chart.util.ShapeUtils,equal
4129201,org.jfree.chart.util.ShapeUtils,equal
8381246,org.jfree.chart.plot.DefaultDrawingSupplier,equalShapes
13752672,org.jfree.chart.plot.DefaultDrawingSupplier,equals
3849,org.jfree.chart.drawable.ColorPainter,equals
5417934,org.jfree.chart.util.ObjectUtils,equal
3207,org.jfree.chart.util.ObjectUtils,equal
1604,org.jfree.chart.util.PaintUtils,equal
1604,org.jfree.chart.util.PaintUtils,equal
1604,org.jfree.chart.util.PaintUtils,equal
2566,org.jfree.chart.util.PaintUtils,equal
2888,org.jfree.chart.ui.RectangleInsets,equals
1603,org.jfree.chart.util.PaintUtils,equal
1604,org.jfree.chart.util.PaintUtils,equal
2246,org.jfree.chart.util.PaintUtils,equal
2246,org.jfree.chart.util.PaintUtils,equal
2245,org.jfree.chart.renderer.category.StandardBarPainter,equals
1924,org.jfree.chart.renderer.xy.StandardXYBarPainter,equals
1604,org.jfree.chart.util.PaintUtils,equal
1924,org.jfree.chart.util.PaintUtils,equal
1604,org.jfree.chart.util.PaintUtils,equal
2245,org.jfree.chart.util.PaintUtils,equal
4560276,org.jfree.chart.StandardChartTheme,equals
963,org.jfree.chart.util.ParamChecks,nullNotPermitted
5676450,org.jfree.chart.StandardChartTheme,setLegendItemPaint
10585,org.jfree.chart.util.PaintUtils,equal
11546,org.jfree.chart.util.PaintUtils,equal
3207,org.jfree.chart.drawable.ColorPainter,equals
5214264,org.jfree.chart.util.ObjectUtils,equal
13792,org.jfree.chart.util.PaintUtils,equal
3208,org.jfree.chart.util.PaintUtils,equal
4559635,org.jfree.chart.StandardChartTheme,equals
962,org.jfree.chart.util.ParamChecks,nullNotPermitted
4854394,org.jfree.chart.StandardChartTheme,setLegendItemPaint
10904,org.jfree.chart.util.PaintUtils,equal
12509,org.jfree.chart.util.PaintUtils,equal
4491,org.jfree.chart.drawable.ColorPainter,equals
4796340,org.jfree.chart.util.ObjectUtils,equal
13150,org.jfree.chart.util.PaintUtils,equal
11225,org.jfree.chart.util.PaintUtils,equal
962,org.jfree.chart.util.ObjectUtils,equal
6467714,org.jfree.chart.util.ShapeUtils,equal
9623,org.jfree.chart.util.ShapeUtils,equal
4422358,org.jfree.chart.util.ShapeUtils,equal
3528,org.jfree.chart.util.ShapeUtils,equal
4808528,org.jfree.chart.util.ShapeUtils,equal
2887,org.jfree.chart.util.ShapeUtils,equal
4615764,org.jfree.chart.util.ShapeUtils,equal
2245,org.jfree.chart.util.ObjectUtils,equal
4405679,org.jfree.chart.util.ShapeUtils,equal
2245,org.jfree.chart.util.ShapeUtils,equal
4418830,org.jfree.chart.util.ShapeUtils,equal
9302,org.jfree.chart.util.ShapeUtils,equal
4401510,org.jfree.chart.util.ShapeUtils,equal
1925,org.jfree.chart.util.ShapeUtils,equal
4833546,org.jfree.chart.util.ShapeUtils,equal
963,org.jfree.chart.util.ObjectUtils,equal
4265195,org.jfree.chart.util.ShapeUtils,equal
2246,org.jfree.chart.util.ShapeUtils,equal
4680874,org.jfree.chart.util.ShapeUtils,equal
9063781,org.jfree.chart.plot.DefaultDrawingSupplier,equalShapes
14259442,org.jfree.chart.plot.DefaultDrawingSupplier,equals
2887,org.jfree.chart.drawable.ColorPainter,equals
4465337,org.jfree.chart.util.ObjectUtils,equal
2245,org.jfree.chart.util.ObjectUtils,equal
1283,org.jfree.chart.util.PaintUtils,equal
1925,org.jfree.chart.util.PaintUtils,equal
1604,org.jfree.chart.util.PaintUtils,equal
1604,org.jfree.chart.util.PaintUtils,equal
2886,org.jfree.chart.ui.RectangleInsets,equals
1925,org.jfree.chart.util.PaintUtils,equal
2245,org.jfree.chart.util.PaintUtils,equal
1604,org.jfree.chart.util.PaintUtils,equal
1604,org.jfree.chart.util.PaintUtils,equal
2245,org.jfree.chart.renderer.category.StandardBarPainter,equals
1925,org.jfree.chart.renderer.xy.StandardXYBarPainter,equals
1604,org.jfree.chart.util.PaintUtils,equal
1604,org.jfree.chart.util.PaintUtils,equal
1284,org.jfree.chart.util.PaintUtils,equal
1603,org.jfree.chart.util.PaintUtils,equal
4171860,org.jfree.chart.StandardChartTheme,equals
962,org.jfree.chart.util.ParamChecks,nullNotPermitted
10429169,org.jfree.chart.StandardChartTheme,setDrawingSupplier
10585,org.jfree.chart.util.PaintUtils,equal
9302,org.jfree.chart.util.PaintUtils,equal
2566,org.jfree.chart.drawable.ColorPainter,equals
4353719,org.jfree.chart.util.ObjectUtils,equal
11226,org.jfree.chart.util.PaintUtils,equal
8660,org.jfree.chart.util.PaintUtils,equal
1925,org.jfree.chart.plot.DefaultDrawingSupplier,equals
4922391,org.jfree.chart.StandardChartTheme,equals
642,org.jfree.chart.util.ParamChecks,nullNotPermitted
4547767,org.jfree.chart.StandardChartTheme,setDrawingSupplier
8339,org.jfree.chart.util.PaintUtils,equal
9943,org.jfree.chart.util.PaintUtils,equal
2244,org.jfree.chart.drawable.ColorPainter,equals
4426527,org.jfree.chart.util.ObjectUtils,equal
10264,org.jfree.chart.util.PaintUtils,equal
15717,org.jfree.chart.util.PaintUtils,equal
3206,org.jfree.chart.util.ObjectUtils,equal
4154539,org.jfree.chart.util.ShapeUtils,equal
8722833,org.jfree.chart.plot.DefaultDrawingSupplier,equalShapes
13939342,org.jfree.chart.plot.DefaultDrawingSupplier,equals
2566,org.jfree.chart.drawable.ColorPainter,equals
4693062,org.jfree.chart.util.ObjectUtils,equal
3207,org.jfree.chart.util.ObjectUtils,equal
1284,org.jfree.chart.util.PaintUtils,equal
1925,org.jfree.chart.util.PaintUtils,equal
1604,org.jfree.chart.util.PaintUtils,equal
2566,org.jfree.chart.util.PaintUtils,equal
3206,org.jfree.chart.ui.RectangleInsets,equals
1924,org.jfree.chart.util.PaintUtils,equal
1925,org.jfree.chart.util.PaintUtils,equal
1924,org.jfree.chart.util.PaintUtils,equal
1603,org.jfree.chart.util.PaintUtils,equal
2246,org.jfree.chart.renderer.category.StandardBarPainter,equals
1925,org.jfree.chart.renderer.xy.StandardXYBarPainter,equals
1925,org.jfree.chart.util.PaintUtils,equal
1604,org.jfree.chart.util.PaintUtils,equal
1925,org.jfree.chart.util.PaintUtils,equal
1926,org.jfree.chart.util.PaintUtils,equal
4584653,org.jfree.chart.StandardChartTheme,equals
1604,org.jfree.chart.util.ParamChecks,nullNotPermitted
4811,org.jfree.chart.StandardChartTheme,setPlotBackgroundPainter
9943,org.jfree.chart.util.PaintUtils,equal
11226,org.jfree.chart.util.PaintUtils,equal
3849,org.jfree.chart.drawable.ColorPainter,equals
4760739,org.jfree.chart.util.ObjectUtils,equal
12508,org.jfree.chart.util.PaintUtils,equal
16358,org.jfree.chart.util.PaintUtils,equal
4490,org.jfree.chart.util.ObjectUtils,equal
4948049,org.jfree.chart.util.ShapeUtils,equal
9380991,org.jfree.chart.plot.DefaultDrawingSupplier,equalShapes
14448677,org.jfree.chart.plot.DefaultDrawingSupplier,equals
4490,org.jfree.chart.drawable.ColorPainter,equals
5065761,org.jfree.chart.util.ObjectUtils,equal
9567341,org.jfree.chart.StandardChartTheme,equals
4169,org.jfree.chart.util.ParamChecks,nullNotPermitted
1924,org.jfree.chart.StandardChartTheme,setPlotBackgroundPainter
20848,org.jfree.chart.util.PaintUtils,equal
9944,org.jfree.chart.util.PaintUtils,equal
2887,org.jfree.chart.drawable.ColorPainter,equals
4461488,org.jfree.chart.util.ObjectUtils,equal
9301,org.jfree.chart.util.PaintUtils,equal
10905,org.jfree.chart.util.PaintUtils,equal
3208,org.jfree.chart.util.ObjectUtils,equal
4211311,org.jfree.chart.util.ShapeUtils,equal
8744324,org.jfree.chart.plot.DefaultDrawingSupplier,equalShapes
14369455,org.jfree.chart.plot.DefaultDrawingSupplier,equals
2887,org.jfree.chart.drawable.ColorPainter,equals
4428452,org.jfree.chart.util.ObjectUtils,equal
2566,org.jfree.chart.util.ObjectUtils,equal
1604,org.jfree.chart.util.PaintUtils,equal
1284,org.jfree.chart.util.PaintUtils,equal
1925,org.jfree.chart.util.PaintUtils,equal
2244,org.jfree.chart.util.PaintUtils,equal
3528,org.jfree.chart.ui.RectangleInsets,equals
1604,org.jfree.chart.util.PaintUtils,equal
1603,org.jfree.chart.util.PaintUtils,equal
1925,org.jfree.chart.util.PaintUtils,equal
962,org.jfree.chart.util.PaintUtils,equal
2245,org.jfree.chart.renderer.category.StandardBarPainter,equals
2565,org.jfree.chart.renderer.xy.StandardXYBarPainter,equals
1924,org.jfree.chart.util.PaintUtils,equal
1924,org.jfree.chart.util.PaintUtils,equal
1924,org.jfree.chart.util.PaintUtils,equal
2244,org.jfree.chart.util.PaintUtils,equal
4158389,org.jfree.chart.StandardChartTheme,equals
1283,org.jfree.chart.util.ParamChecks,nullNotPermitted
7048253,org.jfree.chart.StandardChartTheme,setPlotBorderPainter
10264,org.jfree.chart.util.PaintUtils,equal
11226,org.jfree.chart.util.PaintUtils,equal
2565,org.jfree.chart.drawable.ColorPainter,equals
4372963,org.jfree.chart.util.ObjectUtils,equal
15074,org.jfree.chart.util.PaintUtils,equal
10263,org.jfree.chart.util.PaintUtils,equal
3528,org.jfree.chart.util.ObjectUtils,equal
4319079,org.jfree.chart.util.ShapeUtils,equal
8857224,org.jfree.chart.plot.DefaultDrawingSupplier,equalShapes
14016000,org.jfree.chart.plot.DefaultDrawingSupplier,equals
2887,org.jfree.chart.drawable.ColorPainter,equals
4918542,org.jfree.chart.util.ObjectUtils,equal
4491,org.jfree.chart.drawable.BorderPainter,equals
4546164,org.jfree.chart.util.ObjectUtils,equal
8848886,org.jfree.chart.StandardChartTheme,equals
962,org.jfree.chart.util.ParamChecks,nullNotPermitted
4647516,org.jfree.chart.StandardChartTheme,setPlotBorderPainter
9622,org.jfree.chart.util.PaintUtils,equal
25980,org.jfree.chart.util.PaintUtils,equal
2886,org.jfree.chart.drawable.ColorPainter,equals
4484259,org.jfree.chart.util.ObjectUtils,equal
11547,org.jfree.chart.util.PaintUtils,equal
25339,org.jfree.chart.util.PaintUtils,equal
4171,org.jfree.chart.util.ObjectUtils,equal
4332872,org.jfree.chart.util.ShapeUtils,equal
8702307,org.jfree.chart.plot.DefaultDrawingSupplier,equalShapes
13935495,org.jfree.chart.plot.DefaultDrawingSupplier,equals
1925,org.jfree.chart.drawable.ColorPainter,equals
4315872,org.jfree.chart.util.ObjectUtils,equal
22773,org.jfree.chart.drawable.BorderPainter,equals
4582086,org.jfree.chart.util.ObjectUtils,equal
1924,org.jfree.chart.util.PaintUtils,equal
1604,org.jfree.chart.util.PaintUtils,equal
2245,org.jfree.chart.util.PaintUtils,equal
1924,org.jfree.chart.util.PaintUtils,equal
3208,org.jfree.chart.ui.RectangleInsets,equals
9302,org.jfree.chart.util.PaintUtils,equal
962,org.jfree.chart.util.PaintUtils,equal
963,org.jfree.chart.util.PaintUtils,equal
1283,org.jfree.chart.util.PaintUtils,equal
2566,org.jfree.chart.renderer.category.StandardBarPainter,equals
2566,org.jfree.chart.renderer.xy.StandardXYBarPainter,equals
962,org.jfree.chart.util.PaintUtils,equal
1283,org.jfree.chart.util.PaintUtils,equal
1283,org.jfree.chart.util.PaintUtils,equal
1283,org.jfree.chart.util.PaintUtils,equal
4622179,org.jfree.chart.StandardChartTheme,equals
4811,org.jfree.chart.StandardChartTheme,setLabelLinkStyle
30792,org.jfree.chart.util.PaintUtils,equal
4490,org.jfree.chart.util.PaintUtils,equal
1604,org.jfree.chart.drawable.ColorPainter,equals
4610632,org.jfree.chart.util.ObjectUtils,equal
5453,org.jfree.chart.util.PaintUtils,equal
3208,org.jfree.chart.util.PaintUtils,equal
2886,org.jfree.chart.util.ObjectUtils,equal
4521465,org.jfree.chart.util.ShapeUtils,equal
8917844,org.jfree.chart.plot.DefaultDrawingSupplier,equalShapes
14227046,org.jfree.chart.plot.DefaultDrawingSupplier,equals
2245,org.jfree.chart.drawable.ColorPainter,equals
4713589,org.jfree.chart.util.ObjectUtils,equal
7055,org.jfree.chart.drawable.BorderPainter,equals
5668430,org.jfree.chart.util.ObjectUtils,equal
10820150,org.jfree.chart.StandardChartTheme,equals
1924,org.jfree.chart.StandardChartTheme,setLabelLinkStyle
4490,org.jfree.chart.util.PaintUtils,equal
5132,org.jfree.chart.util.PaintUtils,equal
2245,org.jfree.chart.drawable.ColorPainter,equals
4586255,org.jfree.chart.util.ObjectUtils,equal
4812,org.jfree.chart.util.PaintUtils,equal
4811,org.jfree.chart.util.PaintUtils,equal
3849,org.jfree.chart.util.ObjectUtils,equal
4582086,org.jfree.chart.util.ShapeUtils,equal
8974294,org.jfree.chart.plot.DefaultDrawingSupplier,equalShapes
14399925,org.jfree.chart.plot.DefaultDrawingSupplier,equals
2887,org.jfree.chart.drawable.ColorPainter,equals
5187963,org.jfree.chart.util.ObjectUtils,equal
4490,org.jfree.chart.drawable.BorderPainter,equals
4521787,org.jfree.chart.util.ObjectUtils,equal
1604,org.jfree.chart.util.PaintUtils,equal
1283,org.jfree.chart.util.PaintUtils,equal
962,org.jfree.chart.util.PaintUtils,equal
1282,org.jfree.chart.util.PaintUtils,equal
6414,org.jfree.chart.ui.RectangleInsets,equals
1283,org.jfree.chart.util.PaintUtils,equal
1282,org.jfree.chart.util.PaintUtils,equal
962,org.jfree.chart.util.PaintUtils,equal
963,org.jfree.chart.util.PaintUtils,equal
2887,org.jfree.chart.renderer.category.StandardBarPainter,equals
2566,org.jfree.chart.renderer.xy.StandardXYBarPainter,equals
962,org.jfree.chart.util.PaintUtils,equal
1603,org.jfree.chart.util.PaintUtils,equal
963,org.jfree.chart.util.PaintUtils,equal
962,org.jfree.chart.util.PaintUtils,equal
4050621,org.jfree.chart.StandardChartTheme,equals
962,org.jfree.chart.util.ParamChecks,nullNotPermitted
4603254,org.jfree.chart.StandardChartTheme,setLabelLinkPaint
4170,org.jfree.chart.util.PaintUtils,equal
4812,org.jfree.chart.util.PaintUtils,equal
2245,org.jfree.chart.drawable.ColorPainter,equals
4422358,org.jfree.chart.util.ObjectUtils,equal
4812,org.jfree.chart.util.PaintUtils,equal
5452,org.jfree.chart.util.PaintUtils,equal
4169,org.jfree.chart.util.ObjectUtils,equal
4193670,org.jfree.chart.util.ShapeUtils,equal
8688194,org.jfree.chart.plot.DefaultDrawingSupplier,equalShapes
13936456,org.jfree.chart.plot.DefaultDrawingSupplier,equals
1924,org.jfree.chart.drawable.ColorPainter,equals
4534936,org.jfree.chart.util.ObjectUtils,equal
3529,org.jfree.chart.drawable.BorderPainter,equals
4767794,org.jfree.chart.util.ObjectUtils,equal
24055,org.jfree.chart.util.PaintUtils,equal
4295345,org.jfree.chart.StandardChartTheme,equals
642,org.jfree.chart.util.ParamChecks,nullNotPermitted
4557389,org.jfree.chart.StandardChartTheme,setLabelLinkPaint
4490,org.jfree.chart.util.PaintUtils,equal
5453,org.jfree.chart.util.PaintUtils,equal
2245,org.jfree.chart.drawable.ColorPainter,equals
4613518,org.jfree.chart.util.ObjectUtils,equal
5132,org.jfree.chart.util.PaintUtils,equal
4169,org.jfree.chart.util.PaintUtils,equal
2887,org.jfree.chart.util.ObjectUtils,equal
4295024,org.jfree.chart.util.ShapeUtils,equal
8849206,org.jfree.chart.plot.DefaultDrawingSupplier,equalShapes
13887704,org.jfree.chart.plot.DefaultDrawingSupplier,equals
3207,org.jfree.chart.drawable.ColorPainter,equals
4488430,org.jfree.chart.util.ObjectUtils,equal
4490,org.jfree.chart.drawable.BorderPainter,equals
4809491,org.jfree.chart.util.ObjectUtils,equal
6095,org.jfree.chart.util.PaintUtils,equal
962,org.jfree.chart.util.PaintUtils,equal
1604,org.jfree.chart.util.PaintUtils,equal
1925,org.jfree.chart.util.PaintUtils,equal
3529,org.jfree.chart.ui.RectangleInsets,equals
962,org.jfree.chart.util.PaintUtils,equal
1283,org.jfree.chart.util.PaintUtils,equal
1283,org.jfree.chart.util.PaintUtils,equal
1283,org.jfree.chart.util.PaintUtils,equal
1925,org.jfree.chart.renderer.category.StandardBarPainter,equals
2566,org.jfree.chart.renderer.xy.StandardXYBarPainter,equals
1283,org.jfree.chart.util.PaintUtils,equal
642,org.jfree.chart.util.PaintUtils,equal
1603,org.jfree.chart.util.PaintUtils,equal
1283,org.jfree.chart.util.PaintUtils,equal
4154540,org.jfree.chart.StandardChartTheme,equals
1924,org.jfree.chart.util.ParamChecks,nullNotPermitted
4921428,org.jfree.chart.StandardChartTheme,setDomainGridlinePaint
7697,org.jfree.chart.util.PaintUtils,equal
5453,org.jfree.chart.util.PaintUtils,equal
1924,org.jfree.chart.drawable.ColorPainter,equals
5382011,org.jfree.chart.util.ObjectUtils,equal
18282,org.jfree.chart.util.PaintUtils,equal
4490,org.jfree.chart.util.PaintUtils,equal
3850,org.jfree.chart.util.ObjectUtils,equal
4264875,org.jfree.chart.util.ShapeUtils,equal
8559579,org.jfree.chart.plot.DefaultDrawingSupplier,equalShapes
13927797,org.jfree.chart.plot.DefaultDrawingSupplier,equals
2244,org.jfree.chart.drawable.ColorPainter,equals
4597160,org.jfree.chart.util.ObjectUtils,equal
3850,org.jfree.chart.drawable.BorderPainter,equals
4761380,org.jfree.chart.util.ObjectUtils,equal
5131,org.jfree.chart.util.PaintUtils,equal
25659,org.jfree.chart.util.PaintUtils,equal
4323890,org.jfree.chart.StandardChartTheme,equals
962,org.jfree.chart.util.ParamChecks,nullNotPermitted
5016047,org.jfree.chart.StandardChartTheme,setDomainGridlinePaint
3849,org.jfree.chart.util.PaintUtils,equal
4490,org.jfree.chart.util.PaintUtils,equal
1925,org.jfree.chart.drawable.ColorPainter,equals
4956068,org.jfree.chart.util.ObjectUtils,equal
5773,org.jfree.chart.util.PaintUtils,equal
5132,org.jfree.chart.util.PaintUtils,equal
3207,org.jfree.chart.util.ObjectUtils,equal
4502222,org.jfree.chart.util.ShapeUtils,equal
8716098,org.jfree.chart.plot.DefaultDrawingSupplier,equalShapes
13839914,org.jfree.chart.plot.DefaultDrawingSupplier,equals
2246,org.jfree.chart.drawable.ColorPainter,equals
4736042,org.jfree.chart.util.ObjectUtils,equal
3528,org.jfree.chart.drawable.BorderPainter,equals
4720325,org.jfree.chart.util.ObjectUtils,equal
5132,org.jfree.chart.util.PaintUtils,equal
1603,org.jfree.chart.util.PaintUtils,equal
1604,org.jfree.chart.util.PaintUtils,equal
963,org.jfree.chart.util.PaintUtils,equal
4491,org.jfree.chart.ui.RectangleInsets,equals
1283,org.jfree.chart.util.PaintUtils,equal
962,org.jfree.chart.util.PaintUtils,equal
1283,org.jfree.chart.util.PaintUtils,equal
1282,org.jfree.chart.util.PaintUtils,equal
1925,org.jfree.chart.renderer.category.StandardBarPainter,equals
1924,org.jfree.chart.renderer.xy.StandardXYBarPainter,equals
1604,org.jfree.chart.util.PaintUtils,equal
1282,org.jfree.chart.util.PaintUtils,equal
962,org.jfree.chart.util.PaintUtils,equal
4170,org.jfree.chart.util.PaintUtils,equal
4421075,org.jfree.chart.StandardChartTheme,equals
1282,org.jfree.chart.util.ParamChecks,nullNotPermitted
4947728,org.jfree.chart.StandardChartTheme,setRangeGridlinePaint
4170,org.jfree.chart.util.PaintUtils,equal
4169,org.jfree.chart.util.PaintUtils,equal
4490,org.jfree.chart.drawable.ColorPainter,equals
4929127,org.jfree.chart.util.ObjectUtils,equal
5453,org.jfree.chart.util.PaintUtils,equal
3528,org.jfree.chart.util.PaintUtils,equal
3208,org.jfree.chart.util.ObjectUtils,equal
4624745,org.jfree.chart.util.ShapeUtils,equal
9102911,org.jfree.chart.plot.DefaultDrawingSupplier,equalShapes
14150711,org.jfree.chart.plot.DefaultDrawingSupplier,equals
2887,org.jfree.chart.drawable.ColorPainter,equals
5192454,org.jfree.chart.util.ObjectUtils,equal
3528,org.jfree.chart.drawable.BorderPainter,equals
4718721,org.jfree.chart.util.ObjectUtils,equal
5132,org.jfree.chart.util.PaintUtils,equal
963,org.jfree.chart.util.PaintUtils,equal
1604,org.jfree.chart.util.PaintUtils,equal
4074997,org.jfree.chart.StandardChartTheme,equals
962,org.jfree.chart.util.ParamChecks,nullNotPermitted
4608386,org.jfree.chart.StandardChartTheme,setRangeGridlinePaint
4170,org.jfree.chart.util.PaintUtils,equal
4170,org.jfree.chart.util.PaintUtils,equal
3207,org.jfree.chart.drawable.ColorPainter,equals
4738286,org.jfree.chart.util.ObjectUtils,equal
6094,org.jfree.chart.util.PaintUtils,equal
6414,org.jfree.chart.util.PaintUtils,equal
4169,org.jfree.chart.util.ObjectUtils,equal
4614801,org.jfree.chart.util.ShapeUtils,equal
8893788,org.jfree.chart.plot.DefaultDrawingSupplier,equalShapes
14121523,org.jfree.chart.plot.DefaultDrawingSupplier,equals
2565,org.jfree.chart.drawable.ColorPainter,equals
4328059,org.jfree.chart.util.ObjectUtils,equal
3528,org.jfree.chart.drawable.BorderPainter,equals
4545201,org.jfree.chart.util.ObjectUtils,equal
5773,org.jfree.chart.util.PaintUtils,equal
962,org.jfree.chart.util.PaintUtils,equal
1284,org.jfree.chart.util.PaintUtils,equal
962,org.jfree.chart.util.PaintUtils,equal
3207,org.jfree.chart.ui.RectangleInsets,equals
962,org.jfree.chart.util.PaintUtils,equal
1284,org.jfree.chart.util.PaintUtils,equal
962,org.jfree.chart.util.PaintUtils,equal
963,org.jfree.chart.util.PaintUtils,equal
1924,org.jfree.chart.renderer.category.StandardBarPainter,equals
3207,org.jfree.chart.renderer.xy.StandardXYBarPainter,equals
1284,org.jfree.chart.util.PaintUtils,equal
962,org.jfree.chart.util.PaintUtils,equal
1925,org.jfree.chart.util.PaintUtils,equal
962,org.jfree.chart.util.PaintUtils,equal
4142352,org.jfree.chart.StandardChartTheme,equals
642,org.jfree.chart.util.ParamChecks,nullNotPermitted
5357634,org.jfree.chart.StandardChartTheme,setAxisOffset
4490,org.jfree.chart.util.PaintUtils,equal
3208,org.jfree.chart.util.PaintUtils,equal
1924,org.jfree.chart.drawable.ColorPainter,equals
4991029,org.jfree.chart.util.ObjectUtils,equal
5773,org.jfree.chart.util.PaintUtils,equal
3528,org.jfree.chart.util.PaintUtils,equal
3207,org.jfree.chart.util.ObjectUtils,equal
4792169,org.jfree.chart.util.ShapeUtils,equal
9135946,org.jfree.chart.plot.DefaultDrawingSupplier,equalShapes
13987133,org.jfree.chart.plot.DefaultDrawingSupplier,equals
2566,org.jfree.chart.drawable.ColorPainter,equals
4500298,org.jfree.chart.util.ObjectUtils,equal
4170,org.jfree.chart.drawable.BorderPainter,equals
4453469,org.jfree.chart.util.ObjectUtils,equal
4810,org.jfree.chart.util.PaintUtils,equal
1604,org.jfree.chart.util.PaintUtils,equal
1604,org.jfree.chart.util.PaintUtils,equal
962,org.jfree.chart.util.PaintUtils,equal
3528,org.jfree.chart.ui.RectangleInsets,equals
4420754,org.jfree.chart.StandardChartTheme,equals
320,org.jfree.chart.util.ParamChecks,nullNotPermitted
4881015,org.jfree.chart.StandardChartTheme,setAxisOffset
4811,org.jfree.chart.util.PaintUtils,equal
4811,org.jfree.chart.util.PaintUtils,equal
1925,org.jfree.chart.drawable.ColorPainter,equals
4788643,org.jfree.chart.util.ObjectUtils,equal
6095,org.jfree.chart.util.PaintUtils,equal
4811,org.jfree.chart.util.PaintUtils,equal
2886,org.jfree.chart.util.ObjectUtils,equal
4426847,org.jfree.chart.util.ShapeUtils,equal
9071478,org.jfree.chart.plot.DefaultDrawingSupplier,equalShapes
14047753,org.jfree.chart.plot.DefaultDrawingSupplier,equals
2886,org.jfree.chart.drawable.ColorPainter,equals
4917258,org.jfree.chart.util.ObjectUtils,equal
3849,org.jfree.chart.drawable.BorderPainter,equals
4522429,org.jfree.chart.util.ObjectUtils,equal
5131,org.jfree.chart.util.PaintUtils,equal
1282,org.jfree.chart.util.PaintUtils,equal
962,org.jfree.chart.util.PaintUtils,equal
3207,org.jfree.chart.util.PaintUtils,equal
5452,org.jfree.chart.ui.RectangleInsets,equals
1924,org.jfree.chart.util.PaintUtils,equal
1925,org.jfree.chart.util.PaintUtils,equal
1283,org.jfree.chart.util.PaintUtils,equal
1284,org.jfree.chart.util.PaintUtils,equal
2566,org.jfree.chart.renderer.category.StandardBarPainter,equals
2566,org.jfree.chart.renderer.xy.StandardXYBarPainter,equals
1283,org.jfree.chart.util.PaintUtils,equal
641,org.jfree.chart.util.PaintUtils,equal
962,org.jfree.chart.util.PaintUtils,equal
1604,org.jfree.chart.util.PaintUtils,equal
4240498,org.jfree.chart.StandardChartTheme,equals
642,org.jfree.chart.util.ParamChecks,nullNotPermitted
5114513,org.jfree.chart.StandardChartTheme,setAxisLabelPaint
4811,org.jfree.chart.util.PaintUtils,equal
4169,org.jfree.chart.util.PaintUtils,equal
2245,org.jfree.chart.drawable.ColorPainter,equals
5051970,org.jfree.chart.util.ObjectUtils,equal
5132,org.jfree.chart.util.PaintUtils,equal
3849,org.jfree.chart.util.PaintUtils,equal
3849,org.jfree.chart.util.ObjectUtils,equal
4465017,org.jfree.chart.util.ShapeUtils,equal
8875506,org.jfree.chart.plot.DefaultDrawingSupplier,equalShapes
13854989,org.jfree.chart.plot.DefaultDrawingSupplier,equals
2565,org.jfree.chart.drawable.ColorPainter,equals
4562200,org.jfree.chart.util.ObjectUtils,equal
3849,org.jfree.chart.drawable.BorderPainter,equals
4923032,org.jfree.chart.util.ObjectUtils,equal
5774,org.jfree.chart.util.PaintUtils,equal
962,org.jfree.chart.util.PaintUtils,equal
963,org.jfree.chart.util.PaintUtils,equal
1282,org.jfree.chart.util.PaintUtils,equal
3849,org.jfree.chart.ui.RectangleInsets,equals
1925,org.jfree.chart.util.PaintUtils,equal
4128240,org.jfree.chart.StandardChartTheme,equals
962,org.jfree.chart.util.ParamChecks,nullNotPermitted
4696911,org.jfree.chart.StandardChartTheme,setAxisLabelPaint
4170,org.jfree.chart.util.PaintUtils,equal
4811,org.jfree.chart.util.PaintUtils,equal
5452,org.jfree.chart.drawable.ColorPainter,equals
4590105,org.jfree.chart.util.ObjectUtils,equal
5132,org.jfree.chart.util.PaintUtils,equal
3207,org.jfree.chart.util.PaintUtils,equal
3849,org.jfree.chart.util.ObjectUtils,equal
4454432,org.jfree.chart.util.ShapeUtils,equal
8677289,org.jfree.chart.plot.DefaultDrawingSupplier,equalShapes
13722203,org.jfree.chart.plot.DefaultDrawingSupplier,equals
1924,org.jfree.chart.drawable.ColorPainter,equals
4401188,org.jfree.chart.util.ObjectUtils,equal
2887,org.jfree.chart.drawable.BorderPainter,equals
4677986,org.jfree.chart.util.ObjectUtils,equal
5453,org.jfree.chart.util.PaintUtils,equal
1282,org.jfree.chart.util.PaintUtils,equal
962,org.jfree.chart.util.PaintUtils,equal
1284,org.jfree.chart.util.PaintUtils,equal
3208,org.jfree.chart.ui.RectangleInsets,equals
3849,org.jfree.chart.util.PaintUtils,equal
1283,org.jfree.chart.util.PaintUtils,equal
1284,org.jfree.chart.util.PaintUtils,equal
962,org.jfree.chart.util.PaintUtils,equal
2245,org.jfree.chart.renderer.category.StandardBarPainter,equals
2245,org.jfree.chart.renderer.xy.StandardXYBarPainter,equals
963,org.jfree.chart.util.PaintUtils,equal
962,org.jfree.chart.util.PaintUtils,equal
963,org.jfree.chart.util.PaintUtils,equal
1282,org.jfree.chart.util.PaintUtils,equal
4279628,org.jfree.chart.StandardChartTheme,equals
4171,org.jfree.chart.StandardChartTheme,setTickLabelPaint
4170,org.jfree.chart.util.PaintUtils,equal
4170,org.jfree.chart.util.PaintUtils,equal
1925,org.jfree.chart.drawable.ColorPainter,equals
4751758,org.jfree.chart.util.ObjectUtils,equal
5453,org.jfree.chart.util.PaintUtils,equal
4170,org.jfree.chart.util.PaintUtils,equal
3528,org.jfree.chart.util.ObjectUtils,equal
4237611,org.jfree.chart.util.ShapeUtils,equal
9096817,org.jfree.chart.plot.DefaultDrawingSupplier,equalShapes
14038772,org.jfree.chart.plot.DefaultDrawingSupplier,equals
2246,org.jfree.chart.drawable.ColorPainter,equals
4630839,org.jfree.chart.util.ObjectUtils,equal
3849,org.jfree.chart.drawable.BorderPainter,equals
4423320,org.jfree.chart.util.ObjectUtils,equal
5453,org.jfree.chart.util.PaintUtils,equal
1283,org.jfree.chart.util.PaintUtils,equal
963,org.jfree.chart.util.PaintUtils,equal
962,org.jfree.chart.util.PaintUtils,equal
4171,org.jfree.chart.ui.RectangleInsets,equals
18282,org.jfree.chart.util.PaintUtils,equal
1924,org.jfree.chart.util.PaintUtils,equal
4288609,org.jfree.chart.StandardChartTheme,equals
1283,org.jfree.chart.StandardChartTheme,setTickLabelPaint
7698,org.jfree.chart.util.PaintUtils,equal
25980,org.jfree.chart.util.PaintUtils,equal
2246,org.jfree.chart.drawable.ColorPainter,equals
4533013,org.jfree.chart.util.ObjectUtils,equal
3208,org.jfree.chart.util.PaintUtils,equal
2566,org.jfree.chart.util.PaintUtils,equal
3529,org.jfree.chart.util.ObjectUtils,equal
4717759,org.jfree.chart.util.ShapeUtils,equal
9312034,org.jfree.chart.plot.DefaultDrawingSupplier,equalShapes
14208765,org.jfree.chart.plot.DefaultDrawingSupplier,equals
2566,org.jfree.chart.drawable.ColorPainter,equals
4597802,org.jfree.chart.util.ObjectUtils,equal
3528,org.jfree.chart.drawable.BorderPainter,equals
4364945,org.jfree.chart.util.ObjectUtils,equal
3849,org.jfree.chart.util.PaintUtils,equal
962,org.jfree.chart.util.PaintUtils,equal
1282,org.jfree.chart.util.PaintUtils,equal
963,org.jfree.chart.util.PaintUtils,equal
4491,org.jfree.chart.ui.RectangleInsets,equals
3207,org.jfree.chart.util.PaintUtils,equal
2244,org.jfree.chart.util.PaintUtils,equal
962,org.jfree.chart.util.PaintUtils,equal
1604,org.jfree.chart.util.PaintUtils,equal
2246,org.jfree.chart.renderer.category.StandardBarPainter,equals
1604,org.jfree.chart.renderer.xy.StandardXYBarPainter,equals
1925,org.jfree.chart.util.PaintUtils,equal
962,org.jfree.chart.util.PaintUtils,equal
962,org.jfree.chart.util.PaintUtils,equal
641,org.jfree.chart.util.PaintUtils,equal
4732512,org.jfree.chart.StandardChartTheme,equals
642,org.jfree.chart.util.ParamChecks,nullNotPermitted
4721929,org.jfree.chart.StandardChartTheme,setItemLabelPaint
2887,org.jfree.chart.util.PaintUtils,equal
2244,org.jfree.chart.util.PaintUtils,equal
2245,org.jfree.chart.drawable.ColorPainter,equals
4561558,org.jfree.chart.util.ObjectUtils,equal
3528,org.jfree.chart.util.PaintUtils,equal
1603,org.jfree.chart.util.PaintUtils,equal
3528,org.jfree.chart.util.ObjectUtils,equal
4236970,org.jfree.chart.util.ShapeUtils,equal
9154549,org.jfree.chart.plot.DefaultDrawingSupplier,equalShapes
14230895,org.jfree.chart.plot.DefaultDrawingSupplier,equals
1603,org.jfree.chart.drawable.ColorPainter,equals
4788963,org.jfree.chart.util.ObjectUtils,equal
4170,org.jfree.chart.drawable.BorderPainter,equals
4443848,org.jfree.chart.util.ObjectUtils,equal
3208,org.jfree.chart.util.PaintUtils,equal
2244,org.jfree.chart.util.PaintUtils,equal
1282,org.jfree.chart.util.PaintUtils,equal
963,org.jfree.chart.util.PaintUtils,equal
3849,org.jfree.chart.ui.RectangleInsets,equals
3528,org.jfree.chart.util.PaintUtils,equal
2567,org.jfree.chart.util.PaintUtils,equal
1924,org.jfree.chart.util.PaintUtils,equal
4276100,org.jfree.chart.StandardChartTheme,equals
962,org.jfree.chart.util.ParamChecks,nullNotPermitted
4800189,org.jfree.chart.StandardChartTheme,setItemLabelPaint
2246,org.jfree.chart.util.PaintUtils,equal
2245,org.jfree.chart.util.PaintUtils,equal
1604,org.jfree.chart.drawable.ColorPainter,equals
4950616,org.jfree.chart.util.ObjectUtils,equal
2886,org.jfree.chart.util.PaintUtils,equal
2566,org.jfree.chart.util.PaintUtils,equal
3849,org.jfree.chart.util.ObjectUtils,equal
4484902,org.jfree.chart.util.ShapeUtils,equal
8636876,org.jfree.chart.plot.DefaultDrawingSupplier,equalShapes
13822915,org.jfree.chart.plot.DefaultDrawingSupplier,equals
1925,org.jfree.chart.drawable.ColorPainter,equals
4641744,org.jfree.chart.util.ObjectUtils,equal
3208,org.jfree.chart.drawable.BorderPainter,equals
4924315,org.jfree.chart.util.ObjectUtils,equal
4170,org.jfree.chart.util.PaintUtils,equal
1283,org.jfree.chart.util.PaintUtils,equal
962,org.jfree.chart.util.PaintUtils,equal
962,org.jfree.chart.util.PaintUtils,equal
3528,org.jfree.chart.ui.RectangleInsets,equals
3529,org.jfree.chart.util.PaintUtils,equal
2244,org.jfree.chart.util.PaintUtils,equal
1926,org.jfree.chart.util.PaintUtils,equal
962,org.jfree.chart.util.PaintUtils,equal
2887,org.jfree.chart.renderer.category.StandardBarPainter,equals
1603,org.jfree.chart.renderer.xy.StandardXYBarPainter,equals
641,org.jfree.chart.util.PaintUtils,equal
1603,org.jfree.chart.util.PaintUtils,equal
962,org.jfree.chart.util.PaintUtils,equal
962,org.jfree.chart.util.PaintUtils,equal
4633726,org.jfree.chart.StandardChartTheme,equals
6415,org.jfree.chart.StandardChartTheme,isShadowVisible
4490,org.jfree.chart.StandardChartTheme,setShadowVisible
3207,org.jfree.chart.util.PaintUtils,equal
3529,org.jfree.chart.util.PaintUtils,equal
1925,org.jfree.chart.drawable.ColorPainter,equals
4550012,org.jfree.chart.util.ObjectUtils,equal
2245,org.jfree.chart.util.PaintUtils,equal
3207,org.jfree.chart.util.PaintUtils,equal
3528,org.jfree.chart.util.ObjectUtils,equal
4174426,org.jfree.chart.util.ShapeUtils,equal
8391510,org.jfree.chart.plot.DefaultDrawingSupplier,equalShapes
14052884,org.jfree.chart.plot.DefaultDrawingSupplier,equals
1925,org.jfree.chart.drawable.ColorPainter,equals
4784794,org.jfree.chart.util.ObjectUtils,equal
4490,org.jfree.chart.drawable.BorderPainter,equals
4434545,org.jfree.chart.util.ObjectUtils,equal
3529,org.jfree.chart.util.PaintUtils,equal
962,org.jfree.chart.util.PaintUtils,equal
1282,org.jfree.chart.util.PaintUtils,equal
962,org.jfree.chart.util.PaintUtils,equal
2886,org.jfree.chart.ui.RectangleInsets,equals
2887,org.jfree.chart.util.PaintUtils,equal
2887,org.jfree.chart.util.PaintUtils,equal
2566,org.jfree.chart.util.PaintUtils,equal
4099052,org.jfree.chart.StandardChartTheme,equals
2886,org.jfree.chart.StandardChartTheme,isShadowVisible
4489,org.jfree.chart.StandardChartTheme,setShadowVisible
4170,org.jfree.chart.util.PaintUtils,equal
4810,org.jfree.chart.util.PaintUtils,equal
2887,org.jfree.chart.drawable.ColorPainter,equals
5110023,org.jfree.chart.util.ObjectUtils,equal
3528,org.jfree.chart.util.PaintUtils,equal
2888,org.jfree.chart.util.PaintUtils,equal
3849,org.jfree.chart.util.ObjectUtils,equal
4702685,org.jfree.chart.util.ShapeUtils,equal
9085270,org.jfree.chart.plot.DefaultDrawingSupplier,equalShapes
14389982,org.jfree.chart.plot.DefaultDrawingSupplier,equals
2245,org.jfree.chart.drawable.ColorPainter,equals
4654573,org.jfree.chart.util.ObjectUtils,equal
4490,org.jfree.chart.drawable.BorderPainter,equals
4655535,org.jfree.chart.util.ObjectUtils,equal
2887,org.jfree.chart.util.PaintUtils,equal
1284,org.jfree.chart.util.PaintUtils,equal
1284,org.jfree.chart.util.PaintUtils,equal
1284,org.jfree.chart.util.PaintUtils,equal
2886,org.jfree.chart.ui.RectangleInsets,equals
3208,org.jfree.chart.util.PaintUtils,equal
3529,org.jfree.chart.util.PaintUtils,equal
2246,org.jfree.chart.util.PaintUtils,equal
962,org.jfree.chart.util.PaintUtils,equal
2566,org.jfree.chart.renderer.category.StandardBarPainter,equals
2245,org.jfree.chart.renderer.xy.StandardXYBarPainter,equals
642,org.jfree.chart.util.PaintUtils,equal
962,org.jfree.chart.util.PaintUtils,equal
1284,org.jfree.chart.util.PaintUtils,equal
963,org.jfree.chart.util.PaintUtils,equal
4043244,org.jfree.chart.StandardChartTheme,equals
641,org.jfree.chart.util.ParamChecks,nullNotPermitted
4810453,org.jfree.chart.StandardChartTheme,setShadowPaint
4170,org.jfree.chart.util.PaintUtils,equal
2566,org.jfree.chart.util.PaintUtils,equal
1925,org.jfree.chart.drawable.ColorPainter,equals
4406321,org.jfree.chart.util.ObjectUtils,equal
7056,org.jfree.chart.util.PaintUtils,equal
1925,org.jfree.chart.util.PaintUtils,equal
3208,org.jfree.chart.util.ObjectUtils,equal
4235046,org.jfree.chart.util.ShapeUtils,equal
8977822,org.jfree.chart.plot.DefaultDrawingSupplier,equalShapes
13938381,org.jfree.chart.plot.DefaultDrawingSupplier,equals
2245,org.jfree.chart.drawable.ColorPainter,equals
4604859,org.jfree.chart.util.ObjectUtils,equal
3849,org.jfree.chart.drawable.BorderPainter,equals
4686968,org.jfree.chart.util.ObjectUtils,equal
4170,org.jfree.chart.util.PaintUtils,equal
962,org.jfree.chart.util.PaintUtils,equal
642,org.jfree.chart.util.PaintUtils,equal
1284,org.jfree.chart.util.PaintUtils,equal
2888,org.jfree.chart.ui.RectangleInsets,equals
3208,org.jfree.chart.util.PaintUtils,equal
2246,org.jfree.chart.util.PaintUtils,equal
2566,org.jfree.chart.util.PaintUtils,equal
1604,org.jfree.chart.util.PaintUtils,equal
4259422,org.jfree.chart.StandardChartTheme,equals
642,org.jfree.chart.util.ParamChecks,nullNotPermitted
4813660,org.jfree.chart.StandardChartTheme,setShadowPaint
2887,org.jfree.chart.util.PaintUtils,equal
1924,org.jfree.chart.util.PaintUtils,equal
2246,org.jfree.chart.drawable.ColorPainter,equals
5071215,org.jfree.chart.util.ObjectUtils,equal
3528,org.jfree.chart.util.PaintUtils,equal
1924,org.jfree.chart.util.PaintUtils,equal
3849,org.jfree.chart.util.ObjectUtils,equal
4606462,org.jfree.chart.util.ShapeUtils,equal
8864281,org.jfree.chart.plot.DefaultDrawingSupplier,equalShapes
13684355,org.jfree.chart.plot.DefaultDrawingSupplier,equals
2566,org.jfree.chart.drawable.ColorPainter,equals
4438073,org.jfree.chart.util.ObjectUtils,equal
3528,org.jfree.chart.drawable.BorderPainter,equals
4966011,org.jfree.chart.util.ObjectUtils,equal
3528,org.jfree.chart.util.PaintUtils,equal
962,org.jfree.chart.util.PaintUtils,equal
962,org.jfree.chart.util.PaintUtils,equal
1283,org.jfree.chart.util.PaintUtils,equal
2566,org.jfree.chart.ui.RectangleInsets,equals
2887,org.jfree.chart.util.PaintUtils,equal
1604,org.jfree.chart.util.PaintUtils,equal
2887,org.jfree.chart.util.PaintUtils,equal
2244,org.jfree.chart.util.PaintUtils,equal
2244,org.jfree.chart.renderer.category.StandardBarPainter,equals
2245,org.jfree.chart.renderer.xy.StandardXYBarPainter,equals
1603,org.jfree.chart.util.PaintUtils,equal
962,org.jfree.chart.util.PaintUtils,equal
1284,org.jfree.chart.util.PaintUtils,equal
962,org.jfree.chart.util.PaintUtils,equal
4103542,org.jfree.chart.StandardChartTheme,equals
962,org.jfree.chart.util.ParamChecks,nullNotPermitted
6156276,org.jfree.chart.StandardChartTheme,setBarPainter
2887,org.jfree.chart.util.PaintUtils,equal
4170,org.jfree.chart.util.PaintUtils,equal
3207,org.jfree.chart.drawable.ColorPainter,equals
5942343,org.jfree.chart.util.ObjectUtils,equal
5453,org.jfree.chart.util.PaintUtils,equal
3528,org.jfree.chart.util.PaintUtils,equal
4169,org.jfree.chart.util.ObjectUtils,equal
4624102,org.jfree.chart.util.ShapeUtils,equal
9095534,org.jfree.chart.plot.DefaultDrawingSupplier,equalShapes
14577935,org.jfree.chart.plot.DefaultDrawingSupplier,equals
2246,org.jfree.chart.drawable.ColorPainter,equals
5129589,org.jfree.chart.util.ObjectUtils,equal
4490,org.jfree.chart.drawable.BorderPainter,equals
4492279,org.jfree.chart.util.ObjectUtils,equal
4490,org.jfree.chart.util.PaintUtils,equal
1283,org.jfree.chart.util.PaintUtils,equal
1924,org.jfree.chart.util.PaintUtils,equal
1284,org.jfree.chart.util.PaintUtils,equal
4491,org.jfree.chart.ui.RectangleInsets,equals
4170,org.jfree.chart.util.PaintUtils,equal
3528,org.jfree.chart.util.PaintUtils,equal
3207,org.jfree.chart.util.PaintUtils,equal
3528,org.jfree.chart.util.PaintUtils,equal
5773,org.jfree.chart.renderer.category.GradientBarPainter,equals
5018292,org.jfree.chart.StandardChartTheme,equals
962,org.jfree.chart.util.ParamChecks,nullNotPermitted
5052290,org.jfree.chart.StandardChartTheme,setBarPainter
2887,org.jfree.chart.util.PaintUtils,equal
8019,org.jfree.chart.util.PaintUtils,equal
3206,org.jfree.chart.drawable.ColorPainter,equals
4485222,org.jfree.chart.util.ObjectUtils,equal
5774,org.jfree.chart.util.PaintUtils,equal
4491,org.jfree.chart.util.PaintUtils,equal
4169,org.jfree.chart.util.ObjectUtils,equal
4276099,org.jfree.chart.util.ShapeUtils,equal
9564454,org.jfree.chart.plot.DefaultDrawingSupplier,equalShapes
14682496,org.jfree.chart.plot.DefaultDrawingSupplier,equals
2246,org.jfree.chart.drawable.ColorPainter,equals
4961842,org.jfree.chart.util.ObjectUtils,equal
5132,org.jfree.chart.drawable.BorderPainter,equals
4513448,org.jfree.chart.util.ObjectUtils,equal
4811,org.jfree.chart.util.PaintUtils,equal
2887,org.jfree.chart.util.PaintUtils,equal
2565,org.jfree.chart.util.PaintUtils,equal
1283,org.jfree.chart.util.PaintUtils,equal
4490,org.jfree.chart.ui.RectangleInsets,equals
3848,org.jfree.chart.util.PaintUtils,equal
2887,org.jfree.chart.util.PaintUtils,equal
2886,org.jfree.chart.util.PaintUtils,equal
3208,org.jfree.chart.util.PaintUtils,equal
3849,org.jfree.chart.renderer.category.GradientBarPainter,equals
2246,org.jfree.chart.renderer.xy.StandardXYBarPainter,equals
1604,org.jfree.chart.util.PaintUtils,equal
1925,org.jfree.chart.util.PaintUtils,equal
1284,org.jfree.chart.util.PaintUtils,equal
2566,org.jfree.chart.util.PaintUtils,equal
4235046,org.jfree.chart.StandardChartTheme,equals
8981,org.jfree.chart.StandardChartTheme,setXYBarPainter
14433,org.jfree.chart.util.PaintUtils,equal
5452,org.jfree.chart.util.PaintUtils,equal
4170,org.jfree.chart.drawable.ColorPainter,equals
5555852,org.jfree.chart.util.ObjectUtils,equal
8981,org.jfree.chart.util.PaintUtils,equal
4811,org.jfree.chart.util.PaintUtils,equal
4491,org.jfree.chart.util.ObjectUtils,equal
4240177,org.jfree.chart.util.ShapeUtils,equal
8876148,org.jfree.chart.plot.DefaultDrawingSupplier,equalShapes
14502241,org.jfree.chart.plot.DefaultDrawingSupplier,equals
2566,org.jfree.chart.drawable.ColorPainter,equals
4756889,org.jfree.chart.util.ObjectUtils,equal
4490,org.jfree.chart.drawable.BorderPainter,equals
4524353,org.jfree.chart.util.ObjectUtils,equal
7377,org.jfree.chart.util.PaintUtils,equal
3207,org.jfree.chart.util.PaintUtils,equal
1924,org.jfree.chart.util.PaintUtils,equal
1604,org.jfree.chart.util.PaintUtils,equal
4169,org.jfree.chart.ui.RectangleInsets,equals
4170,org.jfree.chart.util.PaintUtils,equal
2887,org.jfree.chart.util.PaintUtils,equal
4169,org.jfree.chart.util.PaintUtils,equal
3849,org.jfree.chart.util.PaintUtils,equal
4490,org.jfree.chart.renderer.category.GradientBarPainter,equals
5132,org.jfree.chart.renderer.xy.GradientXYBarPainter,equals
5531476,org.jfree.chart.StandardChartTheme,equals
2566,org.jfree.chart.StandardChartTheme,setXYBarPainter
3528,org.jfree.chart.util.PaintUtils,equal
2886,org.jfree.chart.util.PaintUtils,equal
2887,org.jfree.chart.drawable.ColorPainter,equals
4595557,org.jfree.chart.util.ObjectUtils,equal
3528,org.jfree.chart.util.PaintUtils,equal
4170,org.jfree.chart.util.PaintUtils,equal
4170,org.jfree.chart.util.ObjectUtils,equal
4300477,org.jfree.chart.util.ShapeUtils,equal
8769341,org.jfree.chart.plot.DefaultDrawingSupplier,equalShapes
14203953,org.jfree.chart.plot.DefaultDrawingSupplier,equals
2566,org.jfree.chart.drawable.ColorPainter,equals
4511203,org.jfree.chart.util.ObjectUtils,equal
7699,org.jfree.chart.drawable.BorderPainter,equals
4703647,org.jfree.chart.util.ObjectUtils,equal
4169,org.jfree.chart.util.PaintUtils,equal
1284,org.jfree.chart.util.PaintUtils,equal
1925,org.jfree.chart.util.PaintUtils,equal
962,org.jfree.chart.util.PaintUtils,equal
4170,org.jfree.chart.ui.RectangleInsets,equals
4169,org.jfree.chart.util.PaintUtils,equal
4170,org.jfree.chart.util.PaintUtils,equal
2246,org.jfree.chart.util.PaintUtils,equal
2886,org.jfree.chart.util.PaintUtils,equal
3848,org.jfree.chart.renderer.category.GradientBarPainter,equals
2887,org.jfree.chart.renderer.xy.GradientXYBarPainter,equals
1283,org.jfree.chart.util.PaintUtils,equal
1282,org.jfree.chart.util.PaintUtils,equal
1283,org.jfree.chart.util.PaintUtils,equal
962,org.jfree.chart.util.PaintUtils,equal
4194632,org.jfree.chart.StandardChartTheme,equals
962,org.jfree.chart.util.ParamChecks,nullNotPermitted
4656818,org.jfree.chart.StandardChartTheme,setThermometerPaint
3207,org.jfree.chart.util.PaintUtils,equal
1924,org.jfree.chart.util.PaintUtils,equal
2245,org.jfree.chart.drawable.ColorPainter,equals
5678694,org.jfree.chart.util.ObjectUtils,equal
4170,org.jfree.chart.util.PaintUtils,equal
1924,org.jfree.chart.util.PaintUtils,equal
3848,org.jfree.chart.util.ObjectUtils,equal
4453469,org.jfree.chart.util.ShapeUtils,equal
8656762,org.jfree.chart.plot.DefaultDrawingSupplier,equalShapes
13726371,org.jfree.chart.plot.DefaultDrawingSupplier,equals
4490,org.jfree.chart.drawable.ColorPainter,equals
4470147,org.jfree.chart.util.ObjectUtils,equal
3849,org.jfree.chart.drawable.BorderPainter,equals
5085647,org.jfree.chart.util.ObjectUtils,equal
3849,org.jfree.chart.util.PaintUtils,equal
1283,org.jfree.chart.util.PaintUtils,equal
962,org.jfree.chart.util.PaintUtils,equal
1924,org.jfree.chart.util.PaintUtils,equal
3208,org.jfree.chart.ui.RectangleInsets,equals
3207,org.jfree.chart.util.PaintUtils,equal
2245,org.jfree.chart.util.PaintUtils,equal
3208,org.jfree.chart.util.PaintUtils,equal
1925,org.jfree.chart.util.PaintUtils,equal
2886,org.jfree.chart.renderer.category.GradientBarPainter,equals
3208,org.jfree.chart.renderer.xy.GradientXYBarPainter,equals
2246,org.jfree.chart.util.PaintUtils,equal
4263272,org.jfree.chart.StandardChartTheme,equals
962,org.jfree.chart.util.ParamChecks,nullNotPermitted
4717758,org.jfree.chart.StandardChartTheme,setThermometerPaint
3207,org.jfree.chart.util.PaintUtils,equal
1925,org.jfree.chart.util.PaintUtils,equal
2246,org.jfree.chart.drawable.ColorPainter,equals
4403755,org.jfree.chart.util.ObjectUtils,equal
2887,org.jfree.chart.util.PaintUtils,equal
2246,org.jfree.chart.util.PaintUtils,equal
4169,org.jfree.chart.util.ObjectUtils,equal
4171218,org.jfree.chart.util.ShapeUtils,equal
8396000,org.jfree.chart.plot.DefaultDrawingSupplier,equalShapes
13218641,org.jfree.chart.plot.DefaultDrawingSupplier,equals
2566,org.jfree.chart.drawable.ColorPainter,equals
4382907,org.jfree.chart.util.ObjectUtils,equal
3848,org.jfree.chart.drawable.BorderPainter,equals
4737644,org.jfree.chart.util.ObjectUtils,equal
3529,org.jfree.chart.util.PaintUtils,equal
962,org.jfree.chart.util.PaintUtils,equal
962,org.jfree.chart.util.PaintUtils,equal
1282,org.jfree.chart.util.PaintUtils,equal
3207,org.jfree.chart.ui.RectangleInsets,equals
3527,org.jfree.chart.util.PaintUtils,equal
1925,org.jfree.chart.util.PaintUtils,equal
2886,org.jfree.chart.util.PaintUtils,equal
1925,org.jfree.chart.util.PaintUtils,equal
2887,org.jfree.chart.renderer.category.GradientBarPainter,equals
2566,org.jfree.chart.renderer.xy.GradientXYBarPainter,equals
2887,org.jfree.chart.util.PaintUtils,equal
962,org.jfree.chart.util.PaintUtils,equal
962,org.jfree.chart.util.PaintUtils,equal
1283,org.jfree.chart.util.PaintUtils,equal
4159993,org.jfree.chart.StandardChartTheme,equals
962,org.jfree.chart.util.ParamChecks,nullNotPermitted
4475600,org.jfree.chart.StandardChartTheme,setErrorIndicatorPaint
2887,org.jfree.chart.util.PaintUtils,equal
2565,org.jfree.chart.util.PaintUtils,equal
1925,org.jfree.chart.drawable.ColorPainter,equals
4391567,org.jfree.chart.util.ObjectUtils,equal
2887,org.jfree.chart.util.PaintUtils,equal
2244,org.jfree.chart.util.PaintUtils,equal
3849,org.jfree.chart.util.ObjectUtils,equal
4177313,org.jfree.chart.util.ShapeUtils,equal
9060894,org.jfree.chart.plot.DefaultDrawingSupplier,equalShapes
13949286,org.jfree.chart.plot.DefaultDrawingSupplier,equals
1924,org.jfree.chart.drawable.ColorPainter,equals
4624423,org.jfree.chart.util.ObjectUtils,equal
4170,org.jfree.chart.drawable.BorderPainter,equals
4415623,org.jfree.chart.util.ObjectUtils,equal
3849,org.jfree.chart.util.PaintUtils,equal
1282,org.jfree.chart.util.PaintUtils,equal
962,org.jfree.chart.util.PaintUtils,equal
963,org.jfree.chart.util.PaintUtils,equal
3207,org.jfree.chart.ui.RectangleInsets,equals
3848,org.jfree.chart.util.PaintUtils,equal
2246,org.jfree.chart.util.PaintUtils,equal
1924,org.jfree.chart.util.PaintUtils,equal
2566,org.jfree.chart.util.PaintUtils,equal
3207,org.jfree.chart.renderer.category.GradientBarPainter,equals
1925,org.jfree.chart.renderer.xy.GradientXYBarPainter,equals
2565,org.jfree.chart.util.PaintUtils,equal
3528,org.jfree.chart.util.PaintUtils,equal
4186293,org.jfree.chart.StandardChartTheme,equals
642,org.jfree.chart.util.ParamChecks,nullNotPermitted
4872355,org.jfree.chart.StandardChartTheme,setErrorIndicatorPaint
2567,org.jfree.chart.util.PaintUtils,equal
2245,org.jfree.chart.util.PaintUtils,equal
1925,org.jfree.chart.drawable.ColorPainter,equals
4638858,org.jfree.chart.util.ObjectUtils,equal
3529,org.jfree.chart.util.PaintUtils,equal
1925,org.jfree.chart.util.PaintUtils,equal
3850,org.jfree.chart.util.ObjectUtils,equal
4710382,org.jfree.chart.util.ShapeUtils,equal
9004123,org.jfree.chart.plot.DefaultDrawingSupplier,equalShapes
14334174,org.jfree.chart.plot.DefaultDrawingSupplier,equals
1925,org.jfree.chart.drawable.ColorPainter,equals
4657781,org.jfree.chart.util.ObjectUtils,equal
4169,org.jfree.chart.drawable.BorderPainter,equals
4558992,org.jfree.chart.util.ObjectUtils,equal
3529,org.jfree.chart.util.PaintUtils,equal
1282,org.jfree.chart.util.PaintUtils,equal
962,org.jfree.chart.util.PaintUtils,equal
962,org.jfree.chart.util.PaintUtils,equal
3207,org.jfree.chart.ui.RectangleInsets,equals
3528,org.jfree.chart.util.PaintUtils,equal
1925,org.jfree.chart.util.PaintUtils,equal
2566,org.jfree.chart.util.PaintUtils,equal
2567,org.jfree.chart.util.PaintUtils,equal
4169,org.jfree.chart.renderer.category.GradientBarPainter,equals
2566,org.jfree.chart.renderer.xy.GradientXYBarPainter,equals
3207,org.jfree.chart.util.PaintUtils,equal
2246,org.jfree.chart.util.PaintUtils,equal
1284,org.jfree.chart.util.PaintUtils,equal
1284,org.jfree.chart.util.PaintUtils,equal
4528203,org.jfree.chart.StandardChartTheme,equals
6414,org.jfree.chart.StandardChartTheme,setGridBandPaint
2245,org.jfree.chart.util.PaintUtils,equal
1925,org.jfree.chart.util.PaintUtils,equal
2245,org.jfree.chart.drawable.ColorPainter,equals
4711665,org.jfree.chart.util.ObjectUtils,equal
3528,org.jfree.chart.util.PaintUtils,equal
5452,org.jfree.chart.util.PaintUtils,equal
4170,org.jfree.chart.util.ObjectUtils,equal
4244347,org.jfree.chart.util.ShapeUtils,equal
8443470,org.jfree.chart.plot.DefaultDrawingSupplier,equalShapes
13909514,org.jfree.chart.plot.DefaultDrawingSupplier,equals
1926,org.jfree.chart.drawable.ColorPainter,equals
4321005,org.jfree.chart.util.ObjectUtils,equal
3207,org.jfree.chart.drawable.BorderPainter,equals
4895449,org.jfree.chart.util.ObjectUtils,equal
4169,org.jfree.chart.util.PaintUtils,equal
1283,org.jfree.chart.util.PaintUtils,equal
962,org.jfree.chart.util.PaintUtils,equal
1283,org.jfree.chart.util.PaintUtils,equal
3528,org.jfree.chart.ui.RectangleInsets,equals
5452,org.jfree.chart.util.PaintUtils,equal
2886,org.jfree.chart.util.PaintUtils,equal
1924,org.jfree.chart.util.PaintUtils,equal
1924,org.jfree.chart.util.PaintUtils,equal
2888,org.jfree.chart.renderer.category.GradientBarPainter,equals
2887,org.jfree.chart.renderer.xy.GradientXYBarPainter,equals
3208,org.jfree.chart.util.PaintUtils,equal
1925,org.jfree.chart.util.PaintUtils,equal
1925,org.jfree.chart.util.PaintUtils,equal
4186935,org.jfree.chart.StandardChartTheme,equals
1604,org.jfree.chart.StandardChartTheme,setGridBandPaint
2566,org.jfree.chart.util.PaintUtils,equal
2566,org.jfree.chart.util.PaintUtils,equal
2246,org.jfree.chart.drawable.ColorPainter,equals
4973710,org.jfree.chart.util.ObjectUtils,equal
2887,org.jfree.chart.util.PaintUtils,equal
2566,org.jfree.chart.util.PaintUtils,equal
3207,org.jfree.chart.util.ObjectUtils,equal
4543596,org.jfree.chart.util.ShapeUtils,equal
8956011,org.jfree.chart.plot.DefaultDrawingSupplier,equalShapes
14102599,org.jfree.chart.plot.DefaultDrawingSupplier,equals
2245,org.jfree.chart.drawable.ColorPainter,equals
4633084,org.jfree.chart.util.ObjectUtils,equal
4490,org.jfree.chart.drawable.BorderPainter,equals
4710061,org.jfree.chart.util.ObjectUtils,equal
3528,org.jfree.chart.util.PaintUtils,equal
1283,org.jfree.chart.util.PaintUtils,equal
1282,org.jfree.chart.util.PaintUtils,equal
1603,org.jfree.chart.util.PaintUtils,equal
3208,org.jfree.chart.ui.RectangleInsets,equals
3848,org.jfree.chart.util.PaintUtils,equal
2565,org.jfree.chart.util.PaintUtils,equal
2245,org.jfree.chart.util.PaintUtils,equal
2566,org.jfree.chart.util.PaintUtils,equal
3206,org.jfree.chart.renderer.category.GradientBarPainter,equals
2886,org.jfree.chart.renderer.xy.GradientXYBarPainter,equals
2886,org.jfree.chart.util.PaintUtils,equal
1924,org.jfree.chart.util.PaintUtils,equal
2565,org.jfree.chart.util.PaintUtils,equal
1283,org.jfree.chart.util.PaintUtils,equal
4253648,org.jfree.chart.StandardChartTheme,equals
641,org.jfree.chart.util.ParamChecks,nullNotPermitted
5112269,org.jfree.chart.StandardChartTheme,setGridBandAlternatePaint
2566,org.jfree.chart.util.PaintUtils,equal
1925,org.jfree.chart.util.PaintUtils,equal
2886,org.jfree.chart.drawable.ColorPainter,equals
4601651,org.jfree.chart.util.ObjectUtils,equal
3207,org.jfree.chart.util.PaintUtils,equal
2244,org.jfree.chart.util.PaintUtils,equal
3528,org.jfree.chart.util.ObjectUtils,equal
4204896,org.jfree.chart.util.ShapeUtils,equal
8372907,org.jfree.chart.plot.DefaultDrawingSupplier,equalShapes
13750748,org.jfree.chart.plot.DefaultDrawingSupplier,equals
1925,org.jfree.chart.drawable.ColorPainter,equals
4446734,org.jfree.chart.util.ObjectUtils,equal
3207,org.jfree.chart.drawable.BorderPainter,equals
4805961,org.jfree.chart.util.ObjectUtils,equal
3207,org.jfree.chart.util.PaintUtils,equal
963,org.jfree.chart.util.PaintUtils,equal
963,org.jfree.chart.util.PaintUtils,equal
1282,org.jfree.chart.util.PaintUtils,equal
3528,org.jfree.chart.ui.RectangleInsets,equals
3529,org.jfree.chart.util.PaintUtils,equal
2887,org.jfree.chart.util.PaintUtils,equal
2245,org.jfree.chart.util.PaintUtils,equal
1924,org.jfree.chart.util.PaintUtils,equal
2887,org.jfree.chart.renderer.category.GradientBarPainter,equals
3528,org.jfree.chart.renderer.xy.GradientXYBarPainter,equals
2887,org.jfree.chart.util.PaintUtils,equal
1924,org.jfree.chart.util.PaintUtils,equal
2245,org.jfree.chart.util.PaintUtils,equal
2565,org.jfree.chart.util.PaintUtils,equal
4279628,org.jfree.chart.StandardChartTheme,equals
641,org.jfree.chart.util.ParamChecks,nullNotPermitted
4669969,org.jfree.chart.StandardChartTheme,setGridBandAlternatePaint
3528,org.jfree.chart.util.PaintUtils,equal
1924,org.jfree.chart.util.PaintUtils,equal
2566,org.jfree.chart.drawable.ColorPainter,equals
4682156,org.jfree.chart.util.ObjectUtils,equal
3849,org.jfree.chart.util.PaintUtils,equal
2246,org.jfree.chart.util.PaintUtils,equal
3849,org.jfree.chart.util.ObjectUtils,equal
4507354,org.jfree.chart.util.ShapeUtils,equal
9638225,org.jfree.chart.plot.DefaultDrawingSupplier,equalShapes
14543617,org.jfree.chart.plot.DefaultDrawingSupplier,equals
2566,org.jfree.chart.drawable.ColorPainter,equals
4638216,org.jfree.chart.util.ObjectUtils,equal
3528,org.jfree.chart.drawable.BorderPainter,equals
4471751,org.jfree.chart.util.ObjectUtils,equal
4170,org.jfree.chart.util.PaintUtils,equal
962,org.jfree.chart.util.PaintUtils,equal
1284,org.jfree.chart.util.PaintUtils,equal
962,org.jfree.chart.util.PaintUtils,equal
3528,org.jfree.chart.ui.RectangleInsets,equals
3207,org.jfree.chart.util.PaintUtils,equal
2245,org.jfree.chart.util.PaintUtils,equal
1603,org.jfree.chart.util.PaintUtils,equal
4170,org.jfree.chart.util.PaintUtils,equal
3849,org.jfree.chart.renderer.category.GradientBarPainter,equals
2245,org.jfree.chart.renderer.xy.GradientXYBarPainter,equals
3528,org.jfree.chart.util.PaintUtils,equal
2245,org.jfree.chart.util.PaintUtils,equal
1924,org.jfree.chart.util.PaintUtils,equal
2565,org.jfree.chart.util.PaintUtils,equal
4722890,org.jfree.chart.StandardChartTheme,equals
9257507,org.jfree.chart.StandardChartThemeTest,testEquals
