1081535,org.jfree.chart.util.ResourceBundleWrapper,getBundle
6735,org.jfree.chart.util.ParamChecks,nullNotPermitted
26942,org.jfree.chart.ChartColor,createDefaultPaintArray
8981,org.jfree.chart.plot.DefaultDrawingSupplier,intArray
9301,org.jfree.chart.plot.DefaultDrawingSupplier,intArray
10264,org.jfree.chart.plot.DefaultDrawingSupplier,intArray
11546,org.jfree.chart.plot.DefaultDrawingSupplier,intArray
8981,org.jfree.chart.plot.DefaultDrawingSupplier,intArray
12509,org.jfree.chart.plot.DefaultDrawingSupplier,intArray
12830,org.jfree.chart.plot.DefaultDrawingSupplier,intArray
9942,org.jfree.chart.plot.DefaultDrawingSupplier,intArray
10905,org.jfree.chart.plot.DefaultDrawingSupplier,intArray
13471,org.jfree.chart.plot.DefaultDrawingSupplier,intArray
6319853,org.jfree.chart.plot.DefaultDrawingSupplier,createStandardSeriesShapes
19244,org.jfree.chart.Colors,createFancyLightColors
5227414,org.jfree.chart.Colors,getDefaultColors
19245,org.jfree.data.general.AbstractDataset,addChangeListener
31111,org.jfree.chart.event.ChartChangeEvent,setType
29508,org.jfree.chart.plot.Plot,notifyListeners
5485929,org.jfree.chart.plot.Plot,datasetChanged
10216838,org.jfree.chart.plot.MeterPlot,setDataset
2566,org.jfree.chart.util.ParamChecks,nullNotPermitted
3207,org.jfree.chart.plot.Plot,notifyListeners
4427810,org.jfree.chart.plot.Plot,fireChangeEvent
9861459,org.jfree.chart.plot.MeterPlot,addInterval
8018,org.jfree.chart.util.ParamChecks,nullNotPermitted
8980,org.jfree.chart.util.ParamChecks,nullNotPermitted
17642,org.jfree.chart.plot.Plot,addChangeListener
5774,org.jfree.chart.util.ParamChecks,nullNotPermitted
5133,org.jfree.chart.util.ParamChecks,nullNotPermitted
3850,org.jfree.chart.util.ParamChecks,nullNotPermitted
3849,org.jfree.chart.util.ParamChecks,nullNotPermitted
3849,org.jfree.chart.util.ParamChecks,nullNotPermitted
6018679,org.jfree.chart.block.AbstractBlock,setPadding
10905,org.jfree.chart.util.ParamChecks,nullNotPermitted
6272063,org.jfree.chart.block.AbstractBlock,setMargin
2887,org.jfree.chart.util.ParamChecks,nullNotPermitted
20848,org.jfree.chart.title.Title,notifyListeners
6414792,org.jfree.chart.title.Title,fireChangeEvent
12214726,org.jfree.chart.title.Title,setHorizontalAlignment
5453,org.jfree.chart.title.Title,notifyListeners
6050753,org.jfree.chart.title.LegendTitle,setBackgroundPaint
1924,org.jfree.chart.util.ParamChecks,nullNotPermitted
4170,org.jfree.chart.title.Title,notifyListeners
5394199,org.jfree.chart.title.Title,fireChangeEvent
11135118,org.jfree.chart.title.Title,setPosition
15396,org.jfree.chart.title.Title,addChangeListener
9622,org.jfree.chart.JFreeChart,notifyListeners
1924,org.jfree.chart.util.ParamChecks,nullNotPermitted
3528,org.jfree.chart.util.ParamChecks,nullNotPermitted
5532117,org.jfree.chart.drawable.ColorPainter,draw
8660,org.jfree.chart.ui.RectangleInsets,calculateLeftInset
8339,org.jfree.chart.ui.RectangleInsets,calculateRightInset
7697,org.jfree.chart.ui.RectangleInsets,calculateTopInset
6735,org.jfree.chart.ui.RectangleInsets,calculateBottomInset
6301892,org.jfree.chart.ui.RectangleInsets,trim
5132,org.jfree.chart.title.Title,isVisible
2566,org.jfree.chart.util.ParamChecks,nullNotPermitted
2887,org.jfree.chart.util.ParamChecks,nullNotPermitted
7377,org.jfree.chart.title.Title,getPosition
9301,org.jfree.chart.block.BlockParams,setGenerateEntities
3849,org.jfree.chart.block.FlowArrangement,clear
4434867,org.jfree.chart.block.BlockContainer,clear
1925,org.jfree.chart.title.Title,getPosition
8339,org.jfree.chart.ui.RectangleEdge,isTopOrBottom
4490,org.jfree.chart.block.BlockContainer,setArrangement
5453,org.jfree.chart.plot.MeterInterval,getBackgroundPaint
9942,org.jfree.chart.plot.MeterInterval,getOutlinePaint
6094,org.jfree.chart.plot.MeterInterval,getLabel
4169,org.jfree.chart.plot.MeterInterval,getLabel
3848,org.jfree.chart.util.ParamChecks,nullNotPermitted
3208,org.jfree.chart.util.ParamChecks,nullNotPermitted
5452,org.jfree.chart.util.ParamChecks,nullNotPermitted
3207,org.jfree.chart.util.ParamChecks,nullNotPermitted
7377,org.jfree.chart.util.ParamChecks,nullNotPermitted
6094,org.jfree.chart.util.ParamChecks,nullNotPermitted
2887,org.jfree.chart.util.ParamChecks,nullNotPermitted
8980,org.jfree.chart.plot.MeterPlot,getDataset
15716,org.jfree.chart.LegendItem,setDataset
4610953,org.jfree.chart.plot.MeterPlot,getLegendItems
8339,org.jfree.chart.LegendItem,getShape
9302,org.jfree.chart.LegendItem,getFillPaint
2246,org.jfree.chart.util.ParamChecks,nullNotPermitted
6414,org.jfree.chart.util.ParamChecks,nullNotPermitted
1603,org.jfree.chart.util.ParamChecks,nullNotPermitted
5197906,org.jfree.chart.block.AbstractBlock,setPadding
9975642,org.jfree.chart.block.AbstractBlock,setPadding
5452,org.jfree.chart.LegendItem,getFillPaintTransformer
2245,org.jfree.chart.util.ParamChecks,nullNotPermitted
4823282,org.jfree.chart.title.LegendGraphic,setFillPaintTransformer
6094,org.jfree.chart.LegendItem,isShapeFilled
6415,org.jfree.chart.title.LegendGraphic,setShapeFilled
7697,org.jfree.chart.LegendItem,getLine
9301,org.jfree.chart.title.LegendGraphic,setLine
8019,org.jfree.chart.LegendItem,getLineStroke
8980,org.jfree.chart.title.LegendGraphic,setLineStroke
8019,org.jfree.chart.LegendItem,getLinePaint
5132,org.jfree.chart.title.LegendGraphic,setLinePaint
9622,org.jfree.chart.LegendItem,isLineVisible
5773,org.jfree.chart.title.LegendGraphic,setLineVisible
4491,org.jfree.chart.LegendItem,isShapeVisible
7057,org.jfree.chart.title.LegendGraphic,setShapeVisible
5453,org.jfree.chart.LegendItem,isShapeOutlineVisible
11546,org.jfree.chart.title.LegendGraphic,setShapeOutlineVisible
8339,org.jfree.chart.LegendItem,getOutlinePaint
7697,org.jfree.chart.title.LegendGraphic,setOutlinePaint
5773,org.jfree.chart.LegendItem,getOutlineStroke
5453,org.jfree.chart.title.LegendGraphic,setOutlineStroke
1603,org.jfree.chart.util.ParamChecks,nullNotPermitted
4544238,org.jfree.chart.block.AbstractBlock,setPadding
5453,org.jfree.chart.LegendItem,getDataset
6095,org.jfree.chart.LegendItem,getSeriesKey
6414,org.jfree.chart.title.LegendTitle,getLegendItemGraphicAnchor
1604,org.jfree.chart.util.ParamChecks,nullNotPermitted
5478874,org.jfree.chart.title.LegendGraphic,setShapeAnchor
5452,org.jfree.chart.title.LegendTitle,getLegendItemGraphicLocation
1925,org.jfree.chart.util.ParamChecks,nullNotPermitted
5625773,org.jfree.chart.title.LegendGraphic,setShapeLocation
9943,org.jfree.chart.block.BorderArrangement,add
4870431,org.jfree.chart.block.BlockContainer,add
9943,org.jfree.chart.LegendItem,getLabelFont
7056,org.jfree.chart.LegendItem,getLabelPaint
7056,org.jfree.chart.LegendItem,getLabel
4170,org.jfree.chart.util.ParamChecks,nullNotPermitted
4811,org.jfree.chart.util.ParamChecks,nullNotPermitted
1924,org.jfree.chart.util.ParamChecks,nullNotPermitted
1283,org.jfree.chart.util.ParamChecks,nullNotPermitted
14754,org.jfree.chart.util.ParamChecks,nullNotPermitted
1283,org.jfree.chart.util.ParamChecks,nullNotPermitted
1603,org.jfree.chart.util.ParamChecks,nullNotPermitted
8339,org.jfree.chart.text.TextBlock,addLine
4969539,org.jfree.chart.text.TextBlock,addLine
10282911,org.jfree.chart.text.TextUtilities,createTextBlock
3848,org.jfree.chart.util.ParamChecks,nullNotPermitted
11494665,org.jfree.chart.block.AbstractBlock,setPadding
4170,org.jfree.chart.block.BorderArrangement,add
5316579,org.jfree.chart.block.BlockContainer,add
11199264,org.jfree.chart.block.BlockContainer,add
6415,org.jfree.chart.LegendItem,getToolTipText
7698,org.jfree.chart.title.LegendItemBlockContainer,setToolTipText
5452,org.jfree.chart.LegendItem,getURLText
7057,org.jfree.chart.title.LegendItemBlockContainer,setURLText
2245,org.jfree.chart.block.CenterArrangement,add
4704608,org.jfree.chart.block.BlockContainer,add
10220687,org.jfree.chart.block.BlockContainer,add
15066101,org.jfree.chart.title.LegendTitle,createLegendItemBlock
7377,org.jfree.chart.block.FlowArrangement,add
5479835,org.jfree.chart.block.BlockContainer,add
10597236,org.jfree.chart.block.BlockContainer,add
15596603,org.jfree.chart.title.LegendTitle,addItemBlock
21045969,org.jfree.chart.title.LegendTitle,fetchLegendItems
8660,org.jfree.chart.block.BlockContainer,isEmpty
1283,org.jfree.chart.util.ParamChecks,nullNotPermitted
8339,org.jfree.chart.block.RectangleConstraint,getWidth
4490,org.jfree.chart.block.RectangleConstraint,getWidthRange
6094,org.jfree.chart.block.RectangleConstraint,getHeight
6415,org.jfree.chart.block.RectangleConstraint,getHeightRange
1604,org.jfree.chart.ui.RectangleInsets,calculateLeftInset
1925,org.jfree.chart.ui.RectangleInsets,calculateRightInset
4664195,org.jfree.chart.ui.RectangleInsets,trimWidth
4490,org.jfree.chart.block.BlockBorder,getInsets
1603,org.jfree.chart.ui.RectangleInsets,calculateLeftInset
1925,org.jfree.chart.ui.RectangleInsets,calculateRightInset
4319721,org.jfree.chart.ui.RectangleInsets,trimWidth
1284,org.jfree.chart.ui.RectangleInsets,calculateLeftInset
1604,org.jfree.chart.ui.RectangleInsets,calculateRightInset
5262696,org.jfree.chart.ui.RectangleInsets,trimWidth
10225179,org.jfree.chart.block.AbstractBlock,trimToContentWidth
1283,org.jfree.chart.ui.RectangleInsets,calculateTopInset
1604,org.jfree.chart.ui.RectangleInsets,calculateBottomInset
4840923,org.jfree.chart.ui.RectangleInsets,trimHeight
2246,org.jfree.chart.block.BlockBorder,getInsets
1604,org.jfree.chart.ui.RectangleInsets,calculateTopInset
1603,org.jfree.chart.ui.RectangleInsets,calculateBottomInset
4581765,org.jfree.chart.ui.RectangleInsets,trimHeight
1283,org.jfree.chart.ui.RectangleInsets,calculateTopInset
1603,org.jfree.chart.ui.RectangleInsets,calculateBottomInset
4349229,org.jfree.chart.ui.RectangleInsets,trimHeight
8581067,org.jfree.chart.block.AbstractBlock,trimToContentHeight
3207,org.jfree.data.Range,getLowerBound
2565,org.jfree.data.Range,getUpperBound
642,org.jfree.data.Range,getUpperBound
962,org.jfree.chart.ui.RectangleInsets,calculateLeftInset
1282,org.jfree.chart.ui.RectangleInsets,calculateRightInset
4469185,org.jfree.chart.ui.RectangleInsets,trimWidth
1603,org.jfree.chart.block.BlockBorder,getInsets
962,org.jfree.chart.ui.RectangleInsets,calculateLeftInset
11547,org.jfree.chart.ui.RectangleInsets,calculateRightInset
6855808,org.jfree.chart.ui.RectangleInsets,trimWidth
1283,org.jfree.chart.ui.RectangleInsets,calculateLeftInset
1604,org.jfree.chart.ui.RectangleInsets,calculateRightInset
5688316,org.jfree.chart.ui.RectangleInsets,trimWidth
12030301,org.jfree.chart.block.AbstractBlock,trimToContentWidth
18272535,org.jfree.chart.block.AbstractBlock,trimToContentWidth
962,org.jfree.data.Range,getLowerBound
962,org.jfree.data.Range,getUpperBound
641,org.jfree.data.Range,getUpperBound
962,org.jfree.chart.ui.RectangleInsets,calculateTopInset
1603,org.jfree.chart.ui.RectangleInsets,calculateBottomInset
5599151,org.jfree.chart.ui.RectangleInsets,trimHeight
1284,org.jfree.chart.block.BlockBorder,getInsets
962,org.jfree.chart.ui.RectangleInsets,calculateTopInset
1283,org.jfree.chart.ui.RectangleInsets,calculateBottomInset
6128371,org.jfree.chart.ui.RectangleInsets,trimHeight
962,org.jfree.chart.ui.RectangleInsets,calculateTopInset
3848,org.jfree.chart.ui.RectangleInsets,calculateBottomInset
7697108,org.jfree.chart.ui.RectangleInsets,trimHeight
13766143,org.jfree.chart.block.AbstractBlock,trimToContentHeight
19143343,org.jfree.chart.block.AbstractBlock,trimToContentHeight
3529,org.jfree.chart.block.RectangleConstraint,getWidthConstraintType
2886,org.jfree.chart.block.RectangleConstraint,getHeightConstraintType
5303108,org.jfree.chart.block.AbstractBlock,toContentConstraint
963,org.jfree.chart.block.RectangleConstraint,getWidthConstraintType
1282,org.jfree.chart.block.RectangleConstraint,getHeightConstraintType
28545,org.jfree.chart.block.BlockContainer,getBlocks
962,org.jfree.chart.block.RectangleConstraint,getWidthConstraintType
962,org.jfree.chart.block.RectangleConstraint,getHeightConstraintType
3208,org.jfree.chart.block.BlockContainer,getBlocks
641,org.jfree.chart.util.ParamChecks,nullNotPermitted
4606141,org.jfree.chart.block.AbstractBlock,toContentConstraint
1283,org.jfree.chart.block.RectangleConstraint,getWidthConstraintType
1283,org.jfree.chart.block.RectangleConstraint,getHeightConstraintType
641,org.jfree.chart.util.ParamChecks,nullNotPermitted
4964087,org.jfree.chart.block.AbstractBlock,toContentConstraint
962,org.jfree.chart.block.RectangleConstraint,getWidthConstraintType
963,org.jfree.chart.block.RectangleConstraint,getHeightConstraintType
70563,org.jfree.chart.title.LegendGraphic,arrangeNN
3207,org.jfree.chart.ui.Size2D,getWidth
2887,org.jfree.chart.ui.RectangleInsets,calculateLeftOutset
4490,org.jfree.chart.ui.RectangleInsets,calculateRightOutset
11934079,org.jfree.chart.ui.RectangleInsets,extendWidth
962,org.jfree.chart.block.BlockBorder,getInsets
1284,org.jfree.chart.ui.RectangleInsets,calculateLeftOutset
962,org.jfree.chart.ui.RectangleInsets,calculateRightOutset
4798264,org.jfree.chart.ui.RectangleInsets,extendWidth
1283,org.jfree.chart.ui.RectangleInsets,calculateLeftOutset
963,org.jfree.chart.ui.RectangleInsets,calculateRightOutset
4764266,org.jfree.chart.ui.RectangleInsets,extendWidth
10662667,org.jfree.chart.block.AbstractBlock,calculateTotalWidth
2567,org.jfree.chart.ui.Size2D,getHeight
2566,org.jfree.chart.ui.RectangleInsets,calculateTopOutset
29829,org.jfree.chart.ui.RectangleInsets,calculateBottomOutset
4991670,org.jfree.chart.ui.RectangleInsets,extendHeight
1925,org.jfree.chart.block.BlockBorder,getInsets
1924,org.jfree.chart.ui.RectangleInsets,calculateTopOutset
2566,org.jfree.chart.ui.RectangleInsets,calculateBottomOutset
4959596,org.jfree.chart.ui.RectangleInsets,extendHeight
1283,org.jfree.chart.ui.RectangleInsets,calculateTopOutset
1925,org.jfree.chart.ui.RectangleInsets,calculateBottomOutset
4973709,org.jfree.chart.ui.RectangleInsets,extendHeight
10216198,org.jfree.chart.block.AbstractBlock,calculateTotalHeight
15535343,org.jfree.chart.title.LegendGraphic,arrange
1329145,org.jfree.chart.text.TextUtilities,getTextBounds
7533532,org.jfree.chart.text.TextFragment,calculateDimensions
2245,org.jfree.chart.ui.Size2D,getWidth
6415,org.jfree.chart.ui.Size2D,getHeight
5254677,org.jfree.chart.text.TextLine,calculateDimensions
3527,org.jfree.chart.ui.Size2D,getWidth
2246,org.jfree.chart.ui.Size2D,getHeight
4312024,org.jfree.chart.text.TextBlock,calculateDimensions
8660,org.jfree.chart.ui.Size2D,getWidth
2566,org.jfree.chart.ui.RectangleInsets,calculateLeftOutset
21491,org.jfree.chart.ui.RectangleInsets,calculateRightOutset
5743806,org.jfree.chart.ui.RectangleInsets,extendWidth
2246,org.jfree.chart.block.BlockBorder,getInsets
962,org.jfree.chart.ui.RectangleInsets,calculateLeftOutset
963,org.jfree.chart.ui.RectangleInsets,calculateRightOutset
4964729,org.jfree.chart.ui.RectangleInsets,extendWidth
642,org.jfree.chart.ui.RectangleInsets,calculateLeftOutset
1282,org.jfree.chart.ui.RectangleInsets,calculateRightOutset
5181868,org.jfree.chart.ui.RectangleInsets,extendWidth
10566445,org.jfree.chart.block.AbstractBlock,calculateTotalWidth
1604,org.jfree.chart.ui.Size2D,getHeight
962,org.jfree.chart.ui.RectangleInsets,calculateTopOutset
1604,org.jfree.chart.ui.RectangleInsets,calculateBottomOutset
5577341,org.jfree.chart.ui.RectangleInsets,extendHeight
2246,org.jfree.chart.block.BlockBorder,getInsets
962,org.jfree.chart.ui.RectangleInsets,calculateTopOutset
962,org.jfree.chart.ui.RectangleInsets,calculateBottomOutset
4797944,org.jfree.chart.ui.RectangleInsets,extendHeight
642,org.jfree.chart.ui.RectangleInsets,calculateTopOutset
1282,org.jfree.chart.ui.RectangleInsets,calculateBottomOutset
4842526,org.jfree.chart.ui.RectangleInsets,extendHeight
10159748,org.jfree.chart.block.AbstractBlock,calculateTotalHeight
15170662,org.jfree.chart.block.LabelBlock,arrange
641,org.jfree.chart.util.ParamChecks,nullNotPermitted
4726419,org.jfree.chart.block.AbstractBlock,setBounds
1282,org.jfree.chart.util.ParamChecks,nullNotPermitted
4824243,org.jfree.chart.block.AbstractBlock,setBounds
9823612,org.jfree.chart.block.BorderArrangement,arrangeNN
1925,org.jfree.chart.ui.Size2D,getWidth
642,org.jfree.chart.ui.RectangleInsets,calculateLeftOutset
1283,org.jfree.chart.ui.RectangleInsets,calculateRightOutset
5465403,org.jfree.chart.ui.RectangleInsets,extendWidth
1604,org.jfree.chart.block.BlockBorder,getInsets
962,org.jfree.chart.ui.RectangleInsets,calculateLeftOutset
963,org.jfree.chart.ui.RectangleInsets,calculateRightOutset
5084365,org.jfree.chart.ui.RectangleInsets,extendWidth
962,org.jfree.chart.ui.RectangleInsets,calculateLeftOutset
1283,org.jfree.chart.ui.RectangleInsets,calculateRightOutset
5164870,org.jfree.chart.ui.RectangleInsets,extendWidth
9808217,org.jfree.chart.block.AbstractBlock,calculateTotalWidth
962,org.jfree.chart.ui.Size2D,getHeight
642,org.jfree.chart.ui.RectangleInsets,calculateTopOutset
962,org.jfree.chart.ui.RectangleInsets,calculateBottomOutset
4860487,org.jfree.chart.ui.RectangleInsets,extendHeight
1604,org.jfree.chart.block.BlockBorder,getInsets
641,org.jfree.chart.ui.RectangleInsets,calculateTopOutset
962,org.jfree.chart.ui.RectangleInsets,calculateBottomOutset
5187322,org.jfree.chart.ui.RectangleInsets,extendHeight
642,org.jfree.chart.ui.RectangleInsets,calculateTopOutset
2566,org.jfree.chart.ui.RectangleInsets,calculateBottomOutset
5026951,org.jfree.chart.ui.RectangleInsets,extendHeight
10100731,org.jfree.chart.block.AbstractBlock,calculateTotalHeight
15635414,org.jfree.chart.block.BorderArrangement,arrange
20775266,org.jfree.chart.block.BlockContainer,arrange
962,org.jfree.chart.util.ParamChecks,nullNotPermitted
4910203,org.jfree.chart.block.AbstractBlock,setBounds
10085015,org.jfree.chart.block.CenterArrangement,arrangeNN
14979502,org.jfree.chart.block.CenterArrangement,arrange
20046225,org.jfree.chart.block.BlockContainer,arrange
2245,org.jfree.chart.ui.Size2D,getWidth
642,org.jfree.chart.util.ParamChecks,nullNotPermitted
4753040,org.jfree.chart.block.AbstractBlock,setBounds
9577926,org.jfree.chart.block.FlowArrangement,arrangeNN
1604,org.jfree.chart.block.RectangleConstraint,getWidthRange
3528,org.jfree.data.Range,contains
4004434,org.jfree.chart.block.FlowArrangement,arrangeRR
8682742,org.jfree.chart.block.FlowArrangement,arrange
13319032,org.jfree.chart.block.BlockContainer,arrange
962,org.jfree.chart.ui.RectangleInsets,calculateTopOutset
1283,org.jfree.chart.ui.RectangleInsets,calculateBottomOutset
4786077,org.jfree.chart.ui.RectangleInsets,extendHeight
2245,org.jfree.chart.block.BlockBorder,getInsets
641,org.jfree.chart.ui.RectangleInsets,calculateTopOutset
1924,org.jfree.chart.ui.RectangleInsets,calculateBottomOutset
14062187,org.jfree.chart.ui.RectangleInsets,extendHeight
962,org.jfree.chart.ui.RectangleInsets,calculateTopOutset
1924,org.jfree.chart.ui.RectangleInsets,calculateBottomOutset
4853111,org.jfree.chart.ui.RectangleInsets,extendHeight
9445460,org.jfree.chart.block.AbstractBlock,calculateTotalHeight
642,org.jfree.chart.ui.RectangleInsets,calculateLeftOutset
1283,org.jfree.chart.ui.RectangleInsets,calculateRightOutset
4780623,org.jfree.chart.ui.RectangleInsets,extendWidth
2244,org.jfree.chart.block.BlockBorder,getInsets
962,org.jfree.chart.ui.RectangleInsets,calculateLeftOutset
1282,org.jfree.chart.ui.RectangleInsets,calculateRightOutset
4732512,org.jfree.chart.ui.RectangleInsets,extendWidth
1282,org.jfree.chart.ui.RectangleInsets,calculateLeftOutset
1604,org.jfree.chart.ui.RectangleInsets,calculateRightOutset
5042668,org.jfree.chart.ui.RectangleInsets,extendWidth
9654261,org.jfree.chart.block.AbstractBlock,calculateTotalWidth
14972124,org.jfree.chart.title.LegendTitle,arrange
3849,org.jfree.chart.title.Title,getHorizontalAlignment
19565,org.jfree.chart.JFreeChart,createAlignedRectangle2D
2887,org.jfree.chart.block.BlockParams,getGenerateEntities
962,org.jfree.chart.ui.RectangleInsets,calculateLeftInset
1283,org.jfree.chart.ui.RectangleInsets,calculateRightInset
1284,org.jfree.chart.ui.RectangleInsets,calculateTopInset
1604,org.jfree.chart.ui.RectangleInsets,calculateBottomInset
5557134,org.jfree.chart.ui.RectangleInsets,trim
9961531,org.jfree.chart.block.AbstractBlock,trimMargin
5132,org.jfree.chart.block.AbstractBlock,getFrame
963,org.jfree.chart.ui.RectangleInsets,calculateTopInset
1604,org.jfree.chart.ui.RectangleInsets,calculateBottomInset
2245,org.jfree.chart.ui.RectangleInsets,calculateLeftInset
1604,org.jfree.chart.ui.RectangleInsets,calculateRightInset
4773246,org.jfree.chart.block.BlockBorder,draw
1284,org.jfree.chart.block.BlockBorder,getInsets
962,org.jfree.chart.ui.RectangleInsets,calculateLeftInset
1604,org.jfree.chart.ui.RectangleInsets,calculateRightInset
1283,org.jfree.chart.ui.RectangleInsets,calculateTopInset
1924,org.jfree.chart.ui.RectangleInsets,calculateBottomInset
5231263,org.jfree.chart.ui.RectangleInsets,trim
962,org.jfree.chart.ui.RectangleInsets,calculateLeftInset
1925,org.jfree.chart.ui.RectangleInsets,calculateRightInset
1282,org.jfree.chart.ui.RectangleInsets,calculateTopInset
1283,org.jfree.chart.ui.RectangleInsets,calculateBottomInset
4766191,org.jfree.chart.ui.RectangleInsets,trim
9972115,org.jfree.chart.block.AbstractBlock,trimPadding
963,org.jfree.chart.block.BlockParams,getGenerateEntities
962,org.jfree.chart.ui.RectangleInsets,calculateLeftInset
1604,org.jfree.chart.ui.RectangleInsets,calculateRightInset
1604,org.jfree.chart.ui.RectangleInsets,calculateTopInset
962,org.jfree.chart.ui.RectangleInsets,calculateBottomInset
5287392,org.jfree.chart.ui.RectangleInsets,trim
9796029,org.jfree.chart.block.AbstractBlock,trimMargin
962,org.jfree.chart.ui.RectangleInsets,calculateTopInset
1603,org.jfree.chart.ui.RectangleInsets,calculateBottomInset
1603,org.jfree.chart.ui.RectangleInsets,calculateLeftInset
1282,org.jfree.chart.ui.RectangleInsets,calculateRightInset
4737965,org.jfree.chart.block.BlockBorder,draw
9790255,org.jfree.chart.block.AbstractBlock,drawBorder
642,org.jfree.chart.block.BlockBorder,getInsets
962,org.jfree.chart.ui.RectangleInsets,calculateLeftInset
1603,org.jfree.chart.ui.RectangleInsets,calculateRightInset
1604,org.jfree.chart.ui.RectangleInsets,calculateTopInset
1604,org.jfree.chart.ui.RectangleInsets,calculateBottomInset
4889675,org.jfree.chart.ui.RectangleInsets,trim
10577992,org.jfree.chart.block.AbstractBlock,trimBorder
1283,org.jfree.chart.ui.RectangleInsets,calculateLeftInset
1284,org.jfree.chart.ui.RectangleInsets,calculateRightInset
1924,org.jfree.chart.ui.RectangleInsets,calculateTopInset
962,org.jfree.chart.ui.RectangleInsets,calculateBottomInset
5169360,org.jfree.chart.ui.RectangleInsets,trim
9621546,org.jfree.chart.block.AbstractBlock,trimPadding
4811,org.jfree.chart.block.AbstractBlock,getBounds
962,org.jfree.chart.block.BlockParams,getGenerateEntities
963,org.jfree.chart.ui.RectangleInsets,calculateLeftInset
2566,org.jfree.chart.ui.RectangleInsets,calculateRightInset
1284,org.jfree.chart.ui.RectangleInsets,calculateTopInset
1283,org.jfree.chart.ui.RectangleInsets,calculateBottomInset
5048762,org.jfree.chart.ui.RectangleInsets,trim
9936512,org.jfree.chart.block.AbstractBlock,trimMargin
1603,org.jfree.chart.ui.RectangleInsets,calculateTopInset
1925,org.jfree.chart.ui.RectangleInsets,calculateBottomInset
2566,org.jfree.chart.ui.RectangleInsets,calculateLeftInset
1603,org.jfree.chart.ui.RectangleInsets,calculateRightInset
4964728,org.jfree.chart.block.BlockBorder,draw
10474713,org.jfree.chart.block.AbstractBlock,drawBorder
962,org.jfree.chart.block.BlockBorder,getInsets
1282,org.jfree.chart.ui.RectangleInsets,calculateLeftInset
1925,org.jfree.chart.ui.RectangleInsets,calculateRightInset
2565,org.jfree.chart.ui.RectangleInsets,calculateTopInset
1283,org.jfree.chart.ui.RectangleInsets,calculateBottomInset
6134465,org.jfree.chart.ui.RectangleInsets,trim
11383690,org.jfree.chart.block.AbstractBlock,trimBorder
962,org.jfree.chart.ui.RectangleInsets,calculateLeftInset
2245,org.jfree.chart.ui.RectangleInsets,calculateRightInset
1283,org.jfree.chart.ui.RectangleInsets,calculateTopInset
1283,org.jfree.chart.ui.RectangleInsets,calculateBottomInset
5304712,org.jfree.chart.ui.RectangleInsets,trim
9806613,org.jfree.chart.block.AbstractBlock,trimPadding
2565,org.jfree.chart.block.AbstractBlock,getBounds
962,org.jfree.chart.ui.RectangleInsets,calculateLeftInset
1925,org.jfree.chart.ui.RectangleInsets,calculateRightInset
1283,org.jfree.chart.ui.RectangleInsets,calculateTopInset
1604,org.jfree.chart.ui.RectangleInsets,calculateBottomInset
5207529,org.jfree.chart.ui.RectangleInsets,trim
9788652,org.jfree.chart.block.AbstractBlock,trimMargin
962,org.jfree.chart.ui.RectangleInsets,calculateTopInset
2566,org.jfree.chart.ui.RectangleInsets,calculateBottomInset
2245,org.jfree.chart.ui.RectangleInsets,calculateLeftInset
1604,org.jfree.chart.ui.RectangleInsets,calculateRightInset
5552644,org.jfree.chart.block.BlockBorder,draw
10066091,org.jfree.chart.block.AbstractBlock,drawBorder
641,org.jfree.chart.block.BlockBorder,getInsets
963,org.jfree.chart.ui.RectangleInsets,calculateLeftInset
2245,org.jfree.chart.ui.RectangleInsets,calculateRightInset
1604,org.jfree.chart.ui.RectangleInsets,calculateTopInset
1283,org.jfree.chart.ui.RectangleInsets,calculateBottomInset
4945163,org.jfree.chart.ui.RectangleInsets,trim
9883591,org.jfree.chart.block.AbstractBlock,trimBorder
962,org.jfree.chart.ui.RectangleInsets,calculateLeftInset
5452,org.jfree.chart.ui.RectangleInsets,calculateRightInset
2246,org.jfree.chart.ui.RectangleInsets,calculateTopInset
1283,org.jfree.chart.ui.RectangleInsets,calculateBottomInset
5100722,org.jfree.chart.ui.RectangleInsets,trim
9553870,org.jfree.chart.block.AbstractBlock,trimPadding
1925,org.jfree.chart.block.AbstractBlock,getBounds
962,org.jfree.chart.ui.RectangleInsets,calculateLeftInset
1604,org.jfree.chart.ui.RectangleInsets,calculateRightInset
1603,org.jfree.chart.ui.RectangleInsets,calculateTopInset
1925,org.jfree.chart.ui.RectangleInsets,calculateBottomInset
5047800,org.jfree.chart.ui.RectangleInsets,trim
9742787,org.jfree.chart.block.AbstractBlock,trimMargin
1283,org.jfree.chart.ui.RectangleInsets,calculateTopInset
1282,org.jfree.chart.ui.RectangleInsets,calculateBottomInset
1924,org.jfree.chart.ui.RectangleInsets,calculateLeftInset
2244,org.jfree.chart.ui.RectangleInsets,calculateRightInset
4965369,org.jfree.chart.block.BlockBorder,draw
9392218,org.jfree.chart.block.AbstractBlock,drawBorder
641,org.jfree.chart.block.BlockBorder,getInsets
962,org.jfree.chart.ui.RectangleInsets,calculateLeftInset
962,org.jfree.chart.ui.RectangleInsets,calculateRightInset
1282,org.jfree.chart.ui.RectangleInsets,calculateTopInset
1282,org.jfree.chart.ui.RectangleInsets,calculateBottomInset
4883260,org.jfree.chart.ui.RectangleInsets,trim
9299524,org.jfree.chart.block.AbstractBlock,trimBorder
2245,org.jfree.chart.ui.RectangleInsets,calculateLeftInset
1925,org.jfree.chart.ui.RectangleInsets,calculateRightInset
1604,org.jfree.chart.ui.RectangleInsets,calculateTopInset
1603,org.jfree.chart.ui.RectangleInsets,calculateBottomInset
5016046,org.jfree.chart.ui.RectangleInsets,trim
9474327,org.jfree.chart.block.AbstractBlock,trimPadding
962,org.jfree.chart.util.ParamChecks,nullNotPermitted
4797623,org.jfree.chart.ui.RectangleAnchor,getAnchorPoint
9679601,org.jfree.chart.ui.RectangleAnchor,coordinates
962,org.jfree.chart.util.ParamChecks,nullNotPermitted
2566,org.jfree.chart.util.ParamChecks,nullNotPermitted
1924,org.jfree.chart.util.ParamChecks,nullNotPermitted
5884930,org.jfree.chart.ui.RectangleAnchor,getAnchorPoint
12306457,org.jfree.chart.ui.RectangleAnchor,coordinates
18126919,org.jfree.chart.util.ShapeUtils,createTranslatedShape
26470960,org.jfree.chart.title.LegendGraphic,draw
32485468,org.jfree.chart.title.LegendGraphic,draw
4170,org.jfree.chart.block.AbstractBlock,getBounds
2886,org.jfree.chart.ui.RectangleInsets,calculateLeftInset
2566,org.jfree.chart.ui.RectangleInsets,calculateRightInset
3529,org.jfree.chart.ui.RectangleInsets,calculateTopInset
2886,org.jfree.chart.ui.RectangleInsets,calculateBottomInset
5417932,org.jfree.chart.ui.RectangleInsets,trim
10492675,org.jfree.chart.block.AbstractBlock,trimMargin
2244,org.jfree.chart.ui.RectangleInsets,calculateTopInset
8018,org.jfree.chart.ui.RectangleInsets,calculateBottomInset
2245,org.jfree.chart.ui.RectangleInsets,calculateLeftInset
1604,org.jfree.chart.ui.RectangleInsets,calculateRightInset
5144985,org.jfree.chart.block.BlockBorder,draw
10224217,org.jfree.chart.block.AbstractBlock,drawBorder
962,org.jfree.chart.block.BlockBorder,getInsets
962,org.jfree.chart.ui.RectangleInsets,calculateLeftInset
2566,org.jfree.chart.ui.RectangleInsets,calculateRightInset
3208,org.jfree.chart.ui.RectangleInsets,calculateTopInset
1924,org.jfree.chart.ui.RectangleInsets,calculateBottomInset
5655601,org.jfree.chart.ui.RectangleInsets,trim
10600123,org.jfree.chart.block.AbstractBlock,trimBorder
1283,org.jfree.chart.ui.RectangleInsets,calculateLeftInset
3528,org.jfree.chart.ui.RectangleInsets,calculateRightInset
1925,org.jfree.chart.ui.RectangleInsets,calculateTopInset
1604,org.jfree.chart.ui.RectangleInsets,calculateBottomInset
6079619,org.jfree.chart.ui.RectangleInsets,trim
11206001,org.jfree.chart.block.AbstractBlock,trimPadding
962,org.jfree.chart.util.ParamChecks,nullNotPermitted
5613905,org.jfree.chart.ui.RectangleAnchor,getAnchorPoint
10697307,org.jfree.chart.ui.RectangleAnchor,coordinates
14113,org.jfree.chart.text.TextUtilities,getTextBounds
5479516,org.jfree.chart.text.TextFragment,calculateDimensions
2566,org.jfree.chart.ui.Size2D,getWidth
1925,org.jfree.chart.ui.Size2D,getHeight
4595557,org.jfree.chart.text.TextLine,calculateDimensions
2567,org.jfree.chart.ui.Size2D,getWidth
2886,org.jfree.chart.ui.Size2D,getHeight
4253006,org.jfree.chart.text.TextBlock,calculateDimensions
2887,org.jfree.chart.ui.Size2D,getWidth
2246,org.jfree.chart.ui.Size2D,getHeight
19565,org.jfree.chart.text.TextBlock,calculateOffsets
11226,org.jfree.chart.text.TextUtilities,getTextBounds
5172889,org.jfree.chart.text.TextFragment,calculateDimensions
2886,org.jfree.chart.ui.Size2D,getWidth
1603,org.jfree.chart.ui.Size2D,getHeight
5002896,org.jfree.chart.text.TextLine,calculateDimensions
1924,org.jfree.chart.ui.Size2D,getWidth
1924,org.jfree.chart.ui.Size2D,getWidth
9622,org.jfree.chart.text.TextUtilities,getTextBounds
5774275,org.jfree.chart.text.TextFragment,calculateDimensions
2246,org.jfree.chart.ui.Size2D,getWidth
1604,org.jfree.chart.ui.Size2D,getHeight
4486506,org.jfree.chart.text.TextLine,calculateDimensions
8981,org.jfree.chart.ui.TextAnchor,isHorizontalCenter
7698,org.jfree.chart.ui.TextAnchor,isHorizontalRight
3528,org.jfree.chart.ui.TextAnchor,isTop
5537890,org.jfree.chart.text.TextFragment,calculateBaselineOffset
10616480,org.jfree.chart.text.TextLine,calculateBaselineOffset
15717,org.jfree.chart.text.TextUtilities,getTextBounds
5162625,org.jfree.chart.text.TextFragment,calculateDimensions
963,org.jfree.chart.util.ParamChecks,nullNotPermitted
9943,org.jfree.chart.text.TextUtilities,getTextBounds
2887,org.jfree.chart.ui.TextAnchor,isHorizontalCenter
3528,org.jfree.chart.ui.TextAnchor,isHorizontalRight
2246,org.jfree.chart.ui.TextAnchor,isTop
7697,org.jfree.chart.ui.TextAnchor,isHalfAscent
5132,org.jfree.chart.ui.TextAnchor,isHalfHeight
4491,org.jfree.chart.ui.TextAnchor,isBaseline
4471752,org.jfree.chart.text.TextUtilities,deriveTextBoundsAnchorOffsets
11258281,org.jfree.chart.text.TextUtilities,drawAlignedString
16250273,org.jfree.chart.text.TextUtilities,drawRotatedString
21656659,org.jfree.chart.text.TextFragment,draw
3207,org.jfree.chart.ui.Size2D,getWidth
4731551,org.jfree.chart.text.TextLine,draw
1604,org.jfree.chart.ui.Size2D,getHeight
4957031,org.jfree.chart.text.TextBlock,draw
9348597,org.jfree.chart.text.TextBlock,draw
13654527,org.jfree.chart.block.LabelBlock,draw
18136221,org.jfree.chart.block.BlockContainer,draw
3849,org.jfree.chart.block.BlockParams,getGenerateEntities
5225490,org.jfree.chart.title.LegendItemBlockContainer,draw
11692562,org.jfree.chart.block.BlockContainer,draw
17030631,org.jfree.chart.block.BlockContainer,draw
21759296,org.jfree.chart.title.LegendTitle,draw
26303213,org.jfree.chart.JFreeChart,drawTitle
3849,org.jfree.chart.plot.Plot,getInsets
962,org.jfree.chart.ui.RectangleInsets,calculateLeftInset
3207,org.jfree.chart.ui.RectangleInsets,calculateRightInset
4811,org.jfree.chart.ui.RectangleInsets,calculateTopInset
1924,org.jfree.chart.ui.RectangleInsets,calculateBottomInset
6590237,org.jfree.chart.ui.RectangleInsets,trim
2567,org.jfree.chart.plot.MeterPlot,getDataset
2245,org.jfree.data.Range,getLowerBound
2245,org.jfree.data.Range,getUpperBound
6415,org.jfree.chart.plot.Plot,getForegroundAlpha
962,org.jfree.chart.util.ParamChecks,nullNotPermitted
963,org.jfree.data.Range,getLowerBound
3848,org.jfree.data.Range,getLength
4704287,org.jfree.chart.plot.MeterPlot,valueToAngle
1283,org.jfree.data.Range,getLowerBound
1604,org.jfree.data.Range,getLength
4220933,org.jfree.chart.plot.MeterPlot,valueToAngle
9611604,org.jfree.chart.plot.MeterPlot,fillArc
962,org.jfree.data.Range,getLowerBound
1924,org.jfree.data.Range,getLength
4585293,org.jfree.chart.plot.MeterPlot,valueToAngle
10052299,org.jfree.chart.plot.MeterPlot,drawTick
14485562,org.jfree.chart.plot.MeterPlot,drawTick
1284,org.jfree.data.Range,getLowerBound
1603,org.jfree.data.Range,getLength
4035866,org.jfree.chart.plot.MeterPlot,valueToAngle
8917203,org.jfree.chart.plot.MeterPlot,drawTick
13726372,org.jfree.chart.plot.MeterPlot,drawTick
1604,org.jfree.data.Range,getLowerBound
1924,org.jfree.data.Range,getLength
4082053,org.jfree.chart.plot.MeterPlot,valueToAngle
8974294,org.jfree.chart.plot.MeterPlot,drawTick
14036526,org.jfree.chart.plot.MeterPlot,drawTick
962,org.jfree.data.Range,getLowerBound
2244,org.jfree.data.Range,getLength
4898013,org.jfree.chart.plot.MeterPlot,valueToAngle
9472723,org.jfree.chart.plot.MeterPlot,drawTick
13915929,org.jfree.chart.plot.MeterPlot,drawTick
963,org.jfree.data.Range,getLowerBound
1925,org.jfree.data.Range,getLength
4002509,org.jfree.chart.plot.MeterPlot,valueToAngle
8630782,org.jfree.chart.plot.MeterPlot,drawTick
13744975,org.jfree.chart.plot.MeterPlot,drawTick
962,org.jfree.data.Range,getLowerBound
1604,org.jfree.data.Range,getLength
4804358,org.jfree.chart.plot.MeterPlot,valueToAngle
9676393,org.jfree.chart.plot.MeterPlot,drawTick
14298250,org.jfree.chart.plot.MeterPlot,drawTick
962,org.jfree.data.Range,getLowerBound
1924,org.jfree.data.Range,getLength
8667666,org.jfree.chart.plot.MeterPlot,valueToAngle
14269705,org.jfree.chart.plot.MeterPlot,drawTick
19572171,org.jfree.chart.plot.MeterPlot,drawTick
642,org.jfree.data.Range,getLowerBound
2244,org.jfree.data.Range,getLength
4932654,org.jfree.chart.plot.MeterPlot,valueToAngle
9873006,org.jfree.chart.plot.MeterPlot,drawTick
15117098,org.jfree.chart.plot.MeterPlot,drawTick
641,org.jfree.data.Range,getLowerBound
1283,org.jfree.data.Range,getLength
4355002,org.jfree.chart.plot.MeterPlot,valueToAngle
9083987,org.jfree.chart.plot.MeterPlot,drawTick
14394152,org.jfree.chart.plot.MeterPlot,drawTick
962,org.jfree.data.Range,getLowerBound
1283,org.jfree.data.Range,getLength
4178596,org.jfree.chart.plot.MeterPlot,valueToAngle
8872620,org.jfree.chart.plot.MeterPlot,drawTick
13539060,org.jfree.chart.plot.MeterPlot,drawTick
962,org.jfree.data.Range,getLowerBound
1604,org.jfree.data.Range,getLength
3991925,org.jfree.chart.plot.MeterPlot,valueToAngle
8925221,org.jfree.chart.plot.MeterPlot,drawTick
13227301,org.jfree.chart.plot.MeterPlot,drawTick
17825745,org.jfree.chart.plot.MeterPlot,drawTicks
1924,org.jfree.chart.plot.MeterInterval,getRange
1604,org.jfree.data.Range,getLowerBound
962,org.jfree.chart.plot.MeterInterval,getRange
1603,org.jfree.data.Range,getUpperBound
1283,org.jfree.chart.plot.MeterInterval,getOutlinePaint
3849,org.jfree.chart.plot.MeterInterval,getOutlineStroke
1283,org.jfree.chart.plot.MeterInterval,getBackgroundPaint
5275205,org.jfree.chart.plot.MeterPlot,drawArcForInterval
642,org.jfree.chart.plot.MeterInterval,getRange
2245,org.jfree.data.Range,getLowerBound
1925,org.jfree.chart.plot.MeterInterval,getRange
1604,org.jfree.data.Range,getUpperBound
1603,org.jfree.chart.plot.MeterInterval,getOutlinePaint
1924,org.jfree.chart.plot.MeterInterval,getOutlineStroke
2244,org.jfree.chart.plot.MeterInterval,getBackgroundPaint
641,org.jfree.data.Range,getLowerBound
1604,org.jfree.data.Range,getLength
4239215,org.jfree.chart.plot.MeterPlot,valueToAngle
1603,org.jfree.data.Range,getLowerBound
642,org.jfree.data.Range,getLength
4276742,org.jfree.chart.plot.MeterPlot,valueToAngle
9263922,org.jfree.chart.plot.MeterPlot,drawArc
640,org.jfree.data.Range,getLowerBound
1604,org.jfree.data.Range,getLength
4927843,org.jfree.chart.plot.MeterPlot,valueToAngle
536598,org.jfree.chart.text.TextUtilities,getTextBounds
5611982,org.jfree.chart.plot.MeterPlot,drawTick
962,org.jfree.data.Range,getLowerBound
1604,org.jfree.data.Range,getLength
3870364,org.jfree.chart.plot.MeterPlot,valueToAngle
162294,org.jfree.chart.text.TextUtilities,getTextBounds
5113230,org.jfree.chart.plot.MeterPlot,drawTick
9449950,org.jfree.chart.plot.MeterPlot,drawArcForInterval
5133,org.jfree.data.general.DefaultValueDataset,getValue
962,org.jfree.data.general.DefaultValueDataset,getValue
652706,org.jfree.chart.text.TextUtilities,getTextBounds
1925,org.jfree.chart.ui.TextAnchor,isHorizontalCenter
1282,org.jfree.chart.ui.TextAnchor,isTop
4217405,org.jfree.chart.text.TextUtilities,deriveTextBoundsAnchorOffsets
9933947,org.jfree.chart.text.TextUtilities,drawAlignedString
14956088,org.jfree.chart.plot.MeterPlot,drawValueLabel
1924,org.jfree.data.Range,contains
962,org.jfree.data.Range,getLowerBound
1283,org.jfree.data.Range,getLength
4577596,org.jfree.chart.plot.MeterPlot,valueToAngle
9469195,org.jfree.chart.plot.MeterPlot,draw
2245,org.jfree.chart.JFreeChart,notifyListeners
4439998,org.jfree.chart.JFreeChart,draw
8812320,org.jfree.chart.MeterChartTest,testDrawWithNullInfo
