14112,org.jfree.data.DefaultKeyedValues,getIndex
9404084,org.jfree.data.DefaultKeyedValues,setValue
10905,org.jfree.data.general.AbstractDataset,notifyListeners
6341343,org.jfree.data.general.AbstractDataset,fireDatasetChanged
13086497,org.jfree.data.general.DefaultPieDataset,setValue
4169,org.jfree.data.DefaultKeyedValues,getIndex
6052998,org.jfree.data.DefaultKeyedValues,setValue
3849,org.jfree.data.general.AbstractDataset,notifyListeners
5629943,org.jfree.data.general.AbstractDataset,fireDatasetChanged
12249046,org.jfree.data.general.DefaultPieDataset,setValue
4489,org.jfree.data.DefaultKeyedValues,getIndex
5601075,org.jfree.data.DefaultKeyedValues,setValue
3528,org.jfree.data.general.AbstractDataset,notifyListeners
5492666,org.jfree.data.general.AbstractDataset,fireDatasetChanged
11358031,org.jfree.data.general.DefaultPieDataset,setValue
8981,org.jfree.chart.util.ParamChecks,nullNotPermitted
31829878,org.jfree.chart.StandardChartTheme,createDefaultFont
21489,org.jfree.chart.StandardChartTheme,createDefaultFont
37847,org.jfree.chart.StandardChartTheme,createDefaultFont
23093,org.jfree.chart.StandardChartTheme,createDefaultFont
6735,org.jfree.chart.util.ParamChecks,nullNotPermitted
27904,org.jfree.chart.ChartColor,createDefaultPaintArray
6415,org.jfree.chart.plot.DefaultDrawingSupplier,intArray
11866,org.jfree.chart.plot.DefaultDrawingSupplier,intArray
8339,org.jfree.chart.plot.DefaultDrawingSupplier,intArray
14433,org.jfree.chart.plot.DefaultDrawingSupplier,intArray
14113,org.jfree.chart.plot.DefaultDrawingSupplier,intArray
17320,org.jfree.chart.plot.DefaultDrawingSupplier,intArray
11547,org.jfree.chart.plot.DefaultDrawingSupplier,intArray
34641,org.jfree.chart.plot.DefaultDrawingSupplier,intArray
22452,org.jfree.chart.plot.DefaultDrawingSupplier,intArray
12188,org.jfree.chart.plot.DefaultDrawingSupplier,intArray
6712118,org.jfree.chart.plot.DefaultDrawingSupplier,createStandardSeriesShapes
12188,org.jfree.chart.Colors,createFancyLightColors
6237102,org.jfree.chart.Colors,getDefaultColors
4490,org.jfree.chart.util.ParamChecks,nullNotPermitted
1091156,org.jfree.chart.util.ResourceBundleWrapper,getBundle
3207,org.jfree.chart.util.ParamChecks,nullNotPermitted
6094,org.jfree.chart.Colors,createFancyLightColors
5095269,org.jfree.chart.Colors,getDefaultColors
17321,org.jfree.data.general.AbstractDataset,addChangeListener
35923,org.jfree.chart.plot.Plot,notifyListeners
5335183,org.jfree.chart.plot.Plot,fireChangeEvent
11009067,org.jfree.chart.plot.PiePlot,setLabelGenerator
1925,org.jfree.chart.util.ParamChecks,nullNotPermitted
10905,org.jfree.chart.ui.RectangleInsets,equals
3528,org.jfree.chart.plot.Plot,notifyListeners
5373029,org.jfree.chart.plot.Plot,fireChangeEvent
10357964,org.jfree.chart.plot.Plot,setInsets
17198057,org.jfree.chart.plot.Plot,setInsets
3529,org.jfree.chart.plot.Plot,notifyListeners
5742202,org.jfree.chart.plot.Plot,fireChangeEvent
10771719,org.jfree.chart.plot.PiePlot,setToolTipGenerator
2246,org.jfree.chart.util.ParamChecks,nullNotPermitted
3848,org.jfree.chart.util.ParamChecks,nullNotPermitted
25659,org.jfree.chart.plot.Plot,addChangeListener
5774,org.jfree.chart.util.ParamChecks,nullNotPermitted
3208,org.jfree.chart.util.ParamChecks,nullNotPermitted
2566,org.jfree.chart.util.ParamChecks,nullNotPermitted
1926,org.jfree.chart.util.ParamChecks,nullNotPermitted
3849,org.jfree.chart.util.ParamChecks,nullNotPermitted
7188416,org.jfree.chart.block.AbstractBlock,setPadding
1283,org.jfree.chart.util.ParamChecks,nullNotPermitted
5718145,org.jfree.chart.block.AbstractBlock,setMargin
1283,org.jfree.chart.util.ParamChecks,nullNotPermitted
16679,org.jfree.chart.title.Title,notifyListeners
5704354,org.jfree.chart.title.Title,fireChangeEvent
11037933,org.jfree.chart.title.Title,setHorizontalAlignment
4170,org.jfree.chart.title.Title,notifyListeners
6854846,org.jfree.chart.title.LegendTitle,setBackgroundPaint
962,org.jfree.chart.util.ParamChecks,nullNotPermitted
2887,org.jfree.chart.title.Title,notifyListeners
6530579,org.jfree.chart.title.Title,fireChangeEvent
13540022,org.jfree.chart.title.Title,setPosition
23093,org.jfree.chart.title.Title,addChangeListener
3527,org.jfree.chart.util.ParamChecks,nullNotPermitted
1604,org.jfree.chart.util.ParamChecks,nullNotPermitted
2566,org.jfree.chart.util.ParamChecks,nullNotPermitted
2886,org.jfree.chart.util.ParamChecks,nullNotPermitted
2565,org.jfree.chart.util.ParamChecks,nullNotPermitted
5695693,org.jfree.chart.block.AbstractBlock,setPadding
2887,org.jfree.chart.util.ParamChecks,nullNotPermitted
3528,org.jfree.chart.util.ParamChecks,nullNotPermitted
2887,org.jfree.chart.util.ParamChecks,nullNotPermitted
7377,org.jfree.chart.title.Title,addChangeListener
15081176,org.jfree.chart.charttypes.PieSimple,createChart
1604,org.jfree.chart.util.ParamChecks,nullNotPermitted
8340,org.jfree.chart.JFreeChart,getTitle
1282,org.jfree.chart.util.ParamChecks,nullNotPermitted
5132,org.jfree.chart.event.ChartChangeEvent,setChart
14112,org.jfree.chart.JFreeChart,notifyListeners
4420112,org.jfree.chart.JFreeChart,titleChanged
9358540,org.jfree.chart.title.Title,notifyListeners
14299213,org.jfree.chart.title.Title,fireChangeEvent
19186643,org.jfree.chart.title.TextTitle,setFont
1603,org.jfree.chart.util.ParamChecks,nullNotPermitted
1604,org.jfree.chart.event.ChartChangeEvent,setChart
3528,org.jfree.chart.JFreeChart,notifyListeners
4230877,org.jfree.chart.JFreeChart,titleChanged
8919448,org.jfree.chart.title.Title,notifyListeners
13667997,org.jfree.chart.title.Title,fireChangeEvent
18977521,org.jfree.chart.title.TextTitle,setPaint
12830,org.jfree.chart.JFreeChart,getSubtitleCount
3207,org.jfree.chart.JFreeChart,getSubtitleCount
4382906,org.jfree.chart.JFreeChart,getSubtitle
5452,org.jfree.chart.title.LegendTitle,getBackgroundPaint
1924,org.jfree.chart.event.ChartChangeEvent,setChart
3849,org.jfree.chart.JFreeChart,notifyListeners
5273922,org.jfree.chart.JFreeChart,titleChanged
9763314,org.jfree.chart.title.Title,notifyListeners
14706232,org.jfree.chart.title.LegendTitle,setBackgroundPaint
962,org.jfree.chart.event.ChartChangeEvent,setChart
3528,org.jfree.chart.JFreeChart,notifyListeners
4836753,org.jfree.chart.JFreeChart,titleChanged
10013811,org.jfree.chart.title.Title,notifyListeners
14797642,org.jfree.chart.title.LegendTitle,setItemFont
962,org.jfree.chart.event.ChartChangeEvent,setChart
2886,org.jfree.chart.JFreeChart,notifyListeners
4329343,org.jfree.chart.JFreeChart,titleChanged
8461111,org.jfree.chart.title.Title,notifyListeners
13310052,org.jfree.chart.title.LegendTitle,setItemPaint
8018,org.jfree.chart.title.LegendTitle,getWrapper
4342173,org.jfree.chart.StandardChartTheme,applyToTitle
2566,org.jfree.chart.JFreeChart,notifyListeners
4489392,org.jfree.chart.JFreeChart,fireChartChanged
9684412,org.jfree.chart.JFreeChart,setBackgroundPainter
4169,org.jfree.chart.JFreeChart,getPlot
10264,org.jfree.chart.util.ParamChecks,nullNotPermitted
3527,org.jfree.chart.plot.Plot,getParent
4494523,org.jfree.chart.plot.Plot,getDrawingSupplier
19566,org.jfree.chart.plot.DefaultDrawingSupplier,clone
5247620,org.jfree.chart.StandardChartTheme,getDrawingSupplier
642,org.jfree.chart.event.ChartChangeEvent,setChart
2565,org.jfree.chart.JFreeChart,notifyListeners
4788321,org.jfree.chart.JFreeChart,plotChanged
9319731,org.jfree.chart.plot.Plot,notifyListeners
13913684,org.jfree.chart.plot.Plot,fireChangeEvent
19649149,org.jfree.chart.plot.Plot,setDrawingSupplier
963,org.jfree.chart.event.ChartChangeEvent,setChart
2566,org.jfree.chart.JFreeChart,notifyListeners
5473100,org.jfree.chart.JFreeChart,plotChanged
11456498,org.jfree.chart.plot.Plot,notifyListeners
16837225,org.jfree.chart.plot.Plot,fireChangeEvent
21778860,org.jfree.chart.plot.Plot,setBackgroundPainter
642,org.jfree.chart.event.ChartChangeEvent,setChart
2245,org.jfree.chart.JFreeChart,notifyListeners
5172567,org.jfree.chart.JFreeChart,plotChanged
10170972,org.jfree.chart.plot.Plot,notifyListeners
14983670,org.jfree.chart.plot.Plot,fireChangeEvent
19593982,org.jfree.chart.plot.Plot,setBorderPainter
962,org.jfree.chart.event.ChartChangeEvent,setChart
1925,org.jfree.chart.JFreeChart,notifyListeners
4487789,org.jfree.chart.JFreeChart,plotChanged
9314599,org.jfree.chart.plot.Plot,notifyListeners
14053526,org.jfree.chart.plot.Plot,fireChangeEvent
18547729,org.jfree.chart.plot.PiePlot,setLabelLinkPaint
642,org.jfree.chart.util.ParamChecks,nullNotPermitted
1283,org.jfree.chart.event.ChartChangeEvent,setChart
1924,org.jfree.chart.JFreeChart,notifyListeners
4481053,org.jfree.chart.JFreeChart,plotChanged
9484269,org.jfree.chart.plot.Plot,notifyListeners
14588840,org.jfree.chart.plot.Plot,fireChangeEvent
19228339,org.jfree.chart.plot.PiePlot,setLabelLinkStyle
641,org.jfree.chart.event.ChartChangeEvent,setChart
1284,org.jfree.chart.JFreeChart,notifyListeners
4655857,org.jfree.chart.JFreeChart,plotChanged
9116703,org.jfree.chart.plot.Plot,notifyListeners
13927155,org.jfree.chart.plot.Plot,fireChangeEvent
18990351,org.jfree.chart.plot.PiePlot,setLabelFont
641,org.jfree.chart.event.ChartChangeEvent,setChart
2244,org.jfree.chart.JFreeChart,notifyListeners
5018291,org.jfree.chart.JFreeChart,plotChanged
9488439,org.jfree.chart.plot.Plot,notifyListeners
14115108,org.jfree.chart.plot.Plot,fireChangeEvent
19321032,org.jfree.chart.plot.PiePlot,setShadowGenerator
4490,org.jfree.chart.plot.PiePlot,getAutoPopulateSectionPaint
8981,org.jfree.chart.PaintMap,clear
4694666,org.jfree.chart.plot.PiePlot,clearSectionPaints
4170,org.jfree.chart.plot.PiePlot,getAutoPopulateSectionOutlinePaint
3849,org.jfree.chart.plot.PiePlot,getAutoPopulateSectionOutlineStroke
5508703,org.jfree.chart.StandardChartTheme,applyToPiePlot
10359569,org.jfree.chart.StandardChartTheme,applyToPlot
15064177,org.jfree.chart.StandardChartTheme,apply
19469856,org.jfree.chart.charttypes.ChartFactoryClient,createChart
25403860,org.jfree.chart.PieChartTest,createPieChart
30113920,org.jfree.chart.PieChartTest,setUp
1604,org.jfree.chart.util.ParamChecks,nullNotPermitted
6692873,org.jfree.chart.JFreeChart,addChangeListener
1283,org.jfree.chart.JFreeChart,getPlot
5132,org.jfree.chart.plot.PiePlot,equals
5406708,org.jfree.data.general.AbstractDataset,removeChangeListener
2245,org.jfree.chart.event.ChartChangeEvent,setType
962,org.jfree.chart.event.ChartChangeEvent,setChart
3849,org.jfree.chart.PieChartTest$LocalListener,chartChanged
4998727,org.jfree.chart.JFreeChart,notifyListeners
9610000,org.jfree.chart.JFreeChart,plotChanged
14368493,org.jfree.chart.plot.Plot,notifyListeners
19371710,org.jfree.chart.plot.Plot,datasetChanged
24004472,org.jfree.chart.plot.PiePlot,setDataset
2886,org.jfree.chart.PieChartTest$LocalListener,access$0
4169,org.jfree.chart.plot.PiePlot,getDataset
4368474,org.jfree.chart.PieChartTest,testReplaceDatasetOnPieChart
