11226,org.jfree.chart.util.ParamChecks,nullNotPermitted
8443792,org.jfree.chart.PaintMap,getPaint
3528,org.jfree.chart.util.ParamChecks,nullNotPermitted
6347757,org.jfree.chart.PaintMap,put
3208,org.jfree.chart.util.ParamChecks,nullNotPermitted
5430122,org.jfree.chart.PaintMap,getPaint
2887,org.jfree.chart.util.ParamChecks,nullNotPermitted
6174238,org.jfree.chart.PaintMap,put
2886,org.jfree.chart.util.ParamChecks,nullNotPermitted
5811801,org.jfree.chart.PaintMap,getPaint
63507,org.jfree.chart.util.ParamChecks,nullNotPermitted
5511590,org.jfree.chart.PaintMap,getPaint
10798340,org.jfree.chart.PaintMapTest,testGetPaint
2245,org.jfree.chart.util.ParamChecks,nullNotPermitted
5510627,org.jfree.chart.PaintMap,put
2888,org.jfree.chart.util.ParamChecks,nullNotPermitted
5426273,org.jfree.chart.PaintMap,getPaint
20848,org.jfree.chart.util.ParamChecks,nullNotPermitted
5837461,org.jfree.chart.PaintMap,put
11720146,org.jfree.chart.PaintMapTest,testPut
2246,org.jfree.chart.util.ParamChecks,nullNotPermitted
5303750,org.jfree.chart.PaintMap,put
1924,org.jfree.chart.util.ParamChecks,nullNotPermitted
5636357,org.jfree.chart.PaintMap,put
2245,org.jfree.chart.util.ParamChecks,nullNotPermitted
6422490,org.jfree.chart.PaintMap,getPaint
11839461,org.jfree.chart.PaintMapTest,testKeysOfDifferentClasses
41055,org.jfree.chart.PaintMap,clone
43300,org.jfree.chart.PaintMap,equals
1924,org.jfree.chart.util.ParamChecks,nullNotPermitted
5169681,org.jfree.chart.PaintMap,put
1925,org.jfree.chart.util.ParamChecks,nullNotPermitted
5519287,org.jfree.chart.PaintMap,put
25339,org.jfree.chart.PaintMap,clone
1604,org.jfree.chart.util.ParamChecks,nullNotPermitted
5947154,org.jfree.chart.PaintMap,getPaint
1924,org.jfree.chart.util.ParamChecks,nullNotPermitted
4744700,org.jfree.chart.PaintMap,getPaint
6415,org.jfree.chart.util.PaintUtils,equal
1925,org.jfree.chart.util.ParamChecks,nullNotPermitted
5972171,org.jfree.chart.PaintMap,getPaint
1924,org.jfree.chart.util.ParamChecks,nullNotPermitted
4837715,org.jfree.chart.PaintMap,getPaint
2566,org.jfree.chart.util.PaintUtils,equal
4395415,org.jfree.chart.PaintMap,equals
8764209,org.jfree.chart.PaintMapTest,testCloning
2245,org.jfree.chart.PaintMap,equals
9622,org.jfree.chart.PaintMap,equals
2566,org.jfree.chart.PaintMap,equals
2887,org.jfree.chart.PaintMap,equals
2566,org.jfree.chart.util.ParamChecks,nullNotPermitted
4948691,org.jfree.chart.PaintMap,put
3208,org.jfree.chart.PaintMap,equals
1604,org.jfree.chart.util.ParamChecks,nullNotPermitted
5298940,org.jfree.chart.PaintMap,put
1603,org.jfree.chart.util.ParamChecks,nullNotPermitted
4972426,org.jfree.chart.PaintMap,getPaint
2245,org.jfree.chart.util.ParamChecks,nullNotPermitted
5274883,org.jfree.chart.PaintMap,getPaint
2246,org.jfree.chart.util.PaintUtils,equal
4771002,org.jfree.chart.PaintMap,equals
1604,org.jfree.chart.util.ParamChecks,nullNotPermitted
4817830,org.jfree.chart.PaintMap,put
3207,org.jfree.chart.PaintMap,equals
2245,org.jfree.chart.util.ParamChecks,nullNotPermitted
5023102,org.jfree.chart.PaintMap,put
1604,org.jfree.chart.util.ParamChecks,nullNotPermitted
4690817,org.jfree.chart.PaintMap,getPaint
1925,org.jfree.chart.util.ParamChecks,nullNotPermitted
4995840,org.jfree.chart.PaintMap,getPaint
2246,org.jfree.chart.util.PaintUtils,equal
1603,org.jfree.chart.util.ParamChecks,nullNotPermitted
5865365,org.jfree.chart.PaintMap,getPaint
2245,org.jfree.chart.util.ParamChecks,nullNotPermitted
5261092,org.jfree.chart.PaintMap,getPaint
99108,org.jfree.chart.util.PaintUtils,equal
5071213,org.jfree.chart.PaintMap,equals
8339,org.jfree.chart.util.ParamChecks,nullNotPermitted
5413443,org.jfree.chart.PaintMap,put
1282,org.jfree.chart.util.ParamChecks,nullNotPermitted
5065760,org.jfree.chart.PaintMap,getPaint
1283,org.jfree.chart.util.ParamChecks,nullNotPermitted
5314334,org.jfree.chart.PaintMap,getPaint
1924,org.jfree.chart.util.PaintUtils,equal
1603,org.jfree.chart.util.ParamChecks,nullNotPermitted
6664969,org.jfree.chart.PaintMap,getPaint
1283,org.jfree.chart.util.ParamChecks,nullNotPermitted
4652328,org.jfree.chart.PaintMap,getPaint
2566,org.jfree.chart.util.PaintUtils,equal
4734117,org.jfree.chart.PaintMap,equals
1283,org.jfree.chart.util.ParamChecks,nullNotPermitted
4638537,org.jfree.chart.PaintMap,put
963,org.jfree.chart.util.ParamChecks,nullNotPermitted
4754323,org.jfree.chart.PaintMap,getPaint
1284,org.jfree.chart.util.ParamChecks,nullNotPermitted
5312090,org.jfree.chart.PaintMap,getPaint
2245,org.jfree.chart.util.PaintUtils,equal
1604,org.jfree.chart.util.ParamChecks,nullNotPermitted
4881015,org.jfree.chart.PaintMap,getPaint
963,org.jfree.chart.util.ParamChecks,nullNotPermitted
4828094,org.jfree.chart.PaintMap,getPaint
1924,org.jfree.chart.util.PaintUtils,equal
5941701,org.jfree.chart.PaintMap,equals
10803471,org.jfree.chart.PaintMapTest,testEquals
35922,org.jfree.chart.PaintMap,writeObject
58054,org.jfree.chart.PaintMap,readObject
6094,org.jfree.chart.PaintMap,equals
4048696,org.jfree.chart.PaintMapTest,testSerialization1
1603,org.jfree.chart.util.ParamChecks,nullNotPermitted
6044017,org.jfree.chart.PaintMap,put
1283,org.jfree.chart.util.ParamChecks,nullNotPermitted
5641168,org.jfree.chart.PaintMap,put
1603,org.jfree.chart.util.ParamChecks,nullNotPermitted
5518004,org.jfree.chart.PaintMap,getPaint
2245,org.jfree.chart.util.ParamChecks,nullNotPermitted
9688260,org.jfree.chart.util.SerialUtils,writePaint
1283,org.jfree.chart.util.ParamChecks,nullNotPermitted
9794104,org.jfree.chart.PaintMap,getPaint
1283,org.jfree.chart.util.ParamChecks,nullNotPermitted
4868507,org.jfree.chart.util.SerialUtils,writePaint
9644640,org.jfree.chart.PaintMap,writeObject
1604,org.jfree.chart.util.ParamChecks,nullNotPermitted
8019,org.jfree.chart.util.SerialUtils,isSerializable
5184435,org.jfree.chart.util.SerialUtils,readPaint
1282,org.jfree.chart.util.ParamChecks,nullNotPermitted
9944,org.jfree.chart.util.SerialUtils,isSerializable
4825528,org.jfree.chart.util.SerialUtils,readPaint
10190539,org.jfree.chart.PaintMap,readObject
962,org.jfree.chart.util.ParamChecks,nullNotPermitted
5087573,org.jfree.chart.PaintMap,getPaint
1603,org.jfree.chart.util.ParamChecks,nullNotPermitted
5693769,org.jfree.chart.PaintMap,getPaint
304702,org.jfree.chart.util.PaintUtils,equal
1283,org.jfree.chart.util.ParamChecks,nullNotPermitted
5142739,org.jfree.chart.PaintMap,getPaint
1283,org.jfree.chart.util.ParamChecks,nullNotPermitted
5359237,org.jfree.chart.PaintMap,getPaint
8660,org.jfree.chart.util.PaintUtils,equal
4646875,org.jfree.chart.PaintMap,equals
8925541,org.jfree.chart.PaintMapTest,testSerialization2
