37803011,org.jfree.chart.renderer.GrayPaintScale,getPaint
8019,org.jfree.chart.renderer.GrayPaintScale,getPaint
5132,org.jfree.chart.renderer.GrayPaintScale,getPaint
8339,org.jfree.chart.renderer.GrayPaintScale,getPaint
5774,org.jfree.chart.renderer.GrayPaintScale,getPaint
8339,org.jfree.chart.renderer.GrayPaintScale,getPaint
4490,org.jfree.chart.renderer.GrayPaintScale,getPaint
5413122,org.jfree.chart.renderer.GrayPaintScaleTest,testGetPaint
16999,org.jfree.chart.renderer.GrayPaintScale,equals
6219141,org.jfree.chart.renderer.GrayPaintScaleTest,testSerialization
8018,org.jfree.chart.renderer.GrayPaintScale,clone
3207,org.jfree.chart.renderer.GrayPaintScale,equals
6096297,org.jfree.chart.renderer.GrayPaintScaleTest,testCloning
2566,org.jfree.chart.renderer.GrayPaintScale,equals
3528,org.jfree.chart.renderer.GrayPaintScale,equals
3528,org.jfree.chart.renderer.GrayPaintScale,equals
2565,org.jfree.chart.renderer.GrayPaintScale,equals
6736,org.jfree.chart.renderer.GrayPaintScale,equals
2886,org.jfree.chart.renderer.GrayPaintScale,equals
2567,org.jfree.chart.renderer.GrayPaintScale,equals
3849,org.jfree.chart.renderer.GrayPaintScale,equals
2566,org.jfree.chart.renderer.GrayPaintScale,equals
4718400,org.jfree.chart.renderer.GrayPaintScaleTest,testEquals
3849,org.jfree.chart.renderer.GrayPaintScale,getLowerBound
8019,org.jfree.chart.renderer.GrayPaintScale,getUpperBound
3849,org.jfree.chart.renderer.GrayPaintScale,getAlpha
4695307,org.jfree.chart.renderer.GrayPaintScaleTest,testConstructor
