10584,org.jfree.data.xy.DefaultXYDataset,indexOf
13792,org.jfree.data.general.AbstractDataset,notifyListeners
5568361,org.jfree.data.xy.DefaultXYDataset,addSeries
8018,org.jfree.data.xy.DefaultXYDataset,getSeriesCount
5340314,org.jfree.data.xy.DefaultXYDataset,getItemCount
10746380,org.jfree.chart.renderer.RendererUtilities,findLiveItemsUpperBound
19245,org.jfree.data.xy.DefaultXYDataset,indexOf
5452,org.jfree.data.general.AbstractDataset,notifyListeners
5605245,org.jfree.data.xy.DefaultXYDataset,addSeries
3207,org.jfree.data.xy.DefaultXYDataset,getSeriesCount
6241592,org.jfree.data.xy.DefaultXYDataset,getItemCount
13150964,org.jfree.chart.renderer.RendererUtilities,findLiveItemsUpperBound
3528,org.jfree.data.xy.DefaultXYDataset,getSeriesCount
5369823,org.jfree.data.xy.DefaultXYDataset,getItemCount
11843310,org.jfree.chart.renderer.RendererUtilities,findLiveItemsUpperBound
4490,org.jfree.data.xy.DefaultXYDataset,indexOf
3849,org.jfree.data.general.AbstractDataset,notifyListeners
5879477,org.jfree.data.xy.DefaultXYDataset,addSeries
2245,org.jfree.data.xy.DefaultXYDataset,getSeriesCount
5709165,org.jfree.data.xy.DefaultXYDataset,getItemCount
214896,org.jfree.chart.renderer.RendererUtilitiesTest$4,getDomainOrder
3528,org.jfree.chart.renderer.RendererUtilitiesTest$4,getDomainOrder
6736,org.jfree.data.xy.DefaultXYDataset,getXValue
5132,org.jfree.data.xy.DefaultXYDataset,getXValue
5110024,org.jfree.chart.renderer.RendererUtilities,findLiveItemsUpperBound
2886,org.jfree.data.xy.DefaultXYDataset,getSeriesCount
5172567,org.jfree.data.xy.DefaultXYDataset,getItemCount
3207,org.jfree.chart.renderer.RendererUtilitiesTest$4,getDomainOrder
3849,org.jfree.chart.renderer.RendererUtilitiesTest$4,getDomainOrder
4170,org.jfree.data.xy.DefaultXYDataset,getXValue
3528,org.jfree.data.xy.DefaultXYDataset,getXValue
5913155,org.jfree.chart.renderer.RendererUtilities,findLiveItemsUpperBound
2245,org.jfree.data.xy.DefaultXYDataset,getSeriesCount
5933682,org.jfree.data.xy.DefaultXYDataset,getItemCount
2887,org.jfree.chart.renderer.RendererUtilitiesTest$4,getDomainOrder
3849,org.jfree.chart.renderer.RendererUtilitiesTest$4,getDomainOrder
4811,org.jfree.data.xy.DefaultXYDataset,getXValue
5132,org.jfree.data.xy.DefaultXYDataset,getXValue
4707174,org.jfree.chart.renderer.RendererUtilities,findLiveItemsUpperBound
2566,org.jfree.data.xy.DefaultXYDataset,getSeriesCount
5462837,org.jfree.data.xy.DefaultXYDataset,getItemCount
2566,org.jfree.chart.renderer.RendererUtilitiesTest$4,getDomainOrder
2566,org.jfree.chart.renderer.RendererUtilitiesTest$4,getDomainOrder
3849,org.jfree.data.xy.DefaultXYDataset,getXValue
4986218,org.jfree.chart.renderer.RendererUtilities,findLiveItemsUpperBound
2245,org.jfree.data.xy.DefaultXYDataset,getSeriesCount
4839319,org.jfree.data.xy.DefaultXYDataset,getItemCount
2566,org.jfree.chart.renderer.RendererUtilitiesTest$4,getDomainOrder
2887,org.jfree.chart.renderer.RendererUtilitiesTest$4,getDomainOrder
9301,org.jfree.data.xy.DefaultXYDataset,getXValue
4542955,org.jfree.chart.renderer.RendererUtilities,findLiveItemsUpperBound
2887,org.jfree.data.xy.DefaultXYDataset,indexOf
2566,org.jfree.data.general.AbstractDataset,notifyListeners
4962804,org.jfree.data.xy.DefaultXYDataset,addSeries
2245,org.jfree.data.xy.DefaultXYDataset,getSeriesCount
4898977,org.jfree.data.xy.DefaultXYDataset,getItemCount
2566,org.jfree.chart.renderer.RendererUtilitiesTest$4,getDomainOrder
1924,org.jfree.chart.renderer.RendererUtilitiesTest$4,getDomainOrder
3207,org.jfree.data.xy.DefaultXYDataset,getXValue
2887,org.jfree.data.xy.DefaultXYDataset,getXValue
4400869,org.jfree.chart.renderer.RendererUtilities,findLiveItemsUpperBound
9621,org.jfree.data.xy.DefaultXYDataset,getSeriesCount
5483685,org.jfree.data.xy.DefaultXYDataset,getItemCount
2245,org.jfree.chart.renderer.RendererUtilitiesTest$4,getDomainOrder
1925,org.jfree.chart.renderer.RendererUtilitiesTest$4,getDomainOrder
3208,org.jfree.data.xy.DefaultXYDataset,getXValue
2566,org.jfree.data.xy.DefaultXYDataset,getXValue
4468865,org.jfree.chart.renderer.RendererUtilities,findLiveItemsUpperBound
1283,org.jfree.data.xy.DefaultXYDataset,getSeriesCount
5738352,org.jfree.data.xy.DefaultXYDataset,getItemCount
1924,org.jfree.chart.renderer.RendererUtilitiesTest$4,getDomainOrder
1925,org.jfree.chart.renderer.RendererUtilitiesTest$4,getDomainOrder
3207,org.jfree.data.xy.DefaultXYDataset,getXValue
3207,org.jfree.data.xy.DefaultXYDataset,getXValue
2887,org.jfree.data.xy.DefaultXYDataset,getXValue
4482977,org.jfree.chart.renderer.RendererUtilities,findLiveItemsUpperBound
1604,org.jfree.data.xy.DefaultXYDataset,getSeriesCount
4827452,org.jfree.data.xy.DefaultXYDataset,getItemCount
2246,org.jfree.chart.renderer.RendererUtilitiesTest$4,getDomainOrder
1604,org.jfree.chart.renderer.RendererUtilitiesTest$4,getDomainOrder
2566,org.jfree.data.xy.DefaultXYDataset,getXValue
3849,org.jfree.data.xy.DefaultXYDataset,getXValue
1925,org.jfree.data.xy.DefaultXYDataset,getXValue
4404076,org.jfree.chart.renderer.RendererUtilities,findLiveItemsUpperBound
3528,org.jfree.data.xy.DefaultXYDataset,indexOf
2245,org.jfree.data.general.AbstractDataset,notifyListeners
5076345,org.jfree.data.xy.DefaultXYDataset,addSeries
1924,org.jfree.data.xy.DefaultXYDataset,getSeriesCount
4899298,org.jfree.data.xy.DefaultXYDataset,getItemCount
1925,org.jfree.chart.renderer.RendererUtilitiesTest$4,getDomainOrder
1925,org.jfree.chart.renderer.RendererUtilitiesTest$4,getDomainOrder
3849,org.jfree.data.xy.DefaultXYDataset,getXValue
2245,org.jfree.data.xy.DefaultXYDataset,getXValue
4419792,org.jfree.chart.renderer.RendererUtilities,findLiveItemsUpperBound
1604,org.jfree.data.xy.DefaultXYDataset,getSeriesCount
4686006,org.jfree.data.xy.DefaultXYDataset,getItemCount
1924,org.jfree.chart.renderer.RendererUtilitiesTest$4,getDomainOrder
2565,org.jfree.chart.renderer.RendererUtilitiesTest$4,getDomainOrder
2887,org.jfree.data.xy.DefaultXYDataset,getXValue
1924,org.jfree.data.xy.DefaultXYDataset,getXValue
4432942,org.jfree.chart.renderer.RendererUtilities,findLiveItemsUpperBound
1603,org.jfree.data.xy.DefaultXYDataset,getSeriesCount
4578558,org.jfree.data.xy.DefaultXYDataset,getItemCount
1925,org.jfree.chart.renderer.RendererUtilitiesTest$4,getDomainOrder
2246,org.jfree.chart.renderer.RendererUtilitiesTest$4,getDomainOrder
2566,org.jfree.data.xy.DefaultXYDataset,getXValue
2245,org.jfree.data.xy.DefaultXYDataset,getXValue
1925,org.jfree.data.xy.DefaultXYDataset,getXValue
4169,org.jfree.data.xy.DefaultXYDataset,getXValue
4387076,org.jfree.chart.renderer.RendererUtilities,findLiveItemsUpperBound
1283,org.jfree.data.xy.DefaultXYDataset,getSeriesCount
4764908,org.jfree.data.xy.DefaultXYDataset,getItemCount
9943,org.jfree.chart.renderer.RendererUtilitiesTest$4,getDomainOrder
1603,org.jfree.chart.renderer.RendererUtilitiesTest$4,getDomainOrder
2245,org.jfree.data.xy.DefaultXYDataset,getXValue
3208,org.jfree.data.xy.DefaultXYDataset,getXValue
1924,org.jfree.data.xy.DefaultXYDataset,getXValue
1604,org.jfree.data.xy.DefaultXYDataset,getXValue
4621216,org.jfree.chart.renderer.RendererUtilities,findLiveItemsUpperBound
1604,org.jfree.data.xy.DefaultXYDataset,getSeriesCount
4573747,org.jfree.data.xy.DefaultXYDataset,getItemCount
1283,org.jfree.chart.renderer.RendererUtilitiesTest$4,getDomainOrder
1604,org.jfree.chart.renderer.RendererUtilitiesTest$4,getDomainOrder
2887,org.jfree.data.xy.DefaultXYDataset,getXValue
2246,org.jfree.data.xy.DefaultXYDataset,getXValue
2566,org.jfree.data.xy.DefaultXYDataset,getXValue
4463412,org.jfree.chart.renderer.RendererUtilities,findLiveItemsUpperBound
7377,org.jfree.data.xy.DefaultXYDataset,getSeriesCount
4668044,org.jfree.data.xy.DefaultXYDataset,getItemCount
1604,org.jfree.chart.renderer.RendererUtilitiesTest$4,getDomainOrder
962,org.jfree.chart.renderer.RendererUtilitiesTest$4,getDomainOrder
1925,org.jfree.data.xy.DefaultXYDataset,getXValue
4509278,org.jfree.chart.renderer.RendererUtilities,findLiveItemsUpperBound
3528,org.jfree.data.xy.DefaultXYDataset,indexOf
1604,org.jfree.data.general.AbstractDataset,notifyListeners
4812377,org.jfree.data.xy.DefaultXYDataset,addSeries
1283,org.jfree.data.xy.DefaultXYDataset,getSeriesCount
4597160,org.jfree.data.xy.DefaultXYDataset,getItemCount
1924,org.jfree.chart.renderer.RendererUtilitiesTest$4,getDomainOrder
1283,org.jfree.chart.renderer.RendererUtilitiesTest$4,getDomainOrder
2886,org.jfree.data.xy.DefaultXYDataset,getXValue
1924,org.jfree.data.xy.DefaultXYDataset,getXValue
4691779,org.jfree.chart.renderer.RendererUtilities,findLiveItemsUpperBound
962,org.jfree.data.xy.DefaultXYDataset,getSeriesCount
4473034,org.jfree.data.xy.DefaultXYDataset,getItemCount
1283,org.jfree.chart.renderer.RendererUtilitiesTest$4,getDomainOrder
1283,org.jfree.chart.renderer.RendererUtilitiesTest$4,getDomainOrder
2245,org.jfree.data.xy.DefaultXYDataset,getXValue
1603,org.jfree.data.xy.DefaultXYDataset,getXValue
4517296,org.jfree.chart.renderer.RendererUtilities,findLiveItemsUpperBound
1283,org.jfree.data.xy.DefaultXYDataset,getSeriesCount
4529806,org.jfree.data.xy.DefaultXYDataset,getItemCount
1283,org.jfree.chart.renderer.RendererUtilitiesTest$4,getDomainOrder
1283,org.jfree.chart.renderer.RendererUtilitiesTest$4,getDomainOrder
2887,org.jfree.data.xy.DefaultXYDataset,getXValue
1604,org.jfree.data.xy.DefaultXYDataset,getXValue
2245,org.jfree.data.xy.DefaultXYDataset,getXValue
2245,org.jfree.data.xy.DefaultXYDataset,getXValue
4728664,org.jfree.chart.renderer.RendererUtilities,findLiveItemsUpperBound
1603,org.jfree.data.xy.DefaultXYDataset,getSeriesCount
4570860,org.jfree.data.xy.DefaultXYDataset,getItemCount
1283,org.jfree.chart.renderer.RendererUtilitiesTest$4,getDomainOrder
963,org.jfree.chart.renderer.RendererUtilitiesTest$4,getDomainOrder
2245,org.jfree.data.xy.DefaultXYDataset,getXValue
1603,org.jfree.data.xy.DefaultXYDataset,getXValue
1925,org.jfree.data.xy.DefaultXYDataset,getXValue
1604,org.jfree.data.xy.DefaultXYDataset,getXValue
4383869,org.jfree.chart.renderer.RendererUtilities,findLiveItemsUpperBound
9635660,org.jfree.chart.renderer.RendererUtilitiesTest,testFindLiveItemsUpperBound_Descending
1925,org.jfree.data.xy.DefaultXYDataset,indexOf
2566,org.jfree.data.general.AbstractDataset,notifyListeners
4671893,org.jfree.data.xy.DefaultXYDataset,addSeries
642,org.jfree.data.xy.DefaultXYDataset,getSeriesCount
4736362,org.jfree.data.xy.DefaultXYDataset,getItemCount
9287016,org.jfree.chart.renderer.RendererUtilities,findLiveItemsLowerBound
1925,org.jfree.data.xy.DefaultXYDataset,indexOf
2245,org.jfree.data.general.AbstractDataset,notifyListeners
5080836,org.jfree.data.xy.DefaultXYDataset,addSeries
1283,org.jfree.data.xy.DefaultXYDataset,getSeriesCount
4542314,org.jfree.data.xy.DefaultXYDataset,getItemCount
9320693,org.jfree.chart.renderer.RendererUtilities,findLiveItemsLowerBound
962,org.jfree.data.xy.DefaultXYDataset,getSeriesCount
4441281,org.jfree.data.xy.DefaultXYDataset,getItemCount
9177643,org.jfree.chart.renderer.RendererUtilities,findLiveItemsLowerBound
2566,org.jfree.data.xy.DefaultXYDataset,indexOf
1604,org.jfree.data.general.AbstractDataset,notifyListeners
4702043,org.jfree.data.xy.DefaultXYDataset,addSeries
1282,org.jfree.data.xy.DefaultXYDataset,getSeriesCount
4633725,org.jfree.data.xy.DefaultXYDataset,getItemCount
5132,org.jfree.chart.renderer.RendererUtilitiesTest$1,getDomainOrder
2565,org.jfree.data.xy.DefaultXYDataset,getXValue
4526598,org.jfree.chart.renderer.RendererUtilities,findLiveItemsLowerBound
2246,org.jfree.data.xy.DefaultXYDataset,getSeriesCount
6890129,org.jfree.data.xy.DefaultXYDataset,getItemCount
2566,org.jfree.chart.renderer.RendererUtilitiesTest$1,getDomainOrder
3207,org.jfree.data.xy.DefaultXYDataset,getXValue
4615763,org.jfree.chart.renderer.RendererUtilities,findLiveItemsLowerBound
1925,org.jfree.data.xy.DefaultXYDataset,getSeriesCount
4512486,org.jfree.data.xy.DefaultXYDataset,getItemCount
962,org.jfree.chart.renderer.RendererUtilitiesTest$1,getDomainOrder
2245,org.jfree.data.xy.DefaultXYDataset,getXValue
1604,org.jfree.data.xy.DefaultXYDataset,getXValue
4600689,org.jfree.chart.renderer.RendererUtilities,findLiveItemsLowerBound
1283,org.jfree.data.xy.DefaultXYDataset,getSeriesCount
4591066,org.jfree.data.xy.DefaultXYDataset,getItemCount
1283,org.jfree.chart.renderer.RendererUtilitiesTest$1,getDomainOrder
2245,org.jfree.data.xy.DefaultXYDataset,getXValue
1283,org.jfree.data.xy.DefaultXYDataset,getXValue
4606141,org.jfree.chart.renderer.RendererUtilities,findLiveItemsLowerBound
2245,org.jfree.data.xy.DefaultXYDataset,indexOf
1925,org.jfree.data.general.AbstractDataset,notifyListeners
4749512,org.jfree.data.xy.DefaultXYDataset,addSeries
1283,org.jfree.data.xy.DefaultXYDataset,getSeriesCount
4812377,org.jfree.data.xy.DefaultXYDataset,getItemCount
1283,org.jfree.chart.renderer.RendererUtilitiesTest$1,getDomainOrder
2886,org.jfree.data.xy.DefaultXYDataset,getXValue
4348267,org.jfree.chart.renderer.RendererUtilities,findLiveItemsLowerBound
1282,org.jfree.data.xy.DefaultXYDataset,getSeriesCount
4489392,org.jfree.data.xy.DefaultXYDataset,getItemCount
1604,org.jfree.chart.renderer.RendererUtilitiesTest$1,getDomainOrder
1924,org.jfree.data.xy.DefaultXYDataset,getXValue
4581124,org.jfree.chart.renderer.RendererUtilities,findLiveItemsLowerBound
1924,org.jfree.data.xy.DefaultXYDataset,getSeriesCount
4598123,org.jfree.data.xy.DefaultXYDataset,getItemCount
962,org.jfree.chart.renderer.RendererUtilitiesTest$1,getDomainOrder
2566,org.jfree.data.xy.DefaultXYDataset,getXValue
2245,org.jfree.data.xy.DefaultXYDataset,getXValue
1283,org.jfree.data.xy.DefaultXYDataset,getXValue
4492279,org.jfree.chart.renderer.RendererUtilities,findLiveItemsLowerBound
1604,org.jfree.data.xy.DefaultXYDataset,getSeriesCount
4870751,org.jfree.data.xy.DefaultXYDataset,getItemCount
1283,org.jfree.chart.renderer.RendererUtilitiesTest$1,getDomainOrder
2244,org.jfree.data.xy.DefaultXYDataset,getXValue
1603,org.jfree.data.xy.DefaultXYDataset,getXValue
1924,org.jfree.data.xy.DefaultXYDataset,getXValue
4330305,org.jfree.chart.renderer.RendererUtilities,findLiveItemsLowerBound
2246,org.jfree.data.xy.DefaultXYDataset,indexOf
1603,org.jfree.data.general.AbstractDataset,notifyListeners
4701401,org.jfree.data.xy.DefaultXYDataset,addSeries
1284,org.jfree.data.xy.DefaultXYDataset,getSeriesCount
4643989,org.jfree.data.xy.DefaultXYDataset,getItemCount
1924,org.jfree.chart.renderer.RendererUtilitiesTest$1,getDomainOrder
2566,org.jfree.data.xy.DefaultXYDataset,getXValue
4756247,org.jfree.chart.renderer.RendererUtilities,findLiveItemsLowerBound
1283,org.jfree.data.xy.DefaultXYDataset,getSeriesCount
4656177,org.jfree.data.xy.DefaultXYDataset,getItemCount
1283,org.jfree.chart.renderer.RendererUtilitiesTest$1,getDomainOrder
1925,org.jfree.data.xy.DefaultXYDataset,getXValue
4408245,org.jfree.chart.renderer.RendererUtilities,findLiveItemsLowerBound
1604,org.jfree.data.xy.DefaultXYDataset,getSeriesCount
4618009,org.jfree.data.xy.DefaultXYDataset,getItemCount
962,org.jfree.chart.renderer.RendererUtilitiesTest$1,getDomainOrder
2245,org.jfree.data.xy.DefaultXYDataset,getXValue
2245,org.jfree.data.xy.DefaultXYDataset,getXValue
25018,org.jfree.data.xy.DefaultXYDataset,getXValue
4577275,org.jfree.chart.renderer.RendererUtilities,findLiveItemsLowerBound
8981,org.jfree.data.xy.DefaultXYDataset,getSeriesCount
6193802,org.jfree.data.xy.DefaultXYDataset,getItemCount
4490,org.jfree.chart.renderer.RendererUtilitiesTest$1,getDomainOrder
6095,org.jfree.data.xy.DefaultXYDataset,getXValue
6736,org.jfree.data.xy.DefaultXYDataset,getXValue
31112,org.jfree.data.xy.DefaultXYDataset,getXValue
3208,org.jfree.data.xy.DefaultXYDataset,getXValue
4302722,org.jfree.chart.renderer.RendererUtilities,findLiveItemsLowerBound
1283,org.jfree.data.xy.DefaultXYDataset,getSeriesCount
5352823,org.jfree.data.xy.DefaultXYDataset,getItemCount
1924,org.jfree.chart.renderer.RendererUtilitiesTest$1,getDomainOrder
2246,org.jfree.data.xy.DefaultXYDataset,getXValue
2566,org.jfree.data.xy.DefaultXYDataset,getXValue
1925,org.jfree.data.xy.DefaultXYDataset,getXValue
1283,org.jfree.data.xy.DefaultXYDataset,getXValue
4331268,org.jfree.chart.renderer.RendererUtilities,findLiveItemsLowerBound
1925,org.jfree.data.xy.DefaultXYDataset,indexOf
2245,org.jfree.data.general.AbstractDataset,notifyListeners
4658101,org.jfree.data.xy.DefaultXYDataset,addSeries
962,org.jfree.data.xy.DefaultXYDataset,getSeriesCount
4454111,org.jfree.data.xy.DefaultXYDataset,getItemCount
1283,org.jfree.chart.renderer.RendererUtilitiesTest$1,getDomainOrder
1604,org.jfree.data.xy.DefaultXYDataset,getXValue
4445130,org.jfree.chart.renderer.RendererUtilities,findLiveItemsLowerBound
1283,org.jfree.data.xy.DefaultXYDataset,getSeriesCount
4432301,org.jfree.data.xy.DefaultXYDataset,getItemCount
1604,org.jfree.chart.renderer.RendererUtilitiesTest$1,getDomainOrder
1924,org.jfree.data.xy.DefaultXYDataset,getXValue
4434225,org.jfree.chart.renderer.RendererUtilities,findLiveItemsLowerBound
962,org.jfree.data.xy.DefaultXYDataset,getSeriesCount
4629235,org.jfree.data.xy.DefaultXYDataset,getItemCount
2246,org.jfree.chart.renderer.RendererUtilitiesTest$1,getDomainOrder
2886,org.jfree.data.xy.DefaultXYDataset,getXValue
2887,org.jfree.data.xy.DefaultXYDataset,getXValue
1924,org.jfree.data.xy.DefaultXYDataset,getXValue
2886,org.jfree.data.xy.DefaultXYDataset,getXValue
5331654,org.jfree.chart.renderer.RendererUtilities,findLiveItemsLowerBound
1924,org.jfree.data.xy.DefaultXYDataset,getSeriesCount
5382973,org.jfree.data.xy.DefaultXYDataset,getItemCount
1604,org.jfree.chart.renderer.RendererUtilitiesTest$1,getDomainOrder
3208,org.jfree.data.xy.DefaultXYDataset,getXValue
1604,org.jfree.data.xy.DefaultXYDataset,getXValue
2566,org.jfree.data.xy.DefaultXYDataset,getXValue
1924,org.jfree.data.xy.DefaultXYDataset,getXValue
5235753,org.jfree.chart.renderer.RendererUtilities,findLiveItemsLowerBound
11923174,org.jfree.chart.renderer.RendererUtilitiesTest,testFindLiveItemsLowerBound_Ascending
1283,org.jfree.data.xy.DefaultXYDataset,indexOf
1604,org.jfree.data.general.AbstractDataset,notifyListeners
5998472,org.jfree.data.xy.DefaultXYDataset,addSeries
1604,org.jfree.data.xy.DefaultXYDataset,getSeriesCount
6010981,org.jfree.data.xy.DefaultXYDataset,getItemCount
17336617,org.jfree.chart.renderer.RendererUtilities,findLiveItemsLowerBound
2886,org.jfree.data.xy.DefaultXYDataset,indexOf
2245,org.jfree.data.general.AbstractDataset,notifyListeners
4484581,org.jfree.data.xy.DefaultXYDataset,addSeries
962,org.jfree.data.xy.DefaultXYDataset,getSeriesCount
4956709,org.jfree.data.xy.DefaultXYDataset,getItemCount
9479779,org.jfree.chart.renderer.RendererUtilities,findLiveItemsLowerBound
962,org.jfree.data.xy.DefaultXYDataset,getSeriesCount
4583369,org.jfree.data.xy.DefaultXYDataset,getItemCount
9824896,org.jfree.chart.renderer.RendererUtilities,findLiveItemsLowerBound
2566,org.jfree.data.xy.DefaultXYDataset,indexOf
1925,org.jfree.data.general.AbstractDataset,notifyListeners
4983332,org.jfree.data.xy.DefaultXYDataset,addSeries
1283,org.jfree.data.xy.DefaultXYDataset,getSeriesCount
4584652,org.jfree.data.xy.DefaultXYDataset,getItemCount
11867,org.jfree.data.xy.DefaultXYDataset,getDomainOrder
1283,org.jfree.data.xy.DefaultXYDataset,getDomainOrder
2566,org.jfree.data.xy.DefaultXYDataset,getXValue
4393812,org.jfree.chart.renderer.RendererUtilities,findLiveItemsLowerBound
1603,org.jfree.data.xy.DefaultXYDataset,getSeriesCount
4549049,org.jfree.data.xy.DefaultXYDataset,getItemCount
1604,org.jfree.data.xy.DefaultXYDataset,getDomainOrder
1925,org.jfree.data.xy.DefaultXYDataset,getDomainOrder
2245,org.jfree.data.xy.DefaultXYDataset,getXValue
1925,org.jfree.data.xy.DefaultXYDataset,getXValue
4302402,org.jfree.chart.renderer.RendererUtilities,findLiveItemsLowerBound
1282,org.jfree.data.xy.DefaultXYDataset,getSeriesCount
4497410,org.jfree.data.xy.DefaultXYDataset,getItemCount
1283,org.jfree.data.xy.DefaultXYDataset,getDomainOrder
2245,org.jfree.data.xy.DefaultXYDataset,getDomainOrder
2566,org.jfree.data.xy.DefaultXYDataset,getXValue
2245,org.jfree.data.xy.DefaultXYDataset,getXValue
4377774,org.jfree.chart.renderer.RendererUtilities,findLiveItemsLowerBound
1924,org.jfree.data.xy.DefaultXYDataset,getSeriesCount
4519541,org.jfree.data.xy.DefaultXYDataset,getItemCount
1283,org.jfree.data.xy.DefaultXYDataset,getDomainOrder
1604,org.jfree.data.xy.DefaultXYDataset,getDomainOrder
3528,org.jfree.data.xy.DefaultXYDataset,getXValue
2566,org.jfree.data.xy.DefaultXYDataset,getXValue
4304967,org.jfree.chart.renderer.RendererUtilities,findLiveItemsLowerBound
2245,org.jfree.data.xy.DefaultXYDataset,indexOf
1924,org.jfree.data.general.AbstractDataset,notifyListeners
4715192,org.jfree.data.xy.DefaultXYDataset,addSeries
1283,org.jfree.data.xy.DefaultXYDataset,getSeriesCount
4797944,org.jfree.data.xy.DefaultXYDataset,getItemCount
1604,org.jfree.data.xy.DefaultXYDataset,getDomainOrder
962,org.jfree.data.xy.DefaultXYDataset,getDomainOrder
2245,org.jfree.data.xy.DefaultXYDataset,getXValue
4345701,org.jfree.chart.renderer.RendererUtilities,findLiveItemsLowerBound
962,org.jfree.data.xy.DefaultXYDataset,getSeriesCount
4571180,org.jfree.data.xy.DefaultXYDataset,getItemCount
1924,org.jfree.data.xy.DefaultXYDataset,getDomainOrder
962,org.jfree.data.xy.DefaultXYDataset,getDomainOrder
1604,org.jfree.data.xy.DefaultXYDataset,getXValue
4338644,org.jfree.chart.renderer.RendererUtilities,findLiveItemsLowerBound
1283,org.jfree.data.xy.DefaultXYDataset,getSeriesCount
5241526,org.jfree.data.xy.DefaultXYDataset,getItemCount
1604,org.jfree.data.xy.DefaultXYDataset,getDomainOrder
1282,org.jfree.data.xy.DefaultXYDataset,getDomainOrder
1924,org.jfree.data.xy.DefaultXYDataset,getXValue
1603,org.jfree.data.xy.DefaultXYDataset,getXValue
4485864,org.jfree.chart.renderer.RendererUtilities,findLiveItemsLowerBound
962,org.jfree.data.xy.DefaultXYDataset,getSeriesCount
4430376,org.jfree.data.xy.DefaultXYDataset,getItemCount
1283,org.jfree.data.xy.DefaultXYDataset,getDomainOrder
1283,org.jfree.data.xy.DefaultXYDataset,getDomainOrder
1925,org.jfree.data.xy.DefaultXYDataset,getXValue
1925,org.jfree.data.xy.DefaultXYDataset,getXValue
1924,org.jfree.data.xy.DefaultXYDataset,getXValue
4641102,org.jfree.chart.renderer.RendererUtilities,findLiveItemsLowerBound
2566,org.jfree.data.xy.DefaultXYDataset,indexOf
1924,org.jfree.data.general.AbstractDataset,notifyListeners
4904108,org.jfree.data.xy.DefaultXYDataset,addSeries
1283,org.jfree.data.xy.DefaultXYDataset,getSeriesCount
4456998,org.jfree.data.xy.DefaultXYDataset,getItemCount
962,org.jfree.data.xy.DefaultXYDataset,getDomainOrder
1603,org.jfree.data.xy.DefaultXYDataset,getDomainOrder
2887,org.jfree.data.xy.DefaultXYDataset,getXValue
4350833,org.jfree.chart.renderer.RendererUtilities,findLiveItemsLowerBound
1603,org.jfree.data.xy.DefaultXYDataset,getSeriesCount
4615442,org.jfree.data.xy.DefaultXYDataset,getItemCount
1282,org.jfree.data.xy.DefaultXYDataset,getDomainOrder
962,org.jfree.data.xy.DefaultXYDataset,getDomainOrder
2566,org.jfree.data.xy.DefaultXYDataset,getXValue
4979803,org.jfree.chart.renderer.RendererUtilities,findLiveItemsLowerBound
1604,org.jfree.data.xy.DefaultXYDataset,getSeriesCount
5010273,org.jfree.data.xy.DefaultXYDataset,getItemCount
2566,org.jfree.data.xy.DefaultXYDataset,getDomainOrder
962,org.jfree.data.xy.DefaultXYDataset,getDomainOrder
2245,org.jfree.data.xy.DefaultXYDataset,getXValue
2246,org.jfree.data.xy.DefaultXYDataset,getXValue
4360776,org.jfree.chart.renderer.RendererUtilities,findLiveItemsLowerBound
1283,org.jfree.data.xy.DefaultXYDataset,getSeriesCount
4672855,org.jfree.data.xy.DefaultXYDataset,getItemCount
1283,org.jfree.data.xy.DefaultXYDataset,getDomainOrder
1925,org.jfree.data.xy.DefaultXYDataset,getDomainOrder
1924,org.jfree.data.xy.DefaultXYDataset,getXValue
2887,org.jfree.data.xy.DefaultXYDataset,getXValue
1925,org.jfree.data.xy.DefaultXYDataset,getXValue
1604,org.jfree.data.xy.DefaultXYDataset,getXValue
4273855,org.jfree.chart.renderer.RendererUtilities,findLiveItemsLowerBound
1283,org.jfree.data.xy.DefaultXYDataset,getSeriesCount
4492279,org.jfree.data.xy.DefaultXYDataset,getItemCount
962,org.jfree.data.xy.DefaultXYDataset,getDomainOrder
1925,org.jfree.data.xy.DefaultXYDataset,getDomainOrder
2887,org.jfree.data.xy.DefaultXYDataset,getXValue
2245,org.jfree.data.xy.DefaultXYDataset,getXValue
2886,org.jfree.data.xy.DefaultXYDataset,getXValue
2887,org.jfree.data.xy.DefaultXYDataset,getXValue
4323249,org.jfree.chart.renderer.RendererUtilities,findLiveItemsLowerBound
9527570,org.jfree.chart.renderer.RendererUtilitiesTest,testFindLiveItemsLowerBound_Unordered
1283,org.jfree.data.xy.DefaultXYDataset,indexOf
1603,org.jfree.data.general.AbstractDataset,notifyListeners
4605499,org.jfree.data.xy.DefaultXYDataset,addSeries
1284,org.jfree.data.xy.DefaultXYDataset,getSeriesCount
4492600,org.jfree.data.xy.DefaultXYDataset,getItemCount
9440650,org.jfree.chart.renderer.RendererUtilities,findLiveItemsLowerBound
3529,org.jfree.data.xy.DefaultXYDataset,indexOf
4491,org.jfree.data.general.AbstractDataset,notifyListeners
4880374,org.jfree.data.xy.DefaultXYDataset,addSeries
2566,org.jfree.data.xy.DefaultXYDataset,getSeriesCount
5763049,org.jfree.data.xy.DefaultXYDataset,getItemCount
11217867,org.jfree.chart.renderer.RendererUtilities,findLiveItemsLowerBound
2887,org.jfree.data.xy.DefaultXYDataset,getSeriesCount
5836178,org.jfree.data.xy.DefaultXYDataset,getItemCount
12509807,org.jfree.chart.renderer.RendererUtilities,findLiveItemsLowerBound
2887,org.jfree.data.xy.DefaultXYDataset,indexOf
4810,org.jfree.data.general.AbstractDataset,notifyListeners
4787038,org.jfree.data.xy.DefaultXYDataset,addSeries
1924,org.jfree.data.xy.DefaultXYDataset,getSeriesCount
4861450,org.jfree.data.xy.DefaultXYDataset,getItemCount
7698,org.jfree.chart.renderer.RendererUtilitiesTest$2,getDomainOrder
3849,org.jfree.chart.renderer.RendererUtilitiesTest$2,getDomainOrder
3528,org.jfree.data.xy.DefaultXYDataset,getXValue
1925,org.jfree.data.xy.DefaultXYDataset,getXValue
4272572,org.jfree.chart.renderer.RendererUtilities,findLiveItemsLowerBound
1283,org.jfree.data.xy.DefaultXYDataset,getSeriesCount
4927523,org.jfree.data.xy.DefaultXYDataset,getItemCount
4812,org.jfree.chart.renderer.RendererUtilitiesTest$2,getDomainOrder
962,org.jfree.chart.renderer.RendererUtilitiesTest$2,getDomainOrder
2246,org.jfree.data.xy.DefaultXYDataset,getXValue
1924,org.jfree.data.xy.DefaultXYDataset,getXValue
4224141,org.jfree.chart.renderer.RendererUtilities,findLiveItemsLowerBound
1283,org.jfree.data.xy.DefaultXYDataset,getSeriesCount
5268148,org.jfree.data.xy.DefaultXYDataset,getItemCount
962,org.jfree.chart.renderer.RendererUtilitiesTest$2,getDomainOrder
1283,org.jfree.chart.renderer.RendererUtilitiesTest$2,getDomainOrder
2566,org.jfree.data.xy.DefaultXYDataset,getXValue
4351474,org.jfree.chart.renderer.RendererUtilities,findLiveItemsLowerBound
1282,org.jfree.data.xy.DefaultXYDataset,getSeriesCount
4754964,org.jfree.data.xy.DefaultXYDataset,getItemCount
1604,org.jfree.chart.renderer.RendererUtilitiesTest$2,getDomainOrder
962,org.jfree.chart.renderer.RendererUtilitiesTest$2,getDomainOrder
3207,org.jfree.data.xy.DefaultXYDataset,getXValue
10251479,org.jfree.chart.renderer.RendererUtilities,findLiveItemsLowerBound
1604,org.jfree.data.xy.DefaultXYDataset,getSeriesCount
4496769,org.jfree.data.xy.DefaultXYDataset,getItemCount
962,org.jfree.chart.renderer.RendererUtilitiesTest$2,getDomainOrder
1283,org.jfree.chart.renderer.RendererUtilitiesTest$2,getDomainOrder
3207,org.jfree.data.xy.DefaultXYDataset,getXValue
4347305,org.jfree.chart.renderer.RendererUtilities,findLiveItemsLowerBound
2245,org.jfree.data.xy.DefaultXYDataset,indexOf
2566,org.jfree.data.general.AbstractDataset,notifyListeners
4646555,org.jfree.data.xy.DefaultXYDataset,addSeries
1282,org.jfree.data.xy.DefaultXYDataset,getSeriesCount
4465657,org.jfree.data.xy.DefaultXYDataset,getItemCount
1604,org.jfree.chart.renderer.RendererUtilitiesTest$2,getDomainOrder
962,org.jfree.chart.renderer.RendererUtilitiesTest$2,getDomainOrder
2245,org.jfree.data.xy.DefaultXYDataset,getXValue
2245,org.jfree.data.xy.DefaultXYDataset,getXValue
2245,org.jfree.data.xy.DefaultXYDataset,getXValue
4434866,org.jfree.chart.renderer.RendererUtilities,findLiveItemsLowerBound
963,org.jfree.data.xy.DefaultXYDataset,getSeriesCount
4657460,org.jfree.data.xy.DefaultXYDataset,getItemCount
1604,org.jfree.chart.renderer.RendererUtilitiesTest$2,getDomainOrder
963,org.jfree.chart.renderer.RendererUtilitiesTest$2,getDomainOrder
2246,org.jfree.data.xy.DefaultXYDataset,getXValue
1925,org.jfree.data.xy.DefaultXYDataset,getXValue
1924,org.jfree.data.xy.DefaultXYDataset,getXValue
4241139,org.jfree.chart.renderer.RendererUtilities,findLiveItemsLowerBound
962,org.jfree.data.xy.DefaultXYDataset,getSeriesCount
4434546,org.jfree.data.xy.DefaultXYDataset,getItemCount
1603,org.jfree.chart.renderer.RendererUtilitiesTest$2,getDomainOrder
1604,org.jfree.chart.renderer.RendererUtilitiesTest$2,getDomainOrder
2887,org.jfree.data.xy.DefaultXYDataset,getXValue
4315230,org.jfree.chart.renderer.RendererUtilities,findLiveItemsLowerBound
962,org.jfree.data.xy.DefaultXYDataset,getSeriesCount
4743738,org.jfree.data.xy.DefaultXYDataset,getItemCount
6414,org.jfree.chart.renderer.RendererUtilitiesTest$2,getDomainOrder
962,org.jfree.chart.renderer.RendererUtilitiesTest$2,getDomainOrder
2246,org.jfree.data.xy.DefaultXYDataset,getXValue
4393171,org.jfree.chart.renderer.RendererUtilities,findLiveItemsLowerBound
2566,org.jfree.data.xy.DefaultXYDataset,indexOf
1924,org.jfree.data.general.AbstractDataset,notifyListeners
4877166,org.jfree.data.xy.DefaultXYDataset,addSeries
1604,org.jfree.data.xy.DefaultXYDataset,getSeriesCount
4441923,org.jfree.data.xy.DefaultXYDataset,getItemCount
962,org.jfree.chart.renderer.RendererUtilitiesTest$2,getDomainOrder
1925,org.jfree.chart.renderer.RendererUtilitiesTest$2,getDomainOrder
2566,org.jfree.data.xy.DefaultXYDataset,getXValue
1603,org.jfree.data.xy.DefaultXYDataset,getXValue
4459242,org.jfree.chart.renderer.RendererUtilities,findLiveItemsLowerBound
1604,org.jfree.data.xy.DefaultXYDataset,getSeriesCount
4391888,org.jfree.data.xy.DefaultXYDataset,getItemCount
1604,org.jfree.chart.renderer.RendererUtilitiesTest$2,getDomainOrder
2245,org.jfree.chart.renderer.RendererUtilitiesTest$2,getDomainOrder
3849,org.jfree.data.xy.DefaultXYDataset,getXValue
1924,org.jfree.data.xy.DefaultXYDataset,getXValue
3528,org.jfree.data.xy.DefaultXYDataset,getXValue
1924,org.jfree.data.xy.DefaultXYDataset,getXValue
4259101,org.jfree.chart.renderer.RendererUtilities,findLiveItemsLowerBound
1282,org.jfree.data.xy.DefaultXYDataset,getSeriesCount
4598443,org.jfree.data.xy.DefaultXYDataset,getItemCount
1924,org.jfree.chart.renderer.RendererUtilitiesTest$2,getDomainOrder
963,org.jfree.chart.renderer.RendererUtilitiesTest$2,getDomainOrder
2887,org.jfree.data.xy.DefaultXYDataset,getXValue
1604,org.jfree.data.xy.DefaultXYDataset,getXValue
1283,org.jfree.data.xy.DefaultXYDataset,getXValue
1283,org.jfree.data.xy.DefaultXYDataset,getXValue
4464374,org.jfree.chart.renderer.RendererUtilities,findLiveItemsLowerBound
1924,org.jfree.data.xy.DefaultXYDataset,getSeriesCount
4602934,org.jfree.data.xy.DefaultXYDataset,getItemCount
1924,org.jfree.chart.renderer.RendererUtilitiesTest$2,getDomainOrder
1603,org.jfree.chart.renderer.RendererUtilitiesTest$2,getDomainOrder
2566,org.jfree.data.xy.DefaultXYDataset,getXValue
1925,org.jfree.data.xy.DefaultXYDataset,getXValue
2887,org.jfree.data.xy.DefaultXYDataset,getXValue
4283157,org.jfree.chart.renderer.RendererUtilities,findLiveItemsLowerBound
1283,org.jfree.data.xy.DefaultXYDataset,getSeriesCount
4884543,org.jfree.data.xy.DefaultXYDataset,getItemCount
1924,org.jfree.chart.renderer.RendererUtilitiesTest$2,getDomainOrder
962,org.jfree.chart.renderer.RendererUtilitiesTest$2,getDomainOrder
2245,org.jfree.data.xy.DefaultXYDataset,getXValue
4439356,org.jfree.chart.renderer.RendererUtilities,findLiveItemsLowerBound
1283,org.jfree.data.xy.DefaultXYDataset,getSeriesCount
4467262,org.jfree.data.xy.DefaultXYDataset,getItemCount
2246,org.jfree.chart.renderer.RendererUtilitiesTest$2,getDomainOrder
1604,org.jfree.chart.renderer.RendererUtilitiesTest$2,getDomainOrder
1924,org.jfree.data.xy.DefaultXYDataset,getXValue
4418508,org.jfree.chart.renderer.RendererUtilities,findLiveItemsLowerBound
2245,org.jfree.data.xy.DefaultXYDataset,indexOf
2245,org.jfree.data.general.AbstractDataset,notifyListeners
4567974,org.jfree.data.xy.DefaultXYDataset,addSeries
1283,org.jfree.data.xy.DefaultXYDataset,getSeriesCount
4602613,org.jfree.data.xy.DefaultXYDataset,getItemCount
1283,org.jfree.chart.renderer.RendererUtilitiesTest$2,getDomainOrder
962,org.jfree.chart.renderer.RendererUtilitiesTest$2,getDomainOrder
2886,org.jfree.data.xy.DefaultXYDataset,getXValue
4278024,org.jfree.chart.renderer.RendererUtilities,findLiveItemsLowerBound
1283,org.jfree.data.xy.DefaultXYDataset,getSeriesCount
4874600,org.jfree.data.xy.DefaultXYDataset,getItemCount
2246,org.jfree.chart.renderer.RendererUtilitiesTest$2,getDomainOrder
962,org.jfree.chart.renderer.RendererUtilitiesTest$2,getDomainOrder
1924,org.jfree.data.xy.DefaultXYDataset,getXValue
2566,org.jfree.data.xy.DefaultXYDataset,getXValue
1924,org.jfree.data.xy.DefaultXYDataset,getXValue
1604,org.jfree.data.xy.DefaultXYDataset,getXValue
4633725,org.jfree.chart.renderer.RendererUtilities,findLiveItemsLowerBound
1283,org.jfree.data.xy.DefaultXYDataset,getSeriesCount
4444809,org.jfree.data.xy.DefaultXYDataset,getItemCount
1282,org.jfree.chart.renderer.RendererUtilitiesTest$2,getDomainOrder
1283,org.jfree.chart.renderer.RendererUtilitiesTest$2,getDomainOrder
2245,org.jfree.data.xy.DefaultXYDataset,getXValue
1604,org.jfree.data.xy.DefaultXYDataset,getXValue
2886,org.jfree.data.xy.DefaultXYDataset,getXValue
1604,org.jfree.data.xy.DefaultXYDataset,getXValue
4280591,org.jfree.chart.renderer.RendererUtilities,findLiveItemsLowerBound
1283,org.jfree.data.xy.DefaultXYDataset,getSeriesCount
4675742,org.jfree.data.xy.DefaultXYDataset,getItemCount
1604,org.jfree.chart.renderer.RendererUtilitiesTest$2,getDomainOrder
1283,org.jfree.chart.renderer.RendererUtilitiesTest$2,getDomainOrder
3528,org.jfree.data.xy.DefaultXYDataset,getXValue
2246,org.jfree.data.xy.DefaultXYDataset,getXValue
4349550,org.jfree.chart.renderer.RendererUtilities,findLiveItemsLowerBound
9567983,org.jfree.chart.renderer.RendererUtilitiesTest,testFindLiveItemsLowerBound_Descending
1604,org.jfree.data.xy.DefaultXYDataset,indexOf
2246,org.jfree.data.general.AbstractDataset,notifyListeners
5646942,org.jfree.data.xy.DefaultXYDataset,addSeries
1282,org.jfree.data.xy.DefaultXYDataset,getSeriesCount
4439356,org.jfree.data.xy.DefaultXYDataset,getItemCount
9071157,org.jfree.chart.renderer.RendererUtilities,findLiveItemsUpperBound
1603,org.jfree.data.xy.DefaultXYDataset,indexOf
1925,org.jfree.data.general.AbstractDataset,notifyListeners
4660668,org.jfree.data.xy.DefaultXYDataset,addSeries
1283,org.jfree.data.xy.DefaultXYDataset,getSeriesCount
5090138,org.jfree.data.xy.DefaultXYDataset,getItemCount
10098166,org.jfree.chart.renderer.RendererUtilities,findLiveItemsUpperBound
2245,org.jfree.data.xy.DefaultXYDataset,getSeriesCount
4618971,org.jfree.data.xy.DefaultXYDataset,getItemCount
9445461,org.jfree.chart.renderer.RendererUtilities,findLiveItemsUpperBound
1925,org.jfree.data.xy.DefaultXYDataset,indexOf
3528,org.jfree.data.general.AbstractDataset,notifyListeners
4672855,org.jfree.data.xy.DefaultXYDataset,addSeries
962,org.jfree.data.xy.DefaultXYDataset,getSeriesCount
4653290,org.jfree.data.xy.DefaultXYDataset,getItemCount
5774,org.jfree.chart.renderer.RendererUtilitiesTest$3,getDomainOrder
2245,org.jfree.data.xy.DefaultXYDataset,getXValue
1924,org.jfree.data.xy.DefaultXYDataset,getXValue
4486185,org.jfree.chart.renderer.RendererUtilities,findLiveItemsUpperBound
1604,org.jfree.data.xy.DefaultXYDataset,getSeriesCount
4413377,org.jfree.data.xy.DefaultXYDataset,getItemCount
1924,org.jfree.chart.renderer.RendererUtilitiesTest$3,getDomainOrder
3208,org.jfree.data.xy.DefaultXYDataset,getXValue
1604,org.jfree.data.xy.DefaultXYDataset,getXValue
4319400,org.jfree.chart.renderer.RendererUtilities,findLiveItemsUpperBound
962,org.jfree.data.xy.DefaultXYDataset,getSeriesCount
4427810,org.jfree.data.xy.DefaultXYDataset,getItemCount
1283,org.jfree.chart.renderer.RendererUtilitiesTest$3,getDomainOrder
4170,org.jfree.data.xy.DefaultXYDataset,getXValue
2566,org.jfree.data.xy.DefaultXYDataset,getXValue
4251724,org.jfree.chart.renderer.RendererUtilities,findLiveItemsUpperBound
1283,org.jfree.data.xy.DefaultXYDataset,getSeriesCount
4897053,org.jfree.data.xy.DefaultXYDataset,getItemCount
1925,org.jfree.chart.renderer.RendererUtilitiesTest$3,getDomainOrder
1924,org.jfree.data.xy.DefaultXYDataset,getXValue
3207,org.jfree.data.xy.DefaultXYDataset,getXValue
4594594,org.jfree.chart.renderer.RendererUtilities,findLiveItemsUpperBound
1925,org.jfree.data.xy.DefaultXYDataset,indexOf
2246,org.jfree.data.general.AbstractDataset,notifyListeners
4886147,org.jfree.data.xy.DefaultXYDataset,addSeries
962,org.jfree.data.xy.DefaultXYDataset,getSeriesCount
4473676,org.jfree.data.xy.DefaultXYDataset,getItemCount
1282,org.jfree.chart.renderer.RendererUtilitiesTest$3,getDomainOrder
2566,org.jfree.data.xy.DefaultXYDataset,getXValue
1604,org.jfree.data.xy.DefaultXYDataset,getXValue
1603,org.jfree.data.xy.DefaultXYDataset,getXValue
4984934,org.jfree.chart.renderer.RendererUtilities,findLiveItemsUpperBound
1283,org.jfree.data.xy.DefaultXYDataset,getSeriesCount
4564766,org.jfree.data.xy.DefaultXYDataset,getItemCount
1282,org.jfree.chart.renderer.RendererUtilitiesTest$3,getDomainOrder
2886,org.jfree.data.xy.DefaultXYDataset,getXValue
2245,org.jfree.data.xy.DefaultXYDataset,getXValue
1604,org.jfree.data.xy.DefaultXYDataset,getXValue
5142739,org.jfree.chart.renderer.RendererUtilities,findLiveItemsUpperBound
1283,org.jfree.data.xy.DefaultXYDataset,getSeriesCount
4545201,org.jfree.data.xy.DefaultXYDataset,getItemCount
1283,org.jfree.chart.renderer.RendererUtilitiesTest$3,getDomainOrder
3849,org.jfree.data.xy.DefaultXYDataset,getXValue
1925,org.jfree.data.xy.DefaultXYDataset,getXValue
4351474,org.jfree.chart.renderer.RendererUtilities,findLiveItemsUpperBound
2245,org.jfree.data.xy.DefaultXYDataset,getSeriesCount
4691138,org.jfree.data.xy.DefaultXYDataset,getItemCount
1604,org.jfree.chart.renderer.RendererUtilitiesTest$3,getDomainOrder
2246,org.jfree.data.xy.DefaultXYDataset,getXValue
2887,org.jfree.data.xy.DefaultXYDataset,getXValue
4281232,org.jfree.chart.renderer.RendererUtilities,findLiveItemsUpperBound
1925,org.jfree.data.xy.DefaultXYDataset,indexOf
3848,org.jfree.data.general.AbstractDataset,notifyListeners
4669647,org.jfree.data.xy.DefaultXYDataset,addSeries
962,org.jfree.data.xy.DefaultXYDataset,getSeriesCount
4522429,org.jfree.data.xy.DefaultXYDataset,getItemCount
1603,org.jfree.chart.renderer.RendererUtilitiesTest$3,getDomainOrder
2245,org.jfree.data.xy.DefaultXYDataset,getXValue
1603,org.jfree.data.xy.DefaultXYDataset,getXValue
2887,org.jfree.data.xy.DefaultXYDataset,getXValue
4851828,org.jfree.chart.renderer.RendererUtilities,findLiveItemsUpperBound
1603,org.jfree.data.xy.DefaultXYDataset,getSeriesCount
5281298,org.jfree.data.xy.DefaultXYDataset,getItemCount
1924,org.jfree.chart.renderer.RendererUtilitiesTest$3,getDomainOrder
2245,org.jfree.data.xy.DefaultXYDataset,getXValue
1284,org.jfree.data.xy.DefaultXYDataset,getXValue
2887,org.jfree.data.xy.DefaultXYDataset,getXValue
1604,org.jfree.data.xy.DefaultXYDataset,getXValue
4350513,org.jfree.chart.renderer.RendererUtilities,findLiveItemsUpperBound
1604,org.jfree.data.xy.DefaultXYDataset,getSeriesCount
4568614,org.jfree.data.xy.DefaultXYDataset,getItemCount
1604,org.jfree.chart.renderer.RendererUtilitiesTest$3,getDomainOrder
1603,org.jfree.data.xy.DefaultXYDataset,getXValue
2887,org.jfree.data.xy.DefaultXYDataset,getXValue
1924,org.jfree.data.xy.DefaultXYDataset,getXValue
1604,org.jfree.data.xy.DefaultXYDataset,getXValue
4502863,org.jfree.chart.renderer.RendererUtilities,findLiveItemsUpperBound
1283,org.jfree.data.xy.DefaultXYDataset,getSeriesCount
4469186,org.jfree.data.xy.DefaultXYDataset,getItemCount
963,org.jfree.chart.renderer.RendererUtilitiesTest$3,getDomainOrder
3528,org.jfree.data.xy.DefaultXYDataset,getXValue
1924,org.jfree.data.xy.DefaultXYDataset,getXValue
4238253,org.jfree.chart.renderer.RendererUtilities,findLiveItemsUpperBound
1282,org.jfree.data.xy.DefaultXYDataset,getSeriesCount
4658421,org.jfree.data.xy.DefaultXYDataset,getItemCount
1925,org.jfree.chart.renderer.RendererUtilitiesTest$3,getDomainOrder
1924,org.jfree.data.xy.DefaultXYDataset,getXValue
3208,org.jfree.data.xy.DefaultXYDataset,getXValue
4292779,org.jfree.chart.renderer.RendererUtilities,findLiveItemsUpperBound
2245,org.jfree.data.xy.DefaultXYDataset,indexOf
1925,org.jfree.data.general.AbstractDataset,notifyListeners
5003538,org.jfree.data.xy.DefaultXYDataset,addSeries
1283,org.jfree.data.xy.DefaultXYDataset,getSeriesCount
4425565,org.jfree.data.xy.DefaultXYDataset,getItemCount
1283,org.jfree.chart.renderer.RendererUtilitiesTest$3,getDomainOrder
3849,org.jfree.data.xy.DefaultXYDataset,getXValue
1603,org.jfree.data.xy.DefaultXYDataset,getXValue
1604,org.jfree.data.xy.DefaultXYDataset,getXValue
2566,org.jfree.data.xy.DefaultXYDataset,getXValue
4604538,org.jfree.chart.renderer.RendererUtilities,findLiveItemsUpperBound
962,org.jfree.data.xy.DefaultXYDataset,getSeriesCount
4824565,org.jfree.data.xy.DefaultXYDataset,getItemCount
1924,org.jfree.chart.renderer.RendererUtilitiesTest$3,getDomainOrder
2887,org.jfree.data.xy.DefaultXYDataset,getXValue
2566,org.jfree.data.xy.DefaultXYDataset,getXValue
2887,org.jfree.data.xy.DefaultXYDataset,getXValue
1924,org.jfree.data.xy.DefaultXYDataset,getXValue
4297269,org.jfree.chart.renderer.RendererUtilities,findLiveItemsUpperBound
962,org.jfree.data.xy.DefaultXYDataset,getSeriesCount
4767473,org.jfree.data.xy.DefaultXYDataset,getItemCount
1925,org.jfree.chart.renderer.RendererUtilitiesTest$3,getDomainOrder
1924,org.jfree.data.xy.DefaultXYDataset,getXValue
2886,org.jfree.data.xy.DefaultXYDataset,getXValue
4373284,org.jfree.chart.renderer.RendererUtilities,findLiveItemsUpperBound
963,org.jfree.data.xy.DefaultXYDataset,getSeriesCount
4366229,org.jfree.data.xy.DefaultXYDataset,getItemCount
1925,org.jfree.chart.renderer.RendererUtilitiesTest$3,getDomainOrder
2566,org.jfree.data.xy.DefaultXYDataset,getXValue
1924,org.jfree.data.xy.DefaultXYDataset,getXValue
4615763,org.jfree.chart.renderer.RendererUtilities,findLiveItemsUpperBound
9732843,org.jfree.chart.renderer.RendererUtilitiesTest,testFindLiveItemsUpperBound_Ascending
5132,org.jfree.chart.util.ParamChecks,nullNotPermitted
2566,org.jfree.chart.util.ParamChecks,nullNotPermitted
2565,org.jfree.chart.util.ParamChecks,nullNotPermitted
14112,org.jfree.data.xy.XYDataItem,clone
4335758,org.jfree.data.xy.XYDataItem,copy
9622,org.jfree.data.xy.XYDataItem,getXValue
19564,org.jfree.data.xy.XYSeries,minIgnoreNaN
7698,org.jfree.data.xy.XYSeries,maxIgnoreNaN
5452,org.jfree.data.xy.XYDataItem,getY
7698,org.jfree.data.xy.XYDataItem,getYValue
4170,org.jfree.data.xy.XYSeries,minIgnoreNaN
3207,org.jfree.data.xy.XYSeries,maxIgnoreNaN
3967869,org.jfree.data.xy.XYSeries,updateBoundsForAddedItem
11226,org.jfree.data.xy.XYSeries,getItemCount
10905,org.jfree.data.general.Series,notifyListeners
4152937,org.jfree.data.general.Series,fireSeriesChanged
8434810,org.jfree.data.xy.XYSeries,add
12075526,org.jfree.data.xy.XYSeries,add
15914779,org.jfree.data.xy.XYSeries,add
1604,org.jfree.chart.util.ParamChecks,nullNotPermitted
1604,org.jfree.chart.util.ParamChecks,nullNotPermitted
4169,org.jfree.data.xy.XYDataItem,clone
3967548,org.jfree.data.xy.XYDataItem,copy
2245,org.jfree.data.xy.XYDataItem,getXValue
18283,org.jfree.data.xy.XYSeries,minIgnoreNaN
9622,org.jfree.data.xy.XYSeries,maxIgnoreNaN
1924,org.jfree.data.xy.XYDataItem,getY
3528,org.jfree.data.xy.XYDataItem,getYValue
9301,org.jfree.data.xy.XYSeries,minIgnoreNaN
3208,org.jfree.data.xy.XYSeries,maxIgnoreNaN
4031055,org.jfree.data.xy.XYSeries,updateBoundsForAddedItem
2887,org.jfree.data.xy.XYSeries,getItemCount
2245,org.jfree.data.general.Series,notifyListeners
4909561,org.jfree.data.general.Series,fireSeriesChanged
10572860,org.jfree.data.xy.XYSeries,add
14496147,org.jfree.data.xy.XYSeries,add
18359776,org.jfree.data.xy.XYSeries,add
1603,org.jfree.chart.util.ParamChecks,nullNotPermitted
1282,org.jfree.chart.util.ParamChecks,nullNotPermitted
3207,org.jfree.data.xy.XYDataItem,clone
3931305,org.jfree.data.xy.XYDataItem,copy
2245,org.jfree.data.xy.XYDataItem,getXValue
3849,org.jfree.data.xy.XYSeries,minIgnoreNaN
1925,org.jfree.data.xy.XYSeries,maxIgnoreNaN
962,org.jfree.data.xy.XYDataItem,getY
1925,org.jfree.data.xy.XYDataItem,getYValue
4170,org.jfree.data.xy.XYSeries,minIgnoreNaN
3848,org.jfree.data.xy.XYSeries,maxIgnoreNaN
4080128,org.jfree.data.xy.XYSeries,updateBoundsForAddedItem
2245,org.jfree.data.xy.XYSeries,getItemCount
2246,org.jfree.data.general.Series,notifyListeners
5264620,org.jfree.data.general.Series,fireSeriesChanged
9690506,org.jfree.data.xy.XYSeries,add
13828047,org.jfree.data.xy.XYSeries,add
17824783,org.jfree.data.xy.XYSeries,add
962,org.jfree.chart.util.ParamChecks,nullNotPermitted
641,org.jfree.chart.util.ParamChecks,nullNotPermitted
3849,org.jfree.data.xy.XYDataItem,clone
4548408,org.jfree.data.xy.XYDataItem,copy
1603,org.jfree.data.xy.XYDataItem,getXValue
2886,org.jfree.data.xy.XYSeries,minIgnoreNaN
2565,org.jfree.data.xy.XYSeries,maxIgnoreNaN
1604,org.jfree.data.xy.XYDataItem,getY
1924,org.jfree.data.xy.XYDataItem,getYValue
4169,org.jfree.data.xy.XYSeries,minIgnoreNaN
4490,org.jfree.data.xy.XYSeries,maxIgnoreNaN
4166728,org.jfree.data.xy.XYSeries,updateBoundsForAddedItem
1925,org.jfree.data.xy.XYSeries,getItemCount
2565,org.jfree.data.general.Series,notifyListeners
4565728,org.jfree.data.general.Series,fireSeriesChanged
9141720,org.jfree.data.xy.XYSeries,add
12985784,org.jfree.data.xy.XYSeries,add
17029348,org.jfree.data.xy.XYSeries,add
18604,org.jfree.data.general.AbstractDataset,addChangeListener
2245,org.jfree.chart.util.ParamChecks,nullNotPermitted
6094,org.jfree.data.general.Series,getKey
2565,org.jfree.chart.util.ParamChecks,nullNotPermitted
22452,org.jfree.data.xy.XYSeriesCollection,getSeriesCount
5409273,org.jfree.data.xy.XYSeriesCollection,getSeriesIndex
21810,org.jfree.data.general.Series,addChangeListener
186670,org.jfree.data.general.Series,addVetoableChangeListener
3849,org.jfree.data.xy.IntervalXYDelegate,datasetChanged
4507674,org.jfree.data.general.AbstractDataset,notifyListeners
9175718,org.jfree.data.general.AbstractDataset,fireDatasetChanged
14596859,org.jfree.data.xy.XYSeriesCollection,addSeries
2245,org.jfree.data.xy.XYSeriesCollection,getSeriesCount
4597161,org.jfree.data.xy.XYSeriesCollection,getSeries
4170,org.jfree.data.xy.XYSeries,getItemCount
4601009,org.jfree.data.xy.XYSeriesCollection,getItemCount
2245,org.jfree.data.xy.XYSeriesCollection,getSeriesCount
1604,org.jfree.data.xy.XYSeriesCollection,getSeriesCount
4726098,org.jfree.data.xy.XYSeriesCollection,getSeries
5452,org.jfree.data.xy.XYSeries,getAutoSort
3999302,org.jfree.data.xy.XYSeriesCollection,getDomainOrder
1604,org.jfree.data.xy.XYSeriesCollection,getSeriesCount
1283,org.jfree.data.xy.XYSeriesCollection,getSeriesCount
4300797,org.jfree.data.xy.XYSeriesCollection,getSeries
1925,org.jfree.data.xy.XYSeries,getAutoSort
3946380,org.jfree.data.xy.XYSeriesCollection,getDomainOrder
11547,org.jfree.data.xy.XYSeries,getRawDataItem
3528,org.jfree.data.xy.XYDataItem,getX
4094241,org.jfree.data.xy.XYSeries,getX
8304910,org.jfree.data.xy.XYSeriesCollection,getX
13251036,org.jfree.data.xy.AbstractXYDataset,getXValue
962,org.jfree.data.xy.XYSeries,getRawDataItem
1283,org.jfree.data.xy.XYDataItem,getX
4094562,org.jfree.data.xy.XYSeries,getX
8299779,org.jfree.data.xy.XYSeriesCollection,getX
12778587,org.jfree.data.xy.AbstractXYDataset,getXValue
17537721,org.jfree.chart.renderer.RendererUtilities,findLiveItemsLowerBound
1604,org.jfree.data.xy.XYSeriesCollection,getSeriesCount
5018292,org.jfree.data.xy.XYSeriesCollection,getSeries
2566,org.jfree.data.xy.XYSeries,getItemCount
4166728,org.jfree.data.xy.XYSeriesCollection,getItemCount
1604,org.jfree.data.xy.XYSeriesCollection,getSeriesCount
962,org.jfree.data.xy.XYSeriesCollection,getSeriesCount
4443206,org.jfree.data.xy.XYSeriesCollection,getSeries
2887,org.jfree.data.xy.XYSeries,getAutoSort
4394453,org.jfree.data.xy.XYSeriesCollection,getDomainOrder
1603,org.jfree.data.xy.XYSeriesCollection,getSeriesCount
1604,org.jfree.data.xy.XYSeriesCollection,getSeriesCount
4738607,org.jfree.data.xy.XYSeriesCollection,getSeries
2245,org.jfree.data.xy.XYSeries,getAutoSort
4167049,org.jfree.data.xy.XYSeriesCollection,getDomainOrder
1283,org.jfree.data.xy.XYSeries,getRawDataItem
2566,org.jfree.data.xy.XYDataItem,getX
4312344,org.jfree.data.xy.XYSeries,getX
8356871,org.jfree.data.xy.XYSeriesCollection,getX
12950503,org.jfree.data.xy.AbstractXYDataset,getXValue
962,org.jfree.data.xy.XYSeries,getRawDataItem
1283,org.jfree.data.xy.XYDataItem,getX
4036829,org.jfree.data.xy.XYSeries,getX
8875506,org.jfree.data.xy.XYSeriesCollection,getX
14822981,org.jfree.data.xy.AbstractXYDataset,getXValue
19551324,org.jfree.chart.renderer.RendererUtilities,findLiveItemsUpperBound
1924,org.jfree.data.xy.XYSeriesCollection,getSeriesCount
6788453,org.jfree.data.xy.XYSeriesCollection,getSeries
2565,org.jfree.data.xy.XYSeries,getItemCount
4544238,org.jfree.data.xy.XYSeriesCollection,getItemCount
2886,org.jfree.data.xy.XYSeriesCollection,getSeriesCount
1283,org.jfree.data.xy.XYSeriesCollection,getSeriesCount
4830018,org.jfree.data.xy.XYSeriesCollection,getSeries
2245,org.jfree.data.xy.XYSeries,getAutoSort
4434545,org.jfree.data.xy.XYSeriesCollection,getDomainOrder
1924,org.jfree.data.xy.XYSeriesCollection,getSeriesCount
1604,org.jfree.data.xy.XYSeriesCollection,getSeriesCount
4878770,org.jfree.data.xy.XYSeriesCollection,getSeries
1603,org.jfree.data.xy.XYSeries,getAutoSort
4420433,org.jfree.data.xy.XYSeriesCollection,getDomainOrder
1283,org.jfree.data.xy.XYSeries,getRawDataItem
4490,org.jfree.data.xy.XYDataItem,getX
4319721,org.jfree.data.xy.XYSeries,getX
18613481,org.jfree.data.xy.XYSeriesCollection,getX
41070065,org.jfree.data.xy.AbstractXYDataset,getXValue
1924,org.jfree.data.xy.XYSeries,getRawDataItem
2245,org.jfree.data.xy.XYDataItem,getX
4986538,org.jfree.data.xy.XYSeries,getX
9948701,org.jfree.data.xy.XYSeriesCollection,getX
14450281,org.jfree.data.xy.AbstractXYDataset,getXValue
19411160,org.jfree.chart.renderer.RendererUtilities,findLiveItemsLowerBound
2566,org.jfree.data.xy.XYSeriesCollection,getSeriesCount
10931126,org.jfree.data.xy.XYSeriesCollection,getSeries
14434,org.jfree.data.xy.XYSeries,getItemCount
5792878,org.jfree.data.xy.XYSeriesCollection,getItemCount
2887,org.jfree.data.xy.XYSeriesCollection,getSeriesCount
1604,org.jfree.data.xy.XYSeriesCollection,getSeriesCount
5578624,org.jfree.data.xy.XYSeriesCollection,getSeries
2566,org.jfree.data.xy.XYSeries,getAutoSort
4363983,org.jfree.data.xy.XYSeriesCollection,getDomainOrder
1925,org.jfree.data.xy.XYSeriesCollection,getSeriesCount
2566,org.jfree.data.xy.XYSeriesCollection,getSeriesCount
4857922,org.jfree.data.xy.XYSeriesCollection,getSeries
3528,org.jfree.data.xy.XYSeries,getAutoSort
4950615,org.jfree.data.xy.XYSeriesCollection,getDomainOrder
1924,org.jfree.data.xy.XYSeries,getRawDataItem
2245,org.jfree.data.xy.XYDataItem,getX
4473356,org.jfree.data.xy.XYSeries,getX
9865309,org.jfree.data.xy.XYSeriesCollection,getX
15010934,org.jfree.data.xy.AbstractXYDataset,getXValue
1925,org.jfree.data.xy.XYSeries,getRawDataItem
1924,org.jfree.data.xy.XYDataItem,getX
4190783,org.jfree.data.xy.XYSeries,getX
8413641,org.jfree.data.xy.XYSeriesCollection,getX
13607057,org.jfree.data.xy.AbstractXYDataset,getXValue
18911127,org.jfree.chart.renderer.RendererUtilities,findLiveItemsUpperBound
24301477,org.jfree.chart.renderer.RendererUtilities,findLiveItems
30179992,org.jfree.chart.renderer.RendererUtilitiesTest,test3561093
1283,org.jfree.data.xy.DefaultXYDataset,indexOf
2566,org.jfree.data.general.AbstractDataset,notifyListeners
5111948,org.jfree.data.xy.DefaultXYDataset,addSeries
1924,org.jfree.data.xy.DefaultXYDataset,getSeriesCount
4470469,org.jfree.data.xy.DefaultXYDataset,getItemCount
8971087,org.jfree.chart.renderer.RendererUtilities,findLiveItemsUpperBound
2245,org.jfree.data.xy.DefaultXYDataset,indexOf
2566,org.jfree.data.general.AbstractDataset,notifyListeners
4578237,org.jfree.data.xy.DefaultXYDataset,addSeries
962,org.jfree.data.xy.DefaultXYDataset,getSeriesCount
4523391,org.jfree.data.xy.DefaultXYDataset,getItemCount
9244036,org.jfree.chart.renderer.RendererUtilities,findLiveItemsUpperBound
1604,org.jfree.data.xy.DefaultXYDataset,getSeriesCount
4566690,org.jfree.data.xy.DefaultXYDataset,getItemCount
9333843,org.jfree.chart.renderer.RendererUtilities,findLiveItemsUpperBound
1925,org.jfree.data.xy.DefaultXYDataset,indexOf
2567,org.jfree.data.general.AbstractDataset,notifyListeners
4868186,org.jfree.data.xy.DefaultXYDataset,addSeries
962,org.jfree.data.xy.DefaultXYDataset,getSeriesCount
4424603,org.jfree.data.xy.DefaultXYDataset,getItemCount
1925,org.jfree.data.xy.DefaultXYDataset,getDomainOrder
1283,org.jfree.data.xy.DefaultXYDataset,getDomainOrder
2566,org.jfree.data.xy.DefaultXYDataset,getXValue
1925,org.jfree.data.xy.DefaultXYDataset,getXValue
4490355,org.jfree.chart.renderer.RendererUtilities,findLiveItemsUpperBound
1283,org.jfree.data.xy.DefaultXYDataset,getSeriesCount
4495807,org.jfree.data.xy.DefaultXYDataset,getItemCount
1924,org.jfree.data.xy.DefaultXYDataset,getDomainOrder
1283,org.jfree.data.xy.DefaultXYDataset,getDomainOrder
2887,org.jfree.data.xy.DefaultXYDataset,getXValue
4243064,org.jfree.chart.renderer.RendererUtilities,findLiveItemsUpperBound
1283,org.jfree.data.xy.DefaultXYDataset,getSeriesCount
4529164,org.jfree.data.xy.DefaultXYDataset,getItemCount
1603,org.jfree.data.xy.DefaultXYDataset,getDomainOrder
2245,org.jfree.data.xy.DefaultXYDataset,getDomainOrder
4811,org.jfree.data.xy.DefaultXYDataset,getXValue
4372002,org.jfree.chart.renderer.RendererUtilities,findLiveItemsUpperBound
962,org.jfree.data.xy.DefaultXYDataset,getSeriesCount
4944522,org.jfree.data.xy.DefaultXYDataset,getItemCount
1924,org.jfree.data.xy.DefaultXYDataset,getDomainOrder
1283,org.jfree.data.xy.DefaultXYDataset,getDomainOrder
2886,org.jfree.data.xy.DefaultXYDataset,getXValue
4471751,org.jfree.chart.renderer.RendererUtilities,findLiveItemsUpperBound
2245,org.jfree.data.xy.DefaultXYDataset,indexOf
2566,org.jfree.data.general.AbstractDataset,notifyListeners
5058705,org.jfree.data.xy.DefaultXYDataset,addSeries
7377,org.jfree.data.xy.DefaultXYDataset,getSeriesCount
4588180,org.jfree.data.xy.DefaultXYDataset,getItemCount
962,org.jfree.data.xy.DefaultXYDataset,getDomainOrder
1604,org.jfree.data.xy.DefaultXYDataset,getDomainOrder
3208,org.jfree.data.xy.DefaultXYDataset,getXValue
2887,org.jfree.data.xy.DefaultXYDataset,getXValue
3207,org.jfree.data.xy.DefaultXYDataset,getXValue
4310740,org.jfree.chart.renderer.RendererUtilities,findLiveItemsUpperBound
1283,org.jfree.data.xy.DefaultXYDataset,getSeriesCount
4624745,org.jfree.data.xy.DefaultXYDataset,getItemCount
2245,org.jfree.data.xy.DefaultXYDataset,getDomainOrder
2246,org.jfree.data.xy.DefaultXYDataset,getDomainOrder
2245,org.jfree.data.xy.DefaultXYDataset,getXValue
4416584,org.jfree.chart.renderer.RendererUtilities,findLiveItemsUpperBound
1604,org.jfree.data.xy.DefaultXYDataset,getSeriesCount
4528843,org.jfree.data.xy.DefaultXYDataset,getItemCount
1283,org.jfree.data.xy.DefaultXYDataset,getDomainOrder
1283,org.jfree.data.xy.DefaultXYDataset,getDomainOrder
3529,org.jfree.data.xy.DefaultXYDataset,getXValue
4728344,org.jfree.chart.renderer.RendererUtilities,findLiveItemsUpperBound
1603,org.jfree.data.xy.DefaultXYDataset,getSeriesCount
5500684,org.jfree.data.xy.DefaultXYDataset,getItemCount
1603,org.jfree.data.xy.DefaultXYDataset,getDomainOrder
962,org.jfree.data.xy.DefaultXYDataset,getDomainOrder
3848,org.jfree.data.xy.DefaultXYDataset,getXValue
4455714,org.jfree.chart.renderer.RendererUtilities,findLiveItemsUpperBound
2246,org.jfree.data.xy.DefaultXYDataset,indexOf
3207,org.jfree.data.general.AbstractDataset,notifyListeners
4889996,org.jfree.data.xy.DefaultXYDataset,addSeries
1283,org.jfree.data.xy.DefaultXYDataset,getSeriesCount
4404397,org.jfree.data.xy.DefaultXYDataset,getItemCount
1604,org.jfree.data.xy.DefaultXYDataset,getDomainOrder
1283,org.jfree.data.xy.DefaultXYDataset,getDomainOrder
3207,org.jfree.data.xy.DefaultXYDataset,getXValue
2245,org.jfree.data.xy.DefaultXYDataset,getXValue
3529,org.jfree.data.xy.DefaultXYDataset,getXValue
2246,org.jfree.data.xy.DefaultXYDataset,getXValue
4222537,org.jfree.chart.renderer.RendererUtilities,findLiveItemsUpperBound
1604,org.jfree.data.xy.DefaultXYDataset,getSeriesCount
4512486,org.jfree.data.xy.DefaultXYDataset,getItemCount
1603,org.jfree.data.xy.DefaultXYDataset,getDomainOrder
1283,org.jfree.data.xy.DefaultXYDataset,getDomainOrder
6415,org.jfree.data.xy.DefaultXYDataset,getXValue
4498052,org.jfree.chart.renderer.RendererUtilities,findLiveItemsUpperBound
6735,org.jfree.data.xy.DefaultXYDataset,getSeriesCount
5141777,org.jfree.data.xy.DefaultXYDataset,getItemCount
6094,org.jfree.data.xy.DefaultXYDataset,getDomainOrder
1283,org.jfree.data.xy.DefaultXYDataset,getDomainOrder
2566,org.jfree.data.xy.DefaultXYDataset,getXValue
4992953,org.jfree.chart.renderer.RendererUtilities,findLiveItemsUpperBound
2245,org.jfree.data.xy.DefaultXYDataset,getSeriesCount
4476562,org.jfree.data.xy.DefaultXYDataset,getItemCount
1924,org.jfree.data.xy.DefaultXYDataset,getDomainOrder
2245,org.jfree.data.xy.DefaultXYDataset,getDomainOrder
3848,org.jfree.data.xy.DefaultXYDataset,getXValue
4376491,org.jfree.chart.renderer.RendererUtilities,findLiveItemsUpperBound
1604,org.jfree.data.xy.DefaultXYDataset,getSeriesCount
4587218,org.jfree.data.xy.DefaultXYDataset,getItemCount
1925,org.jfree.data.xy.DefaultXYDataset,getDomainOrder
2246,org.jfree.data.xy.DefaultXYDataset,getDomainOrder
3207,org.jfree.data.xy.DefaultXYDataset,getXValue
4367511,org.jfree.chart.renderer.RendererUtilities,findLiveItemsUpperBound
9729315,org.jfree.chart.renderer.RendererUtilitiesTest,testFindLiveItemsUpperBound_Unordered
