10263,org.jfree.chart.util.ParamChecks,nullNotPermitted
3207,org.jfree.chart.util.ParamChecks,nullNotPermitted
7957870,org.jfree.chart.util.SerialUtils,writePaint
13168605,org.jfree.chart.renderer.LookupPaintScale,writeObject
2887,org.jfree.chart.util.ParamChecks,nullNotPermitted
9301,org.jfree.chart.util.SerialUtils,isSerializable
5765615,org.jfree.chart.util.SerialUtils,readPaint
10951333,org.jfree.chart.renderer.LookupPaintScale,readObject
470845,org.jfree.chart.util.PaintUtils,equal
7169492,org.jfree.chart.renderer.LookupPaintScale,equals
7698,org.jfree.chart.util.ParamChecks,nullNotPermitted
14754,org.jfree.chart.util.ParamChecks,requireInRange
2887,org.jfree.chart.util.ParamChecks,nullNotPermitted
10753757,org.jfree.chart.renderer.LookupPaintScale,add
1924,org.jfree.chart.util.ParamChecks,nullNotPermitted
5436857,org.jfree.chart.util.SerialUtils,writePaint
10155257,org.jfree.chart.renderer.LookupPaintScale$PaintItem,writeObject
2245,org.jfree.chart.util.ParamChecks,nullNotPermitted
4932333,org.jfree.chart.util.SerialUtils,writePaint
9742786,org.jfree.chart.renderer.LookupPaintScale,writeObject
1924,org.jfree.chart.util.ParamChecks,nullNotPermitted
4490,org.jfree.chart.util.SerialUtils,isSerializable
4926560,org.jfree.chart.util.SerialUtils,readPaint
9559323,org.jfree.chart.renderer.LookupPaintScale$PaintItem,readObject
1924,org.jfree.chart.util.ParamChecks,nullNotPermitted
4811,org.jfree.chart.util.SerialUtils,isSerializable
4760417,org.jfree.chart.util.SerialUtils,readPaint
9785124,org.jfree.chart.renderer.LookupPaintScale,readObject
42658,org.jfree.chart.util.PaintUtils,equal
6094,org.jfree.chart.util.PaintUtils,equal
4306570,org.jfree.chart.renderer.LookupPaintScale$PaintItem,equals
9706222,org.jfree.chart.renderer.LookupPaintScale,equals
14623160,org.jfree.chart.renderer.LookupPaintScaleTest,testSerialization
2245,org.jfree.chart.util.ParamChecks,nullNotPermitted
4811,org.jfree.chart.renderer.LookupPaintScale,getLowerBound
4490,org.jfree.chart.renderer.LookupPaintScale,getUpperBound
4837715,org.jfree.chart.renderer.LookupPaintScaleTest,testConstructor1
2566,org.jfree.chart.util.ParamChecks,nullNotPermitted
2566,org.jfree.chart.renderer.LookupPaintScale,getLowerBound
2245,org.jfree.chart.renderer.LookupPaintScale,getUpperBound
4170,org.jfree.chart.renderer.LookupPaintScale,getDefaultPaint
5335183,org.jfree.chart.renderer.LookupPaintScaleTest,testConstructor2
1925,org.jfree.chart.util.ParamChecks,nullNotPermitted
5132,org.jfree.chart.renderer.LookupPaintScale,getPaint
21168,org.jfree.chart.renderer.LookupPaintScale,getPaint
3207,org.jfree.chart.renderer.LookupPaintScale,getPaint
2887,org.jfree.chart.renderer.LookupPaintScale,getPaint
2887,org.jfree.chart.renderer.LookupPaintScale,getPaint
2566,org.jfree.chart.util.ParamChecks,requireInRange
2567,org.jfree.chart.util.ParamChecks,nullNotPermitted
4922070,org.jfree.chart.renderer.LookupPaintScale,add
2567,org.jfree.chart.renderer.LookupPaintScale,getPaint
16679,org.jfree.chart.renderer.LookupPaintScale,getPaint
8339,org.jfree.chart.renderer.LookupPaintScale,getPaint
4491,org.jfree.chart.renderer.LookupPaintScale,getPaint
3207,org.jfree.chart.renderer.LookupPaintScale,getPaint
2566,org.jfree.chart.util.ParamChecks,requireInRange
2566,org.jfree.chart.util.ParamChecks,nullNotPermitted
10585,org.jfree.chart.renderer.LookupPaintScale$PaintItem,compareTo
5005141,org.jfree.chart.renderer.LookupPaintScale,add
2566,org.jfree.chart.renderer.LookupPaintScale,getPaint
7698,org.jfree.chart.renderer.LookupPaintScale,getPaint
7377,org.jfree.chart.renderer.LookupPaintScale,getPaint
3529,org.jfree.chart.renderer.LookupPaintScale,getPaint
2886,org.jfree.chart.renderer.LookupPaintScale,getPaint
2887,org.jfree.chart.util.ParamChecks,requireInRange
1924,org.jfree.chart.util.ParamChecks,nullNotPermitted
2887,org.jfree.chart.renderer.LookupPaintScale$PaintItem,compareTo
5307599,org.jfree.chart.renderer.LookupPaintScale,add
2566,org.jfree.chart.renderer.LookupPaintScale,getPaint
3848,org.jfree.chart.renderer.LookupPaintScale,getPaint
6094,org.jfree.chart.renderer.LookupPaintScale,getPaint
5774,org.jfree.chart.renderer.LookupPaintScale,getPaint
11868,org.jfree.chart.renderer.LookupPaintScale,getPaint
17000,org.jfree.chart.renderer.LookupPaintScale,getPaint
2565,org.jfree.chart.util.ParamChecks,requireInRange
2245,org.jfree.chart.util.ParamChecks,nullNotPermitted
2566,org.jfree.chart.renderer.LookupPaintScale$PaintItem,compareTo
2245,org.jfree.chart.renderer.LookupPaintScale$PaintItem,compareTo
4979162,org.jfree.chart.renderer.LookupPaintScale,add
2245,org.jfree.chart.renderer.LookupPaintScale,getPaint
3528,org.jfree.chart.renderer.LookupPaintScale,getPaint
4490,org.jfree.chart.renderer.LookupPaintScale,getPaint
4170,org.jfree.chart.renderer.LookupPaintScale,getPaint
4169,org.jfree.chart.renderer.LookupPaintScale,getPaint
6094,org.jfree.chart.renderer.LookupPaintScale,getPaint
1924,org.jfree.chart.renderer.LookupPaintScale,getPaint
4644309,org.jfree.chart.renderer.LookupPaintScaleTest,testGeneral
1603,org.jfree.chart.util.ParamChecks,nullNotPermitted
17320,org.jfree.chart.renderer.LookupPaintScale,clone
1604,org.jfree.chart.util.PaintUtils,equal
4120542,org.jfree.chart.renderer.LookupPaintScale,equals
3528,org.jfree.chart.util.ParamChecks,requireInRange
1924,org.jfree.chart.util.ParamChecks,nullNotPermitted
4544239,org.jfree.chart.renderer.LookupPaintScale,add
1603,org.jfree.chart.util.PaintUtils,equal
4123428,org.jfree.chart.renderer.LookupPaintScale,equals
2566,org.jfree.chart.util.ParamChecks,requireInRange
1604,org.jfree.chart.util.ParamChecks,nullNotPermitted
4696911,org.jfree.chart.renderer.LookupPaintScale,add
1282,org.jfree.chart.util.PaintUtils,equal
1283,org.jfree.chart.util.PaintUtils,equal
14452847,org.jfree.chart.renderer.LookupPaintScale$PaintItem,equals
19542984,org.jfree.chart.renderer.LookupPaintScale,equals
1925,org.jfree.chart.util.ParamChecks,nullNotPermitted
2887,org.jfree.chart.util.ParamChecks,requireInRange
2245,org.jfree.chart.util.ParamChecks,nullNotPermitted
6391698,org.jfree.chart.renderer.LookupPaintScale,add
4811,org.jfree.chart.renderer.LookupPaintScale,clone
1283,org.jfree.chart.util.PaintUtils,equal
1604,org.jfree.chart.renderer.LookupPaintScale$PaintItem,equals
5209453,org.jfree.chart.renderer.LookupPaintScale,equals
9824575,org.jfree.chart.renderer.LookupPaintScaleTest,testCloning
1283,org.jfree.chart.util.ParamChecks,nullNotPermitted
2566,org.jfree.chart.util.ParamChecks,requireInRange
1283,org.jfree.chart.util.ParamChecks,nullNotPermitted
4538786,org.jfree.chart.renderer.LookupPaintScale,add
2566,org.jfree.chart.util.ParamChecks,requireInRange
1283,org.jfree.chart.util.ParamChecks,nullNotPermitted
1925,org.jfree.chart.renderer.LookupPaintScale$PaintItem,compareTo
4972426,org.jfree.chart.renderer.LookupPaintScale,add
1925,org.jfree.chart.util.ParamChecks,requireInRange
9622,org.jfree.chart.util.ParamChecks,nullNotPermitted
2887,org.jfree.chart.renderer.LookupPaintScale$PaintItem,compareTo
2245,org.jfree.chart.renderer.LookupPaintScale$PaintItem,compareTo
5319787,org.jfree.chart.renderer.LookupPaintScale,add
7056,org.jfree.chart.renderer.LookupPaintScale,getPaint
7056,org.jfree.chart.renderer.LookupPaintScale,getPaint
1283,org.jfree.chart.renderer.LookupPaintScale,getPaint
4622819,org.jfree.chart.renderer.LookupPaintScaleTest,testSpecialValues
1283,org.jfree.chart.util.ParamChecks,nullNotPermitted
1604,org.jfree.chart.util.ParamChecks,nullNotPermitted
1925,org.jfree.chart.util.PaintUtils,equal
4080128,org.jfree.chart.renderer.LookupPaintScale,equals
641,org.jfree.chart.util.PaintUtils,equal
4439357,org.jfree.chart.renderer.LookupPaintScale,equals
1283,org.jfree.chart.util.ParamChecks,nullNotPermitted
1283,org.jfree.chart.renderer.LookupPaintScale,equals
1604,org.jfree.chart.util.ParamChecks,nullNotPermitted
963,org.jfree.chart.util.PaintUtils,equal
4874921,org.jfree.chart.renderer.LookupPaintScale,equals
1282,org.jfree.chart.util.ParamChecks,requireInRange
962,org.jfree.chart.util.ParamChecks,nullNotPermitted
4696269,org.jfree.chart.renderer.LookupPaintScale,add
962,org.jfree.chart.util.PaintUtils,equal
4196878,org.jfree.chart.renderer.LookupPaintScale,equals
1924,org.jfree.chart.util.ParamChecks,requireInRange
641,org.jfree.chart.util.ParamChecks,nullNotPermitted
4481053,org.jfree.chart.renderer.LookupPaintScale,add
962,org.jfree.chart.util.PaintUtils,equal
8019,org.jfree.chart.util.PaintUtils,equal
4072431,org.jfree.chart.renderer.LookupPaintScale$PaintItem,equals
9145249,org.jfree.chart.renderer.LookupPaintScale,equals
14009906,org.jfree.chart.renderer.LookupPaintScaleTest,testEquals
