10264,org.jfree.chart.util.AbstractObjectList,size
8066601,org.jfree.chart.util.AbstractObjectList,writeObject
3208,org.jfree.chart.util.AbstractObjectList,size
5623207,org.jfree.chart.util.AbstractObjectList,writeObject
4490,org.jfree.chart.util.AbstractObjectList,size
5296052,org.jfree.chart.util.AbstractObjectList,writeObject
5132,org.jfree.chart.util.AbstractObjectList,size
5993982,org.jfree.chart.util.ShapeList,writeObject
5132,org.jfree.chart.util.AbstractObjectList,size
5769785,org.jfree.chart.util.AbstractObjectList,writeObject
2887,org.jfree.chart.util.AbstractObjectList,size
5527306,org.jfree.chart.util.StrokeList,writeObject
2245,org.jfree.chart.util.AbstractObjectList,size
4917258,org.jfree.chart.util.AbstractObjectList,writeObject
2245,org.jfree.chart.util.AbstractObjectList,size
5149153,org.jfree.chart.util.AbstractObjectList,writeObject
2887,org.jfree.chart.util.AbstractObjectList,size
5335824,org.jfree.chart.util.AbstractObjectList,writeObject
3208,org.jfree.chart.util.AbstractObjectList,size
4877167,org.jfree.chart.util.ShapeList,writeObject
2566,org.jfree.chart.util.AbstractObjectList,size
4795699,org.jfree.chart.util.AbstractObjectList,writeObject
2566,org.jfree.chart.util.AbstractObjectList,size
4751115,org.jfree.chart.util.StrokeList,writeObject
9943,org.jfree.chart.util.ParamChecks,nullNotPermitted
6482468,org.jfree.chart.util.SerialUtils,writePaint
48432,org.jfree.chart.util.SerialUtils,writePaintMap
1924,org.jfree.chart.util.ParamChecks,nullNotPermitted
5410556,org.jfree.chart.util.SerialUtils,writePaint
7056,org.jfree.chart.util.SerialUtils,writePaintMap
1925,org.jfree.chart.util.ParamChecks,nullNotPermitted
4889676,org.jfree.chart.util.SerialUtils,writePaint
7377,org.jfree.chart.util.SerialUtils,writePaintMap
3528,org.jfree.chart.util.ParamChecks,nullNotPermitted
5109702,org.jfree.chart.util.SerialUtils,writeStroke
2887,org.jfree.chart.util.ParamChecks,nullNotPermitted
4915335,org.jfree.chart.util.SerialUtils,writeStroke
2245,org.jfree.chart.util.ParamChecks,nullNotPermitted
4869469,org.jfree.chart.util.SerialUtils,writeShape
2245,org.jfree.chart.util.ParamChecks,nullNotPermitted
5032084,org.jfree.chart.util.SerialUtils,writePaint
6736,org.jfree.chart.util.SerialUtils,writePaintMap
1604,org.jfree.chart.util.ParamChecks,nullNotPermitted
5261092,org.jfree.chart.util.SerialUtils,writeShape
1282,org.jfree.chart.util.ParamChecks,nullNotPermitted
5111947,org.jfree.chart.util.SerialUtils,writePaint
9943,org.jfree.chart.util.SerialUtils,writePaintMap
5322673,org.jfree.chart.renderer.AbstractRenderer,writeObject
1283,org.jfree.chart.util.AbstractObjectList,size
4713589,org.jfree.chart.util.AbstractObjectList,writeObject
1604,org.jfree.chart.util.AbstractObjectList,size
4464695,org.jfree.chart.util.AbstractObjectList,writeObject
1604,org.jfree.chart.util.ParamChecks,nullNotPermitted
4871073,org.jfree.chart.util.SerialUtils,writeShape
1283,org.jfree.chart.util.ParamChecks,nullNotPermitted
4504467,org.jfree.chart.util.SerialUtils,writeComposite
9272581,org.jfree.chart.renderer.DefaultPolarItemRenderer,writeObject
20848,org.jfree.chart.util.AbstractObjectList,readObject
17000,org.jfree.chart.labels.ItemLabelAnchor,values
13792,org.jfree.chart.ui.TextAnchor,values
15074,org.jfree.chart.util.AbstractObjectList,readObject
15716,org.jfree.chart.util.AbstractObjectList,readObject
38169,org.jfree.chart.util.ShapeList,readObject
11867,org.jfree.chart.util.AbstractObjectList,readObject
27584,org.jfree.chart.util.StrokeList,readObject
13151,org.jfree.chart.util.AbstractObjectList,readObject
30470,org.jfree.chart.util.AbstractObjectList,readObject
10585,org.jfree.chart.util.AbstractObjectList,readObject
13151,org.jfree.chart.util.ShapeList,readObject
10264,org.jfree.chart.util.AbstractObjectList,readObject
22131,org.jfree.chart.util.StrokeList,readObject
2245,org.jfree.chart.util.ParamChecks,nullNotPermitted
9623,org.jfree.chart.util.SerialUtils,isSerializable
5444555,org.jfree.chart.util.SerialUtils,readPaint
42979,org.jfree.chart.util.SerialUtils,readPaintMap
1604,org.jfree.chart.util.ParamChecks,nullNotPermitted
5132,org.jfree.chart.util.SerialUtils,isSerializable
4510561,org.jfree.chart.util.SerialUtils,readPaint
12830,org.jfree.chart.util.SerialUtils,readPaintMap
962,org.jfree.chart.util.ParamChecks,nullNotPermitted
3850,org.jfree.chart.util.SerialUtils,isSerializable
4730268,org.jfree.chart.util.SerialUtils,readPaint
8980,org.jfree.chart.util.SerialUtils,readPaintMap
1284,org.jfree.chart.util.ParamChecks,nullNotPermitted
4452187,org.jfree.chart.util.SerialUtils,readStroke
962,org.jfree.chart.util.ParamChecks,nullNotPermitted
4682798,org.jfree.chart.util.SerialUtils,readStroke
12188,org.jfree.chart.util.ParamChecks,nullNotPermitted
5539173,org.jfree.chart.util.SerialUtils,readShape
963,org.jfree.chart.util.ParamChecks,nullNotPermitted
4169,org.jfree.chart.util.SerialUtils,isSerializable
4638215,org.jfree.chart.util.SerialUtils,readPaint
15075,org.jfree.chart.util.SerialUtils,readPaintMap
963,org.jfree.chart.util.ParamChecks,nullNotPermitted
4760738,org.jfree.chart.util.SerialUtils,readShape
963,org.jfree.chart.util.ParamChecks,nullNotPermitted
4631480,org.jfree.chart.util.SerialUtils,readPaint
6415,org.jfree.chart.util.SerialUtils,readPaintMap
4834187,org.jfree.chart.renderer.AbstractRenderer,readObject
9622,org.jfree.chart.util.AbstractObjectList,readObject
11867,org.jfree.chart.util.AbstractObjectList,readObject
962,org.jfree.chart.util.ParamChecks,nullNotPermitted
5049404,org.jfree.chart.util.SerialUtils,readShape
1282,org.jfree.chart.util.ParamChecks,nullNotPermitted
2887,org.jfree.chart.util.SerialUtils,isSerializable
4852790,org.jfree.chart.util.SerialUtils,readComposite
9918552,org.jfree.chart.renderer.DefaultPolarItemRenderer,readObject
1284,org.jfree.chart.util.AbstractObjectList,size
6030546,org.jfree.chart.util.AbstractObjectList,equals
12717646,org.jfree.chart.util.BooleanList,equals
14113,org.jfree.chart.util.ObjectUtils,equal
46828,org.jfree.chart.util.ShapeUtils,equal
5649507,org.jfree.chart.util.ShapeUtils,equal
1925,org.jfree.chart.util.AbstractObjectList,size
6258271,org.jfree.chart.util.AbstractObjectList,equals
3849,org.jfree.chart.util.ObjectUtils,equal
2566,org.jfree.chart.util.ObjectUtils,equal
3208,org.jfree.chart.util.ObjectUtils,equal
2887,org.jfree.chart.util.ObjectUtils,equal
1283,org.jfree.chart.util.AbstractObjectList,size
5282260,org.jfree.chart.util.AbstractObjectList,equals
12377982,org.jfree.chart.util.BooleanList,equals
1924,org.jfree.chart.util.AbstractObjectList,size
6027018,org.jfree.chart.util.AbstractObjectList,equals
11791991,org.jfree.chart.util.BooleanList,equals
25018,org.jfree.chart.util.PaintUtils,equalMaps
343192,org.jfree.chart.util.PaintUtils,equal
11867,org.jfree.chart.util.PaintUtils,equalMaps
3527,org.jfree.chart.util.PaintUtils,equal
4812,org.jfree.chart.util.PaintUtils,equalMaps
2886,org.jfree.chart.util.PaintUtils,equal
642,org.jfree.chart.util.AbstractObjectList,size
3946059,org.jfree.chart.util.AbstractObjectList,equals
7970058,org.jfree.chart.util.StrokeList,equals
11683902,org.jfree.chart.util.ObjectUtils,equal
6414,org.jfree.chart.util.ObjectUtils,equal
963,org.jfree.chart.util.AbstractObjectList,size
4189822,org.jfree.chart.util.AbstractObjectList,equals
8353984,org.jfree.chart.util.StrokeList,equals
12424490,org.jfree.chart.util.ObjectUtils,equal
3208,org.jfree.chart.util.ObjectUtils,equal
1283,org.jfree.chart.util.AbstractObjectList,size
4174747,org.jfree.chart.util.ShapeList,equals
8415566,org.jfree.chart.util.ObjectUtils,equal
12188,org.jfree.chart.util.ObjectUtils,equal
4428773,org.jfree.chart.util.ShapeUtils,equal
963,org.jfree.chart.util.AbstractObjectList,size
4852149,org.jfree.chart.util.AbstractObjectList,equals
9477855,org.jfree.chart.util.BooleanList,equals
13663507,org.jfree.chart.util.ObjectUtils,equal
10905,org.jfree.chart.util.ObjectUtils,equal
18924,org.jfree.chart.util.ObjectUtils,equal
16037,org.jfree.chart.util.ObjectUtils,equal
4169,org.jfree.chart.util.PaintUtils,equalMaps
3208,org.jfree.chart.util.PaintUtils,equal
6735,org.jfree.chart.util.ObjectUtils,equal
16358,org.jfree.chart.labels.ItemLabelPosition,equals
4516014,org.jfree.chart.util.ObjectUtils,equal
9301,org.jfree.chart.util.ObjectUtils,equal
2566,org.jfree.chart.labels.ItemLabelPosition,equals
5102326,org.jfree.chart.util.ObjectUtils,equal
963,org.jfree.chart.util.AbstractObjectList,size
4444810,org.jfree.chart.util.AbstractObjectList,equals
8989369,org.jfree.chart.util.BooleanList,equals
13218000,org.jfree.chart.util.ObjectUtils,equal
641,org.jfree.chart.util.AbstractObjectList,size
4620254,org.jfree.chart.util.ShapeList,equals
8887694,org.jfree.chart.util.ObjectUtils,equal
641,org.jfree.chart.util.ObjectUtils,equal
4516655,org.jfree.chart.util.ShapeUtils,equal
6736,org.jfree.chart.util.ObjectUtils,equal
2886,org.jfree.chart.util.ObjectUtils,equal
2886,org.jfree.chart.util.PaintUtils,equalMaps
1283,org.jfree.chart.util.PaintUtils,equal
4306571,org.jfree.chart.renderer.AbstractRenderer,equals
8908222,org.jfree.chart.renderer.DefaultPolarItemRenderer,equals
13849215,org.jfree.chart.renderer.DefaultPolarItemRendererTest,testSerialization
9943,org.jfree.chart.util.AbstractObjectList,clone
4170,org.jfree.chart.util.AbstractObjectList,clone
3527,org.jfree.chart.util.AbstractObjectList,clone
4528201,org.jfree.chart.util.StrokeList,clone
3849,org.jfree.chart.util.AbstractObjectList,clone
4403113,org.jfree.chart.util.StrokeList,clone
2886,org.jfree.chart.util.AbstractObjectList,clone
4617367,org.jfree.chart.util.ShapeList,clone
270384,org.jfree.chart.util.ObjectUtils,clone
4597161,org.jfree.chart.util.ShapeUtils,clone
4490,org.jfree.chart.util.AbstractObjectList,clone
4811,org.jfree.chart.util.AbstractObjectList,clone
3528,org.jfree.chart.util.AbstractObjectList,clone
4755606,org.jfree.chart.util.ShapeList,clone
11536362,org.jfree.chart.renderer.AbstractRenderer,clone
84354,org.jfree.chart.util.ObjectUtils,clone
4330626,org.jfree.chart.util.ShapeUtils,clone
4810,org.jfree.chart.util.AbstractObjectList,clone
4490,org.jfree.chart.util.AbstractObjectList,clone
4481694,org.jfree.chart.renderer.DefaultPolarItemRenderer,clone
642,org.jfree.chart.util.AbstractObjectList,size
4545522,org.jfree.chart.util.AbstractObjectList,equals
9349560,org.jfree.chart.util.BooleanList,equals
1283,org.jfree.chart.util.ObjectUtils,equal
5773,org.jfree.chart.util.ShapeUtils,equal
5453535,org.jfree.chart.util.ShapeUtils,equal
962,org.jfree.chart.util.AbstractObjectList,size
4287647,org.jfree.chart.util.AbstractObjectList,equals
1283,org.jfree.chart.util.ObjectUtils,equal
963,org.jfree.chart.util.ObjectUtils,equal
962,org.jfree.chart.util.ObjectUtils,equal
962,org.jfree.chart.util.ObjectUtils,equal
962,org.jfree.chart.util.AbstractObjectList,size
4706533,org.jfree.chart.util.AbstractObjectList,equals
9262960,org.jfree.chart.util.BooleanList,equals
962,org.jfree.chart.util.AbstractObjectList,size
4755927,org.jfree.chart.util.AbstractObjectList,equals
9273544,org.jfree.chart.util.BooleanList,equals
5132,org.jfree.chart.util.PaintUtils,equalMaps
962,org.jfree.chart.util.PaintUtils,equal
3207,org.jfree.chart.util.PaintUtils,equalMaps
962,org.jfree.chart.util.PaintUtils,equal
2887,org.jfree.chart.util.PaintUtils,equalMaps
962,org.jfree.chart.util.PaintUtils,equal
641,org.jfree.chart.util.AbstractObjectList,size
4414660,org.jfree.chart.util.AbstractObjectList,equals
8885449,org.jfree.chart.util.StrokeList,equals
13446366,org.jfree.chart.util.ObjectUtils,equal
962,org.jfree.chart.util.ObjectUtils,equal
642,org.jfree.chart.util.AbstractObjectList,size
4260064,org.jfree.chart.util.AbstractObjectList,equals
9192718,org.jfree.chart.util.StrokeList,equals
13478761,org.jfree.chart.util.ObjectUtils,equal
962,org.jfree.chart.util.ObjectUtils,equal
642,org.jfree.chart.util.AbstractObjectList,size
4488110,org.jfree.chart.util.ShapeList,equals
8719627,org.jfree.chart.util.ObjectUtils,equal
2887,org.jfree.chart.util.ObjectUtils,equal
4157427,org.jfree.chart.util.ShapeUtils,equal
641,org.jfree.chart.util.AbstractObjectList,size
4368794,org.jfree.chart.util.AbstractObjectList,equals
8899882,org.jfree.chart.util.BooleanList,equals
13428725,org.jfree.chart.util.ObjectUtils,equal
1283,org.jfree.chart.util.ObjectUtils,equal
5774,org.jfree.chart.util.ObjectUtils,equal
963,org.jfree.chart.util.ObjectUtils,equal
4491,org.jfree.chart.util.PaintUtils,equalMaps
1283,org.jfree.chart.util.PaintUtils,equal
5133,org.jfree.chart.util.ObjectUtils,equal
962,org.jfree.chart.util.ObjectUtils,equal
4811,org.jfree.chart.util.ObjectUtils,equal
962,org.jfree.chart.util.ObjectUtils,equal
963,org.jfree.chart.util.AbstractObjectList,size
4430376,org.jfree.chart.util.AbstractObjectList,equals
9300165,org.jfree.chart.util.BooleanList,equals
13794689,org.jfree.chart.util.ObjectUtils,equal
962,org.jfree.chart.util.AbstractObjectList,size
4349870,org.jfree.chart.util.ShapeList,equals
8858828,org.jfree.chart.util.ObjectUtils,equal
1604,org.jfree.chart.util.ObjectUtils,equal
4601651,org.jfree.chart.util.ShapeUtils,equal
9943,org.jfree.chart.util.ObjectUtils,equal
2566,org.jfree.chart.util.ObjectUtils,equal
9302,org.jfree.chart.util.PaintUtils,equalMaps
3528,org.jfree.chart.util.PaintUtils,equal
4762342,org.jfree.chart.renderer.AbstractRenderer,equals
10626424,org.jfree.chart.renderer.DefaultPolarItemRenderer,equals
6736,org.jfree.chart.util.AbstractObjectList,set
4444168,org.jfree.chart.util.BooleanList,setBoolean
8845678,org.jfree.chart.renderer.DefaultPolarItemRenderer,setSeriesFilled
641,org.jfree.chart.util.AbstractObjectList,size
3207,org.jfree.chart.util.AbstractObjectList,get
1924,org.jfree.chart.util.AbstractObjectList,get
1284,org.jfree.chart.util.ObjectUtils,equal
1283,org.jfree.chart.util.AbstractObjectList,get
1284,org.jfree.chart.util.AbstractObjectList,get
2245,org.jfree.chart.util.ObjectUtils,equal
4153257,org.jfree.chart.util.AbstractObjectList,equals
8801736,org.jfree.chart.util.BooleanList,equals
13760370,org.jfree.chart.renderer.DefaultPolarItemRenderer,equals
1283,org.jfree.chart.util.AbstractObjectList,set
4257177,org.jfree.chart.util.BooleanList,setBoolean
8809114,org.jfree.chart.renderer.DefaultPolarItemRenderer,setSeriesFilled
962,org.jfree.chart.util.AbstractObjectList,size
1604,org.jfree.chart.util.AbstractObjectList,get
1283,org.jfree.chart.util.AbstractObjectList,get
962,org.jfree.chart.util.ObjectUtils,equal
1924,org.jfree.chart.util.AbstractObjectList,get
1603,org.jfree.chart.util.AbstractObjectList,get
962,org.jfree.chart.util.ObjectUtils,equal
4326136,org.jfree.chart.util.AbstractObjectList,equals
9338654,org.jfree.chart.util.BooleanList,equals
1283,org.jfree.chart.util.ObjectUtils,equal
5453,org.jfree.chart.util.ShapeUtils,equal
13394086,org.jfree.chart.util.ShapeUtils,equal
962,org.jfree.chart.util.AbstractObjectList,size
4384189,org.jfree.chart.util.AbstractObjectList,equals
1283,org.jfree.chart.util.ObjectUtils,equal
962,org.jfree.chart.util.ObjectUtils,equal
1283,org.jfree.chart.util.ObjectUtils,equal
1283,org.jfree.chart.util.ObjectUtils,equal
641,org.jfree.chart.util.AbstractObjectList,size
4241781,org.jfree.chart.util.AbstractObjectList,equals
8814245,org.jfree.chart.util.BooleanList,equals
962,org.jfree.chart.util.AbstractObjectList,size
4342493,org.jfree.chart.util.AbstractObjectList,equals
8841508,org.jfree.chart.util.BooleanList,equals
4490,org.jfree.chart.util.PaintUtils,equalMaps
1604,org.jfree.chart.util.PaintUtils,equal
4490,org.jfree.chart.util.PaintUtils,equalMaps
1283,org.jfree.chart.util.PaintUtils,equal
3849,org.jfree.chart.util.PaintUtils,equalMaps
1283,org.jfree.chart.util.PaintUtils,equal
962,org.jfree.chart.util.AbstractObjectList,size
4255894,org.jfree.chart.util.AbstractObjectList,equals
8965634,org.jfree.chart.util.StrokeList,equals
13216075,org.jfree.chart.util.ObjectUtils,equal
1283,org.jfree.chart.util.ObjectUtils,equal
641,org.jfree.chart.util.AbstractObjectList,size
4622178,org.jfree.chart.util.AbstractObjectList,equals
9251734,org.jfree.chart.util.StrokeList,equals
13405953,org.jfree.chart.util.ObjectUtils,equal
1604,org.jfree.chart.util.ObjectUtils,equal
1283,org.jfree.chart.util.AbstractObjectList,size
5361483,org.jfree.chart.util.ShapeList,equals
9809500,org.jfree.chart.util.ObjectUtils,equal
4169,org.jfree.chart.util.ObjectUtils,equal
4198802,org.jfree.chart.util.ShapeUtils,equal
963,org.jfree.chart.util.AbstractObjectList,size
4219971,org.jfree.chart.util.AbstractObjectList,equals
8938371,org.jfree.chart.util.BooleanList,equals
13208378,org.jfree.chart.util.ObjectUtils,equal
2245,org.jfree.chart.util.ObjectUtils,equal
6415,org.jfree.chart.util.ObjectUtils,equal
1604,org.jfree.chart.util.ObjectUtils,equal
3528,org.jfree.chart.util.PaintUtils,equalMaps
1283,org.jfree.chart.util.PaintUtils,equal
3208,org.jfree.chart.util.ObjectUtils,equal
1283,org.jfree.chart.util.ObjectUtils,equal
3849,org.jfree.chart.util.ObjectUtils,equal
962,org.jfree.chart.util.ObjectUtils,equal
642,org.jfree.chart.util.AbstractObjectList,size
4307854,org.jfree.chart.util.AbstractObjectList,equals
8829641,org.jfree.chart.util.BooleanList,equals
13013047,org.jfree.chart.util.ObjectUtils,equal
641,org.jfree.chart.util.AbstractObjectList,size
4561237,org.jfree.chart.util.ShapeList,equals
8734380,org.jfree.chart.util.ObjectUtils,equal
641,org.jfree.chart.util.ObjectUtils,equal
4169615,org.jfree.chart.util.ShapeUtils,equal
5773,org.jfree.chart.util.ObjectUtils,equal
962,org.jfree.chart.util.ObjectUtils,equal
2566,org.jfree.chart.util.PaintUtils,equalMaps
1282,org.jfree.chart.util.PaintUtils,equal
4177312,org.jfree.chart.renderer.AbstractRenderer,equals
8707759,org.jfree.chart.renderer.DefaultPolarItemRenderer,equals
13692052,org.jfree.chart.renderer.DefaultPolarItemRendererTest,testCloning
962,org.jfree.chart.util.AbstractObjectList,size
4276421,org.jfree.chart.util.AbstractObjectList,equals
8699741,org.jfree.chart.util.BooleanList,equals
2565,org.jfree.chart.util.ObjectUtils,equal
5453,org.jfree.chart.util.ShapeUtils,equal
4310099,org.jfree.chart.util.ShapeUtils,equal
641,org.jfree.chart.util.AbstractObjectList,size
4310099,org.jfree.chart.util.AbstractObjectList,equals
2245,org.jfree.chart.util.ObjectUtils,equal
962,org.jfree.chart.util.ObjectUtils,equal
641,org.jfree.chart.util.ObjectUtils,equal
1603,org.jfree.chart.util.ObjectUtils,equal
1283,org.jfree.chart.util.AbstractObjectList,size
4651045,org.jfree.chart.util.AbstractObjectList,equals
9108363,org.jfree.chart.util.BooleanList,equals
1604,org.jfree.chart.util.AbstractObjectList,size
4396378,org.jfree.chart.util.AbstractObjectList,equals
8834131,org.jfree.chart.util.BooleanList,equals
5773,org.jfree.chart.util.PaintUtils,equalMaps
1283,org.jfree.chart.util.PaintUtils,equal
4169,org.jfree.chart.util.PaintUtils,equalMaps
1283,org.jfree.chart.util.PaintUtils,equal
2887,org.jfree.chart.util.PaintUtils,equalMaps
1604,org.jfree.chart.util.PaintUtils,equal
642,org.jfree.chart.util.AbstractObjectList,size
4445772,org.jfree.chart.util.AbstractObjectList,equals
9264884,org.jfree.chart.util.StrokeList,equals
13867498,org.jfree.chart.util.ObjectUtils,equal
1603,org.jfree.chart.util.ObjectUtils,equal
642,org.jfree.chart.util.AbstractObjectList,size
4476883,org.jfree.chart.util.AbstractObjectList,equals
9208434,org.jfree.chart.util.StrokeList,equals
13463687,org.jfree.chart.util.ObjectUtils,equal
1283,org.jfree.chart.util.ObjectUtils,equal
962,org.jfree.chart.util.AbstractObjectList,size
4321966,org.jfree.chart.util.ShapeList,equals
8535843,org.jfree.chart.util.ObjectUtils,equal
642,org.jfree.chart.util.ObjectUtils,equal
4479770,org.jfree.chart.util.ShapeUtils,equal
641,org.jfree.chart.util.AbstractObjectList,size
4567332,org.jfree.chart.util.AbstractObjectList,equals
9260715,org.jfree.chart.util.BooleanList,equals
13882251,org.jfree.chart.util.ObjectUtils,equal
1924,org.jfree.chart.util.ObjectUtils,equal
6735,org.jfree.chart.util.ObjectUtils,equal
3528,org.jfree.chart.util.ObjectUtils,equal
4490,org.jfree.chart.util.PaintUtils,equalMaps
1603,org.jfree.chart.util.PaintUtils,equal
4490,org.jfree.chart.util.ObjectUtils,equal
2245,org.jfree.chart.labels.ItemLabelPosition,equals
4720325,org.jfree.chart.util.ObjectUtils,equal
5131,org.jfree.chart.util.ObjectUtils,equal
2245,org.jfree.chart.labels.ItemLabelPosition,equals
4403433,org.jfree.chart.util.ObjectUtils,equal
962,org.jfree.chart.util.AbstractObjectList,size
4296628,org.jfree.chart.util.AbstractObjectList,equals
8929391,org.jfree.chart.util.BooleanList,equals
13331862,org.jfree.chart.util.ObjectUtils,equal
641,org.jfree.chart.util.AbstractObjectList,size
4249799,org.jfree.chart.util.ShapeList,equals
8641687,org.jfree.chart.util.ObjectUtils,equal
1283,org.jfree.chart.util.ObjectUtils,equal
4184690,org.jfree.chart.util.ShapeUtils,equal
6736,org.jfree.chart.util.ObjectUtils,equal
3207,org.jfree.chart.util.ObjectUtils,equal
5132,org.jfree.chart.util.PaintUtils,equalMaps
1604,org.jfree.chart.util.PaintUtils,equal
4053828,org.jfree.chart.renderer.AbstractRenderer,equals
8533598,org.jfree.chart.renderer.DefaultPolarItemRenderer,equals
1924,org.jfree.chart.util.AbstractObjectList,size
8660,org.jfree.chart.util.HashUtils,hashCode
11891421,org.jfree.chart.util.HashUtils,hashCode
4490,org.jfree.chart.util.HashUtils,hashCode
963,org.jfree.chart.util.AbstractObjectList,size
1925,org.jfree.chart.util.HashUtils,hashCode
5645338,org.jfree.chart.util.HashUtils,hashCode
2566,org.jfree.chart.util.HashUtils,hashCode
18282,org.jfree.chart.util.HashUtils,hashCode
7698,org.jfree.chart.util.HashUtils,hashCodeForPaint
4967615,org.jfree.chart.util.HashUtils,hashCode
7698,org.jfree.chart.util.HashUtils,hashCode
2245,org.jfree.chart.util.HashUtils,hashCodeForPaint
4522428,org.jfree.chart.util.HashUtils,hashCode
6736,org.jfree.chart.util.HashUtils,hashCode
2245,org.jfree.chart.util.HashUtils,hashCodeForPaint
4290533,org.jfree.chart.util.HashUtils,hashCode
962,org.jfree.chart.util.AbstractObjectList,size
1924,org.jfree.chart.util.HashUtils,hashCode
4174746,org.jfree.chart.util.HashUtils,hashCode
10585,org.jfree.chart.util.HashUtils,hashCode
963,org.jfree.chart.util.AbstractObjectList,size
2245,org.jfree.chart.util.HashUtils,hashCode
4250120,org.jfree.chart.util.HashUtils,hashCode
2886,org.jfree.chart.util.HashUtils,hashCode
963,org.jfree.chart.util.AbstractObjectList,size
1924,org.jfree.chart.util.HashUtils,hashCode
4478808,org.jfree.chart.util.HashUtils,hashCode
4811,org.jfree.chart.util.HashUtils,hashCode
4227027,org.jfree.chart.renderer.AbstractRenderer,hashCode
642,org.jfree.chart.util.AbstractObjectList,size
1284,org.jfree.chart.util.HashUtils,hashCode
4052545,org.jfree.chart.util.HashUtils,hashCode
2245,org.jfree.chart.util.HashUtils,hashCode
962,org.jfree.chart.util.AbstractObjectList,size
1283,org.jfree.chart.util.HashUtils,hashCode
4460525,org.jfree.chart.util.HashUtils,hashCode
1924,org.jfree.chart.util.HashUtils,hashCode
6095,org.jfree.chart.util.HashUtils,hashCode
1924,org.jfree.chart.util.HashUtils,hashCodeForPaint
4457639,org.jfree.chart.util.HashUtils,hashCode
6094,org.jfree.chart.util.HashUtils,hashCode
1604,org.jfree.chart.util.HashUtils,hashCodeForPaint
4354040,org.jfree.chart.util.HashUtils,hashCode
5453,org.jfree.chart.util.HashUtils,hashCode
4491,org.jfree.chart.util.HashUtils,hashCodeForPaint
4417547,org.jfree.chart.util.HashUtils,hashCode
962,org.jfree.chart.util.AbstractObjectList,size
1603,org.jfree.chart.util.HashUtils,hashCode
4236008,org.jfree.chart.util.HashUtils,hashCode
3528,org.jfree.chart.util.HashUtils,hashCode
642,org.jfree.chart.util.AbstractObjectList,size
1603,org.jfree.chart.util.HashUtils,hashCode
4335437,org.jfree.chart.util.HashUtils,hashCode
3528,org.jfree.chart.util.HashUtils,hashCode
962,org.jfree.chart.util.AbstractObjectList,size
1604,org.jfree.chart.util.HashUtils,hashCode
4277384,org.jfree.chart.util.HashUtils,hashCode
1924,org.jfree.chart.util.HashUtils,hashCode
4291175,org.jfree.chart.renderer.AbstractRenderer,hashCode
9004764,org.jfree.chart.renderer.DefaultPolarItemRendererTest,testHashcode
3528,org.jfree.chart.util.AbstractObjectList,size
4269365,org.jfree.chart.util.AbstractObjectList,equals
8902448,org.jfree.chart.util.BooleanList,equals
2887,org.jfree.chart.util.ObjectUtils,equal
4811,org.jfree.chart.util.ShapeUtils,equal
4054149,org.jfree.chart.util.ShapeUtils,equal
963,org.jfree.chart.util.AbstractObjectList,size
4408887,org.jfree.chart.util.AbstractObjectList,equals
1604,org.jfree.chart.util.ObjectUtils,equal
1283,org.jfree.chart.util.ObjectUtils,equal
1603,org.jfree.chart.util.ObjectUtils,equal
962,org.jfree.chart.util.ObjectUtils,equal
641,org.jfree.chart.util.AbstractObjectList,size
4255252,org.jfree.chart.util.AbstractObjectList,equals
8994180,org.jfree.chart.util.BooleanList,equals
963,org.jfree.chart.util.AbstractObjectList,size
4235688,org.jfree.chart.util.AbstractObjectList,equals
8863318,org.jfree.chart.util.BooleanList,equals
5453,org.jfree.chart.util.PaintUtils,equalMaps
1283,org.jfree.chart.util.PaintUtils,equal
3207,org.jfree.chart.util.PaintUtils,equalMaps
1925,org.jfree.chart.util.PaintUtils,equal
4170,org.jfree.chart.util.PaintUtils,equalMaps
1283,org.jfree.chart.util.PaintUtils,equal
641,org.jfree.chart.util.AbstractObjectList,size
4471751,org.jfree.chart.util.AbstractObjectList,equals
8963389,org.jfree.chart.util.StrokeList,equals
13167322,org.jfree.chart.util.ObjectUtils,equal
2245,org.jfree.chart.util.ObjectUtils,equal
1603,org.jfree.chart.util.AbstractObjectList,size
4469506,org.jfree.chart.util.AbstractObjectList,equals
8976860,org.jfree.chart.util.StrokeList,equals
13296901,org.jfree.chart.util.ObjectUtils,equal
2246,org.jfree.chart.util.ObjectUtils,equal
962,org.jfree.chart.util.AbstractObjectList,size
4365587,org.jfree.chart.util.ShapeList,equals
8791152,org.jfree.chart.util.ObjectUtils,equal
962,org.jfree.chart.util.ObjectUtils,equal
4014697,org.jfree.chart.util.ShapeUtils,equal
642,org.jfree.chart.util.AbstractObjectList,size
4871393,org.jfree.chart.util.AbstractObjectList,equals
9465667,org.jfree.chart.util.BooleanList,equals
13711939,org.jfree.chart.util.ObjectUtils,equal
1603,org.jfree.chart.util.ObjectUtils,equal
7377,org.jfree.chart.util.ObjectUtils,equal
3207,org.jfree.chart.util.ObjectUtils,equal
4490,org.jfree.chart.util.PaintUtils,equalMaps
1924,org.jfree.chart.util.PaintUtils,equal
17000,org.jfree.chart.util.ObjectUtils,equal
2245,org.jfree.chart.labels.ItemLabelPosition,equals
4410810,org.jfree.chart.util.ObjectUtils,equal
10584,org.jfree.chart.util.ObjectUtils,equal
3529,org.jfree.chart.labels.ItemLabelPosition,equals
4689855,org.jfree.chart.util.ObjectUtils,equal
641,org.jfree.chart.util.AbstractObjectList,size
4446413,org.jfree.chart.util.AbstractObjectList,equals
8960502,org.jfree.chart.util.BooleanList,equals
13123381,org.jfree.chart.util.ObjectUtils,equal
641,org.jfree.chart.util.AbstractObjectList,size
4323249,org.jfree.chart.util.ShapeList,equals
8475223,org.jfree.chart.util.ObjectUtils,equal
962,org.jfree.chart.util.ObjectUtils,equal
3995132,org.jfree.chart.util.ShapeUtils,equal
8018,org.jfree.chart.util.ObjectUtils,equal
6094,org.jfree.chart.util.ObjectUtils,equal
3528,org.jfree.chart.util.PaintUtils,equalMaps
1283,org.jfree.chart.util.PaintUtils,equal
4336720,org.jfree.chart.renderer.AbstractRenderer,equals
8865564,org.jfree.chart.renderer.DefaultPolarItemRenderer,equals
1925,org.jfree.chart.util.AbstractObjectList,set
4473997,org.jfree.chart.util.BooleanList,setBoolean
8902769,org.jfree.chart.renderer.DefaultPolarItemRenderer,setSeriesFilled
641,org.jfree.chart.util.AbstractObjectList,size
1924,org.jfree.chart.util.AbstractObjectList,get
2245,org.jfree.chart.util.AbstractObjectList,get
1604,org.jfree.chart.util.ObjectUtils,equal
1604,org.jfree.chart.util.AbstractObjectList,get
1283,org.jfree.chart.util.AbstractObjectList,get
3207,org.jfree.chart.util.ObjectUtils,equal
4119258,org.jfree.chart.util.AbstractObjectList,equals
8555408,org.jfree.chart.util.BooleanList,equals
12736248,org.jfree.chart.renderer.DefaultPolarItemRenderer,equals
2245,org.jfree.chart.util.AbstractObjectList,set
4339928,org.jfree.chart.util.BooleanList,setBoolean
8656762,org.jfree.chart.renderer.DefaultPolarItemRenderer,setSeriesFilled
1283,org.jfree.chart.util.AbstractObjectList,size
1283,org.jfree.chart.util.AbstractObjectList,get
1283,org.jfree.chart.util.AbstractObjectList,get
1283,org.jfree.chart.util.ObjectUtils,equal
2245,org.jfree.chart.util.AbstractObjectList,get
1603,org.jfree.chart.util.AbstractObjectList,get
1604,org.jfree.chart.util.ObjectUtils,equal
4099373,org.jfree.chart.util.AbstractObjectList,equals
8842150,org.jfree.chart.util.BooleanList,equals
3208,org.jfree.chart.util.ObjectUtils,equal
5132,org.jfree.chart.util.ShapeUtils,equal
4168973,org.jfree.chart.util.ShapeUtils,equal
962,org.jfree.chart.util.AbstractObjectList,size
4284119,org.jfree.chart.util.AbstractObjectList,equals
1283,org.jfree.chart.util.ObjectUtils,equal
1283,org.jfree.chart.util.ObjectUtils,equal
1603,org.jfree.chart.util.ObjectUtils,equal
1604,org.jfree.chart.util.ObjectUtils,equal
642,org.jfree.chart.util.AbstractObjectList,size
4853432,org.jfree.chart.util.AbstractObjectList,equals
9881666,org.jfree.chart.util.BooleanList,equals
963,org.jfree.chart.util.AbstractObjectList,size
4782228,org.jfree.chart.util.AbstractObjectList,equals
9743107,org.jfree.chart.util.BooleanList,equals
6094,org.jfree.chart.util.PaintUtils,equalMaps
1603,org.jfree.chart.util.PaintUtils,equal
9301,org.jfree.chart.util.PaintUtils,equalMaps
3528,org.jfree.chart.util.PaintUtils,equal
4169,org.jfree.chart.util.PaintUtils,equalMaps
1283,org.jfree.chart.util.PaintUtils,equal
641,org.jfree.chart.util.AbstractObjectList,size
4262308,org.jfree.chart.util.AbstractObjectList,equals
8797566,org.jfree.chart.util.StrokeList,equals
13012085,org.jfree.chart.util.ObjectUtils,equal
2245,org.jfree.chart.util.ObjectUtils,equal
962,org.jfree.chart.util.AbstractObjectList,size
4250441,org.jfree.chart.util.AbstractObjectList,equals
8848564,org.jfree.chart.util.StrokeList,equals
13224414,org.jfree.chart.util.ObjectUtils,equal
1604,org.jfree.chart.util.ObjectUtils,equal
962,org.jfree.chart.util.AbstractObjectList,size
4313306,org.jfree.chart.util.ShapeList,equals
8750096,org.jfree.chart.util.ObjectUtils,equal
962,org.jfree.chart.util.ObjectUtils,equal
4021433,org.jfree.chart.util.ShapeUtils,equal
962,org.jfree.chart.util.AbstractObjectList,size
4454753,org.jfree.chart.util.AbstractObjectList,equals
9065063,org.jfree.chart.util.BooleanList,equals
13261300,org.jfree.chart.util.ObjectUtils,equal
2246,org.jfree.chart.util.ObjectUtils,equal
6094,org.jfree.chart.util.ObjectUtils,equal
2886,org.jfree.chart.util.ObjectUtils,equal
3528,org.jfree.chart.util.PaintUtils,equalMaps
2245,org.jfree.chart.util.PaintUtils,equal
5452,org.jfree.chart.util.ObjectUtils,equal
1924,org.jfree.chart.labels.ItemLabelPosition,equals
4311381,org.jfree.chart.util.ObjectUtils,equal
5131,org.jfree.chart.util.ObjectUtils,equal
1924,org.jfree.chart.labels.ItemLabelPosition,equals
4337362,org.jfree.chart.util.ObjectUtils,equal
641,org.jfree.chart.util.AbstractObjectList,size
4285723,org.jfree.chart.util.AbstractObjectList,equals
8741437,org.jfree.chart.util.BooleanList,equals
13045442,org.jfree.chart.util.ObjectUtils,equal
963,org.jfree.chart.util.AbstractObjectList,size
4253008,org.jfree.chart.util.ShapeList,equals
8374511,org.jfree.chart.util.ObjectUtils,equal
962,org.jfree.chart.util.ObjectUtils,equal
4537824,org.jfree.chart.util.ShapeUtils,equal
6736,org.jfree.chart.util.ObjectUtils,equal
3849,org.jfree.chart.util.ObjectUtils,equal
4490,org.jfree.chart.util.PaintUtils,equalMaps
2245,org.jfree.chart.util.PaintUtils,equal
4730588,org.jfree.chart.renderer.AbstractRenderer,equals
9227037,org.jfree.chart.renderer.DefaultPolarItemRenderer,equals
14549069,org.jfree.chart.renderer.DefaultPolarItemRendererTest,testEquals
