13972379,org.jfree.chart.renderer.OutlierTest,testSerialization
22131,org.jfree.chart.renderer.OutlierTest,testCloning
17962,org.jfree.chart.renderer.Outlier,equals
8339,org.jfree.chart.renderer.Outlier,equals
7698,org.jfree.chart.renderer.Outlier,setPoint
6415,org.jfree.chart.renderer.Outlier,equals
4170,org.jfree.chart.renderer.Outlier,setPoint
20848,org.jfree.chart.renderer.Outlier,equals
3528,org.jfree.chart.renderer.Outlier,setPoint
6094,org.jfree.chart.renderer.Outlier,equals
3208,org.jfree.chart.renderer.Outlier,setPoint
5773,org.jfree.chart.renderer.Outlier,equals
6095,org.jfree.chart.renderer.Outlier,setRadius
5773,org.jfree.chart.renderer.Outlier,equals
4491,org.jfree.chart.renderer.Outlier,setRadius
6094,org.jfree.chart.renderer.Outlier,equals
4370398,org.jfree.chart.renderer.OutlierTest,testEquals
9942,org.jfree.chart.renderer.Outlier,getPoint
4468544,org.jfree.chart.renderer.Outlier,getX
1924,org.jfree.chart.renderer.Outlier,getPoint
4463412,org.jfree.chart.renderer.Outlier,getY
4811,org.jfree.chart.renderer.Outlier,getRadius
4488430,org.jfree.chart.renderer.OutlierTest,testConstructor
